<?xml version="1.0" encoding="UTF-8"?>
<testsuites name="Templates" time="925" tests="7" failures="9" errors="0">
   <testsuite name="Templates" tests="7" failures="9" errors="0" time="925" timestamp="2019-03-19 14:38:41" hostname="pshukla - 10.230.81.222" id="Test Suites/Templates">
      <properties>
         <property name="deviceName" value=""/>
         <property name="devicePlatform" value=""/>
         <property name="logFolder" value="/Users/pshukla/Documents/Katalon Studio/qa-templates/Reports/Templates/20190319_143829"/>
         <property name="logFiles" value="/Users/pshukla/Documents/Katalon Studio/qa-templates/Reports/Templates/20190319_143829/execution0.log"/>
         <property name="attachments" value="/Users/pshukla/Documents/Katalon Studio/qa-templates/Reports/Templates/20190319_143829/1553031571184.png, /Users/pshukla/Documents/Katalon Studio/qa-templates/Reports/Templates/20190319_143829/1553031571365.png, /Users/pshukla/Documents/Katalon Studio/qa-templates/Reports/Templates/20190319_143829/1553031774394.png, /Users/pshukla/Documents/Katalon Studio/qa-templates/Reports/Templates/20190319_143829/1553031846048.png, /Users/pshukla/Documents/Katalon Studio/qa-templates/Reports/Templates/20190319_143829/1553031907136.png, /Users/pshukla/Documents/Katalon Studio/qa-templates/Reports/Templates/20190319_143829/1553031931159.png, /Users/pshukla/Documents/Katalon Studio/qa-templates/Reports/Templates/20190319_143829/1553031979972.png, /Users/pshukla/Documents/Katalon Studio/qa-templates/Reports/Templates/20190319_143829/1553031980127.png, /Users/pshukla/Documents/Katalon Studio/qa-templates/Reports/Templates/20190319_143829/1553032221609.png, /Users/pshukla/Documents/Katalon Studio/qa-templates/Reports/Templates/20190319_143829/1553032365004.png, /Users/pshukla/Documents/Katalon Studio/qa-templates/Reports/Templates/20190319_143829/1553032365181.png, /Users/pshukla/Documents/Katalon Studio/qa-templates/Reports/Templates/20190319_143829/1553032446397.png, /Users/pshukla/Documents/Katalon Studio/qa-templates/Reports/Templates/20190319_143829/1553032446582.png"/>
         <property name="hostName" value="pshukla - 10.230.81.222"/>
         <property name="os" value="Mac OS X 64bit"/>
         <property name="katalonVersion" value="6.0.5.4"/>
         <property name="browser" value="Firefox 65.0"/>
         <property name="hostAddress" value="10.230.81.222"/>
         <property name="sessionId" value="e94f44f7-931e-3349-976d-c231741087c7"/>
         <property name="seleniumVersion" value="3.7.1"/>
         <property name="proxyInformation" value="ProxyInformation{proxyOption=NO_PROXY, proxyServerType=HTTP, password=, proxyServerAddress=, proxyServerPort=0}"/>
         <property name="platform" value="Mac OS X"/>
      </properties>
      <testcase name="Test Cases/Products/TemplateApp/Templates/Email/English/EditContactAutoPausedTemplate" classname="Test Cases/Products/TemplateApp/Templates/Email/English/EditContactAutoPausedTemplate" status="FAILED">
         <failure type="FAILED" message="Test Cases/Products/TemplateApp/Templates/Email/English/EditContactAutoPausedTemplate FAILED.
Reason:
com.kms.katalon.core.exception.StepFailedException: Verify element text of test object 'Object Repository/Products/TemplateApp/Templates/Common/VerifyCommitMessageField' FAILED.
	at com.kms.katalon.core.keyword.internal.KeywordMain.stepFailed(KeywordMain.groovy:48)
	at com.kms.katalon.core.webui.keyword.internal.WebUIKeywordMain.stepFailed(WebUIKeywordMain.groovy:65)
	at com.kms.katalon.core.webui.keyword.internal.WebUIKeywordMain.runKeyword(WebUIKeywordMain.groovy:27)
	at com.kms.katalon.core.webui.keyword.builtin.VerifyElementTextKeyword.verifyElementText(VerifyElementTextKeyword.groovy:72)
	at com.kms.katalon.core.webui.keyword.builtin.VerifyElementTextKeyword.execute(VerifyElementTextKeyword.groovy:40)
	at com.kms.katalon.core.keyword.internal.KeywordExecutor.executeKeywordForPlatform(KeywordExecutor.groovy:56)
	at com.kms.katalon.core.webui.keyword.WebUiBuiltInKeywords.verifyElementText(WebUiBuiltInKeywords.groovy:3663)
	at com.kms.katalon.core.webui.keyword.WebUiBuiltInKeywords$verifyElementText$6.call(Unknown Source)
	at EditContactAutoPausedTemplate.run(EditContactAutoPausedTemplate:81)
	at com.kms.katalon.core.main.ScriptEngine.run(ScriptEngine.java:194)
	at com.kms.katalon.core.main.ScriptEngine.runScriptAsRawText(ScriptEngine.java:119)
	at com.kms.katalon.core.main.TestCaseExecutor.runScript(TestCaseExecutor.java:331)
	at com.kms.katalon.core.main.TestCaseExecutor.doExecute(TestCaseExecutor.java:322)
	at com.kms.katalon.core.main.TestCaseExecutor.processExecutionPhase(TestCaseExecutor.java:301)
	at com.kms.katalon.core.main.TestCaseExecutor.accessMainPhase(TestCaseExecutor.java:293)
	at com.kms.katalon.core.main.TestCaseExecutor.execute(TestCaseExecutor.java:227)
	at com.kms.katalon.core.main.TestSuiteExecutor.accessTestCaseMainPhase(TestSuiteExecutor.java:129)
	at com.kms.katalon.core.main.TestSuiteExecutor.accessTestSuiteMainPhase(TestSuiteExecutor.java:112)
	at com.kms.katalon.core.main.TestSuiteExecutor.execute(TestSuiteExecutor.java:81)
	at com.kms.katalon.core.main.TestCaseMain.startTestSuite(TestCaseMain.java:157)
	at com.kms.katalon.core.main.TestCaseMain$startTestSuite$0.call(Unknown Source)
	at TempTestSuite1553031519664.run(TempTestSuite1553031519664.groovy:35)
"/>
         <system-out><![CDATA[2019-03-19 14:38:41 - [TEST_CASE][FAILED] - Test Cases/Products/TemplateApp/Templates/Email/English/EditContactAutoPausedTemplate: Test Cases/Products/TemplateApp/Templates/Email/English/EditContactAutoPausedTemplate FAILED.
Reason:
com.kms.katalon.core.exception.StepFailedException: Verify element text of test object 'Object Repository/Products/TemplateApp/Templates/Common/VerifyCommitMessageField' FAILED.
	at com.kms.katalon.core.keyword.internal.KeywordMain.stepFailed(KeywordMain.groovy:48)
	at com.kms.katalon.core.webui.keyword.internal.WebUIKeywordMain.stepFailed(WebUIKeywordMain.groovy:65)
	at com.kms.katalon.core.webui.keyword.internal.WebUIKeywordMain.runKeyword(WebUIKeywordMain.groovy:27)
	at com.kms.katalon.core.webui.keyword.builtin.VerifyElementTextKeyword.verifyElementText(VerifyElementTextKeyword.groovy:72)
	at com.kms.katalon.core.webui.keyword.builtin.VerifyElementTextKeyword.execute(VerifyElementTextKeyword.groovy:40)
	at com.kms.katalon.core.keyword.internal.KeywordExecutor.executeKeywordForPlatform(KeywordExecutor.groovy:56)
	at com.kms.katalon.core.webui.keyword.WebUiBuiltInKeywords.verifyElementText(WebUiBuiltInKeywords.groovy:3663)
	at com.kms.katalon.core.webui.keyword.WebUiBuiltInKeywords$verifyElementText$6.call(Unknown Source)
	at EditContactAutoPausedTemplate.run(EditContactAutoPausedTemplate:81)
	at com.kms.katalon.core.main.ScriptEngine.run(ScriptEngine.java:194)
	at com.kms.katalon.core.main.ScriptEngine.runScriptAsRawText(ScriptEngine.java:119)
	at com.kms.katalon.core.main.TestCaseExecutor.runScript(TestCaseExecutor.java:331)
	at com.kms.katalon.core.main.TestCaseExecutor.doExecute(TestCaseExecutor.java:322)
	at com.kms.katalon.core.main.TestCaseExecutor.processExecutionPhase(TestCaseExecutor.java:301)
	at com.kms.katalon.core.main.TestCaseExecutor.accessMainPhase(TestCaseExecutor.java:293)
	at com.kms.katalon.core.main.TestCaseExecutor.execute(TestCaseExecutor.java:227)
	at com.kms.katalon.core.main.TestSuiteExecutor.accessTestCaseMainPhase(TestSuiteExecutor.java:129)
	at com.kms.katalon.core.main.TestSuiteExecutor.accessTestSuiteMainPhase(TestSuiteExecutor.java:112)
	at com.kms.katalon.core.main.TestSuiteExecutor.execute(TestSuiteExecutor.java:81)
	at com.kms.katalon.core.main.TestCaseMain.startTestSuite(TestCaseMain.java:157)
	at com.kms.katalon.core.main.TestCaseMain$startTestSuite$0.call(Unknown Source)
	at TempTestSuite1553031519664.run(TempTestSuite1553031519664.groovy:35)


2019-03-19 14:38:41 - [TEST_STEP][PASSED] - log = new com.kms.katalon.core.logging.KeywordLogger(): null

2019-03-19 14:38:41 - [TEST_STEP][PASSED] - TextValue = tools.TestDataGenerator.getRandomParagraphs(2, 5): tools.TestDataGenerator.getRandomParagraphs is PASSED

2019-03-19 14:38:41 - [MESSAGE][PASSED] - tools.TestDataGenerator.getRandomParagraphs is PASSED

2019-03-19 14:38:41 - [TEST_STEP][PASSED] - log.logInfo(TextValue): Sagittisalia dolorum pri pertinax cetero eos.  Doloremurbanitas graecis libris accommodare causae quem qui gloriatur congue vocibus appetere.  
Consequatvoluptaria proin constituto pretium justo sea dolor eros fames qui postea nihil movet arcu eloquentiam.  Alienumdicit tation velit sociis porro doctus.  Constituamiusto signiferumque nostrum posse vocent vestibulum finibus legimus vis molestiae aliquid ut movet non fabellas.  Interdumhabeo finibus vituperatoribus habeo similique necessitatibus tempor nonumes appareat ridiculus eam mauris antiopam mediocrem duis deseruisse accommodare.  Nemorbi laoreet partiendo neglegentur quis impetus ceteros possim atqui noster perpetua porta deseruisse aliquip.  
Scelerisquemalorum accusata iisque pro eius malesuada prodesset.  Tantasomittantur nisi veri aeque tota contentiones taciti rhoncus lacinia utamur error maximus enim utroque has dignissim natoque moderatius.  Donecvivamus finibus dicta laudem equidem sapien ludus iaculis mea convenire justo mandamus usu sit habitasse mi suscipiantur porttitor.  Inimicuseruditi malesuada signiferumque porta.  
Imperdietmalorum aliquid possit efficiantur.  Mutatoporteat mentitum alienum harum his ponderum imperdiet simul venenatis.  Dolorescurabitur eu.  Oratiovim placerat sumo maecenas morbi.  Dicitputent simul civibus falli detraxit inani populo contentiones accusata oratio.

2019-03-19 14:38:41 - [MESSAGE][INFO] - Sagittisalia dolorum pri pertinax cetero eos.  Doloremurbanitas graecis libris accommodare causae quem qui gloriatur congue vocibus appetere.  
Consequatvoluptaria proin constituto pretium justo sea dolor eros fames qui postea nihil movet arcu eloquentiam.  Alienumdicit tation velit sociis porro doctus.  Constituamiusto signiferumque nostrum posse vocent vestibulum finibus legimus vis molestiae aliquid ut movet non fabellas.  Interdumhabeo finibus vituperatoribus habeo similique necessitatibus tempor nonumes appareat ridiculus eam mauris antiopam mediocrem duis deseruisse accommodare.  Nemorbi laoreet partiendo neglegentur quis impetus ceteros possim atqui noster perpetua porta deseruisse aliquip.  
Scelerisquemalorum accusata iisque pro eius malesuada prodesset.  Tantasomittantur nisi veri aeque tota contentiones taciti rhoncus lacinia utamur error maximus enim utroque has dignissim natoque moderatius.  Donecvivamus finibus dicta laudem equidem sapien ludus iaculis mea convenire justo mandamus usu sit habitasse mi suscipiantur porttitor.  Inimicuseruditi malesuada signiferumque porta.  
Imperdietmalorum aliquid possit efficiantur.  Mutatoporteat mentitum alienum harum his ponderum imperdiet simul venenatis.  Dolorescurabitur eu.  Oratiovim placerat sumo maecenas morbi.  Dicitputent simul civibus falli detraxit inani populo contentiones accusata oratio.

2019-03-19 14:38:41 - [TEST_STEP][PASSED] - commitNumber = tools.TestDataGenerator.getRandomWords(2, 2): tools.TestDataGenerator.getRandomWords is PASSED

2019-03-19 14:38:41 - [MESSAGE][PASSED] - tools.TestDataGenerator.getRandomWords is PASSED

2019-03-19 14:38:41 - [TEST_STEP][PASSED] - log.logInfo(commitNumber): conubia mandamus

2019-03-19 14:38:41 - [MESSAGE][INFO] - conubia mandamus

2019-03-19 14:38:41 - [TEST_STEP][PASSED] - callTestCase(findTestCase("Products/Cerberus/Login-Logout/TemplateLoginNCQATestUtility"), [:], STOP_ON_FAILURE): Call Test Case 'Test Cases/Products/Cerberus/Login-Logout/TemplateLoginNCQATestUtility' successfully

2019-03-19 14:38:41 - [TEST_CASE][PASSED] - Test Cases/Products/Cerberus/Login-Logout/TemplateLoginNCQATestUtility: Test Cases/Products/Cerberus/Login-Logout/TemplateLoginNCQATestUtility

2019-03-19 14:38:41 - [TEST_STEP][PASSED] - log = new com.kms.katalon.core.logging.KeywordLogger(): null

2019-03-19 14:38:41 - [TEST_STEP][PASSED] - comment("Open browser and Login"): Open browser and Login

2019-03-19 14:38:41 - [MESSAGE][INFO] - Open browser and Login

2019-03-19 14:38:41 - [TEST_STEP][PASSED] - openBrowser(G_DefaultSiteURL): Browser is opened with url: 'https://dev.kubra.io'

2019-03-19 14:38:42 - [MESSAGE][INFO] - Starting 'Firefox' driver

2019-03-19 14:38:42 - [MESSAGE][INFO] - Action delay is set to 0 seconds

2019-03-19 14:38:46 - [MESSAGE][PASSED] - Browser is opened with url: 'https://dev.kubra.io'

2019-03-19 14:38:46 - [TEST_STEP][PASSED] - waitForPageLoad(G_ShortTimeout): Wait for page load successfully

2019-03-19 14:38:46 - [MESSAGE][PASSED] - Wait for page load successfully

2019-03-19 14:38:46 - [TEST_STEP][PASSED] - maximizeWindow(): Current window maximized

2019-03-19 14:38:47 - [MESSAGE][PASSED] - Current window maximized

2019-03-19 14:38:47 - [TEST_STEP][PASSED] - log.logWarning("--- Begin Login ---"): --- Begin Login ---

2019-03-19 14:38:47 - [MESSAGE][WARNING] - --- Begin Login ---

2019-03-19 14:38:47 - [TEST_STEP][PASSED] - log.logWarning("Logging in to environment - " + G_DefaultSiteURL): Logging in to environment - https://dev.kubra.io

2019-03-19 14:38:47 - [MESSAGE][WARNING] - Logging in to environment - https://dev.kubra.io

2019-03-19 14:38:47 - [TEST_STEP][PASSED] - waitForElementClickable(findTestObject("Products/Cerberus/LoginLogout/LogInWithGoogle"), 15): Object 'Object Repository/Products/Cerberus/LoginLogout/LogInWithGoogle' is clickable

2019-03-19 14:38:47 - [MESSAGE][PASSED] - Object 'Object Repository/Products/Cerberus/LoginLogout/LogInWithGoogle' is clickable

2019-03-19 14:38:47 - [TEST_STEP][PASSED] - delay(2): Delayed 2 second(s)

2019-03-19 14:38:49 - [MESSAGE][PASSED] - Delayed 2 second(s)

2019-03-19 14:38:49 - [TEST_STEP][PASSED] - click(findTestObject("Products/Cerberus/LoginLogout/LogInWithGoogle")): Object: 'Object Repository/Products/Cerberus/LoginLogout/LogInWithGoogle' is clicked on

2019-03-19 14:38:50 - [MESSAGE][PASSED] - Object: 'Object Repository/Products/Cerberus/LoginLogout/LogInWithGoogle' is clicked on

2019-03-19 14:38:50 - [TEST_STEP][PASSED] - waitForElementVisible(findTestObject("Products/Cerberus/LoginLogout/UserName"), 15): Object 'Object Repository/Products/Cerberus/LoginLogout/UserName' is visible

2019-03-19 14:38:51 - [MESSAGE][PASSED] - Object 'Object Repository/Products/Cerberus/LoginLogout/UserName' is visible

2019-03-19 14:38:51 - [TEST_STEP][PASSED] - setMaskedText(findTestObject("Products/Cerberus/LoginLogout/UserName"), "tempeqa@kubra.com"): Text '*****************' is set on object 'Object Repository/Products/Cerberus/LoginLogout/UserName'

2019-03-19 14:38:51 - [MESSAGE][PASSED] - Text '*****************' is set on object 'Object Repository/Products/Cerberus/LoginLogout/UserName'

2019-03-19 14:38:51 - [TEST_STEP][PASSED] - waitForElementVisible(findTestObject("Products/Cerberus/LoginLogout/UserNameNextButton"), 15): Object 'Object Repository/Products/Cerberus/LoginLogout/UserNameNextButton' is visible

2019-03-19 14:38:51 - [MESSAGE][PASSED] - Object 'Object Repository/Products/Cerberus/LoginLogout/UserNameNextButton' is visible

2019-03-19 14:38:51 - [TEST_STEP][PASSED] - click(findTestObject("Products/Cerberus/LoginLogout/UserNameNextButton")): Object: 'Object Repository/Products/Cerberus/LoginLogout/UserNameNextButton' is clicked on

2019-03-19 14:38:51 - [MESSAGE][PASSED] - Object: 'Object Repository/Products/Cerberus/LoginLogout/UserNameNextButton' is clicked on

2019-03-19 14:38:51 - [TEST_STEP][PASSED] - waitForElementVisible(findTestObject("Products/Cerberus/LoginLogout/Password"), 15): Object 'Object Repository/Products/Cerberus/LoginLogout/Password' is visible

2019-03-19 14:38:52 - [MESSAGE][PASSED] - Object 'Object Repository/Products/Cerberus/LoginLogout/Password' is visible

2019-03-19 14:38:52 - [TEST_STEP][PASSED] - setMaskedText(findTestObject("Products/Cerberus/LoginLogout/Password"), "qAisgr8!@"): Text '*********' is set on object 'Object Repository/Products/Cerberus/LoginLogout/Password'

2019-03-19 14:38:53 - [MESSAGE][PASSED] - Text '*********' is set on object 'Object Repository/Products/Cerberus/LoginLogout/Password'

2019-03-19 14:38:53 - [TEST_STEP][PASSED] - waitForElementClickable(findTestObject("Products/Cerberus/LoginLogout/PasswordNextButton"), 15): Object 'Object Repository/Products/Cerberus/LoginLogout/PasswordNextButton' is clickable

2019-03-19 14:38:53 - [MESSAGE][PASSED] - Object 'Object Repository/Products/Cerberus/LoginLogout/PasswordNextButton' is clickable

2019-03-19 14:38:53 - [TEST_STEP][PASSED] - click(findTestObject("Products/Cerberus/LoginLogout/PasswordNextButton")): Object: 'Object Repository/Products/Cerberus/LoginLogout/PasswordNextButton' is clicked on

2019-03-19 14:38:56 - [MESSAGE][PASSED] - Object: 'Object Repository/Products/Cerberus/LoginLogout/PasswordNextButton' is clicked on

2019-03-19 14:38:56 - [TEST_STEP][PASSED] - delay(5): Delayed 5 second(s)

2019-03-19 14:39:01 - [MESSAGE][PASSED] - Delayed 5 second(s)

2019-03-19 14:39:01 - [TEST_STEP][PASSED] - waitForElementClickable(findTestObject("Products/Cerberus/LoginLogout/TenantQATestUtilityCompany"), 15): Object 'Object Repository/Products/Cerberus/LoginLogout/TenantQATestUtilityCompany' is clickable

2019-03-19 14:39:01 - [MESSAGE][PASSED] - Object 'Object Repository/Products/Cerberus/LoginLogout/TenantQATestUtilityCompany' is clickable

2019-03-19 14:39:01 - [TEST_STEP][PASSED] - click(findTestObject("Products/Cerberus/LoginLogout/TenantQATestUtilityCompany")): Object: 'Object Repository/Products/Cerberus/LoginLogout/TenantQATestUtilityCompany' is clicked on

2019-03-19 14:39:01 - [MESSAGE][PASSED] - Object: 'Object Repository/Products/Cerberus/LoginLogout/TenantQATestUtilityCompany' is clicked on

2019-03-19 14:39:01 - [TEST_STEP][PASSED] - verifyElementText(findTestObject("Products/Cerberus/LoginLogout/TenantQATestUtilityCompany"), "QA Test Utility Company"): Actual text and expected text of test object 'Object Repository/Products/Cerberus/LoginLogout/TenantQATestUtilityCompany' are matched.

2019-03-19 14:39:01 - [MESSAGE][PASSED] - Actual text and expected text of test object 'Object Repository/Products/Cerberus/LoginLogout/TenantQATestUtilityCompany' are matched.

2019-03-19 14:39:01 - [TEST_STEP][PASSED] - waitForElementClickable(findTestObject("Products/Cerberus/LoginLogout/TenantSubmitButton"), 15): Object 'Object Repository/Products/Cerberus/LoginLogout/TenantSubmitButton' is clickable

2019-03-19 14:39:01 - [MESSAGE][PASSED] - Object 'Object Repository/Products/Cerberus/LoginLogout/TenantSubmitButton' is clickable

2019-03-19 14:39:01 - [TEST_STEP][PASSED] - click(findTestObject("Products/Cerberus/LoginLogout/TenantSubmitButton")): Object: 'Object Repository/Products/Cerberus/LoginLogout/TenantSubmitButton' is clicked on

2019-03-19 14:39:01 - [MESSAGE][PASSED] - Object: 'Object Repository/Products/Cerberus/LoginLogout/TenantSubmitButton' is clicked on

2019-03-19 14:39:01 - [TEST_STEP][PASSED] - waitForElementClickable(findTestObject("Products/Cerberus/LoginLogout/ChooseApp-Templates"), 15): Object 'Object Repository/Products/Cerberus/LoginLogout/ChooseApp-Templates' is clickable

2019-03-19 14:39:01 - [MESSAGE][PASSED] - Object 'Object Repository/Products/Cerberus/LoginLogout/ChooseApp-Templates' is clickable

2019-03-19 14:39:01 - [TEST_STEP][PASSED] - click(findTestObject("Products/Cerberus/LoginLogout/ChooseApp-Templates")): Object: 'Object Repository/Products/Cerberus/LoginLogout/ChooseApp-Templates' is clicked on

2019-03-19 14:39:01 - [MESSAGE][PASSED] - Object: 'Object Repository/Products/Cerberus/LoginLogout/ChooseApp-Templates' is clicked on

2019-03-19 14:39:01 - [TEST_STEP][PASSED] - waitForElementClickable(findTestObject("Products/Cerberus/LoginLogout/SubmitButton_ChooseApp"), 15): Object 'Object Repository/Products/Cerberus/LoginLogout/SubmitButton_ChooseApp' is clickable

2019-03-19 14:39:01 - [MESSAGE][PASSED] - Object 'Object Repository/Products/Cerberus/LoginLogout/SubmitButton_ChooseApp' is clickable

2019-03-19 14:39:01 - [TEST_STEP][PASSED] - click(findTestObject("Products/Cerberus/LoginLogout/SubmitButton_ChooseApp")): Object: 'Object Repository/Products/Cerberus/LoginLogout/SubmitButton_ChooseApp' is clicked on

2019-03-19 14:39:03 - [MESSAGE][PASSED] - Object: 'Object Repository/Products/Cerberus/LoginLogout/SubmitButton_ChooseApp' is clicked on

2019-03-19 14:39:03 - [TEST_STEP][PASSED] - delay(1): Delayed 1 second(s)

2019-03-19 14:39:04 - [MESSAGE][PASSED] - Delayed 1 second(s)

2019-03-19 14:39:04 - [TEST_STEP][PASSED] - verifyTextPresent("Latest Activity", false): Text 'Latest Activity' is present on page 

2019-03-19 14:39:04 - [MESSAGE][PASSED] - Text 'Latest Activity' is present on page 

2019-03-19 14:39:04 - [TEST_STEP][PASSED] - log.logWarning("--- End Login ---"): --- End Login ---

2019-03-19 14:39:04 - [MESSAGE][WARNING] - --- End Login ---

2019-03-19 14:39:04 - [MESSAGE][PASSED] - Call Test Case 'Test Cases/Products/Cerberus/Login-Logout/TemplateLoginNCQATestUtility' successfully

2019-03-19 14:39:04 - [TEST_STEP][PASSED] - delay(4): Delayed 4 second(s)

2019-03-19 14:39:08 - [MESSAGE][PASSED] - Delayed 4 second(s)

2019-03-19 14:39:08 - [TEST_STEP][PASSED] - driver = getWebDriver(): null

2019-03-19 14:39:08 - [TEST_STEP][PASSED] - click(findTestObject("Products/TemplateApp/Templates/Common/SelectTemplates")): Object: 'Object Repository/Products/TemplateApp/Templates/Common/SelectTemplates' is clicked on

2019-03-19 14:39:08 - [MESSAGE][PASSED] - Object: 'Object Repository/Products/TemplateApp/Templates/Common/SelectTemplates' is clicked on

2019-03-19 14:39:08 - [TEST_STEP][PASSED] - delay(2): Delayed 2 second(s)

2019-03-19 14:39:10 - [MESSAGE][PASSED] - Delayed 2 second(s)

2019-03-19 14:39:10 - [TEST_STEP][PASSED] - click(findTestObject("Products/TemplateApp/SelectEnvironment/DownCaret")): Object: 'Object Repository/Products/TemplateApp/SelectEnvironment/DownCaret' is clicked on

2019-03-19 14:39:10 - [MESSAGE][PASSED] - Object: 'Object Repository/Products/TemplateApp/SelectEnvironment/DownCaret' is clicked on

2019-03-19 14:39:10 - [TEST_STEP][PASSED] - click(findTestObject("Products/TemplateApp/SelectEnvironment/SelectEnvironmentDevelop")): Object: 'Object Repository/Products/TemplateApp/SelectEnvironment/SelectEnvironmentDevelop' is clicked on

2019-03-19 14:39:10 - [MESSAGE][PASSED] - Object: 'Object Repository/Products/TemplateApp/SelectEnvironment/SelectEnvironmentDevelop' is clicked on

2019-03-19 14:39:10 - [TEST_STEP][PASSED] - delay(2): Delayed 2 second(s)

2019-03-19 14:39:12 - [MESSAGE][PASSED] - Delayed 2 second(s)

2019-03-19 14:39:12 - [TEST_STEP][PASSED] - click(findTestObject("Products/TemplateApp/Templates/Email/SelectEmail")): Object: 'Object Repository/Products/TemplateApp/Templates/Email/SelectEmail' is clicked on

2019-03-19 14:39:13 - [MESSAGE][PASSED] - Object: 'Object Repository/Products/TemplateApp/Templates/Email/SelectEmail' is clicked on

2019-03-19 14:39:13 - [TEST_STEP][PASSED] - click(findTestObject("Products/TemplateApp/Templates/Email/ContactAutoPausedForm")): Object: 'Object Repository/Products/TemplateApp/Templates/Email/ContactAutoPausedForm' is clicked on

2019-03-19 14:39:13 - [MESSAGE][PASSED] - Object: 'Object Repository/Products/TemplateApp/Templates/Email/ContactAutoPausedForm' is clicked on

2019-03-19 14:39:13 - [TEST_STEP][PASSED] - delay(4): Delayed 4 second(s)

2019-03-19 14:39:17 - [MESSAGE][PASSED] - Delayed 4 second(s)

2019-03-19 14:39:17 - [TEST_STEP][PASSED] - click(findTestObject("Products/TemplateApp/Templates/Common/SelectTextareaSpan")): Object: 'Object Repository/Products/TemplateApp/Templates/Common/SelectTextareaSpan' is clicked on

2019-03-19 14:39:17 - [MESSAGE][PASSED] - Object: 'Object Repository/Products/TemplateApp/Templates/Common/SelectTextareaSpan' is clicked on

2019-03-19 14:39:17 - [TEST_STEP][PASSED] - doubleClick(findTestObject("Products/TemplateApp/Templates/Common/SelectTextareaSpan")): Object: 'Object Repository/Products/TemplateApp/Templates/Common/SelectTextareaSpan' is double clicked on

2019-03-19 14:39:17 - [MESSAGE][PASSED] - Object: 'Object Repository/Products/TemplateApp/Templates/Common/SelectTextareaSpan' is double clicked on

2019-03-19 14:39:17 - [TEST_STEP][PASSED] - sendKeys(findTestObject("Products/TemplateApp/Templates/Common/Textarea"), Keys.chord(DELETE)): Keys 'DELETE + ' sent to object: 'Object Repository/Products/TemplateApp/Templates/Common/Textarea'

2019-03-19 14:39:17 - [MESSAGE][PASSED] - Keys 'DELETE + ' sent to object: 'Object Repository/Products/TemplateApp/Templates/Common/Textarea'

2019-03-19 14:39:17 - [TEST_STEP][PASSED] - tools.WebUICustomKeywords.enterUsingJS(findTestObject("Products/TemplateApp/Templates/Common/Textarea"), 10): tools.WebUICustomKeywords.enterUsingJS is PASSED

2019-03-19 14:39:17 - [MESSAGE][PASSED] - tools.WebUICustomKeywords.enterUsingJS is PASSED

2019-03-19 14:39:17 - [TEST_STEP][PASSED] - delay(4): Delayed 4 second(s)

2019-03-19 14:39:21 - [MESSAGE][PASSED] - Delayed 4 second(s)

2019-03-19 14:39:21 - [TEST_STEP][PASSED] - setText(findTestObject("Products/TemplateApp/Templates/Common/CommitMessageField"), commitNumber): Text 'conubia mandamus' is set on object 'Object Repository/Products/TemplateApp/Templates/Common/CommitMessageField'

2019-03-19 14:39:22 - [MESSAGE][PASSED] - Text 'conubia mandamus' is set on object 'Object Repository/Products/TemplateApp/Templates/Common/CommitMessageField'

2019-03-19 14:39:22 - [TEST_STEP][PASSED] - click(findTestObject("Products/TemplateApp/Templates/Common/SaveButton")): Object: 'Object Repository/Products/TemplateApp/Templates/Common/SaveButton' is clicked on

2019-03-19 14:39:22 - [MESSAGE][PASSED] - Object: 'Object Repository/Products/TemplateApp/Templates/Common/SaveButton' is clicked on

2019-03-19 14:39:22 - [TEST_STEP][PASSED] - click(findTestObject("Products/TemplateApp/Templates/Email/ContactAutoPausedForm")): Object: 'Object Repository/Products/TemplateApp/Templates/Email/ContactAutoPausedForm' is clicked on

2019-03-19 14:39:25 - [MESSAGE][PASSED] - Object: 'Object Repository/Products/TemplateApp/Templates/Email/ContactAutoPausedForm' is clicked on

2019-03-19 14:39:25 - [TEST_STEP][PASSED] - click(findTestObject("Products/TemplateApp/Templates/Common/SelectHistory")): Object: 'Object Repository/Products/TemplateApp/Templates/Common/SelectHistory' is clicked on

2019-03-19 14:39:26 - [MESSAGE][PASSED] - Object: 'Object Repository/Products/TemplateApp/Templates/Common/SelectHistory' is clicked on

2019-03-19 14:39:26 - [TEST_STEP][PASSED] - click(findTestObject("Products/TemplateApp/Templates/Common/ExpandHistory")): Object: 'Object Repository/Products/TemplateApp/Templates/Common/ExpandHistory' is clicked on

2019-03-19 14:39:27 - [MESSAGE][PASSED] - Object: 'Object Repository/Products/TemplateApp/Templates/Common/ExpandHistory' is clicked on

2019-03-19 14:39:27 - [TEST_STEP][PASSED] - delay(4): Delayed 4 second(s)

2019-03-19 14:39:31 - [MESSAGE][PASSED] - Delayed 4 second(s)

2019-03-19 14:39:31 - [TEST_STEP][PASSED] - getText(findTestObject("Products/TemplateApp/Templates/Common/VerifyCommitMessageField")): Text of object 'Object Repository/Products/TemplateApp/Templates/Common/VerifyCommitMessageField' is: 'nascetur impetus'

2019-03-19 14:39:31 - [MESSAGE][PASSED] - Text of object 'Object Repository/Products/TemplateApp/Templates/Common/VerifyCommitMessageField' is: 'nascetur impetus'

2019-03-19 14:39:31 - [TEST_STEP][FAILED] - verifyElementText(findTestObject("Products/TemplateApp/Templates/Common/VerifyCommitMessageField"), commitNumber): verifyElementText(findTestObject("Products/TemplateApp/Templates/Common/VerifyCommitMessageField"), commitNumber) FAILED.
Reason:
com.kms.katalon.core.exception.StepFailedException: Verify element text of test object 'Object Repository/Products/TemplateApp/Templates/Common/VerifyCommitMessageField' FAILED.
	at com.kms.katalon.core.keyword.internal.KeywordMain.stepFailed(KeywordMain.groovy:48)
	at com.kms.katalon.core.webui.keyword.internal.WebUIKeywordMain.stepFailed(WebUIKeywordMain.groovy:65)
	at com.kms.katalon.core.webui.keyword.internal.WebUIKeywordMain.runKeyword(WebUIKeywordMain.groovy:27)
	at com.kms.katalon.core.webui.keyword.builtin.VerifyElementTextKeyword.verifyElementText(VerifyElementTextKeyword.groovy:72)
	at com.kms.katalon.core.webui.keyword.builtin.VerifyElementTextKeyword.execute(VerifyElementTextKeyword.groovy:40)
	at com.kms.katalon.core.keyword.internal.KeywordExecutor.executeKeywordForPlatform(KeywordExecutor.groovy:56)
	at com.kms.katalon.core.webui.keyword.WebUiBuiltInKeywords.verifyElementText(WebUiBuiltInKeywords.groovy:3663)
	at com.kms.katalon.core.webui.keyword.WebUiBuiltInKeywords$verifyElementText$6.call(Unknown Source)
	at EditContactAutoPausedTemplate.run(EditContactAutoPausedTemplate:81)
	at com.kms.katalon.core.main.ScriptEngine.run(ScriptEngine.java:194)
	at com.kms.katalon.core.main.ScriptEngine.runScriptAsRawText(ScriptEngine.java:119)
	at com.kms.katalon.core.main.TestCaseExecutor.runScript(TestCaseExecutor.java:331)
	at com.kms.katalon.core.main.TestCaseExecutor.doExecute(TestCaseExecutor.java:322)
	at com.kms.katalon.core.main.TestCaseExecutor.processExecutionPhase(TestCaseExecutor.java:301)
	at com.kms.katalon.core.main.TestCaseExecutor.accessMainPhase(TestCaseExecutor.java:293)
	at com.kms.katalon.core.main.TestCaseExecutor.execute(TestCaseExecutor.java:227)
	at com.kms.katalon.core.main.TestSuiteExecutor.accessTestCaseMainPhase(TestSuiteExecutor.java:129)
	at com.kms.katalon.core.main.TestSuiteExecutor.accessTestSuiteMainPhase(TestSuiteExecutor.java:112)
	at com.kms.katalon.core.main.TestSuiteExecutor.execute(TestSuiteExecutor.java:81)
	at com.kms.katalon.core.main.TestCaseMain.startTestSuite(TestCaseMain.java:157)
	at com.kms.katalon.core.main.TestCaseMain$startTestSuite$0.call(Unknown Source)
	at TempTestSuite1553031519664.run(TempTestSuite1553031519664.groovy:35)


2019-03-19 14:39:31 - [MESSAGE][FAILED] - Actual text 'nascetur impetus' and expected text 'conubia mandamus' of test object 'Object Repository/Products/TemplateApp/Templates/Common/VerifyCommitMessageField' are NOT matched.
[[ATTACHMENT|/Users/pshukla/Documents/Katalon Studio/qa-templates/Reports/Templates/20190319_143829/1553031571184.png]]

2019-03-19 14:39:31 - [MESSAGE][FAILED] - Verify element text of test object 'Object Repository/Products/TemplateApp/Templates/Common/VerifyCommitMessageField' FAILED.
[[ATTACHMENT|/Users/pshukla/Documents/Katalon Studio/qa-templates/Reports/Templates/20190319_143829/1553031571365.png]]

2019-03-19 14:39:31 - [MESSAGE][FAILED] - verifyElementText(findTestObject("Products/TemplateApp/Templates/Common/VerifyCommitMessageField"), commitNumber) FAILED.
Reason:
com.kms.katalon.core.exception.StepFailedException: Verify element text of test object 'Object Repository/Products/TemplateApp/Templates/Common/VerifyCommitMessageField' FAILED.
	at com.kms.katalon.core.keyword.internal.KeywordMain.stepFailed(KeywordMain.groovy:48)
	at com.kms.katalon.core.webui.keyword.internal.WebUIKeywordMain.stepFailed(WebUIKeywordMain.groovy:65)
	at com.kms.katalon.core.webui.keyword.internal.WebUIKeywordMain.runKeyword(WebUIKeywordMain.groovy:27)
	at com.kms.katalon.core.webui.keyword.builtin.VerifyElementTextKeyword.verifyElementText(VerifyElementTextKeyword.groovy:72)
	at com.kms.katalon.core.webui.keyword.builtin.VerifyElementTextKeyword.execute(VerifyElementTextKeyword.groovy:40)
	at com.kms.katalon.core.keyword.internal.KeywordExecutor.executeKeywordForPlatform(KeywordExecutor.groovy:56)
	at com.kms.katalon.core.webui.keyword.WebUiBuiltInKeywords.verifyElementText(WebUiBuiltInKeywords.groovy:3663)
	at com.kms.katalon.core.webui.keyword.WebUiBuiltInKeywords$verifyElementText$6.call(Unknown Source)
	at EditContactAutoPausedTemplate.run(EditContactAutoPausedTemplate:81)
	at com.kms.katalon.core.main.ScriptEngine.run(ScriptEngine.java:194)
	at com.kms.katalon.core.main.ScriptEngine.runScriptAsRawText(ScriptEngine.java:119)
	at com.kms.katalon.core.main.TestCaseExecutor.runScript(TestCaseExecutor.java:331)
	at com.kms.katalon.core.main.TestCaseExecutor.doExecute(TestCaseExecutor.java:322)
	at com.kms.katalon.core.main.TestCaseExecutor.processExecutionPhase(TestCaseExecutor.java:301)
	at com.kms.katalon.core.main.TestCaseExecutor.accessMainPhase(TestCaseExecutor.java:293)
	at com.kms.katalon.core.main.TestCaseExecutor.execute(TestCaseExecutor.java:227)
	at com.kms.katalon.core.main.TestSuiteExecutor.accessTestCaseMainPhase(TestSuiteExecutor.java:129)
	at com.kms.katalon.core.main.TestSuiteExecutor.accessTestSuiteMainPhase(TestSuiteExecutor.java:112)
	at com.kms.katalon.core.main.TestSuiteExecutor.execute(TestSuiteExecutor.java:81)
	at com.kms.katalon.core.main.TestCaseMain.startTestSuite(TestCaseMain.java:157)
	at com.kms.katalon.core.main.TestCaseMain$startTestSuite$0.call(Unknown Source)
	at TempTestSuite1553031519664.run(TempTestSuite1553031519664.groovy:35)]]></system-out>
         <system-err><![CDATA[2019-03-19 14:38:41 - [TEST_CASE][FAILED] - Test Cases/Products/TemplateApp/Templates/Email/English/EditContactAutoPausedTemplate: Test Cases/Products/TemplateApp/Templates/Email/English/EditContactAutoPausedTemplate FAILED.
Reason:
com.kms.katalon.core.exception.StepFailedException: Verify element text of test object 'Object Repository/Products/TemplateApp/Templates/Common/VerifyCommitMessageField' FAILED.
	at com.kms.katalon.core.keyword.internal.KeywordMain.stepFailed(KeywordMain.groovy:48)
	at com.kms.katalon.core.webui.keyword.internal.WebUIKeywordMain.stepFailed(WebUIKeywordMain.groovy:65)
	at com.kms.katalon.core.webui.keyword.internal.WebUIKeywordMain.runKeyword(WebUIKeywordMain.groovy:27)
	at com.kms.katalon.core.webui.keyword.builtin.VerifyElementTextKeyword.verifyElementText(VerifyElementTextKeyword.groovy:72)
	at com.kms.katalon.core.webui.keyword.builtin.VerifyElementTextKeyword.execute(VerifyElementTextKeyword.groovy:40)
	at com.kms.katalon.core.keyword.internal.KeywordExecutor.executeKeywordForPlatform(KeywordExecutor.groovy:56)
	at com.kms.katalon.core.webui.keyword.WebUiBuiltInKeywords.verifyElementText(WebUiBuiltInKeywords.groovy:3663)
	at com.kms.katalon.core.webui.keyword.WebUiBuiltInKeywords$verifyElementText$6.call(Unknown Source)
	at EditContactAutoPausedTemplate.run(EditContactAutoPausedTemplate:81)
	at com.kms.katalon.core.main.ScriptEngine.run(ScriptEngine.java:194)
	at com.kms.katalon.core.main.ScriptEngine.runScriptAsRawText(ScriptEngine.java:119)
	at com.kms.katalon.core.main.TestCaseExecutor.runScript(TestCaseExecutor.java:331)
	at com.kms.katalon.core.main.TestCaseExecutor.doExecute(TestCaseExecutor.java:322)
	at com.kms.katalon.core.main.TestCaseExecutor.processExecutionPhase(TestCaseExecutor.java:301)
	at com.kms.katalon.core.main.TestCaseExecutor.accessMainPhase(TestCaseExecutor.java:293)
	at com.kms.katalon.core.main.TestCaseExecutor.execute(TestCaseExecutor.java:227)
	at com.kms.katalon.core.main.TestSuiteExecutor.accessTestCaseMainPhase(TestSuiteExecutor.java:129)
	at com.kms.katalon.core.main.TestSuiteExecutor.accessTestSuiteMainPhase(TestSuiteExecutor.java:112)
	at com.kms.katalon.core.main.TestSuiteExecutor.execute(TestSuiteExecutor.java:81)
	at com.kms.katalon.core.main.TestCaseMain.startTestSuite(TestCaseMain.java:157)
	at com.kms.katalon.core.main.TestCaseMain$startTestSuite$0.call(Unknown Source)
	at TempTestSuite1553031519664.run(TempTestSuite1553031519664.groovy:35)]]></system-err>
      </testcase>
      <testcase name="Test Cases/Products/TemplateApp/Templates/Email/English/VerifyPreviewButtonOfPostingContactConfirmationRequired" classname="Test Cases/Products/TemplateApp/Templates/Email/English/VerifyPreviewButtonOfPostingContactConfirmationRequired" status="PASSED">
         <system-out><![CDATA[2019-03-19 14:39:31 - [TEST_CASE][PASSED] - Test Cases/Products/TemplateApp/Templates/Email/English/VerifyPreviewButtonOfPostingContactConfirmationRequired: Test Cases/Products/TemplateApp/Templates/Email/English/VerifyPreviewButtonOfPostingContactConfirmationRequired

2019-03-19 14:39:31 - [TEST_STEP][PASSED] - callTestCase(findTestCase("Products/Cerberus/Login-Logout/TemplateLoginNCQATestUtility"), [:], STOP_ON_FAILURE): Call Test Case 'Test Cases/Products/Cerberus/Login-Logout/TemplateLoginNCQATestUtility' successfully

2019-03-19 14:39:31 - [TEST_CASE][PASSED] - Test Cases/Products/Cerberus/Login-Logout/TemplateLoginNCQATestUtility: Test Cases/Products/Cerberus/Login-Logout/TemplateLoginNCQATestUtility

2019-03-19 14:39:31 - [TEST_STEP][PASSED] - log = new com.kms.katalon.core.logging.KeywordLogger(): null

2019-03-19 14:39:31 - [TEST_STEP][PASSED] - comment("Open browser and Login"): Open browser and Login

2019-03-19 14:39:31 - [MESSAGE][INFO] - Open browser and Login

2019-03-19 14:39:31 - [TEST_STEP][PASSED] - openBrowser(G_DefaultSiteURL): Browser is opened with url: 'https://dev.kubra.io'

2019-03-19 14:39:31 - [MESSAGE][WARNING] - A browser is already opened. Closing browser and opening a new one

2019-03-19 14:39:32 - [MESSAGE][INFO] - Starting 'Firefox' driver

2019-03-19 14:39:35 - [MESSAGE][PASSED] - Browser is opened with url: 'https://dev.kubra.io'

2019-03-19 14:39:35 - [TEST_STEP][PASSED] - waitForPageLoad(G_ShortTimeout): Wait for page load successfully

2019-03-19 14:39:35 - [MESSAGE][PASSED] - Wait for page load successfully

2019-03-19 14:39:35 - [TEST_STEP][PASSED] - maximizeWindow(): Current window maximized

2019-03-19 14:39:35 - [MESSAGE][PASSED] - Current window maximized

2019-03-19 14:39:35 - [TEST_STEP][PASSED] - log.logWarning("--- Begin Login ---"): --- Begin Login ---

2019-03-19 14:39:35 - [MESSAGE][WARNING] - --- Begin Login ---

2019-03-19 14:39:35 - [TEST_STEP][PASSED] - log.logWarning("Logging in to environment - " + G_DefaultSiteURL): Logging in to environment - https://dev.kubra.io

2019-03-19 14:39:35 - [MESSAGE][WARNING] - Logging in to environment - https://dev.kubra.io

2019-03-19 14:39:35 - [TEST_STEP][PASSED] - waitForElementClickable(findTestObject("Products/Cerberus/LoginLogout/LogInWithGoogle"), 15): Object 'Object Repository/Products/Cerberus/LoginLogout/LogInWithGoogle' is clickable

2019-03-19 14:39:36 - [MESSAGE][PASSED] - Object 'Object Repository/Products/Cerberus/LoginLogout/LogInWithGoogle' is clickable

2019-03-19 14:39:36 - [TEST_STEP][PASSED] - delay(2): Delayed 2 second(s)

2019-03-19 14:39:38 - [MESSAGE][PASSED] - Delayed 2 second(s)

2019-03-19 14:39:38 - [TEST_STEP][PASSED] - click(findTestObject("Products/Cerberus/LoginLogout/LogInWithGoogle")): Object: 'Object Repository/Products/Cerberus/LoginLogout/LogInWithGoogle' is clicked on

2019-03-19 14:39:39 - [MESSAGE][PASSED] - Object: 'Object Repository/Products/Cerberus/LoginLogout/LogInWithGoogle' is clicked on

2019-03-19 14:39:39 - [TEST_STEP][PASSED] - waitForElementVisible(findTestObject("Products/Cerberus/LoginLogout/UserName"), 15): Object 'Object Repository/Products/Cerberus/LoginLogout/UserName' is visible

2019-03-19 14:39:39 - [MESSAGE][PASSED] - Object 'Object Repository/Products/Cerberus/LoginLogout/UserName' is visible

2019-03-19 14:39:39 - [TEST_STEP][PASSED] - setMaskedText(findTestObject("Products/Cerberus/LoginLogout/UserName"), "tempeqa@kubra.com"): Text '*****************' is set on object 'Object Repository/Products/Cerberus/LoginLogout/UserName'

2019-03-19 14:39:39 - [MESSAGE][PASSED] - Text '*****************' is set on object 'Object Repository/Products/Cerberus/LoginLogout/UserName'

2019-03-19 14:39:39 - [TEST_STEP][PASSED] - waitForElementVisible(findTestObject("Products/Cerberus/LoginLogout/UserNameNextButton"), 15): Object 'Object Repository/Products/Cerberus/LoginLogout/UserNameNextButton' is visible

2019-03-19 14:39:40 - [MESSAGE][PASSED] - Object 'Object Repository/Products/Cerberus/LoginLogout/UserNameNextButton' is visible

2019-03-19 14:39:40 - [TEST_STEP][PASSED] - click(findTestObject("Products/Cerberus/LoginLogout/UserNameNextButton")): Object: 'Object Repository/Products/Cerberus/LoginLogout/UserNameNextButton' is clicked on

2019-03-19 14:39:40 - [MESSAGE][PASSED] - Object: 'Object Repository/Products/Cerberus/LoginLogout/UserNameNextButton' is clicked on

2019-03-19 14:39:40 - [TEST_STEP][PASSED] - waitForElementVisible(findTestObject("Products/Cerberus/LoginLogout/Password"), 15): Object 'Object Repository/Products/Cerberus/LoginLogout/Password' is visible

2019-03-19 14:39:41 - [MESSAGE][PASSED] - Object 'Object Repository/Products/Cerberus/LoginLogout/Password' is visible

2019-03-19 14:39:41 - [TEST_STEP][PASSED] - setMaskedText(findTestObject("Products/Cerberus/LoginLogout/Password"), "qAisgr8!@"): Text '*********' is set on object 'Object Repository/Products/Cerberus/LoginLogout/Password'

2019-03-19 14:39:41 - [MESSAGE][PASSED] - Text '*********' is set on object 'Object Repository/Products/Cerberus/LoginLogout/Password'

2019-03-19 14:39:41 - [TEST_STEP][PASSED] - waitForElementClickable(findTestObject("Products/Cerberus/LoginLogout/PasswordNextButton"), 15): Object 'Object Repository/Products/Cerberus/LoginLogout/PasswordNextButton' is clickable

2019-03-19 14:39:41 - [MESSAGE][PASSED] - Object 'Object Repository/Products/Cerberus/LoginLogout/PasswordNextButton' is clickable

2019-03-19 14:39:41 - [TEST_STEP][PASSED] - click(findTestObject("Products/Cerberus/LoginLogout/PasswordNextButton")): Object: 'Object Repository/Products/Cerberus/LoginLogout/PasswordNextButton' is clicked on

2019-03-19 14:39:44 - [MESSAGE][PASSED] - Object: 'Object Repository/Products/Cerberus/LoginLogout/PasswordNextButton' is clicked on

2019-03-19 14:39:44 - [TEST_STEP][PASSED] - delay(5): Delayed 5 second(s)

2019-03-19 14:39:49 - [MESSAGE][PASSED] - Delayed 5 second(s)

2019-03-19 14:39:49 - [TEST_STEP][PASSED] - waitForElementClickable(findTestObject("Products/Cerberus/LoginLogout/TenantQATestUtilityCompany"), 15): Object 'Object Repository/Products/Cerberus/LoginLogout/TenantQATestUtilityCompany' is clickable

2019-03-19 14:39:49 - [MESSAGE][PASSED] - Object 'Object Repository/Products/Cerberus/LoginLogout/TenantQATestUtilityCompany' is clickable

2019-03-19 14:39:49 - [TEST_STEP][PASSED] - click(findTestObject("Products/Cerberus/LoginLogout/TenantQATestUtilityCompany")): Object: 'Object Repository/Products/Cerberus/LoginLogout/TenantQATestUtilityCompany' is clicked on

2019-03-19 14:39:49 - [MESSAGE][PASSED] - Object: 'Object Repository/Products/Cerberus/LoginLogout/TenantQATestUtilityCompany' is clicked on

2019-03-19 14:39:49 - [TEST_STEP][PASSED] - verifyElementText(findTestObject("Products/Cerberus/LoginLogout/TenantQATestUtilityCompany"), "QA Test Utility Company"): Actual text and expected text of test object 'Object Repository/Products/Cerberus/LoginLogout/TenantQATestUtilityCompany' are matched.

2019-03-19 14:39:49 - [MESSAGE][PASSED] - Actual text and expected text of test object 'Object Repository/Products/Cerberus/LoginLogout/TenantQATestUtilityCompany' are matched.

2019-03-19 14:39:49 - [TEST_STEP][PASSED] - waitForElementClickable(findTestObject("Products/Cerberus/LoginLogout/TenantSubmitButton"), 15): Object 'Object Repository/Products/Cerberus/LoginLogout/TenantSubmitButton' is clickable

2019-03-19 14:39:49 - [MESSAGE][PASSED] - Object 'Object Repository/Products/Cerberus/LoginLogout/TenantSubmitButton' is clickable

2019-03-19 14:39:49 - [TEST_STEP][PASSED] - click(findTestObject("Products/Cerberus/LoginLogout/TenantSubmitButton")): Object: 'Object Repository/Products/Cerberus/LoginLogout/TenantSubmitButton' is clicked on

2019-03-19 14:39:49 - [MESSAGE][PASSED] - Object: 'Object Repository/Products/Cerberus/LoginLogout/TenantSubmitButton' is clicked on

2019-03-19 14:39:49 - [TEST_STEP][PASSED] - waitForElementClickable(findTestObject("Products/Cerberus/LoginLogout/ChooseApp-Templates"), 15): Object 'Object Repository/Products/Cerberus/LoginLogout/ChooseApp-Templates' is clickable

2019-03-19 14:39:49 - [MESSAGE][PASSED] - Object 'Object Repository/Products/Cerberus/LoginLogout/ChooseApp-Templates' is clickable

2019-03-19 14:39:49 - [TEST_STEP][PASSED] - click(findTestObject("Products/Cerberus/LoginLogout/ChooseApp-Templates")): Object: 'Object Repository/Products/Cerberus/LoginLogout/ChooseApp-Templates' is clicked on

2019-03-19 14:39:50 - [MESSAGE][PASSED] - Object: 'Object Repository/Products/Cerberus/LoginLogout/ChooseApp-Templates' is clicked on

2019-03-19 14:39:50 - [TEST_STEP][PASSED] - waitForElementClickable(findTestObject("Products/Cerberus/LoginLogout/SubmitButton_ChooseApp"), 15): Object 'Object Repository/Products/Cerberus/LoginLogout/SubmitButton_ChooseApp' is clickable

2019-03-19 14:39:50 - [MESSAGE][PASSED] - Object 'Object Repository/Products/Cerberus/LoginLogout/SubmitButton_ChooseApp' is clickable

2019-03-19 14:39:50 - [TEST_STEP][PASSED] - click(findTestObject("Products/Cerberus/LoginLogout/SubmitButton_ChooseApp")): Object: 'Object Repository/Products/Cerberus/LoginLogout/SubmitButton_ChooseApp' is clicked on

2019-03-19 14:39:51 - [MESSAGE][PASSED] - Object: 'Object Repository/Products/Cerberus/LoginLogout/SubmitButton_ChooseApp' is clicked on

2019-03-19 14:39:51 - [TEST_STEP][PASSED] - delay(1): Delayed 1 second(s)

2019-03-19 14:39:52 - [MESSAGE][PASSED] - Delayed 1 second(s)

2019-03-19 14:39:52 - [TEST_STEP][PASSED] - verifyTextPresent("Latest Activity", false): Text 'Latest Activity' is present on page 

2019-03-19 14:39:52 - [MESSAGE][PASSED] - Text 'Latest Activity' is present on page 

2019-03-19 14:39:52 - [TEST_STEP][PASSED] - log.logWarning("--- End Login ---"): --- End Login ---

2019-03-19 14:39:52 - [MESSAGE][WARNING] - --- End Login ---

2019-03-19 14:39:52 - [MESSAGE][PASSED] - Call Test Case 'Test Cases/Products/Cerberus/Login-Logout/TemplateLoginNCQATestUtility' successfully

2019-03-19 14:39:52 - [TEST_STEP][PASSED] - delay(4): Delayed 4 second(s)

2019-03-19 14:39:56 - [MESSAGE][PASSED] - Delayed 4 second(s)

2019-03-19 14:39:56 - [TEST_STEP][PASSED] - click(findTestObject("Products/TemplateApp/Templates/Common/SelectTemplates")): Object: 'Object Repository/Products/TemplateApp/Templates/Common/SelectTemplates' is clicked on

2019-03-19 14:39:56 - [MESSAGE][PASSED] - Object: 'Object Repository/Products/TemplateApp/Templates/Common/SelectTemplates' is clicked on

2019-03-19 14:39:56 - [TEST_STEP][PASSED] - delay(2): Delayed 2 second(s)

2019-03-19 14:39:58 - [MESSAGE][PASSED] - Delayed 2 second(s)

2019-03-19 14:39:58 - [TEST_STEP][PASSED] - click(findTestObject("Products/TemplateApp/Templates/Email/SelectEmail")): Object: 'Object Repository/Products/TemplateApp/Templates/Email/SelectEmail' is clicked on

2019-03-19 14:39:58 - [MESSAGE][PASSED] - Object: 'Object Repository/Products/TemplateApp/Templates/Email/SelectEmail' is clicked on

2019-03-19 14:39:58 - [TEST_STEP][PASSED] - click(findTestObject("Products/TemplateApp/Templates/Email/PostingContactConfirmationRequiredForm")): Object: 'Object Repository/Products/TemplateApp/Templates/Email/PostingContactConfirmationRequiredForm' is clicked on

2019-03-19 14:39:58 - [MESSAGE][PASSED] - Object: 'Object Repository/Products/TemplateApp/Templates/Email/PostingContactConfirmationRequiredForm' is clicked on

2019-03-19 14:39:58 - [TEST_STEP][PASSED] - verifyElementText(findTestObject("Products/TemplateApp/Templates/Common/FormHeaderText"), "POSTING_CONTACT_CONFIRMATION_REQUIRED.NJK"): Actual text and expected text of test object 'Object Repository/Products/TemplateApp/Templates/Common/FormHeaderText' are matched.

2019-03-19 14:39:59 - [MESSAGE][PASSED] - Actual text and expected text of test object 'Object Repository/Products/TemplateApp/Templates/Common/FormHeaderText' are matched.

2019-03-19 14:39:59 - [TEST_STEP][PASSED] - waitForElementClickable(findTestObject("Products/TemplateApp/Templates/Common/PreviewButton"), 10): Object 'Object Repository/Products/TemplateApp/Templates/Common/PreviewButton' is clickable

2019-03-19 14:39:59 - [MESSAGE][PASSED] - Object 'Object Repository/Products/TemplateApp/Templates/Common/PreviewButton' is clickable

2019-03-19 14:39:59 - [TEST_STEP][PASSED] - click(findTestObject("Products/TemplateApp/Templates/Common/PreviewButton")): Object: 'Object Repository/Products/TemplateApp/Templates/Common/PreviewButton' is clicked on

2019-03-19 14:40:00 - [MESSAGE][PASSED] - Object: 'Object Repository/Products/TemplateApp/Templates/Common/PreviewButton' is clicked on

2019-03-19 14:40:00 - [TEST_STEP][PASSED] - delay(5): Delayed 5 second(s)

2019-03-19 14:40:05 - [MESSAGE][PASSED] - Delayed 5 second(s)

2019-03-19 14:40:05 - [TEST_STEP][PASSED] - verifyElementText(findTestObject("Products/TemplateApp/Templates/Common/PreviewHeader"), "PREVIEW"): Actual text and expected text of test object 'Object Repository/Products/TemplateApp/Templates/Common/PreviewHeader' are matched.

2019-03-19 14:40:05 - [MESSAGE][PASSED] - Actual text and expected text of test object 'Object Repository/Products/TemplateApp/Templates/Common/PreviewHeader' are matched.

2019-03-19 14:40:05 - [TEST_STEP][PASSED] - click(findTestObject("Products/TemplateApp/Templates/Common/ClosePreview")): Object: 'Object Repository/Products/TemplateApp/Templates/Common/ClosePreview' is clicked on

2019-03-19 14:40:05 - [MESSAGE][PASSED] - Object: 'Object Repository/Products/TemplateApp/Templates/Common/ClosePreview' is clicked on

2019-03-19 14:40:05 - [TEST_STEP][PASSED] - verifyElementPresent(findTestObject("Products/TemplateApp/Templates/Common/FormHeaderText"), 2): Object 'Object Repository/Products/TemplateApp/Templates/Common/FormHeaderText' is present

2019-03-19 14:40:05 - [MESSAGE][PASSED] - Object 'Object Repository/Products/TemplateApp/Templates/Common/FormHeaderText' is present

2019-03-19 14:40:05 - [TEST_STEP][PASSED] - closeBrowser(): Browser is closed

2019-03-19 14:40:05 - [MESSAGE][PASSED] - Browser is closed]]></system-out>
         <system-err><![CDATA[]]></system-err>
      </testcase>
      <testcase name="Test Cases/Products/TemplateApp/Templates/Email/English/VerifyPreviewLinkOfPostingContactConfirmationRequired" classname="Test Cases/Products/TemplateApp/Templates/Email/English/VerifyPreviewLinkOfPostingContactConfirmationRequired" status="PASSED">
         <system-out><![CDATA[2019-03-19 14:40:05 - [TEST_CASE][PASSED] - Test Cases/Products/TemplateApp/Templates/Email/English/VerifyPreviewLinkOfPostingContactConfirmationRequired: Test Cases/Products/TemplateApp/Templates/Email/English/VerifyPreviewLinkOfPostingContactConfirmationRequired

2019-03-19 14:40:06 - [TEST_STEP][PASSED] - callTestCase(findTestCase("Products/Cerberus/Login-Logout/TemplateLoginNCQATestUtility"), [:], STOP_ON_FAILURE): Call Test Case 'Test Cases/Products/Cerberus/Login-Logout/TemplateLoginNCQATestUtility' successfully

2019-03-19 14:40:06 - [TEST_CASE][PASSED] - Test Cases/Products/Cerberus/Login-Logout/TemplateLoginNCQATestUtility: Test Cases/Products/Cerberus/Login-Logout/TemplateLoginNCQATestUtility

2019-03-19 14:40:06 - [TEST_STEP][PASSED] - log = new com.kms.katalon.core.logging.KeywordLogger(): null

2019-03-19 14:40:06 - [TEST_STEP][PASSED] - comment("Open browser and Login"): Open browser and Login

2019-03-19 14:40:06 - [MESSAGE][INFO] - Open browser and Login

2019-03-19 14:40:06 - [TEST_STEP][PASSED] - openBrowser(G_DefaultSiteURL): Browser is opened with url: 'https://dev.kubra.io'

2019-03-19 14:40:06 - [MESSAGE][INFO] - Starting 'Firefox' driver

2019-03-19 14:40:09 - [MESSAGE][PASSED] - Browser is opened with url: 'https://dev.kubra.io'

2019-03-19 14:40:09 - [TEST_STEP][PASSED] - waitForPageLoad(G_ShortTimeout): Wait for page load successfully

2019-03-19 14:40:09 - [MESSAGE][PASSED] - Wait for page load successfully

2019-03-19 14:40:09 - [TEST_STEP][PASSED] - maximizeWindow(): Current window maximized

2019-03-19 14:40:09 - [MESSAGE][PASSED] - Current window maximized

2019-03-19 14:40:09 - [TEST_STEP][PASSED] - log.logWarning("--- Begin Login ---"): --- Begin Login ---

2019-03-19 14:40:09 - [MESSAGE][WARNING] - --- Begin Login ---

2019-03-19 14:40:09 - [TEST_STEP][PASSED] - log.logWarning("Logging in to environment - " + G_DefaultSiteURL): Logging in to environment - https://dev.kubra.io

2019-03-19 14:40:09 - [MESSAGE][WARNING] - Logging in to environment - https://dev.kubra.io

2019-03-19 14:40:09 - [TEST_STEP][PASSED] - waitForElementClickable(findTestObject("Products/Cerberus/LoginLogout/LogInWithGoogle"), 15): Object 'Object Repository/Products/Cerberus/LoginLogout/LogInWithGoogle' is clickable

2019-03-19 14:40:10 - [MESSAGE][PASSED] - Object 'Object Repository/Products/Cerberus/LoginLogout/LogInWithGoogle' is clickable

2019-03-19 14:40:10 - [TEST_STEP][PASSED] - delay(2): Delayed 2 second(s)

2019-03-19 14:40:12 - [MESSAGE][PASSED] - Delayed 2 second(s)

2019-03-19 14:40:12 - [TEST_STEP][PASSED] - click(findTestObject("Products/Cerberus/LoginLogout/LogInWithGoogle")): Object: 'Object Repository/Products/Cerberus/LoginLogout/LogInWithGoogle' is clicked on

2019-03-19 14:40:13 - [MESSAGE][PASSED] - Object: 'Object Repository/Products/Cerberus/LoginLogout/LogInWithGoogle' is clicked on

2019-03-19 14:40:13 - [TEST_STEP][PASSED] - waitForElementVisible(findTestObject("Products/Cerberus/LoginLogout/UserName"), 15): Object 'Object Repository/Products/Cerberus/LoginLogout/UserName' is visible

2019-03-19 14:40:13 - [MESSAGE][PASSED] - Object 'Object Repository/Products/Cerberus/LoginLogout/UserName' is visible

2019-03-19 14:40:13 - [TEST_STEP][PASSED] - setMaskedText(findTestObject("Products/Cerberus/LoginLogout/UserName"), "tempeqa@kubra.com"): Text '*****************' is set on object 'Object Repository/Products/Cerberus/LoginLogout/UserName'

2019-03-19 14:40:14 - [MESSAGE][PASSED] - Text '*****************' is set on object 'Object Repository/Products/Cerberus/LoginLogout/UserName'

2019-03-19 14:40:14 - [TEST_STEP][PASSED] - waitForElementVisible(findTestObject("Products/Cerberus/LoginLogout/UserNameNextButton"), 15): Object 'Object Repository/Products/Cerberus/LoginLogout/UserNameNextButton' is visible

2019-03-19 14:40:14 - [MESSAGE][PASSED] - Object 'Object Repository/Products/Cerberus/LoginLogout/UserNameNextButton' is visible

2019-03-19 14:40:14 - [TEST_STEP][PASSED] - click(findTestObject("Products/Cerberus/LoginLogout/UserNameNextButton")): Object: 'Object Repository/Products/Cerberus/LoginLogout/UserNameNextButton' is clicked on

2019-03-19 14:40:14 - [MESSAGE][PASSED] - Object: 'Object Repository/Products/Cerberus/LoginLogout/UserNameNextButton' is clicked on

2019-03-19 14:40:14 - [TEST_STEP][PASSED] - waitForElementVisible(findTestObject("Products/Cerberus/LoginLogout/Password"), 15): Object 'Object Repository/Products/Cerberus/LoginLogout/Password' is visible

2019-03-19 14:40:15 - [MESSAGE][PASSED] - Object 'Object Repository/Products/Cerberus/LoginLogout/Password' is visible

2019-03-19 14:40:15 - [TEST_STEP][PASSED] - setMaskedText(findTestObject("Products/Cerberus/LoginLogout/Password"), "qAisgr8!@"): Text '*********' is set on object 'Object Repository/Products/Cerberus/LoginLogout/Password'

2019-03-19 14:40:15 - [MESSAGE][PASSED] - Text '*********' is set on object 'Object Repository/Products/Cerberus/LoginLogout/Password'

2019-03-19 14:40:15 - [TEST_STEP][PASSED] - waitForElementClickable(findTestObject("Products/Cerberus/LoginLogout/PasswordNextButton"), 15): Object 'Object Repository/Products/Cerberus/LoginLogout/PasswordNextButton' is clickable

2019-03-19 14:40:15 - [MESSAGE][PASSED] - Object 'Object Repository/Products/Cerberus/LoginLogout/PasswordNextButton' is clickable

2019-03-19 14:40:15 - [TEST_STEP][PASSED] - click(findTestObject("Products/Cerberus/LoginLogout/PasswordNextButton")): Object: 'Object Repository/Products/Cerberus/LoginLogout/PasswordNextButton' is clicked on

2019-03-19 14:40:19 - [MESSAGE][PASSED] - Object: 'Object Repository/Products/Cerberus/LoginLogout/PasswordNextButton' is clicked on

2019-03-19 14:40:19 - [TEST_STEP][PASSED] - delay(5): Delayed 5 second(s)

2019-03-19 14:40:24 - [MESSAGE][PASSED] - Delayed 5 second(s)

2019-03-19 14:40:24 - [TEST_STEP][PASSED] - waitForElementClickable(findTestObject("Products/Cerberus/LoginLogout/TenantQATestUtilityCompany"), 15): Object 'Object Repository/Products/Cerberus/LoginLogout/TenantQATestUtilityCompany' is clickable

2019-03-19 14:40:24 - [MESSAGE][PASSED] - Object 'Object Repository/Products/Cerberus/LoginLogout/TenantQATestUtilityCompany' is clickable

2019-03-19 14:40:24 - [TEST_STEP][PASSED] - click(findTestObject("Products/Cerberus/LoginLogout/TenantQATestUtilityCompany")): Object: 'Object Repository/Products/Cerberus/LoginLogout/TenantQATestUtilityCompany' is clicked on

2019-03-19 14:40:24 - [MESSAGE][PASSED] - Object: 'Object Repository/Products/Cerberus/LoginLogout/TenantQATestUtilityCompany' is clicked on

2019-03-19 14:40:24 - [TEST_STEP][PASSED] - verifyElementText(findTestObject("Products/Cerberus/LoginLogout/TenantQATestUtilityCompany"), "QA Test Utility Company"): Actual text and expected text of test object 'Object Repository/Products/Cerberus/LoginLogout/TenantQATestUtilityCompany' are matched.

2019-03-19 14:40:24 - [MESSAGE][PASSED] - Actual text and expected text of test object 'Object Repository/Products/Cerberus/LoginLogout/TenantQATestUtilityCompany' are matched.

2019-03-19 14:40:24 - [TEST_STEP][PASSED] - waitForElementClickable(findTestObject("Products/Cerberus/LoginLogout/TenantSubmitButton"), 15): Object 'Object Repository/Products/Cerberus/LoginLogout/TenantSubmitButton' is clickable

2019-03-19 14:40:24 - [MESSAGE][PASSED] - Object 'Object Repository/Products/Cerberus/LoginLogout/TenantSubmitButton' is clickable

2019-03-19 14:40:24 - [TEST_STEP][PASSED] - click(findTestObject("Products/Cerberus/LoginLogout/TenantSubmitButton")): Object: 'Object Repository/Products/Cerberus/LoginLogout/TenantSubmitButton' is clicked on

2019-03-19 14:40:24 - [MESSAGE][PASSED] - Object: 'Object Repository/Products/Cerberus/LoginLogout/TenantSubmitButton' is clicked on

2019-03-19 14:40:24 - [TEST_STEP][PASSED] - waitForElementClickable(findTestObject("Products/Cerberus/LoginLogout/ChooseApp-Templates"), 15): Object 'Object Repository/Products/Cerberus/LoginLogout/ChooseApp-Templates' is clickable

2019-03-19 14:40:24 - [MESSAGE][PASSED] - Object 'Object Repository/Products/Cerberus/LoginLogout/ChooseApp-Templates' is clickable

2019-03-19 14:40:24 - [TEST_STEP][PASSED] - click(findTestObject("Products/Cerberus/LoginLogout/ChooseApp-Templates")): Object: 'Object Repository/Products/Cerberus/LoginLogout/ChooseApp-Templates' is clicked on

2019-03-19 14:40:25 - [MESSAGE][PASSED] - Object: 'Object Repository/Products/Cerberus/LoginLogout/ChooseApp-Templates' is clicked on

2019-03-19 14:40:25 - [TEST_STEP][PASSED] - waitForElementClickable(findTestObject("Products/Cerberus/LoginLogout/SubmitButton_ChooseApp"), 15): Object 'Object Repository/Products/Cerberus/LoginLogout/SubmitButton_ChooseApp' is clickable

2019-03-19 14:40:25 - [MESSAGE][PASSED] - Object 'Object Repository/Products/Cerberus/LoginLogout/SubmitButton_ChooseApp' is clickable

2019-03-19 14:40:25 - [TEST_STEP][PASSED] - click(findTestObject("Products/Cerberus/LoginLogout/SubmitButton_ChooseApp")): Object: 'Object Repository/Products/Cerberus/LoginLogout/SubmitButton_ChooseApp' is clicked on

2019-03-19 14:40:26 - [MESSAGE][PASSED] - Object: 'Object Repository/Products/Cerberus/LoginLogout/SubmitButton_ChooseApp' is clicked on

2019-03-19 14:40:26 - [TEST_STEP][PASSED] - delay(1): Delayed 1 second(s)

2019-03-19 14:40:27 - [MESSAGE][PASSED] - Delayed 1 second(s)

2019-03-19 14:40:27 - [TEST_STEP][PASSED] - verifyTextPresent("Latest Activity", false): Text 'Latest Activity' is present on page 

2019-03-19 14:40:27 - [MESSAGE][PASSED] - Text 'Latest Activity' is present on page 

2019-03-19 14:40:27 - [TEST_STEP][PASSED] - log.logWarning("--- End Login ---"): --- End Login ---

2019-03-19 14:40:27 - [MESSAGE][WARNING] - --- End Login ---

2019-03-19 14:40:27 - [MESSAGE][PASSED] - Call Test Case 'Test Cases/Products/Cerberus/Login-Logout/TemplateLoginNCQATestUtility' successfully

2019-03-19 14:40:27 - [TEST_STEP][PASSED] - delay(4): Delayed 4 second(s)

2019-03-19 14:40:31 - [MESSAGE][PASSED] - Delayed 4 second(s)

2019-03-19 14:40:31 - [TEST_STEP][PASSED] - click(findTestObject("Products/TemplateApp/Templates/Common/SelectTemplates")): Object: 'Object Repository/Products/TemplateApp/Templates/Common/SelectTemplates' is clicked on

2019-03-19 14:40:31 - [MESSAGE][PASSED] - Object: 'Object Repository/Products/TemplateApp/Templates/Common/SelectTemplates' is clicked on

2019-03-19 14:40:31 - [TEST_STEP][PASSED] - delay(2): Delayed 2 second(s)

2019-03-19 14:40:33 - [MESSAGE][PASSED] - Delayed 2 second(s)

2019-03-19 14:40:33 - [TEST_STEP][PASSED] - click(findTestObject("Products/TemplateApp/Templates/Email/SelectEmail")): Object: 'Object Repository/Products/TemplateApp/Templates/Email/SelectEmail' is clicked on

2019-03-19 14:40:33 - [MESSAGE][PASSED] - Object: 'Object Repository/Products/TemplateApp/Templates/Email/SelectEmail' is clicked on

2019-03-19 14:40:33 - [TEST_STEP][PASSED] - click(findTestObject("Products/TemplateApp/Templates/Email/PostingContactConfirmationRequiredPreviewLink")): Object: 'Object Repository/Products/TemplateApp/Templates/Email/PostingContactConfirmationRequiredPreviewLink' is clicked on

2019-03-19 14:40:34 - [MESSAGE][PASSED] - Object: 'Object Repository/Products/TemplateApp/Templates/Email/PostingContactConfirmationRequiredPreviewLink' is clicked on

2019-03-19 14:40:34 - [TEST_STEP][PASSED] - delay(5): Delayed 5 second(s)

2019-03-19 14:40:39 - [MESSAGE][PASSED] - Delayed 5 second(s)

2019-03-19 14:40:39 - [TEST_STEP][PASSED] - verifyElementText(findTestObject("Products/TemplateApp/Templates/Common/PreviewHeader"), "PREVIEW"): Actual text and expected text of test object 'Object Repository/Products/TemplateApp/Templates/Common/PreviewHeader' are matched.

2019-03-19 14:40:39 - [MESSAGE][PASSED] - Actual text and expected text of test object 'Object Repository/Products/TemplateApp/Templates/Common/PreviewHeader' are matched.

2019-03-19 14:40:39 - [TEST_STEP][PASSED] - click(findTestObject("Products/TemplateApp/Templates/Common/ClosePreview")): Object: 'Object Repository/Products/TemplateApp/Templates/Common/ClosePreview' is clicked on

2019-03-19 14:40:39 - [MESSAGE][PASSED] - Object: 'Object Repository/Products/TemplateApp/Templates/Common/ClosePreview' is clicked on

2019-03-19 14:40:39 - [TEST_STEP][PASSED] - verifyElementText(findTestObject("Products/TemplateApp/TemplateHeader"), "Templates"): Actual text and expected text of test object 'Object Repository/Products/TemplateApp/TemplateHeader' are matched.

2019-03-19 14:40:39 - [MESSAGE][PASSED] - Actual text and expected text of test object 'Object Repository/Products/TemplateApp/TemplateHeader' are matched.

2019-03-19 14:40:39 - [TEST_STEP][PASSED] - closeBrowser(): Browser is closed

2019-03-19 14:40:39 - [MESSAGE][PASSED] - Browser is closed]]></system-out>
         <system-err><![CDATA[]]></system-err>
      </testcase>
      <testcase name="Test Cases/Products/TemplateApp/Templates/Email/English/VerifyPreviewButtonOfContactPaused" classname="Test Cases/Products/TemplateApp/Templates/Email/English/VerifyPreviewButtonOfContactPaused" status="PASSED">
         <system-out><![CDATA[2019-03-19 14:40:39 - [TEST_CASE][PASSED] - Test Cases/Products/TemplateApp/Templates/Email/English/VerifyPreviewButtonOfContactPaused: Test Cases/Products/TemplateApp/Templates/Email/English/VerifyPreviewButtonOfContactPaused

2019-03-19 14:40:39 - [TEST_STEP][PASSED] - callTestCase(findTestCase("Products/Cerberus/Login-Logout/TemplateLoginNCQATestUtility"), [:], STOP_ON_FAILURE): Call Test Case 'Test Cases/Products/Cerberus/Login-Logout/TemplateLoginNCQATestUtility' successfully

2019-03-19 14:40:39 - [TEST_CASE][PASSED] - Test Cases/Products/Cerberus/Login-Logout/TemplateLoginNCQATestUtility: Test Cases/Products/Cerberus/Login-Logout/TemplateLoginNCQATestUtility

2019-03-19 14:40:39 - [TEST_STEP][PASSED] - log = new com.kms.katalon.core.logging.KeywordLogger(): null

2019-03-19 14:40:39 - [TEST_STEP][PASSED] - comment("Open browser and Login"): Open browser and Login

2019-03-19 14:40:39 - [MESSAGE][INFO] - Open browser and Login

2019-03-19 14:40:39 - [TEST_STEP][PASSED] - openBrowser(G_DefaultSiteURL): Browser is opened with url: 'https://dev.kubra.io'

2019-03-19 14:40:39 - [MESSAGE][INFO] - Starting 'Firefox' driver

2019-03-19 14:40:43 - [MESSAGE][PASSED] - Browser is opened with url: 'https://dev.kubra.io'

2019-03-19 14:40:43 - [TEST_STEP][PASSED] - waitForPageLoad(G_ShortTimeout): Wait for page load successfully

2019-03-19 14:40:43 - [MESSAGE][PASSED] - Wait for page load successfully

2019-03-19 14:40:43 - [TEST_STEP][PASSED] - maximizeWindow(): Current window maximized

2019-03-19 14:40:43 - [MESSAGE][PASSED] - Current window maximized

2019-03-19 14:40:43 - [TEST_STEP][PASSED] - log.logWarning("--- Begin Login ---"): --- Begin Login ---

2019-03-19 14:40:43 - [MESSAGE][WARNING] - --- Begin Login ---

2019-03-19 14:40:43 - [TEST_STEP][PASSED] - log.logWarning("Logging in to environment - " + G_DefaultSiteURL): Logging in to environment - https://dev.kubra.io

2019-03-19 14:40:43 - [MESSAGE][WARNING] - Logging in to environment - https://dev.kubra.io

2019-03-19 14:40:43 - [TEST_STEP][PASSED] - waitForElementClickable(findTestObject("Products/Cerberus/LoginLogout/LogInWithGoogle"), 15): Object 'Object Repository/Products/Cerberus/LoginLogout/LogInWithGoogle' is clickable

2019-03-19 14:40:44 - [MESSAGE][PASSED] - Object 'Object Repository/Products/Cerberus/LoginLogout/LogInWithGoogle' is clickable

2019-03-19 14:40:44 - [TEST_STEP][PASSED] - delay(2): Delayed 2 second(s)

2019-03-19 14:40:46 - [MESSAGE][PASSED] - Delayed 2 second(s)

2019-03-19 14:40:46 - [TEST_STEP][PASSED] - click(findTestObject("Products/Cerberus/LoginLogout/LogInWithGoogle")): Object: 'Object Repository/Products/Cerberus/LoginLogout/LogInWithGoogle' is clicked on

2019-03-19 14:40:47 - [MESSAGE][PASSED] - Object: 'Object Repository/Products/Cerberus/LoginLogout/LogInWithGoogle' is clicked on

2019-03-19 14:40:47 - [TEST_STEP][PASSED] - waitForElementVisible(findTestObject("Products/Cerberus/LoginLogout/UserName"), 15): Object 'Object Repository/Products/Cerberus/LoginLogout/UserName' is visible

2019-03-19 14:40:47 - [MESSAGE][PASSED] - Object 'Object Repository/Products/Cerberus/LoginLogout/UserName' is visible

2019-03-19 14:40:47 - [TEST_STEP][PASSED] - setMaskedText(findTestObject("Products/Cerberus/LoginLogout/UserName"), "tempeqa@kubra.com"): Text '*****************' is set on object 'Object Repository/Products/Cerberus/LoginLogout/UserName'

2019-03-19 14:40:48 - [MESSAGE][PASSED] - Text '*****************' is set on object 'Object Repository/Products/Cerberus/LoginLogout/UserName'

2019-03-19 14:40:48 - [TEST_STEP][PASSED] - waitForElementVisible(findTestObject("Products/Cerberus/LoginLogout/UserNameNextButton"), 15): Object 'Object Repository/Products/Cerberus/LoginLogout/UserNameNextButton' is visible

2019-03-19 14:40:48 - [MESSAGE][PASSED] - Object 'Object Repository/Products/Cerberus/LoginLogout/UserNameNextButton' is visible

2019-03-19 14:40:48 - [TEST_STEP][PASSED] - click(findTestObject("Products/Cerberus/LoginLogout/UserNameNextButton")): Object: 'Object Repository/Products/Cerberus/LoginLogout/UserNameNextButton' is clicked on

2019-03-19 14:40:48 - [MESSAGE][PASSED] - Object: 'Object Repository/Products/Cerberus/LoginLogout/UserNameNextButton' is clicked on

2019-03-19 14:40:48 - [TEST_STEP][PASSED] - waitForElementVisible(findTestObject("Products/Cerberus/LoginLogout/Password"), 15): Object 'Object Repository/Products/Cerberus/LoginLogout/Password' is visible

2019-03-19 14:40:49 - [MESSAGE][PASSED] - Object 'Object Repository/Products/Cerberus/LoginLogout/Password' is visible

2019-03-19 14:40:49 - [TEST_STEP][PASSED] - setMaskedText(findTestObject("Products/Cerberus/LoginLogout/Password"), "qAisgr8!@"): Text '*********' is set on object 'Object Repository/Products/Cerberus/LoginLogout/Password'

2019-03-19 14:40:49 - [MESSAGE][PASSED] - Text '*********' is set on object 'Object Repository/Products/Cerberus/LoginLogout/Password'

2019-03-19 14:40:49 - [TEST_STEP][PASSED] - waitForElementClickable(findTestObject("Products/Cerberus/LoginLogout/PasswordNextButton"), 15): Object 'Object Repository/Products/Cerberus/LoginLogout/PasswordNextButton' is clickable

2019-03-19 14:40:49 - [MESSAGE][PASSED] - Object 'Object Repository/Products/Cerberus/LoginLogout/PasswordNextButton' is clickable

2019-03-19 14:40:49 - [TEST_STEP][PASSED] - click(findTestObject("Products/Cerberus/LoginLogout/PasswordNextButton")): Object: 'Object Repository/Products/Cerberus/LoginLogout/PasswordNextButton' is clicked on

2019-03-19 14:40:52 - [MESSAGE][PASSED] - Object: 'Object Repository/Products/Cerberus/LoginLogout/PasswordNextButton' is clicked on

2019-03-19 14:40:52 - [TEST_STEP][PASSED] - delay(5): Delayed 5 second(s)

2019-03-19 14:40:57 - [MESSAGE][PASSED] - Delayed 5 second(s)

2019-03-19 14:40:57 - [TEST_STEP][PASSED] - waitForElementClickable(findTestObject("Products/Cerberus/LoginLogout/TenantQATestUtilityCompany"), 15): Object 'Object Repository/Products/Cerberus/LoginLogout/TenantQATestUtilityCompany' is clickable

2019-03-19 14:40:57 - [MESSAGE][PASSED] - Object 'Object Repository/Products/Cerberus/LoginLogout/TenantQATestUtilityCompany' is clickable

2019-03-19 14:40:57 - [TEST_STEP][PASSED] - click(findTestObject("Products/Cerberus/LoginLogout/TenantQATestUtilityCompany")): Object: 'Object Repository/Products/Cerberus/LoginLogout/TenantQATestUtilityCompany' is clicked on

2019-03-19 14:40:58 - [MESSAGE][PASSED] - Object: 'Object Repository/Products/Cerberus/LoginLogout/TenantQATestUtilityCompany' is clicked on

2019-03-19 14:40:58 - [TEST_STEP][PASSED] - verifyElementText(findTestObject("Products/Cerberus/LoginLogout/TenantQATestUtilityCompany"), "QA Test Utility Company"): Actual text and expected text of test object 'Object Repository/Products/Cerberus/LoginLogout/TenantQATestUtilityCompany' are matched.

2019-03-19 14:40:58 - [MESSAGE][PASSED] - Actual text and expected text of test object 'Object Repository/Products/Cerberus/LoginLogout/TenantQATestUtilityCompany' are matched.

2019-03-19 14:40:58 - [TEST_STEP][PASSED] - waitForElementClickable(findTestObject("Products/Cerberus/LoginLogout/TenantSubmitButton"), 15): Object 'Object Repository/Products/Cerberus/LoginLogout/TenantSubmitButton' is clickable

2019-03-19 14:40:58 - [MESSAGE][PASSED] - Object 'Object Repository/Products/Cerberus/LoginLogout/TenantSubmitButton' is clickable

2019-03-19 14:40:58 - [TEST_STEP][PASSED] - click(findTestObject("Products/Cerberus/LoginLogout/TenantSubmitButton")): Object: 'Object Repository/Products/Cerberus/LoginLogout/TenantSubmitButton' is clicked on

2019-03-19 14:40:58 - [MESSAGE][PASSED] - Object: 'Object Repository/Products/Cerberus/LoginLogout/TenantSubmitButton' is clicked on

2019-03-19 14:40:58 - [TEST_STEP][PASSED] - waitForElementClickable(findTestObject("Products/Cerberus/LoginLogout/ChooseApp-Templates"), 15): Object 'Object Repository/Products/Cerberus/LoginLogout/ChooseApp-Templates' is clickable

2019-03-19 14:40:58 - [MESSAGE][PASSED] - Object 'Object Repository/Products/Cerberus/LoginLogout/ChooseApp-Templates' is clickable

2019-03-19 14:40:58 - [TEST_STEP][PASSED] - click(findTestObject("Products/Cerberus/LoginLogout/ChooseApp-Templates")): Object: 'Object Repository/Products/Cerberus/LoginLogout/ChooseApp-Templates' is clicked on

2019-03-19 14:40:58 - [MESSAGE][PASSED] - Object: 'Object Repository/Products/Cerberus/LoginLogout/ChooseApp-Templates' is clicked on

2019-03-19 14:40:58 - [TEST_STEP][PASSED] - waitForElementClickable(findTestObject("Products/Cerberus/LoginLogout/SubmitButton_ChooseApp"), 15): Object 'Object Repository/Products/Cerberus/LoginLogout/SubmitButton_ChooseApp' is clickable

2019-03-19 14:40:58 - [MESSAGE][PASSED] - Object 'Object Repository/Products/Cerberus/LoginLogout/SubmitButton_ChooseApp' is clickable

2019-03-19 14:40:58 - [TEST_STEP][PASSED] - click(findTestObject("Products/Cerberus/LoginLogout/SubmitButton_ChooseApp")): Object: 'Object Repository/Products/Cerberus/LoginLogout/SubmitButton_ChooseApp' is clicked on

2019-03-19 14:40:59 - [MESSAGE][PASSED] - Object: 'Object Repository/Products/Cerberus/LoginLogout/SubmitButton_ChooseApp' is clicked on

2019-03-19 14:40:59 - [TEST_STEP][PASSED] - delay(1): Delayed 1 second(s)

2019-03-19 14:41:00 - [MESSAGE][PASSED] - Delayed 1 second(s)

2019-03-19 14:41:00 - [TEST_STEP][PASSED] - verifyTextPresent("Latest Activity", false): Text 'Latest Activity' is present on page 

2019-03-19 14:41:00 - [MESSAGE][PASSED] - Text 'Latest Activity' is present on page 

2019-03-19 14:41:00 - [TEST_STEP][PASSED] - log.logWarning("--- End Login ---"): --- End Login ---

2019-03-19 14:41:00 - [MESSAGE][WARNING] - --- End Login ---

2019-03-19 14:41:00 - [MESSAGE][PASSED] - Call Test Case 'Test Cases/Products/Cerberus/Login-Logout/TemplateLoginNCQATestUtility' successfully

2019-03-19 14:41:00 - [TEST_STEP][PASSED] - delay(4): Delayed 4 second(s)

2019-03-19 14:41:04 - [MESSAGE][PASSED] - Delayed 4 second(s)

2019-03-19 14:41:04 - [TEST_STEP][PASSED] - click(findTestObject("Products/TemplateApp/Templates/Common/SelectTemplates")): Object: 'Object Repository/Products/TemplateApp/Templates/Common/SelectTemplates' is clicked on

2019-03-19 14:41:05 - [MESSAGE][PASSED] - Object: 'Object Repository/Products/TemplateApp/Templates/Common/SelectTemplates' is clicked on

2019-03-19 14:41:05 - [TEST_STEP][PASSED] - delay(2): Delayed 2 second(s)

2019-03-19 14:41:07 - [MESSAGE][PASSED] - Delayed 2 second(s)

2019-03-19 14:41:07 - [TEST_STEP][PASSED] - click(findTestObject("Products/TemplateApp/SelectEnvironment/downCaret")): Object: 'Object Repository/Products/TemplateApp/SelectEnvironment/downCaret' is clicked on

2019-03-19 14:41:07 - [MESSAGE][PASSED] - Object: 'Object Repository/Products/TemplateApp/SelectEnvironment/downCaret' is clicked on

2019-03-19 14:41:07 - [TEST_STEP][PASSED] - click(findTestObject("Products/TemplateApp/SelectEnvironment/SelectEnvironmentDevelop")): Object: 'Object Repository/Products/TemplateApp/SelectEnvironment/SelectEnvironmentDevelop' is clicked on

2019-03-19 14:41:07 - [MESSAGE][PASSED] - Object: 'Object Repository/Products/TemplateApp/SelectEnvironment/SelectEnvironmentDevelop' is clicked on

2019-03-19 14:41:07 - [TEST_STEP][PASSED] - delay(2): Delayed 2 second(s)

2019-03-19 14:41:09 - [MESSAGE][PASSED] - Delayed 2 second(s)

2019-03-19 14:41:09 - [TEST_STEP][PASSED] - click(findTestObject("Products/TemplateApp/Templates/Email/SelectEmail")): Object: 'Object Repository/Products/TemplateApp/Templates/Email/SelectEmail' is clicked on

2019-03-19 14:41:09 - [MESSAGE][PASSED] - Object: 'Object Repository/Products/TemplateApp/Templates/Email/SelectEmail' is clicked on

2019-03-19 14:41:09 - [TEST_STEP][PASSED] - click(findTestObject("Products/TemplateApp/Templates/Email/PostingRegistrationAffirmationForm")): Object: 'Object Repository/Products/TemplateApp/Templates/Email/PostingRegistrationAffirmationForm' is clicked on

2019-03-19 14:41:10 - [MESSAGE][PASSED] - Object: 'Object Repository/Products/TemplateApp/Templates/Email/PostingRegistrationAffirmationForm' is clicked on

2019-03-19 14:41:10 - [TEST_STEP][PASSED] - verifyElementText(findTestObject("Products/TemplateApp/Templates/Common/FormHeaderText"), "POSTING_REGISTRATION_AFFIRMATION.NJK"): Actual text and expected text of test object 'Object Repository/Products/TemplateApp/Templates/Common/FormHeaderText' are matched.

2019-03-19 14:41:10 - [MESSAGE][PASSED] - Actual text and expected text of test object 'Object Repository/Products/TemplateApp/Templates/Common/FormHeaderText' are matched.

2019-03-19 14:41:10 - [TEST_STEP][PASSED] - waitForElementClickable(findTestObject("Products/TemplateApp/Templates/Common/PreviewButton"), 10): Object 'Object Repository/Products/TemplateApp/Templates/Common/PreviewButton' is clickable

2019-03-19 14:41:10 - [MESSAGE][PASSED] - Object 'Object Repository/Products/TemplateApp/Templates/Common/PreviewButton' is clickable

2019-03-19 14:41:10 - [TEST_STEP][PASSED] - click(findTestObject("Products/TemplateApp/Templates/Common/PreviewButton")): Object: 'Object Repository/Products/TemplateApp/Templates/Common/PreviewButton' is clicked on

2019-03-19 14:41:10 - [MESSAGE][PASSED] - Object: 'Object Repository/Products/TemplateApp/Templates/Common/PreviewButton' is clicked on

2019-03-19 14:41:10 - [TEST_STEP][PASSED] - delay(5): Delayed 5 second(s)

2019-03-19 14:41:15 - [MESSAGE][PASSED] - Delayed 5 second(s)

2019-03-19 14:41:15 - [TEST_STEP][PASSED] - verifyElementText(findTestObject("Products/TemplateApp/Templates/Common/PreviewHeader"), "PREVIEW"): Actual text and expected text of test object 'Object Repository/Products/TemplateApp/Templates/Common/PreviewHeader' are matched.

2019-03-19 14:41:15 - [MESSAGE][PASSED] - Actual text and expected text of test object 'Object Repository/Products/TemplateApp/Templates/Common/PreviewHeader' are matched.

2019-03-19 14:41:15 - [TEST_STEP][PASSED] - click(findTestObject("Products/TemplateApp/Templates/Common/ClosePreview")): Object: 'Object Repository/Products/TemplateApp/Templates/Common/ClosePreview' is clicked on

2019-03-19 14:41:16 - [MESSAGE][PASSED] - Object: 'Object Repository/Products/TemplateApp/Templates/Common/ClosePreview' is clicked on

2019-03-19 14:41:16 - [TEST_STEP][PASSED] - verifyElementPresent(findTestObject("Products/TemplateApp/Templates/Common/FormHeaderText"), 2): Object 'Object Repository/Products/TemplateApp/Templates/Common/FormHeaderText' is present

2019-03-19 14:41:16 - [MESSAGE][PASSED] - Object 'Object Repository/Products/TemplateApp/Templates/Common/FormHeaderText' is present

2019-03-19 14:41:16 - [TEST_STEP][PASSED] - closeBrowser(): Browser is closed

2019-03-19 14:41:16 - [MESSAGE][PASSED] - Browser is closed]]></system-out>
         <system-err><![CDATA[]]></system-err>
      </testcase>
      <testcase name="Test Cases/Products/TemplateApp/Templates/Email/English/VerifyPreviewLinkOfPostingRegistrationAffirmation" classname="Test Cases/Products/TemplateApp/Templates/Email/English/VerifyPreviewLinkOfPostingRegistrationAffirmation" status="PASSED">
         <system-out><![CDATA[2019-03-19 14:41:16 - [TEST_CASE][PASSED] - Test Cases/Products/TemplateApp/Templates/Email/English/VerifyPreviewLinkOfPostingRegistrationAffirmation: Test Cases/Products/TemplateApp/Templates/Email/English/VerifyPreviewLinkOfPostingRegistrationAffirmation

2019-03-19 14:41:16 - [TEST_STEP][PASSED] - callTestCase(findTestCase("Products/Cerberus/Login-Logout/TemplateLoginNCQATestUtility"), [:], STOP_ON_FAILURE): Call Test Case 'Test Cases/Products/Cerberus/Login-Logout/TemplateLoginNCQATestUtility' successfully

2019-03-19 14:41:16 - [TEST_CASE][PASSED] - Test Cases/Products/Cerberus/Login-Logout/TemplateLoginNCQATestUtility: Test Cases/Products/Cerberus/Login-Logout/TemplateLoginNCQATestUtility

2019-03-19 14:41:16 - [TEST_STEP][PASSED] - log = new com.kms.katalon.core.logging.KeywordLogger(): null

2019-03-19 14:41:16 - [TEST_STEP][PASSED] - comment("Open browser and Login"): Open browser and Login

2019-03-19 14:41:16 - [MESSAGE][INFO] - Open browser and Login

2019-03-19 14:41:16 - [TEST_STEP][PASSED] - openBrowser(G_DefaultSiteURL): Browser is opened with url: 'https://dev.kubra.io'

2019-03-19 14:41:16 - [MESSAGE][INFO] - Starting 'Firefox' driver

2019-03-19 14:41:20 - [MESSAGE][PASSED] - Browser is opened with url: 'https://dev.kubra.io'

2019-03-19 14:41:20 - [TEST_STEP][PASSED] - waitForPageLoad(G_ShortTimeout): Wait for page load successfully

2019-03-19 14:41:20 - [MESSAGE][PASSED] - Wait for page load successfully

2019-03-19 14:41:20 - [TEST_STEP][PASSED] - maximizeWindow(): Current window maximized

2019-03-19 14:41:20 - [MESSAGE][PASSED] - Current window maximized

2019-03-19 14:41:20 - [TEST_STEP][PASSED] - log.logWarning("--- Begin Login ---"): --- Begin Login ---

2019-03-19 14:41:20 - [MESSAGE][WARNING] - --- Begin Login ---

2019-03-19 14:41:20 - [TEST_STEP][PASSED] - log.logWarning("Logging in to environment - " + G_DefaultSiteURL): Logging in to environment - https://dev.kubra.io

2019-03-19 14:41:20 - [MESSAGE][WARNING] - Logging in to environment - https://dev.kubra.io

2019-03-19 14:41:20 - [TEST_STEP][PASSED] - waitForElementClickable(findTestObject("Products/Cerberus/LoginLogout/LogInWithGoogle"), 15): Object 'Object Repository/Products/Cerberus/LoginLogout/LogInWithGoogle' is clickable

2019-03-19 14:41:21 - [MESSAGE][PASSED] - Object 'Object Repository/Products/Cerberus/LoginLogout/LogInWithGoogle' is clickable

2019-03-19 14:41:21 - [TEST_STEP][PASSED] - delay(2): Delayed 2 second(s)

2019-03-19 14:41:23 - [MESSAGE][PASSED] - Delayed 2 second(s)

2019-03-19 14:41:23 - [TEST_STEP][PASSED] - click(findTestObject("Products/Cerberus/LoginLogout/LogInWithGoogle")): Object: 'Object Repository/Products/Cerberus/LoginLogout/LogInWithGoogle' is clicked on

2019-03-19 14:41:24 - [MESSAGE][PASSED] - Object: 'Object Repository/Products/Cerberus/LoginLogout/LogInWithGoogle' is clicked on

2019-03-19 14:41:24 - [TEST_STEP][PASSED] - waitForElementVisible(findTestObject("Products/Cerberus/LoginLogout/UserName"), 15): Object 'Object Repository/Products/Cerberus/LoginLogout/UserName' is visible

2019-03-19 14:41:24 - [MESSAGE][PASSED] - Object 'Object Repository/Products/Cerberus/LoginLogout/UserName' is visible

2019-03-19 14:41:24 - [TEST_STEP][PASSED] - setMaskedText(findTestObject("Products/Cerberus/LoginLogout/UserName"), "tempeqa@kubra.com"): Text '*****************' is set on object 'Object Repository/Products/Cerberus/LoginLogout/UserName'

2019-03-19 14:41:25 - [MESSAGE][PASSED] - Text '*****************' is set on object 'Object Repository/Products/Cerberus/LoginLogout/UserName'

2019-03-19 14:41:25 - [TEST_STEP][PASSED] - waitForElementVisible(findTestObject("Products/Cerberus/LoginLogout/UserNameNextButton"), 15): Object 'Object Repository/Products/Cerberus/LoginLogout/UserNameNextButton' is visible

2019-03-19 14:41:25 - [MESSAGE][PASSED] - Object 'Object Repository/Products/Cerberus/LoginLogout/UserNameNextButton' is visible

2019-03-19 14:41:25 - [TEST_STEP][PASSED] - click(findTestObject("Products/Cerberus/LoginLogout/UserNameNextButton")): Object: 'Object Repository/Products/Cerberus/LoginLogout/UserNameNextButton' is clicked on

2019-03-19 14:41:25 - [MESSAGE][PASSED] - Object: 'Object Repository/Products/Cerberus/LoginLogout/UserNameNextButton' is clicked on

2019-03-19 14:41:25 - [TEST_STEP][PASSED] - waitForElementVisible(findTestObject("Products/Cerberus/LoginLogout/Password"), 15): Object 'Object Repository/Products/Cerberus/LoginLogout/Password' is visible

2019-03-19 14:41:26 - [MESSAGE][PASSED] - Object 'Object Repository/Products/Cerberus/LoginLogout/Password' is visible

2019-03-19 14:41:26 - [TEST_STEP][PASSED] - setMaskedText(findTestObject("Products/Cerberus/LoginLogout/Password"), "qAisgr8!@"): Text '*********' is set on object 'Object Repository/Products/Cerberus/LoginLogout/Password'

2019-03-19 14:41:26 - [MESSAGE][PASSED] - Text '*********' is set on object 'Object Repository/Products/Cerberus/LoginLogout/Password'

2019-03-19 14:41:26 - [TEST_STEP][PASSED] - waitForElementClickable(findTestObject("Products/Cerberus/LoginLogout/PasswordNextButton"), 15): Object 'Object Repository/Products/Cerberus/LoginLogout/PasswordNextButton' is clickable

2019-03-19 14:41:26 - [MESSAGE][PASSED] - Object 'Object Repository/Products/Cerberus/LoginLogout/PasswordNextButton' is clickable

2019-03-19 14:41:26 - [TEST_STEP][PASSED] - click(findTestObject("Products/Cerberus/LoginLogout/PasswordNextButton")): Object: 'Object Repository/Products/Cerberus/LoginLogout/PasswordNextButton' is clicked on

2019-03-19 14:41:29 - [MESSAGE][PASSED] - Object: 'Object Repository/Products/Cerberus/LoginLogout/PasswordNextButton' is clicked on

2019-03-19 14:41:29 - [TEST_STEP][PASSED] - delay(5): Delayed 5 second(s)

2019-03-19 14:41:34 - [MESSAGE][PASSED] - Delayed 5 second(s)

2019-03-19 14:41:34 - [TEST_STEP][PASSED] - waitForElementClickable(findTestObject("Products/Cerberus/LoginLogout/TenantQATestUtilityCompany"), 15): Object 'Object Repository/Products/Cerberus/LoginLogout/TenantQATestUtilityCompany' is clickable

2019-03-19 14:41:34 - [MESSAGE][PASSED] - Object 'Object Repository/Products/Cerberus/LoginLogout/TenantQATestUtilityCompany' is clickable

2019-03-19 14:41:34 - [TEST_STEP][PASSED] - click(findTestObject("Products/Cerberus/LoginLogout/TenantQATestUtilityCompany")): Object: 'Object Repository/Products/Cerberus/LoginLogout/TenantQATestUtilityCompany' is clicked on

2019-03-19 14:41:34 - [MESSAGE][PASSED] - Object: 'Object Repository/Products/Cerberus/LoginLogout/TenantQATestUtilityCompany' is clicked on

2019-03-19 14:41:34 - [TEST_STEP][PASSED] - verifyElementText(findTestObject("Products/Cerberus/LoginLogout/TenantQATestUtilityCompany"), "QA Test Utility Company"): Actual text and expected text of test object 'Object Repository/Products/Cerberus/LoginLogout/TenantQATestUtilityCompany' are matched.

2019-03-19 14:41:34 - [MESSAGE][PASSED] - Actual text and expected text of test object 'Object Repository/Products/Cerberus/LoginLogout/TenantQATestUtilityCompany' are matched.

2019-03-19 14:41:34 - [TEST_STEP][PASSED] - waitForElementClickable(findTestObject("Products/Cerberus/LoginLogout/TenantSubmitButton"), 15): Object 'Object Repository/Products/Cerberus/LoginLogout/TenantSubmitButton' is clickable

2019-03-19 14:41:34 - [MESSAGE][PASSED] - Object 'Object Repository/Products/Cerberus/LoginLogout/TenantSubmitButton' is clickable

2019-03-19 14:41:34 - [TEST_STEP][PASSED] - click(findTestObject("Products/Cerberus/LoginLogout/TenantSubmitButton")): Object: 'Object Repository/Products/Cerberus/LoginLogout/TenantSubmitButton' is clicked on

2019-03-19 14:41:35 - [MESSAGE][PASSED] - Object: 'Object Repository/Products/Cerberus/LoginLogout/TenantSubmitButton' is clicked on

2019-03-19 14:41:35 - [TEST_STEP][PASSED] - waitForElementClickable(findTestObject("Products/Cerberus/LoginLogout/ChooseApp-Templates"), 15): Object 'Object Repository/Products/Cerberus/LoginLogout/ChooseApp-Templates' is clickable

2019-03-19 14:41:35 - [MESSAGE][PASSED] - Object 'Object Repository/Products/Cerberus/LoginLogout/ChooseApp-Templates' is clickable

2019-03-19 14:41:35 - [TEST_STEP][PASSED] - click(findTestObject("Products/Cerberus/LoginLogout/ChooseApp-Templates")): Object: 'Object Repository/Products/Cerberus/LoginLogout/ChooseApp-Templates' is clicked on

2019-03-19 14:41:35 - [MESSAGE][PASSED] - Object: 'Object Repository/Products/Cerberus/LoginLogout/ChooseApp-Templates' is clicked on

2019-03-19 14:41:35 - [TEST_STEP][PASSED] - waitForElementClickable(findTestObject("Products/Cerberus/LoginLogout/SubmitButton_ChooseApp"), 15): Object 'Object Repository/Products/Cerberus/LoginLogout/SubmitButton_ChooseApp' is clickable

2019-03-19 14:41:35 - [MESSAGE][PASSED] - Object 'Object Repository/Products/Cerberus/LoginLogout/SubmitButton_ChooseApp' is clickable

2019-03-19 14:41:35 - [TEST_STEP][PASSED] - click(findTestObject("Products/Cerberus/LoginLogout/SubmitButton_ChooseApp")): Object: 'Object Repository/Products/Cerberus/LoginLogout/SubmitButton_ChooseApp' is clicked on

2019-03-19 14:41:36 - [MESSAGE][PASSED] - Object: 'Object Repository/Products/Cerberus/LoginLogout/SubmitButton_ChooseApp' is clicked on

2019-03-19 14:41:36 - [TEST_STEP][PASSED] - delay(1): Delayed 1 second(s)

2019-03-19 14:41:37 - [MESSAGE][PASSED] - Delayed 1 second(s)

2019-03-19 14:41:37 - [TEST_STEP][PASSED] - verifyTextPresent("Latest Activity", false): Text 'Latest Activity' is present on page 

2019-03-19 14:41:37 - [MESSAGE][PASSED] - Text 'Latest Activity' is present on page 

2019-03-19 14:41:37 - [TEST_STEP][PASSED] - log.logWarning("--- End Login ---"): --- End Login ---

2019-03-19 14:41:37 - [MESSAGE][WARNING] - --- End Login ---

2019-03-19 14:41:37 - [MESSAGE][PASSED] - Call Test Case 'Test Cases/Products/Cerberus/Login-Logout/TemplateLoginNCQATestUtility' successfully

2019-03-19 14:41:37 - [TEST_STEP][PASSED] - delay(4): Delayed 4 second(s)

2019-03-19 14:41:41 - [MESSAGE][PASSED] - Delayed 4 second(s)

2019-03-19 14:41:41 - [TEST_STEP][PASSED] - click(findTestObject("Products/TemplateApp/Templates/Common/SelectTemplates")): Object: 'Object Repository/Products/TemplateApp/Templates/Common/SelectTemplates' is clicked on

2019-03-19 14:41:41 - [MESSAGE][PASSED] - Object: 'Object Repository/Products/TemplateApp/Templates/Common/SelectTemplates' is clicked on

2019-03-19 14:41:41 - [TEST_STEP][PASSED] - delay(2): Delayed 2 second(s)

2019-03-19 14:41:43 - [MESSAGE][PASSED] - Delayed 2 second(s)

2019-03-19 14:41:43 - [TEST_STEP][PASSED] - click(findTestObject("Products/TemplateApp/Templates/Email/SelectEmail")): Object: 'Object Repository/Products/TemplateApp/Templates/Email/SelectEmail' is clicked on

2019-03-19 14:41:44 - [MESSAGE][PASSED] - Object: 'Object Repository/Products/TemplateApp/Templates/Email/SelectEmail' is clicked on

2019-03-19 14:41:44 - [TEST_STEP][PASSED] - click(findTestObject("Products/TemplateApp/Templates/Email/PostingRegistrationAffirmationPreviewLink")): Object: 'Object Repository/Products/TemplateApp/Templates/Email/PostingRegistrationAffirmationPreviewLink' is clicked on

2019-03-19 14:41:44 - [MESSAGE][PASSED] - Object: 'Object Repository/Products/TemplateApp/Templates/Email/PostingRegistrationAffirmationPreviewLink' is clicked on

2019-03-19 14:41:44 - [TEST_STEP][PASSED] - delay(5): Delayed 5 second(s)

2019-03-19 14:41:49 - [MESSAGE][PASSED] - Delayed 5 second(s)

2019-03-19 14:41:49 - [TEST_STEP][PASSED] - verifyElementText(findTestObject("Products/TemplateApp/Templates/Common/PreviewHeader"), "PREVIEW"): Actual text and expected text of test object 'Object Repository/Products/TemplateApp/Templates/Common/PreviewHeader' are matched.

2019-03-19 14:41:49 - [MESSAGE][PASSED] - Actual text and expected text of test object 'Object Repository/Products/TemplateApp/Templates/Common/PreviewHeader' are matched.

2019-03-19 14:41:49 - [TEST_STEP][PASSED] - click(findTestObject("Products/TemplateApp/Templates/Common/ClosePreview")): Object: 'Object Repository/Products/TemplateApp/Templates/Common/ClosePreview' is clicked on

2019-03-19 14:41:49 - [MESSAGE][PASSED] - Object: 'Object Repository/Products/TemplateApp/Templates/Common/ClosePreview' is clicked on

2019-03-19 14:41:49 - [TEST_STEP][PASSED] - verifyElementText(findTestObject("Products/TemplateApp/TemplateHeader"), "Templates"): Actual text and expected text of test object 'Object Repository/Products/TemplateApp/TemplateHeader' are matched.

2019-03-19 14:41:49 - [MESSAGE][PASSED] - Actual text and expected text of test object 'Object Repository/Products/TemplateApp/TemplateHeader' are matched.

2019-03-19 14:41:49 - [TEST_STEP][PASSED] - closeBrowser(): Browser is closed

2019-03-19 14:41:50 - [MESSAGE][PASSED] - Browser is closed]]></system-out>
         <system-err><![CDATA[]]></system-err>
      </testcase>
      <testcase name="Test Cases/Products/TemplateApp/Templates/Email/English/EditContactPausedTemplate" classname="Test Cases/Products/TemplateApp/Templates/Email/English/EditContactPausedTemplate" status="FAILED">
         <failure type="FAILED" message="Test Cases/Products/TemplateApp/Templates/Email/English/EditContactPausedTemplate FAILED.
Reason:
com.kms.katalon.core.exception.StepFailedException: Unable to click on object 'Object Repository/Products/TemplateApp/Templates/Common/SelectTextareaSpan'
	at com.kms.katalon.core.keyword.internal.KeywordMain.stepFailed(KeywordMain.groovy:48)
	at com.kms.katalon.core.webui.keyword.internal.WebUIKeywordMain.stepFailed(WebUIKeywordMain.groovy:65)
	at com.kms.katalon.core.webui.keyword.internal.WebUIKeywordMain.runKeyword(WebUIKeywordMain.groovy:27)
	at com.kms.katalon.core.webui.keyword.builtin.ClickKeyword.click(ClickKeyword.groovy:86)
	at com.kms.katalon.core.webui.keyword.builtin.ClickKeyword.execute(ClickKeyword.groovy:67)
	at com.kms.katalon.core.keyword.internal.KeywordExecutor.executeKeywordForPlatform(KeywordExecutor.groovy:56)
	at com.kms.katalon.core.webui.keyword.WebUiBuiltInKeywords.click(WebUiBuiltInKeywords.groovy:616)
	at com.kms.katalon.core.webui.keyword.WebUiBuiltInKeywords$click$3.call(Unknown Source)
	at EditContactPausedTemplate.run(EditContactPausedTemplate:54)
	at com.kms.katalon.core.main.ScriptEngine.run(ScriptEngine.java:194)
	at com.kms.katalon.core.main.ScriptEngine.runScriptAsRawText(ScriptEngine.java:119)
	at com.kms.katalon.core.main.TestCaseExecutor.runScript(TestCaseExecutor.java:331)
	at com.kms.katalon.core.main.TestCaseExecutor.doExecute(TestCaseExecutor.java:322)
	at com.kms.katalon.core.main.TestCaseExecutor.processExecutionPhase(TestCaseExecutor.java:301)
	at com.kms.katalon.core.main.TestCaseExecutor.accessMainPhase(TestCaseExecutor.java:293)
	at com.kms.katalon.core.main.TestCaseExecutor.execute(TestCaseExecutor.java:227)
	at com.kms.katalon.core.main.TestSuiteExecutor.accessTestCaseMainPhase(TestSuiteExecutor.java:129)
	at com.kms.katalon.core.main.TestSuiteExecutor.accessTestSuiteMainPhase(TestSuiteExecutor.java:112)
	at com.kms.katalon.core.main.TestSuiteExecutor.execute(TestSuiteExecutor.java:81)
	at com.kms.katalon.core.main.TestCaseMain.startTestSuite(TestCaseMain.java:157)
	at com.kms.katalon.core.main.TestCaseMain$startTestSuite$0.call(Unknown Source)
	at TempTestSuite1553031519664.run(TempTestSuite1553031519664.groovy:35)
"/>
         <system-out><![CDATA[2019-03-19 14:41:50 - [TEST_CASE][FAILED] - Test Cases/Products/TemplateApp/Templates/Email/English/EditContactPausedTemplate: Test Cases/Products/TemplateApp/Templates/Email/English/EditContactPausedTemplate FAILED.
Reason:
com.kms.katalon.core.exception.StepFailedException: Unable to click on object 'Object Repository/Products/TemplateApp/Templates/Common/SelectTextareaSpan'
	at com.kms.katalon.core.keyword.internal.KeywordMain.stepFailed(KeywordMain.groovy:48)
	at com.kms.katalon.core.webui.keyword.internal.WebUIKeywordMain.stepFailed(WebUIKeywordMain.groovy:65)
	at com.kms.katalon.core.webui.keyword.internal.WebUIKeywordMain.runKeyword(WebUIKeywordMain.groovy:27)
	at com.kms.katalon.core.webui.keyword.builtin.ClickKeyword.click(ClickKeyword.groovy:86)
	at com.kms.katalon.core.webui.keyword.builtin.ClickKeyword.execute(ClickKeyword.groovy:67)
	at com.kms.katalon.core.keyword.internal.KeywordExecutor.executeKeywordForPlatform(KeywordExecutor.groovy:56)
	at com.kms.katalon.core.webui.keyword.WebUiBuiltInKeywords.click(WebUiBuiltInKeywords.groovy:616)
	at com.kms.katalon.core.webui.keyword.WebUiBuiltInKeywords$click$3.call(Unknown Source)
	at EditContactPausedTemplate.run(EditContactPausedTemplate:54)
	at com.kms.katalon.core.main.ScriptEngine.run(ScriptEngine.java:194)
	at com.kms.katalon.core.main.ScriptEngine.runScriptAsRawText(ScriptEngine.java:119)
	at com.kms.katalon.core.main.TestCaseExecutor.runScript(TestCaseExecutor.java:331)
	at com.kms.katalon.core.main.TestCaseExecutor.doExecute(TestCaseExecutor.java:322)
	at com.kms.katalon.core.main.TestCaseExecutor.processExecutionPhase(TestCaseExecutor.java:301)
	at com.kms.katalon.core.main.TestCaseExecutor.accessMainPhase(TestCaseExecutor.java:293)
	at com.kms.katalon.core.main.TestCaseExecutor.execute(TestCaseExecutor.java:227)
	at com.kms.katalon.core.main.TestSuiteExecutor.accessTestCaseMainPhase(TestSuiteExecutor.java:129)
	at com.kms.katalon.core.main.TestSuiteExecutor.accessTestSuiteMainPhase(TestSuiteExecutor.java:112)
	at com.kms.katalon.core.main.TestSuiteExecutor.execute(TestSuiteExecutor.java:81)
	at com.kms.katalon.core.main.TestCaseMain.startTestSuite(TestCaseMain.java:157)
	at com.kms.katalon.core.main.TestCaseMain$startTestSuite$0.call(Unknown Source)
	at TempTestSuite1553031519664.run(TempTestSuite1553031519664.groovy:35)


2019-03-19 14:41:50 - [TEST_STEP][PASSED] - log = new com.kms.katalon.core.logging.KeywordLogger(): null

2019-03-19 14:41:50 - [TEST_STEP][PASSED] - TextValue = tools.TestDataGenerator.getRandomParagraphs(2, 5): tools.TestDataGenerator.getRandomParagraphs is PASSED

2019-03-19 14:41:50 - [MESSAGE][PASSED] - tools.TestDataGenerator.getRandomParagraphs is PASSED

2019-03-19 14:41:50 - [TEST_STEP][PASSED] - log.logInfo(TextValue): Iustopurus litora iudicabit amet accumsan menandri doctus purus platea pulvinar his vix vivamus dicant consetetur definiebas.  Viverratempus noluisse regione postea sagittis aliquet aliquam duis lectus graeci etiam mucius debet.  Eirmodhomero consectetuer consul natum regione himenaeos nam efficiantur regione mnesarchum latine sollicitudin scripta semper cubilia erat.  Possimdolorum aeque erat tractatos faucibus donec.  
Laudemsea inani consul nobis.  Electramac graece mazim laudem animal sonet habemus eruditi habeo tacimates quas utinam senectus porro nonumes ridiculus feugiat morbi.

2019-03-19 14:41:50 - [MESSAGE][INFO] - Iustopurus litora iudicabit amet accumsan menandri doctus purus platea pulvinar his vix vivamus dicant consetetur definiebas.  Viverratempus noluisse regione postea sagittis aliquet aliquam duis lectus graeci etiam mucius debet.  Eirmodhomero consectetuer consul natum regione himenaeos nam efficiantur regione mnesarchum latine sollicitudin scripta semper cubilia erat.  Possimdolorum aeque erat tractatos faucibus donec.  
Laudemsea inani consul nobis.  Electramac graece mazim laudem animal sonet habemus eruditi habeo tacimates quas utinam senectus porro nonumes ridiculus feugiat morbi.

2019-03-19 14:41:50 - [TEST_STEP][PASSED] - commitNumber = tools.TestDataGenerator.getRandomWords(2, 2): tools.TestDataGenerator.getRandomWords is PASSED

2019-03-19 14:41:50 - [MESSAGE][PASSED] - tools.TestDataGenerator.getRandomWords is PASSED

2019-03-19 14:41:50 - [TEST_STEP][PASSED] - log.logInfo(commitNumber): adipiscing affert

2019-03-19 14:41:50 - [MESSAGE][INFO] - adipiscing affert

2019-03-19 14:41:50 - [TEST_STEP][PASSED] - callTestCase(findTestCase("Products/Cerberus/Login-Logout/TemplateLoginNCQATestUtility"), [:], STOP_ON_FAILURE): Call Test Case 'Test Cases/Products/Cerberus/Login-Logout/TemplateLoginNCQATestUtility' successfully

2019-03-19 14:41:50 - [TEST_CASE][PASSED] - Test Cases/Products/Cerberus/Login-Logout/TemplateLoginNCQATestUtility: Test Cases/Products/Cerberus/Login-Logout/TemplateLoginNCQATestUtility

2019-03-19 14:41:50 - [TEST_STEP][PASSED] - log = new com.kms.katalon.core.logging.KeywordLogger(): null

2019-03-19 14:41:50 - [TEST_STEP][PASSED] - comment("Open browser and Login"): Open browser and Login

2019-03-19 14:41:50 - [MESSAGE][INFO] - Open browser and Login

2019-03-19 14:41:50 - [TEST_STEP][PASSED] - openBrowser(G_DefaultSiteURL): Browser is opened with url: 'https://dev.kubra.io'

2019-03-19 14:41:50 - [MESSAGE][INFO] - Starting 'Firefox' driver

2019-03-19 14:41:53 - [MESSAGE][PASSED] - Browser is opened with url: 'https://dev.kubra.io'

2019-03-19 14:41:53 - [TEST_STEP][PASSED] - waitForPageLoad(G_ShortTimeout): Wait for page load successfully

2019-03-19 14:41:53 - [MESSAGE][PASSED] - Wait for page load successfully

2019-03-19 14:41:53 - [TEST_STEP][PASSED] - maximizeWindow(): Current window maximized

2019-03-19 14:41:54 - [MESSAGE][PASSED] - Current window maximized

2019-03-19 14:41:54 - [TEST_STEP][PASSED] - log.logWarning("--- Begin Login ---"): --- Begin Login ---

2019-03-19 14:41:54 - [MESSAGE][WARNING] - --- Begin Login ---

2019-03-19 14:41:54 - [TEST_STEP][PASSED] - log.logWarning("Logging in to environment - " + G_DefaultSiteURL): Logging in to environment - https://dev.kubra.io

2019-03-19 14:41:54 - [MESSAGE][WARNING] - Logging in to environment - https://dev.kubra.io

2019-03-19 14:41:54 - [TEST_STEP][PASSED] - waitForElementClickable(findTestObject("Products/Cerberus/LoginLogout/LogInWithGoogle"), 15): Object 'Object Repository/Products/Cerberus/LoginLogout/LogInWithGoogle' is clickable

2019-03-19 14:41:54 - [MESSAGE][PASSED] - Object 'Object Repository/Products/Cerberus/LoginLogout/LogInWithGoogle' is clickable

2019-03-19 14:41:54 - [TEST_STEP][PASSED] - delay(2): Delayed 2 second(s)

2019-03-19 14:41:56 - [MESSAGE][PASSED] - Delayed 2 second(s)

2019-03-19 14:41:56 - [TEST_STEP][PASSED] - click(findTestObject("Products/Cerberus/LoginLogout/LogInWithGoogle")): Object: 'Object Repository/Products/Cerberus/LoginLogout/LogInWithGoogle' is clicked on

2019-03-19 14:41:57 - [MESSAGE][PASSED] - Object: 'Object Repository/Products/Cerberus/LoginLogout/LogInWithGoogle' is clicked on

2019-03-19 14:41:57 - [TEST_STEP][PASSED] - waitForElementVisible(findTestObject("Products/Cerberus/LoginLogout/UserName"), 15): Object 'Object Repository/Products/Cerberus/LoginLogout/UserName' is visible

2019-03-19 14:41:57 - [MESSAGE][PASSED] - Object 'Object Repository/Products/Cerberus/LoginLogout/UserName' is visible

2019-03-19 14:41:57 - [TEST_STEP][PASSED] - setMaskedText(findTestObject("Products/Cerberus/LoginLogout/UserName"), "tempeqa@kubra.com"): Text '*****************' is set on object 'Object Repository/Products/Cerberus/LoginLogout/UserName'

2019-03-19 14:41:58 - [MESSAGE][PASSED] - Text '*****************' is set on object 'Object Repository/Products/Cerberus/LoginLogout/UserName'

2019-03-19 14:41:58 - [TEST_STEP][PASSED] - waitForElementVisible(findTestObject("Products/Cerberus/LoginLogout/UserNameNextButton"), 15): Object 'Object Repository/Products/Cerberus/LoginLogout/UserNameNextButton' is visible

2019-03-19 14:41:58 - [MESSAGE][PASSED] - Object 'Object Repository/Products/Cerberus/LoginLogout/UserNameNextButton' is visible

2019-03-19 14:41:58 - [TEST_STEP][PASSED] - click(findTestObject("Products/Cerberus/LoginLogout/UserNameNextButton")): Object: 'Object Repository/Products/Cerberus/LoginLogout/UserNameNextButton' is clicked on

2019-03-19 14:41:58 - [MESSAGE][PASSED] - Object: 'Object Repository/Products/Cerberus/LoginLogout/UserNameNextButton' is clicked on

2019-03-19 14:41:58 - [TEST_STEP][PASSED] - waitForElementVisible(findTestObject("Products/Cerberus/LoginLogout/Password"), 15): Object 'Object Repository/Products/Cerberus/LoginLogout/Password' is visible

2019-03-19 14:41:59 - [MESSAGE][PASSED] - Object 'Object Repository/Products/Cerberus/LoginLogout/Password' is visible

2019-03-19 14:41:59 - [TEST_STEP][PASSED] - setMaskedText(findTestObject("Products/Cerberus/LoginLogout/Password"), "qAisgr8!@"): Text '*********' is set on object 'Object Repository/Products/Cerberus/LoginLogout/Password'

2019-03-19 14:41:59 - [MESSAGE][PASSED] - Text '*********' is set on object 'Object Repository/Products/Cerberus/LoginLogout/Password'

2019-03-19 14:41:59 - [TEST_STEP][PASSED] - waitForElementClickable(findTestObject("Products/Cerberus/LoginLogout/PasswordNextButton"), 15): Object 'Object Repository/Products/Cerberus/LoginLogout/PasswordNextButton' is clickable

2019-03-19 14:41:59 - [MESSAGE][PASSED] - Object 'Object Repository/Products/Cerberus/LoginLogout/PasswordNextButton' is clickable

2019-03-19 14:41:59 - [TEST_STEP][PASSED] - click(findTestObject("Products/Cerberus/LoginLogout/PasswordNextButton")): Object: 'Object Repository/Products/Cerberus/LoginLogout/PasswordNextButton' is clicked on

2019-03-19 14:42:03 - [MESSAGE][PASSED] - Object: 'Object Repository/Products/Cerberus/LoginLogout/PasswordNextButton' is clicked on

2019-03-19 14:42:03 - [TEST_STEP][PASSED] - delay(5): Delayed 5 second(s)

2019-03-19 14:42:08 - [MESSAGE][PASSED] - Delayed 5 second(s)

2019-03-19 14:42:08 - [TEST_STEP][PASSED] - waitForElementClickable(findTestObject("Products/Cerberus/LoginLogout/TenantQATestUtilityCompany"), 15): Object 'Object Repository/Products/Cerberus/LoginLogout/TenantQATestUtilityCompany' is clickable

2019-03-19 14:42:08 - [MESSAGE][PASSED] - Object 'Object Repository/Products/Cerberus/LoginLogout/TenantQATestUtilityCompany' is clickable

2019-03-19 14:42:08 - [TEST_STEP][PASSED] - click(findTestObject("Products/Cerberus/LoginLogout/TenantQATestUtilityCompany")): Object: 'Object Repository/Products/Cerberus/LoginLogout/TenantQATestUtilityCompany' is clicked on

2019-03-19 14:42:08 - [MESSAGE][PASSED] - Object: 'Object Repository/Products/Cerberus/LoginLogout/TenantQATestUtilityCompany' is clicked on

2019-03-19 14:42:08 - [TEST_STEP][PASSED] - verifyElementText(findTestObject("Products/Cerberus/LoginLogout/TenantQATestUtilityCompany"), "QA Test Utility Company"): Actual text and expected text of test object 'Object Repository/Products/Cerberus/LoginLogout/TenantQATestUtilityCompany' are matched.

2019-03-19 14:42:08 - [MESSAGE][PASSED] - Actual text and expected text of test object 'Object Repository/Products/Cerberus/LoginLogout/TenantQATestUtilityCompany' are matched.

2019-03-19 14:42:08 - [TEST_STEP][PASSED] - waitForElementClickable(findTestObject("Products/Cerberus/LoginLogout/TenantSubmitButton"), 15): Object 'Object Repository/Products/Cerberus/LoginLogout/TenantSubmitButton' is clickable

2019-03-19 14:42:08 - [MESSAGE][PASSED] - Object 'Object Repository/Products/Cerberus/LoginLogout/TenantSubmitButton' is clickable

2019-03-19 14:42:08 - [TEST_STEP][PASSED] - click(findTestObject("Products/Cerberus/LoginLogout/TenantSubmitButton")): Object: 'Object Repository/Products/Cerberus/LoginLogout/TenantSubmitButton' is clicked on

2019-03-19 14:42:08 - [MESSAGE][PASSED] - Object: 'Object Repository/Products/Cerberus/LoginLogout/TenantSubmitButton' is clicked on

2019-03-19 14:42:08 - [TEST_STEP][PASSED] - waitForElementClickable(findTestObject("Products/Cerberus/LoginLogout/ChooseApp-Templates"), 15): Object 'Object Repository/Products/Cerberus/LoginLogout/ChooseApp-Templates' is clickable

2019-03-19 14:42:08 - [MESSAGE][PASSED] - Object 'Object Repository/Products/Cerberus/LoginLogout/ChooseApp-Templates' is clickable

2019-03-19 14:42:08 - [TEST_STEP][PASSED] - click(findTestObject("Products/Cerberus/LoginLogout/ChooseApp-Templates")): Object: 'Object Repository/Products/Cerberus/LoginLogout/ChooseApp-Templates' is clicked on

2019-03-19 14:42:08 - [MESSAGE][PASSED] - Object: 'Object Repository/Products/Cerberus/LoginLogout/ChooseApp-Templates' is clicked on

2019-03-19 14:42:08 - [TEST_STEP][PASSED] - waitForElementClickable(findTestObject("Products/Cerberus/LoginLogout/SubmitButton_ChooseApp"), 15): Object 'Object Repository/Products/Cerberus/LoginLogout/SubmitButton_ChooseApp' is clickable

2019-03-19 14:42:08 - [MESSAGE][PASSED] - Object 'Object Repository/Products/Cerberus/LoginLogout/SubmitButton_ChooseApp' is clickable

2019-03-19 14:42:08 - [TEST_STEP][PASSED] - click(findTestObject("Products/Cerberus/LoginLogout/SubmitButton_ChooseApp")): Object: 'Object Repository/Products/Cerberus/LoginLogout/SubmitButton_ChooseApp' is clicked on

2019-03-19 14:42:09 - [MESSAGE][PASSED] - Object: 'Object Repository/Products/Cerberus/LoginLogout/SubmitButton_ChooseApp' is clicked on

2019-03-19 14:42:09 - [TEST_STEP][PASSED] - delay(1): Delayed 1 second(s)

2019-03-19 14:42:10 - [MESSAGE][PASSED] - Delayed 1 second(s)

2019-03-19 14:42:10 - [TEST_STEP][PASSED] - verifyTextPresent("Latest Activity", false): Text 'Latest Activity' is present on page 

2019-03-19 14:42:10 - [MESSAGE][PASSED] - Text 'Latest Activity' is present on page 

2019-03-19 14:42:10 - [TEST_STEP][PASSED] - log.logWarning("--- End Login ---"): --- End Login ---

2019-03-19 14:42:10 - [MESSAGE][WARNING] - --- End Login ---

2019-03-19 14:42:10 - [MESSAGE][PASSED] - Call Test Case 'Test Cases/Products/Cerberus/Login-Logout/TemplateLoginNCQATestUtility' successfully

2019-03-19 14:42:10 - [TEST_STEP][PASSED] - delay(4): Delayed 4 second(s)

2019-03-19 14:42:14 - [MESSAGE][PASSED] - Delayed 4 second(s)

2019-03-19 14:42:14 - [TEST_STEP][PASSED] - driver = getWebDriver(): null

2019-03-19 14:42:14 - [TEST_STEP][PASSED] - click(findTestObject("Products/TemplateApp/Templates/Common/SelectTemplates")): Object: 'Object Repository/Products/TemplateApp/Templates/Common/SelectTemplates' is clicked on

2019-03-19 14:42:15 - [MESSAGE][PASSED] - Object: 'Object Repository/Products/TemplateApp/Templates/Common/SelectTemplates' is clicked on

2019-03-19 14:42:15 - [TEST_STEP][PASSED] - delay(2): Delayed 2 second(s)

2019-03-19 14:42:17 - [MESSAGE][PASSED] - Delayed 2 second(s)

2019-03-19 14:42:17 - [TEST_STEP][PASSED] - click(findTestObject("Products/TemplateApp/SelectEnvironment/DownCaret")): Object: 'Object Repository/Products/TemplateApp/SelectEnvironment/DownCaret' is clicked on

2019-03-19 14:42:17 - [MESSAGE][PASSED] - Object: 'Object Repository/Products/TemplateApp/SelectEnvironment/DownCaret' is clicked on

2019-03-19 14:42:17 - [TEST_STEP][PASSED] - click(findTestObject("Products/TemplateApp/SelectEnvironment/SelectEnvironmentDevelop")): Object: 'Object Repository/Products/TemplateApp/SelectEnvironment/SelectEnvironmentDevelop' is clicked on

2019-03-19 14:42:17 - [MESSAGE][PASSED] - Object: 'Object Repository/Products/TemplateApp/SelectEnvironment/SelectEnvironmentDevelop' is clicked on

2019-03-19 14:42:17 - [TEST_STEP][PASSED] - delay(2): Delayed 2 second(s)

2019-03-19 14:42:19 - [MESSAGE][PASSED] - Delayed 2 second(s)

2019-03-19 14:42:19 - [TEST_STEP][PASSED] - click(findTestObject("Products/TemplateApp/Templates/Email/SelectEmail")): Object: 'Object Repository/Products/TemplateApp/Templates/Email/SelectEmail' is clicked on

2019-03-19 14:42:19 - [MESSAGE][PASSED] - Object: 'Object Repository/Products/TemplateApp/Templates/Email/SelectEmail' is clicked on

2019-03-19 14:42:19 - [TEST_STEP][PASSED] - delay(4): Delayed 4 second(s)

2019-03-19 14:42:23 - [MESSAGE][PASSED] - Delayed 4 second(s)

2019-03-19 14:42:23 - [TEST_STEP][FAILED] - click(findTestObject("Products/TemplateApp/Templates/Common/SelectTextareaSpan")): click(findTestObject("Products/TemplateApp/Templates/Common/SelectTextareaSpan")) FAILED.
Reason:
com.kms.katalon.core.exception.StepFailedException: Unable to click on object 'Object Repository/Products/TemplateApp/Templates/Common/SelectTextareaSpan'
	at com.kms.katalon.core.keyword.internal.KeywordMain.stepFailed(KeywordMain.groovy:48)
	at com.kms.katalon.core.webui.keyword.internal.WebUIKeywordMain.stepFailed(WebUIKeywordMain.groovy:65)
	at com.kms.katalon.core.webui.keyword.internal.WebUIKeywordMain.runKeyword(WebUIKeywordMain.groovy:27)
	at com.kms.katalon.core.webui.keyword.builtin.ClickKeyword.click(ClickKeyword.groovy:86)
	at com.kms.katalon.core.webui.keyword.builtin.ClickKeyword.execute(ClickKeyword.groovy:67)
	at com.kms.katalon.core.keyword.internal.KeywordExecutor.executeKeywordForPlatform(KeywordExecutor.groovy:56)
	at com.kms.katalon.core.webui.keyword.WebUiBuiltInKeywords.click(WebUiBuiltInKeywords.groovy:616)
	at com.kms.katalon.core.webui.keyword.WebUiBuiltInKeywords$click$3.call(Unknown Source)
	at EditContactPausedTemplate.run(EditContactPausedTemplate:54)
	at com.kms.katalon.core.main.ScriptEngine.run(ScriptEngine.java:194)
	at com.kms.katalon.core.main.ScriptEngine.runScriptAsRawText(ScriptEngine.java:119)
	at com.kms.katalon.core.main.TestCaseExecutor.runScript(TestCaseExecutor.java:331)
	at com.kms.katalon.core.main.TestCaseExecutor.doExecute(TestCaseExecutor.java:322)
	at com.kms.katalon.core.main.TestCaseExecutor.processExecutionPhase(TestCaseExecutor.java:301)
	at com.kms.katalon.core.main.TestCaseExecutor.accessMainPhase(TestCaseExecutor.java:293)
	at com.kms.katalon.core.main.TestCaseExecutor.execute(TestCaseExecutor.java:227)
	at com.kms.katalon.core.main.TestSuiteExecutor.accessTestCaseMainPhase(TestSuiteExecutor.java:129)
	at com.kms.katalon.core.main.TestSuiteExecutor.accessTestSuiteMainPhase(TestSuiteExecutor.java:112)
	at com.kms.katalon.core.main.TestSuiteExecutor.execute(TestSuiteExecutor.java:81)
	at com.kms.katalon.core.main.TestCaseMain.startTestSuite(TestCaseMain.java:157)
	at com.kms.katalon.core.main.TestCaseMain$startTestSuite$0.call(Unknown Source)
	at TempTestSuite1553031519664.run(TempTestSuite1553031519664.groovy:35)


2019-03-19 14:42:54 - [MESSAGE][INFO] - Unable to find the element located by 'By.xpath: //div[@id='root']/div/div/div/div[2]/div[2]/div/div[3]/div/div[2]/form/div/div/div/div[6]/div/div/div/div/div[5]/div/pre/span'. Please recheck the objects properties to make sure the desired element is located. 

2019-03-19 14:42:54 - [MESSAGE][FAILED] - Unable to click on object 'Object Repository/Products/TemplateApp/Templates/Common/SelectTextareaSpan'
[[ATTACHMENT|/Users/pshukla/Documents/Katalon Studio/qa-templates/Reports/Templates/20190319_143829/1553031774394.png]]

2019-03-19 14:42:54 - [MESSAGE][FAILED] - click(findTestObject("Products/TemplateApp/Templates/Common/SelectTextareaSpan")) FAILED.
Reason:
com.kms.katalon.core.exception.StepFailedException: Unable to click on object 'Object Repository/Products/TemplateApp/Templates/Common/SelectTextareaSpan'
	at com.kms.katalon.core.keyword.internal.KeywordMain.stepFailed(KeywordMain.groovy:48)
	at com.kms.katalon.core.webui.keyword.internal.WebUIKeywordMain.stepFailed(WebUIKeywordMain.groovy:65)
	at com.kms.katalon.core.webui.keyword.internal.WebUIKeywordMain.runKeyword(WebUIKeywordMain.groovy:27)
	at com.kms.katalon.core.webui.keyword.builtin.ClickKeyword.click(ClickKeyword.groovy:86)
	at com.kms.katalon.core.webui.keyword.builtin.ClickKeyword.execute(ClickKeyword.groovy:67)
	at com.kms.katalon.core.keyword.internal.KeywordExecutor.executeKeywordForPlatform(KeywordExecutor.groovy:56)
	at com.kms.katalon.core.webui.keyword.WebUiBuiltInKeywords.click(WebUiBuiltInKeywords.groovy:616)
	at com.kms.katalon.core.webui.keyword.WebUiBuiltInKeywords$click$3.call(Unknown Source)
	at EditContactPausedTemplate.run(EditContactPausedTemplate:54)
	at com.kms.katalon.core.main.ScriptEngine.run(ScriptEngine.java:194)
	at com.kms.katalon.core.main.ScriptEngine.runScriptAsRawText(ScriptEngine.java:119)
	at com.kms.katalon.core.main.TestCaseExecutor.runScript(TestCaseExecutor.java:331)
	at com.kms.katalon.core.main.TestCaseExecutor.doExecute(TestCaseExecutor.java:322)
	at com.kms.katalon.core.main.TestCaseExecutor.processExecutionPhase(TestCaseExecutor.java:301)
	at com.kms.katalon.core.main.TestCaseExecutor.accessMainPhase(TestCaseExecutor.java:293)
	at com.kms.katalon.core.main.TestCaseExecutor.execute(TestCaseExecutor.java:227)
	at com.kms.katalon.core.main.TestSuiteExecutor.accessTestCaseMainPhase(TestSuiteExecutor.java:129)
	at com.kms.katalon.core.main.TestSuiteExecutor.accessTestSuiteMainPhase(TestSuiteExecutor.java:112)
	at com.kms.katalon.core.main.TestSuiteExecutor.execute(TestSuiteExecutor.java:81)
	at com.kms.katalon.core.main.TestCaseMain.startTestSuite(TestCaseMain.java:157)
	at com.kms.katalon.core.main.TestCaseMain$startTestSuite$0.call(Unknown Source)
	at TempTestSuite1553031519664.run(TempTestSuite1553031519664.groovy:35)]]></system-out>
         <system-err><![CDATA[2019-03-19 14:41:50 - [TEST_CASE][FAILED] - Test Cases/Products/TemplateApp/Templates/Email/English/EditContactPausedTemplate: Test Cases/Products/TemplateApp/Templates/Email/English/EditContactPausedTemplate FAILED.
Reason:
com.kms.katalon.core.exception.StepFailedException: Unable to click on object 'Object Repository/Products/TemplateApp/Templates/Common/SelectTextareaSpan'
	at com.kms.katalon.core.keyword.internal.KeywordMain.stepFailed(KeywordMain.groovy:48)
	at com.kms.katalon.core.webui.keyword.internal.WebUIKeywordMain.stepFailed(WebUIKeywordMain.groovy:65)
	at com.kms.katalon.core.webui.keyword.internal.WebUIKeywordMain.runKeyword(WebUIKeywordMain.groovy:27)
	at com.kms.katalon.core.webui.keyword.builtin.ClickKeyword.click(ClickKeyword.groovy:86)
	at com.kms.katalon.core.webui.keyword.builtin.ClickKeyword.execute(ClickKeyword.groovy:67)
	at com.kms.katalon.core.keyword.internal.KeywordExecutor.executeKeywordForPlatform(KeywordExecutor.groovy:56)
	at com.kms.katalon.core.webui.keyword.WebUiBuiltInKeywords.click(WebUiBuiltInKeywords.groovy:616)
	at com.kms.katalon.core.webui.keyword.WebUiBuiltInKeywords$click$3.call(Unknown Source)
	at EditContactPausedTemplate.run(EditContactPausedTemplate:54)
	at com.kms.katalon.core.main.ScriptEngine.run(ScriptEngine.java:194)
	at com.kms.katalon.core.main.ScriptEngine.runScriptAsRawText(ScriptEngine.java:119)
	at com.kms.katalon.core.main.TestCaseExecutor.runScript(TestCaseExecutor.java:331)
	at com.kms.katalon.core.main.TestCaseExecutor.doExecute(TestCaseExecutor.java:322)
	at com.kms.katalon.core.main.TestCaseExecutor.processExecutionPhase(TestCaseExecutor.java:301)
	at com.kms.katalon.core.main.TestCaseExecutor.accessMainPhase(TestCaseExecutor.java:293)
	at com.kms.katalon.core.main.TestCaseExecutor.execute(TestCaseExecutor.java:227)
	at com.kms.katalon.core.main.TestSuiteExecutor.accessTestCaseMainPhase(TestSuiteExecutor.java:129)
	at com.kms.katalon.core.main.TestSuiteExecutor.accessTestSuiteMainPhase(TestSuiteExecutor.java:112)
	at com.kms.katalon.core.main.TestSuiteExecutor.execute(TestSuiteExecutor.java:81)
	at com.kms.katalon.core.main.TestCaseMain.startTestSuite(TestCaseMain.java:157)
	at com.kms.katalon.core.main.TestCaseMain$startTestSuite$0.call(Unknown Source)
	at TempTestSuite1553031519664.run(TempTestSuite1553031519664.groovy:35)]]></system-err>
      </testcase>
      <testcase name="Test Cases/Products/TemplateApp/Templates/SMS/EditPostingAcceptTermCondForm" classname="Test Cases/Products/TemplateApp/Templates/SMS/EditPostingAcceptTermCondForm" status="FAILED">
         <failure type="FAILED" message="Test Cases/Products/TemplateApp/Templates/SMS/EditPostingAcceptTermCondForm FAILED.
Reason:
com.kms.katalon.core.exception.StepFailedException: Unable to click on object 'Object Repository/Products/TemplateApp/Templates/IVR/VoiceNoInputForm'
	at com.kms.katalon.core.keyword.internal.KeywordMain.stepFailed(KeywordMain.groovy:48)
	at com.kms.katalon.core.webui.keyword.internal.WebUIKeywordMain.stepFailed(WebUIKeywordMain.groovy:65)
	at com.kms.katalon.core.webui.keyword.internal.WebUIKeywordMain.runKeyword(WebUIKeywordMain.groovy:27)
	at com.kms.katalon.core.webui.keyword.builtin.ClickKeyword.click(ClickKeyword.groovy:86)
	at com.kms.katalon.core.webui.keyword.builtin.ClickKeyword.execute(ClickKeyword.groovy:67)
	at com.kms.katalon.core.keyword.internal.KeywordExecutor.executeKeywordForPlatform(KeywordExecutor.groovy:56)
	at com.kms.katalon.core.webui.keyword.WebUiBuiltInKeywords.click(WebUiBuiltInKeywords.groovy:616)
	at com.kms.katalon.core.webui.keyword.WebUiBuiltInKeywords$click$3.call(Unknown Source)
	at EditPostingAcceptTermCondForm.run(EditPostingAcceptTermCondForm:71)
	at com.kms.katalon.core.main.ScriptEngine.run(ScriptEngine.java:194)
	at com.kms.katalon.core.main.ScriptEngine.runScriptAsRawText(ScriptEngine.java:119)
	at com.kms.katalon.core.main.TestCaseExecutor.runScript(TestCaseExecutor.java:331)
	at com.kms.katalon.core.main.TestCaseExecutor.doExecute(TestCaseExecutor.java:322)
	at com.kms.katalon.core.main.TestCaseExecutor.processExecutionPhase(TestCaseExecutor.java:301)
	at com.kms.katalon.core.main.TestCaseExecutor.accessMainPhase(TestCaseExecutor.java:293)
	at com.kms.katalon.core.main.TestCaseExecutor.execute(TestCaseExecutor.java:227)
	at com.kms.katalon.core.main.TestSuiteExecutor.accessTestCaseMainPhase(TestSuiteExecutor.java:129)
	at com.kms.katalon.core.main.TestSuiteExecutor.accessTestSuiteMainPhase(TestSuiteExecutor.java:112)
	at com.kms.katalon.core.main.TestSuiteExecutor.execute(TestSuiteExecutor.java:81)
	at com.kms.katalon.core.main.TestCaseMain.startTestSuite(TestCaseMain.java:157)
	at com.kms.katalon.core.main.TestCaseMain$startTestSuite$0.call(Unknown Source)
	at TempTestSuite1553031519664.run(TempTestSuite1553031519664.groovy:35)
"/>
         <system-out><![CDATA[2019-03-19 14:42:54 - [TEST_CASE][FAILED] - Test Cases/Products/TemplateApp/Templates/SMS/EditPostingAcceptTermCondForm: Test Cases/Products/TemplateApp/Templates/SMS/EditPostingAcceptTermCondForm FAILED.
Reason:
com.kms.katalon.core.exception.StepFailedException: Unable to click on object 'Object Repository/Products/TemplateApp/Templates/IVR/VoiceNoInputForm'
	at com.kms.katalon.core.keyword.internal.KeywordMain.stepFailed(KeywordMain.groovy:48)
	at com.kms.katalon.core.webui.keyword.internal.WebUIKeywordMain.stepFailed(WebUIKeywordMain.groovy:65)
	at com.kms.katalon.core.webui.keyword.internal.WebUIKeywordMain.runKeyword(WebUIKeywordMain.groovy:27)
	at com.kms.katalon.core.webui.keyword.builtin.ClickKeyword.click(ClickKeyword.groovy:86)
	at com.kms.katalon.core.webui.keyword.builtin.ClickKeyword.execute(ClickKeyword.groovy:67)
	at com.kms.katalon.core.keyword.internal.KeywordExecutor.executeKeywordForPlatform(KeywordExecutor.groovy:56)
	at com.kms.katalon.core.webui.keyword.WebUiBuiltInKeywords.click(WebUiBuiltInKeywords.groovy:616)
	at com.kms.katalon.core.webui.keyword.WebUiBuiltInKeywords$click$3.call(Unknown Source)
	at EditPostingAcceptTermCondForm.run(EditPostingAcceptTermCondForm:71)
	at com.kms.katalon.core.main.ScriptEngine.run(ScriptEngine.java:194)
	at com.kms.katalon.core.main.ScriptEngine.runScriptAsRawText(ScriptEngine.java:119)
	at com.kms.katalon.core.main.TestCaseExecutor.runScript(TestCaseExecutor.java:331)
	at com.kms.katalon.core.main.TestCaseExecutor.doExecute(TestCaseExecutor.java:322)
	at com.kms.katalon.core.main.TestCaseExecutor.processExecutionPhase(TestCaseExecutor.java:301)
	at com.kms.katalon.core.main.TestCaseExecutor.accessMainPhase(TestCaseExecutor.java:293)
	at com.kms.katalon.core.main.TestCaseExecutor.execute(TestCaseExecutor.java:227)
	at com.kms.katalon.core.main.TestSuiteExecutor.accessTestCaseMainPhase(TestSuiteExecutor.java:129)
	at com.kms.katalon.core.main.TestSuiteExecutor.accessTestSuiteMainPhase(TestSuiteExecutor.java:112)
	at com.kms.katalon.core.main.TestSuiteExecutor.execute(TestSuiteExecutor.java:81)
	at com.kms.katalon.core.main.TestCaseMain.startTestSuite(TestCaseMain.java:157)
	at com.kms.katalon.core.main.TestCaseMain$startTestSuite$0.call(Unknown Source)
	at TempTestSuite1553031519664.run(TempTestSuite1553031519664.groovy:35)


2019-03-19 14:42:54 - [TEST_STEP][PASSED] - log = new com.kms.katalon.core.logging.KeywordLogger(): null

2019-03-19 14:42:54 - [TEST_STEP][PASSED] - TextValue = tools.TestDataGenerator.getRandomParagraphs(2, 5): tools.TestDataGenerator.getRandomParagraphs is PASSED

2019-03-19 14:42:54 - [MESSAGE][PASSED] - tools.TestDataGenerator.getRandomParagraphs is PASSED

2019-03-19 14:42:54 - [TEST_STEP][PASSED] - log.logInfo(TextValue): Consecteturaccumsan aliquid sententiae magna molestiae.  Dapibusferri facilisi id his melius salutatus voluptaria wisi efficiantur lacus omittantur scelerisque pri quis maluisset natoque.  Erremfeugait ad.  Latinerhoncus civibus consectetuer laudem mollis repudiare maluisset constituto nonumy in primis maiestatis.  
Vocentvix nonumy detraxit legimus mediocrem id semper sanctus errem nunc vis pro dictum mea eius.  Integernatoque fames habitasse usu posidonium an constituam molestie dictum rhoncus aenean constituto iudicabit.  
Ferrifeugait aperiri dolorum tamquam latine viderer voluptatibus ultrices purus.  Velitintellegebat constituam evertitur vidisse quod elitr ultrices sollicitudin mutat inciderint animal dictas referrentur fugit repudiandae vidisse.  
Risusmnesarchum diam vero elementum nostra sadipscing praesent dicant.  Erroribusfuisset auctor nam accommodare prompta vidisse cum tellus oporteat nascetur neque ea detracto.  Oratiodetraxit utinam dis interesset petentium evertitur utamur corrumpit constituam quam iuvaret sodales solet.  Invenireiuvaret sociis congue ferri novum eget non accusata dictumst platonem mnesarchum menandri audire atomorum partiendo.

2019-03-19 14:42:54 - [MESSAGE][INFO] - Consecteturaccumsan aliquid sententiae magna molestiae.  Dapibusferri facilisi id his melius salutatus voluptaria wisi efficiantur lacus omittantur scelerisque pri quis maluisset natoque.  Erremfeugait ad.  Latinerhoncus civibus consectetuer laudem mollis repudiare maluisset constituto nonumy in primis maiestatis.  
Vocentvix nonumy detraxit legimus mediocrem id semper sanctus errem nunc vis pro dictum mea eius.  Integernatoque fames habitasse usu posidonium an constituam molestie dictum rhoncus aenean constituto iudicabit.  
Ferrifeugait aperiri dolorum tamquam latine viderer voluptatibus ultrices purus.  Velitintellegebat constituam evertitur vidisse quod elitr ultrices sollicitudin mutat inciderint animal dictas referrentur fugit repudiandae vidisse.  
Risusmnesarchum diam vero elementum nostra sadipscing praesent dicant.  Erroribusfuisset auctor nam accommodare prompta vidisse cum tellus oporteat nascetur neque ea detracto.  Oratiodetraxit utinam dis interesset petentium evertitur utamur corrumpit constituam quam iuvaret sodales solet.  Invenireiuvaret sociis congue ferri novum eget non accusata dictumst platonem mnesarchum menandri audire atomorum partiendo.

2019-03-19 14:42:54 - [TEST_STEP][PASSED] - commitNumber = tools.TestDataGenerator.getRandomWords(2, 2): tools.TestDataGenerator.getRandomWords is PASSED

2019-03-19 14:42:54 - [MESSAGE][PASSED] - tools.TestDataGenerator.getRandomWords is PASSED

2019-03-19 14:42:54 - [TEST_STEP][PASSED] - log.logInfo(commitNumber): populo eum

2019-03-19 14:42:54 - [MESSAGE][INFO] - populo eum

2019-03-19 14:42:54 - [TEST_STEP][PASSED] - callTestCase(findTestCase("Products/Cerberus/Login-Logout/TemplateLoginNCQATestUtility"), [:], STOP_ON_FAILURE): Call Test Case 'Test Cases/Products/Cerberus/Login-Logout/TemplateLoginNCQATestUtility' successfully

2019-03-19 14:42:54 - [TEST_CASE][PASSED] - Test Cases/Products/Cerberus/Login-Logout/TemplateLoginNCQATestUtility: Test Cases/Products/Cerberus/Login-Logout/TemplateLoginNCQATestUtility

2019-03-19 14:42:54 - [TEST_STEP][PASSED] - log = new com.kms.katalon.core.logging.KeywordLogger(): null

2019-03-19 14:42:54 - [TEST_STEP][PASSED] - comment("Open browser and Login"): Open browser and Login

2019-03-19 14:42:54 - [MESSAGE][INFO] - Open browser and Login

2019-03-19 14:42:54 - [TEST_STEP][PASSED] - openBrowser(G_DefaultSiteURL): Browser is opened with url: 'https://dev.kubra.io'

2019-03-19 14:42:54 - [MESSAGE][WARNING] - A browser is already opened. Closing browser and opening a new one

2019-03-19 14:42:55 - [MESSAGE][INFO] - Starting 'Firefox' driver

2019-03-19 14:42:59 - [MESSAGE][PASSED] - Browser is opened with url: 'https://dev.kubra.io'

2019-03-19 14:42:59 - [TEST_STEP][PASSED] - waitForPageLoad(G_ShortTimeout): Wait for page load successfully

2019-03-19 14:42:59 - [MESSAGE][PASSED] - Wait for page load successfully

2019-03-19 14:42:59 - [TEST_STEP][PASSED] - maximizeWindow(): Current window maximized

2019-03-19 14:42:59 - [MESSAGE][PASSED] - Current window maximized

2019-03-19 14:42:59 - [TEST_STEP][PASSED] - log.logWarning("--- Begin Login ---"): --- Begin Login ---

2019-03-19 14:42:59 - [MESSAGE][WARNING] - --- Begin Login ---

2019-03-19 14:42:59 - [TEST_STEP][PASSED] - log.logWarning("Logging in to environment - " + G_DefaultSiteURL): Logging in to environment - https://dev.kubra.io

2019-03-19 14:42:59 - [MESSAGE][WARNING] - Logging in to environment - https://dev.kubra.io

2019-03-19 14:42:59 - [TEST_STEP][PASSED] - waitForElementClickable(findTestObject("Products/Cerberus/LoginLogout/LogInWithGoogle"), 15): Object 'Object Repository/Products/Cerberus/LoginLogout/LogInWithGoogle' is clickable

2019-03-19 14:43:00 - [MESSAGE][PASSED] - Object 'Object Repository/Products/Cerberus/LoginLogout/LogInWithGoogle' is clickable

2019-03-19 14:43:00 - [TEST_STEP][PASSED] - delay(2): Delayed 2 second(s)

2019-03-19 14:43:02 - [MESSAGE][PASSED] - Delayed 2 second(s)

2019-03-19 14:43:02 - [TEST_STEP][PASSED] - click(findTestObject("Products/Cerberus/LoginLogout/LogInWithGoogle")): Object: 'Object Repository/Products/Cerberus/LoginLogout/LogInWithGoogle' is clicked on

2019-03-19 14:43:03 - [MESSAGE][PASSED] - Object: 'Object Repository/Products/Cerberus/LoginLogout/LogInWithGoogle' is clicked on

2019-03-19 14:43:03 - [TEST_STEP][PASSED] - waitForElementVisible(findTestObject("Products/Cerberus/LoginLogout/UserName"), 15): Object 'Object Repository/Products/Cerberus/LoginLogout/UserName' is visible

2019-03-19 14:43:04 - [MESSAGE][PASSED] - Object 'Object Repository/Products/Cerberus/LoginLogout/UserName' is visible

2019-03-19 14:43:04 - [TEST_STEP][PASSED] - setMaskedText(findTestObject("Products/Cerberus/LoginLogout/UserName"), "tempeqa@kubra.com"): Text '*****************' is set on object 'Object Repository/Products/Cerberus/LoginLogout/UserName'

2019-03-19 14:43:04 - [MESSAGE][PASSED] - Text '*****************' is set on object 'Object Repository/Products/Cerberus/LoginLogout/UserName'

2019-03-19 14:43:04 - [TEST_STEP][PASSED] - waitForElementVisible(findTestObject("Products/Cerberus/LoginLogout/UserNameNextButton"), 15): Object 'Object Repository/Products/Cerberus/LoginLogout/UserNameNextButton' is visible

2019-03-19 14:43:04 - [MESSAGE][PASSED] - Object 'Object Repository/Products/Cerberus/LoginLogout/UserNameNextButton' is visible

2019-03-19 14:43:04 - [TEST_STEP][PASSED] - click(findTestObject("Products/Cerberus/LoginLogout/UserNameNextButton")): Object: 'Object Repository/Products/Cerberus/LoginLogout/UserNameNextButton' is clicked on

2019-03-19 14:43:04 - [MESSAGE][PASSED] - Object: 'Object Repository/Products/Cerberus/LoginLogout/UserNameNextButton' is clicked on

2019-03-19 14:43:04 - [TEST_STEP][PASSED] - waitForElementVisible(findTestObject("Products/Cerberus/LoginLogout/Password"), 15): Object 'Object Repository/Products/Cerberus/LoginLogout/Password' is visible

2019-03-19 14:43:05 - [MESSAGE][PASSED] - Object 'Object Repository/Products/Cerberus/LoginLogout/Password' is visible

2019-03-19 14:43:05 - [TEST_STEP][PASSED] - setMaskedText(findTestObject("Products/Cerberus/LoginLogout/Password"), "qAisgr8!@"): Text '*********' is set on object 'Object Repository/Products/Cerberus/LoginLogout/Password'

2019-03-19 14:43:05 - [MESSAGE][PASSED] - Text '*********' is set on object 'Object Repository/Products/Cerberus/LoginLogout/Password'

2019-03-19 14:43:05 - [TEST_STEP][PASSED] - waitForElementClickable(findTestObject("Products/Cerberus/LoginLogout/PasswordNextButton"), 15): Object 'Object Repository/Products/Cerberus/LoginLogout/PasswordNextButton' is clickable

2019-03-19 14:43:05 - [MESSAGE][PASSED] - Object 'Object Repository/Products/Cerberus/LoginLogout/PasswordNextButton' is clickable

2019-03-19 14:43:05 - [TEST_STEP][PASSED] - click(findTestObject("Products/Cerberus/LoginLogout/PasswordNextButton")): Object: 'Object Repository/Products/Cerberus/LoginLogout/PasswordNextButton' is clicked on

2019-03-19 14:43:09 - [MESSAGE][PASSED] - Object: 'Object Repository/Products/Cerberus/LoginLogout/PasswordNextButton' is clicked on

2019-03-19 14:43:09 - [TEST_STEP][PASSED] - delay(5): Delayed 5 second(s)

2019-03-19 14:43:14 - [MESSAGE][PASSED] - Delayed 5 second(s)

2019-03-19 14:43:14 - [TEST_STEP][PASSED] - waitForElementClickable(findTestObject("Products/Cerberus/LoginLogout/TenantQATestUtilityCompany"), 15): Object 'Object Repository/Products/Cerberus/LoginLogout/TenantQATestUtilityCompany' is clickable

2019-03-19 14:43:14 - [MESSAGE][PASSED] - Object 'Object Repository/Products/Cerberus/LoginLogout/TenantQATestUtilityCompany' is clickable

2019-03-19 14:43:14 - [TEST_STEP][PASSED] - click(findTestObject("Products/Cerberus/LoginLogout/TenantQATestUtilityCompany")): Object: 'Object Repository/Products/Cerberus/LoginLogout/TenantQATestUtilityCompany' is clicked on

2019-03-19 14:43:14 - [MESSAGE][PASSED] - Object: 'Object Repository/Products/Cerberus/LoginLogout/TenantQATestUtilityCompany' is clicked on

2019-03-19 14:43:14 - [TEST_STEP][PASSED] - verifyElementText(findTestObject("Products/Cerberus/LoginLogout/TenantQATestUtilityCompany"), "QA Test Utility Company"): Actual text and expected text of test object 'Object Repository/Products/Cerberus/LoginLogout/TenantQATestUtilityCompany' are matched.

2019-03-19 14:43:14 - [MESSAGE][PASSED] - Actual text and expected text of test object 'Object Repository/Products/Cerberus/LoginLogout/TenantQATestUtilityCompany' are matched.

2019-03-19 14:43:14 - [TEST_STEP][PASSED] - waitForElementClickable(findTestObject("Products/Cerberus/LoginLogout/TenantSubmitButton"), 15): Object 'Object Repository/Products/Cerberus/LoginLogout/TenantSubmitButton' is clickable

2019-03-19 14:43:14 - [MESSAGE][PASSED] - Object 'Object Repository/Products/Cerberus/LoginLogout/TenantSubmitButton' is clickable

2019-03-19 14:43:14 - [TEST_STEP][PASSED] - click(findTestObject("Products/Cerberus/LoginLogout/TenantSubmitButton")): Object: 'Object Repository/Products/Cerberus/LoginLogout/TenantSubmitButton' is clicked on

2019-03-19 14:43:14 - [MESSAGE][PASSED] - Object: 'Object Repository/Products/Cerberus/LoginLogout/TenantSubmitButton' is clicked on

2019-03-19 14:43:14 - [TEST_STEP][PASSED] - waitForElementClickable(findTestObject("Products/Cerberus/LoginLogout/ChooseApp-Templates"), 15): Object 'Object Repository/Products/Cerberus/LoginLogout/ChooseApp-Templates' is clickable

2019-03-19 14:43:14 - [MESSAGE][PASSED] - Object 'Object Repository/Products/Cerberus/LoginLogout/ChooseApp-Templates' is clickable

2019-03-19 14:43:14 - [TEST_STEP][PASSED] - click(findTestObject("Products/Cerberus/LoginLogout/ChooseApp-Templates")): Object: 'Object Repository/Products/Cerberus/LoginLogout/ChooseApp-Templates' is clicked on

2019-03-19 14:43:15 - [MESSAGE][PASSED] - Object: 'Object Repository/Products/Cerberus/LoginLogout/ChooseApp-Templates' is clicked on

2019-03-19 14:43:15 - [TEST_STEP][PASSED] - waitForElementClickable(findTestObject("Products/Cerberus/LoginLogout/SubmitButton_ChooseApp"), 15): Object 'Object Repository/Products/Cerberus/LoginLogout/SubmitButton_ChooseApp' is clickable

2019-03-19 14:43:15 - [MESSAGE][PASSED] - Object 'Object Repository/Products/Cerberus/LoginLogout/SubmitButton_ChooseApp' is clickable

2019-03-19 14:43:15 - [TEST_STEP][PASSED] - click(findTestObject("Products/Cerberus/LoginLogout/SubmitButton_ChooseApp")): Object: 'Object Repository/Products/Cerberus/LoginLogout/SubmitButton_ChooseApp' is clicked on

2019-03-19 14:43:16 - [MESSAGE][PASSED] - Object: 'Object Repository/Products/Cerberus/LoginLogout/SubmitButton_ChooseApp' is clicked on

2019-03-19 14:43:16 - [TEST_STEP][PASSED] - delay(1): Delayed 1 second(s)

2019-03-19 14:43:17 - [MESSAGE][PASSED] - Delayed 1 second(s)

2019-03-19 14:43:17 - [TEST_STEP][PASSED] - verifyTextPresent("Latest Activity", false): Text 'Latest Activity' is present on page 

2019-03-19 14:43:17 - [MESSAGE][PASSED] - Text 'Latest Activity' is present on page 

2019-03-19 14:43:17 - [TEST_STEP][PASSED] - log.logWarning("--- End Login ---"): --- End Login ---

2019-03-19 14:43:17 - [MESSAGE][WARNING] - --- End Login ---

2019-03-19 14:43:17 - [MESSAGE][PASSED] - Call Test Case 'Test Cases/Products/Cerberus/Login-Logout/TemplateLoginNCQATestUtility' successfully

2019-03-19 14:43:17 - [TEST_STEP][PASSED] - delay(4): Delayed 4 second(s)

2019-03-19 14:43:21 - [MESSAGE][PASSED] - Delayed 4 second(s)

2019-03-19 14:43:21 - [TEST_STEP][PASSED] - driver = getWebDriver(): null

2019-03-19 14:43:21 - [TEST_STEP][PASSED] - click(findTestObject("Products/TemplateApp/Templates/Common/SelectTemplates")): Object: 'Object Repository/Products/TemplateApp/Templates/Common/SelectTemplates' is clicked on

2019-03-19 14:43:21 - [MESSAGE][PASSED] - Object: 'Object Repository/Products/TemplateApp/Templates/Common/SelectTemplates' is clicked on

2019-03-19 14:43:21 - [TEST_STEP][PASSED] - delay(2): Delayed 2 second(s)

2019-03-19 14:43:23 - [MESSAGE][PASSED] - Delayed 2 second(s)

2019-03-19 14:43:23 - [TEST_STEP][PASSED] - click(findTestObject("Products/TemplateApp/SelectEnvironment/DownCaret")): Object: 'Object Repository/Products/TemplateApp/SelectEnvironment/DownCaret' is clicked on

2019-03-19 14:43:23 - [MESSAGE][PASSED] - Object: 'Object Repository/Products/TemplateApp/SelectEnvironment/DownCaret' is clicked on

2019-03-19 14:43:23 - [TEST_STEP][PASSED] - click(findTestObject("Products/TemplateApp/SelectEnvironment/SelectEnvironmentDevelop")): Object: 'Object Repository/Products/TemplateApp/SelectEnvironment/SelectEnvironmentDevelop' is clicked on

2019-03-19 14:43:24 - [MESSAGE][PASSED] - Object: 'Object Repository/Products/TemplateApp/SelectEnvironment/SelectEnvironmentDevelop' is clicked on

2019-03-19 14:43:24 - [TEST_STEP][PASSED] - delay(2): Delayed 2 second(s)

2019-03-19 14:43:26 - [MESSAGE][PASSED] - Delayed 2 second(s)

2019-03-19 14:43:26 - [TEST_STEP][PASSED] - click(findTestObject("Products/TemplateApp/Templates/SMS/SelectSMS")): Object: 'Object Repository/Products/TemplateApp/Templates/SMS/SelectSMS' is clicked on

2019-03-19 14:43:26 - [MESSAGE][PASSED] - Object: 'Object Repository/Products/TemplateApp/Templates/SMS/SelectSMS' is clicked on

2019-03-19 14:43:26 - [TEST_STEP][PASSED] - click(findTestObject("Products/TemplateApp/Templates/SMS/PostingAcceptTermCondForm")): Object: 'Object Repository/Products/TemplateApp/Templates/SMS/PostingAcceptTermCondForm' is clicked on

2019-03-19 14:43:26 - [MESSAGE][PASSED] - Object: 'Object Repository/Products/TemplateApp/Templates/SMS/PostingAcceptTermCondForm' is clicked on

2019-03-19 14:43:26 - [TEST_STEP][PASSED] - delay(4): Delayed 4 second(s)

2019-03-19 14:43:30 - [MESSAGE][PASSED] - Delayed 4 second(s)

2019-03-19 14:43:30 - [TEST_STEP][PASSED] - click(findTestObject("Products/TemplateApp/Templates/Common/SelectTextareaSpan")): Object: 'Object Repository/Products/TemplateApp/Templates/Common/SelectTextareaSpan' is clicked on

2019-03-19 14:43:30 - [MESSAGE][PASSED] - Object: 'Object Repository/Products/TemplateApp/Templates/Common/SelectTextareaSpan' is clicked on

2019-03-19 14:43:30 - [TEST_STEP][PASSED] - doubleClick(findTestObject("Products/TemplateApp/Templates/Common/SelectTextareaSpan")): Object: 'Object Repository/Products/TemplateApp/Templates/Common/SelectTextareaSpan' is double clicked on

2019-03-19 14:43:31 - [MESSAGE][PASSED] - Object: 'Object Repository/Products/TemplateApp/Templates/Common/SelectTextareaSpan' is double clicked on

2019-03-19 14:43:31 - [TEST_STEP][PASSED] - sendKeys(findTestObject("Products/TemplateApp/Templates/Common/Textarea"), Keys.chord(DELETE)): Keys 'DELETE + ' sent to object: 'Object Repository/Products/TemplateApp/Templates/Common/Textarea'

2019-03-19 14:43:31 - [MESSAGE][PASSED] - Keys 'DELETE + ' sent to object: 'Object Repository/Products/TemplateApp/Templates/Common/Textarea'

2019-03-19 14:43:31 - [TEST_STEP][PASSED] - tools.WebUICustomKeywords.enterUsingJS(findTestObject("Products/TemplateApp/Templates/Common/Textarea"), 10): tools.WebUICustomKeywords.enterUsingJS is PASSED

2019-03-19 14:43:31 - [MESSAGE][PASSED] - tools.WebUICustomKeywords.enterUsingJS is PASSED

2019-03-19 14:43:31 - [TEST_STEP][PASSED] - delay(4): Delayed 4 second(s)

2019-03-19 14:43:35 - [MESSAGE][PASSED] - Delayed 4 second(s)

2019-03-19 14:43:35 - [TEST_STEP][PASSED] - setText(findTestObject("Products/TemplateApp/Templates/Common/CommitMessageField"), commitNumber): Text 'populo eum' is set on object 'Object Repository/Products/TemplateApp/Templates/Common/CommitMessageField'

2019-03-19 14:43:35 - [MESSAGE][PASSED] - Text 'populo eum' is set on object 'Object Repository/Products/TemplateApp/Templates/Common/CommitMessageField'

2019-03-19 14:43:35 - [TEST_STEP][PASSED] - click(findTestObject("Products/TemplateApp/Templates/Common/SaveButton")): Object: 'Object Repository/Products/TemplateApp/Templates/Common/SaveButton' is clicked on

2019-03-19 14:43:35 - [MESSAGE][PASSED] - Object: 'Object Repository/Products/TemplateApp/Templates/Common/SaveButton' is clicked on

2019-03-19 14:43:35 - [TEST_STEP][FAILED] - click(findTestObject("Products/TemplateApp/Templates/IVR/VoiceNoInputForm")): click(findTestObject("Products/TemplateApp/Templates/IVR/VoiceNoInputForm")) FAILED.
Reason:
com.kms.katalon.core.exception.StepFailedException: Unable to click on object 'Object Repository/Products/TemplateApp/Templates/IVR/VoiceNoInputForm'
	at com.kms.katalon.core.keyword.internal.KeywordMain.stepFailed(KeywordMain.groovy:48)
	at com.kms.katalon.core.webui.keyword.internal.WebUIKeywordMain.stepFailed(WebUIKeywordMain.groovy:65)
	at com.kms.katalon.core.webui.keyword.internal.WebUIKeywordMain.runKeyword(WebUIKeywordMain.groovy:27)
	at com.kms.katalon.core.webui.keyword.builtin.ClickKeyword.click(ClickKeyword.groovy:86)
	at com.kms.katalon.core.webui.keyword.builtin.ClickKeyword.execute(ClickKeyword.groovy:67)
	at com.kms.katalon.core.keyword.internal.KeywordExecutor.executeKeywordForPlatform(KeywordExecutor.groovy:56)
	at com.kms.katalon.core.webui.keyword.WebUiBuiltInKeywords.click(WebUiBuiltInKeywords.groovy:616)
	at com.kms.katalon.core.webui.keyword.WebUiBuiltInKeywords$click$3.call(Unknown Source)
	at EditPostingAcceptTermCondForm.run(EditPostingAcceptTermCondForm:71)
	at com.kms.katalon.core.main.ScriptEngine.run(ScriptEngine.java:194)
	at com.kms.katalon.core.main.ScriptEngine.runScriptAsRawText(ScriptEngine.java:119)
	at com.kms.katalon.core.main.TestCaseExecutor.runScript(TestCaseExecutor.java:331)
	at com.kms.katalon.core.main.TestCaseExecutor.doExecute(TestCaseExecutor.java:322)
	at com.kms.katalon.core.main.TestCaseExecutor.processExecutionPhase(TestCaseExecutor.java:301)
	at com.kms.katalon.core.main.TestCaseExecutor.accessMainPhase(TestCaseExecutor.java:293)
	at com.kms.katalon.core.main.TestCaseExecutor.execute(TestCaseExecutor.java:227)
	at com.kms.katalon.core.main.TestSuiteExecutor.accessTestCaseMainPhase(TestSuiteExecutor.java:129)
	at com.kms.katalon.core.main.TestSuiteExecutor.accessTestSuiteMainPhase(TestSuiteExecutor.java:112)
	at com.kms.katalon.core.main.TestSuiteExecutor.execute(TestSuiteExecutor.java:81)
	at com.kms.katalon.core.main.TestCaseMain.startTestSuite(TestCaseMain.java:157)
	at com.kms.katalon.core.main.TestCaseMain$startTestSuite$0.call(Unknown Source)
	at TempTestSuite1553031519664.run(TempTestSuite1553031519664.groovy:35)


2019-03-19 14:44:06 - [MESSAGE][INFO] - Unable to find the element located by 'By.xpath: //li[@id='blob-voice-no-input-njk']//div[@role='presentation']'. Please recheck the objects properties to make sure the desired element is located. 

2019-03-19 14:44:06 - [MESSAGE][FAILED] - Unable to click on object 'Object Repository/Products/TemplateApp/Templates/IVR/VoiceNoInputForm'
[[ATTACHMENT|/Users/pshukla/Documents/Katalon Studio/qa-templates/Reports/Templates/20190319_143829/1553031846048.png]]

2019-03-19 14:44:06 - [MESSAGE][FAILED] - click(findTestObject("Products/TemplateApp/Templates/IVR/VoiceNoInputForm")) FAILED.
Reason:
com.kms.katalon.core.exception.StepFailedException: Unable to click on object 'Object Repository/Products/TemplateApp/Templates/IVR/VoiceNoInputForm'
	at com.kms.katalon.core.keyword.internal.KeywordMain.stepFailed(KeywordMain.groovy:48)
	at com.kms.katalon.core.webui.keyword.internal.WebUIKeywordMain.stepFailed(WebUIKeywordMain.groovy:65)
	at com.kms.katalon.core.webui.keyword.internal.WebUIKeywordMain.runKeyword(WebUIKeywordMain.groovy:27)
	at com.kms.katalon.core.webui.keyword.builtin.ClickKeyword.click(ClickKeyword.groovy:86)
	at com.kms.katalon.core.webui.keyword.builtin.ClickKeyword.execute(ClickKeyword.groovy:67)
	at com.kms.katalon.core.keyword.internal.KeywordExecutor.executeKeywordForPlatform(KeywordExecutor.groovy:56)
	at com.kms.katalon.core.webui.keyword.WebUiBuiltInKeywords.click(WebUiBuiltInKeywords.groovy:616)
	at com.kms.katalon.core.webui.keyword.WebUiBuiltInKeywords$click$3.call(Unknown Source)
	at EditPostingAcceptTermCondForm.run(EditPostingAcceptTermCondForm:71)
	at com.kms.katalon.core.main.ScriptEngine.run(ScriptEngine.java:194)
	at com.kms.katalon.core.main.ScriptEngine.runScriptAsRawText(ScriptEngine.java:119)
	at com.kms.katalon.core.main.TestCaseExecutor.runScript(TestCaseExecutor.java:331)
	at com.kms.katalon.core.main.TestCaseExecutor.doExecute(TestCaseExecutor.java:322)
	at com.kms.katalon.core.main.TestCaseExecutor.processExecutionPhase(TestCaseExecutor.java:301)
	at com.kms.katalon.core.main.TestCaseExecutor.accessMainPhase(TestCaseExecutor.java:293)
	at com.kms.katalon.core.main.TestCaseExecutor.execute(TestCaseExecutor.java:227)
	at com.kms.katalon.core.main.TestSuiteExecutor.accessTestCaseMainPhase(TestSuiteExecutor.java:129)
	at com.kms.katalon.core.main.TestSuiteExecutor.accessTestSuiteMainPhase(TestSuiteExecutor.java:112)
	at com.kms.katalon.core.main.TestSuiteExecutor.execute(TestSuiteExecutor.java:81)
	at com.kms.katalon.core.main.TestCaseMain.startTestSuite(TestCaseMain.java:157)
	at com.kms.katalon.core.main.TestCaseMain$startTestSuite$0.call(Unknown Source)
	at TempTestSuite1553031519664.run(TempTestSuite1553031519664.groovy:35)]]></system-out>
         <system-err><![CDATA[2019-03-19 14:42:54 - [TEST_CASE][FAILED] - Test Cases/Products/TemplateApp/Templates/SMS/EditPostingAcceptTermCondForm: Test Cases/Products/TemplateApp/Templates/SMS/EditPostingAcceptTermCondForm FAILED.
Reason:
com.kms.katalon.core.exception.StepFailedException: Unable to click on object 'Object Repository/Products/TemplateApp/Templates/IVR/VoiceNoInputForm'
	at com.kms.katalon.core.keyword.internal.KeywordMain.stepFailed(KeywordMain.groovy:48)
	at com.kms.katalon.core.webui.keyword.internal.WebUIKeywordMain.stepFailed(WebUIKeywordMain.groovy:65)
	at com.kms.katalon.core.webui.keyword.internal.WebUIKeywordMain.runKeyword(WebUIKeywordMain.groovy:27)
	at com.kms.katalon.core.webui.keyword.builtin.ClickKeyword.click(ClickKeyword.groovy:86)
	at com.kms.katalon.core.webui.keyword.builtin.ClickKeyword.execute(ClickKeyword.groovy:67)
	at com.kms.katalon.core.keyword.internal.KeywordExecutor.executeKeywordForPlatform(KeywordExecutor.groovy:56)
	at com.kms.katalon.core.webui.keyword.WebUiBuiltInKeywords.click(WebUiBuiltInKeywords.groovy:616)
	at com.kms.katalon.core.webui.keyword.WebUiBuiltInKeywords$click$3.call(Unknown Source)
	at EditPostingAcceptTermCondForm.run(EditPostingAcceptTermCondForm:71)
	at com.kms.katalon.core.main.ScriptEngine.run(ScriptEngine.java:194)
	at com.kms.katalon.core.main.ScriptEngine.runScriptAsRawText(ScriptEngine.java:119)
	at com.kms.katalon.core.main.TestCaseExecutor.runScript(TestCaseExecutor.java:331)
	at com.kms.katalon.core.main.TestCaseExecutor.doExecute(TestCaseExecutor.java:322)
	at com.kms.katalon.core.main.TestCaseExecutor.processExecutionPhase(TestCaseExecutor.java:301)
	at com.kms.katalon.core.main.TestCaseExecutor.accessMainPhase(TestCaseExecutor.java:293)
	at com.kms.katalon.core.main.TestCaseExecutor.execute(TestCaseExecutor.java:227)
	at com.kms.katalon.core.main.TestSuiteExecutor.accessTestCaseMainPhase(TestSuiteExecutor.java:129)
	at com.kms.katalon.core.main.TestSuiteExecutor.accessTestSuiteMainPhase(TestSuiteExecutor.java:112)
	at com.kms.katalon.core.main.TestSuiteExecutor.execute(TestSuiteExecutor.java:81)
	at com.kms.katalon.core.main.TestCaseMain.startTestSuite(TestCaseMain.java:157)
	at com.kms.katalon.core.main.TestCaseMain$startTestSuite$0.call(Unknown Source)
	at TempTestSuite1553031519664.run(TempTestSuite1553031519664.groovy:35)]]></system-err>
      </testcase>
      <testcase name="Test Cases/Products/TemplateApp/Templates/SMS/ContactAutoPausedPreviewButton" classname="Test Cases/Products/TemplateApp/Templates/SMS/ContactAutoPausedPreviewButton" status="PASSED">
         <system-out><![CDATA[2019-03-19 14:44:06 - [TEST_CASE][PASSED] - Test Cases/Products/TemplateApp/Templates/SMS/ContactAutoPausedPreviewButton: Test Cases/Products/TemplateApp/Templates/SMS/ContactAutoPausedPreviewButton

2019-03-19 14:44:06 - [TEST_STEP][PASSED] - callTestCase(findTestCase("Products/Cerberus/Login-Logout/TemplateLoginNCQATestUtility"), [:], STOP_ON_FAILURE): Call Test Case 'Test Cases/Products/Cerberus/Login-Logout/TemplateLoginNCQATestUtility' successfully

2019-03-19 14:44:06 - [TEST_CASE][PASSED] - Test Cases/Products/Cerberus/Login-Logout/TemplateLoginNCQATestUtility: Test Cases/Products/Cerberus/Login-Logout/TemplateLoginNCQATestUtility

2019-03-19 14:44:06 - [TEST_STEP][PASSED] - log = new com.kms.katalon.core.logging.KeywordLogger(): null

2019-03-19 14:44:06 - [TEST_STEP][PASSED] - comment("Open browser and Login"): Open browser and Login

2019-03-19 14:44:06 - [MESSAGE][INFO] - Open browser and Login

2019-03-19 14:44:06 - [TEST_STEP][PASSED] - openBrowser(G_DefaultSiteURL): Browser is opened with url: 'https://dev.kubra.io'

2019-03-19 14:44:06 - [MESSAGE][WARNING] - A browser is already opened. Closing browser and opening a new one

2019-03-19 14:44:06 - [MESSAGE][INFO] - Starting 'Firefox' driver

2019-03-19 14:44:10 - [MESSAGE][PASSED] - Browser is opened with url: 'https://dev.kubra.io'

2019-03-19 14:44:10 - [TEST_STEP][PASSED] - waitForPageLoad(G_ShortTimeout): Wait for page load successfully

2019-03-19 14:44:10 - [MESSAGE][PASSED] - Wait for page load successfully

2019-03-19 14:44:10 - [TEST_STEP][PASSED] - maximizeWindow(): Current window maximized

2019-03-19 14:44:10 - [MESSAGE][PASSED] - Current window maximized

2019-03-19 14:44:10 - [TEST_STEP][PASSED] - log.logWarning("--- Begin Login ---"): --- Begin Login ---

2019-03-19 14:44:10 - [MESSAGE][WARNING] - --- Begin Login ---

2019-03-19 14:44:10 - [TEST_STEP][PASSED] - log.logWarning("Logging in to environment - " + G_DefaultSiteURL): Logging in to environment - https://dev.kubra.io

2019-03-19 14:44:10 - [MESSAGE][WARNING] - Logging in to environment - https://dev.kubra.io

2019-03-19 14:44:10 - [TEST_STEP][PASSED] - waitForElementClickable(findTestObject("Products/Cerberus/LoginLogout/LogInWithGoogle"), 15): Object 'Object Repository/Products/Cerberus/LoginLogout/LogInWithGoogle' is clickable

2019-03-19 14:44:10 - [MESSAGE][PASSED] - Object 'Object Repository/Products/Cerberus/LoginLogout/LogInWithGoogle' is clickable

2019-03-19 14:44:10 - [TEST_STEP][PASSED] - delay(2): Delayed 2 second(s)

2019-03-19 14:44:12 - [MESSAGE][PASSED] - Delayed 2 second(s)

2019-03-19 14:44:12 - [TEST_STEP][PASSED] - click(findTestObject("Products/Cerberus/LoginLogout/LogInWithGoogle")): Object: 'Object Repository/Products/Cerberus/LoginLogout/LogInWithGoogle' is clicked on

2019-03-19 14:44:13 - [MESSAGE][PASSED] - Object: 'Object Repository/Products/Cerberus/LoginLogout/LogInWithGoogle' is clicked on

2019-03-19 14:44:13 - [TEST_STEP][PASSED] - waitForElementVisible(findTestObject("Products/Cerberus/LoginLogout/UserName"), 15): Object 'Object Repository/Products/Cerberus/LoginLogout/UserName' is visible

2019-03-19 14:44:14 - [MESSAGE][PASSED] - Object 'Object Repository/Products/Cerberus/LoginLogout/UserName' is visible

2019-03-19 14:44:14 - [TEST_STEP][PASSED] - setMaskedText(findTestObject("Products/Cerberus/LoginLogout/UserName"), "tempeqa@kubra.com"): Text '*****************' is set on object 'Object Repository/Products/Cerberus/LoginLogout/UserName'

2019-03-19 14:44:14 - [MESSAGE][PASSED] - Text '*****************' is set on object 'Object Repository/Products/Cerberus/LoginLogout/UserName'

2019-03-19 14:44:14 - [TEST_STEP][PASSED] - waitForElementVisible(findTestObject("Products/Cerberus/LoginLogout/UserNameNextButton"), 15): Object 'Object Repository/Products/Cerberus/LoginLogout/UserNameNextButton' is visible

2019-03-19 14:44:14 - [MESSAGE][PASSED] - Object 'Object Repository/Products/Cerberus/LoginLogout/UserNameNextButton' is visible

2019-03-19 14:44:14 - [TEST_STEP][PASSED] - click(findTestObject("Products/Cerberus/LoginLogout/UserNameNextButton")): Object: 'Object Repository/Products/Cerberus/LoginLogout/UserNameNextButton' is clicked on

2019-03-19 14:44:14 - [MESSAGE][PASSED] - Object: 'Object Repository/Products/Cerberus/LoginLogout/UserNameNextButton' is clicked on

2019-03-19 14:44:14 - [TEST_STEP][PASSED] - waitForElementVisible(findTestObject("Products/Cerberus/LoginLogout/Password"), 15): Object 'Object Repository/Products/Cerberus/LoginLogout/Password' is visible

2019-03-19 14:44:16 - [MESSAGE][PASSED] - Object 'Object Repository/Products/Cerberus/LoginLogout/Password' is visible

2019-03-19 14:44:16 - [TEST_STEP][PASSED] - setMaskedText(findTestObject("Products/Cerberus/LoginLogout/Password"), "qAisgr8!@"): Text '*********' is set on object 'Object Repository/Products/Cerberus/LoginLogout/Password'

2019-03-19 14:44:16 - [MESSAGE][PASSED] - Text '*********' is set on object 'Object Repository/Products/Cerberus/LoginLogout/Password'

2019-03-19 14:44:16 - [TEST_STEP][PASSED] - waitForElementClickable(findTestObject("Products/Cerberus/LoginLogout/PasswordNextButton"), 15): Object 'Object Repository/Products/Cerberus/LoginLogout/PasswordNextButton' is clickable

2019-03-19 14:44:16 - [MESSAGE][PASSED] - Object 'Object Repository/Products/Cerberus/LoginLogout/PasswordNextButton' is clickable

2019-03-19 14:44:16 - [TEST_STEP][PASSED] - click(findTestObject("Products/Cerberus/LoginLogout/PasswordNextButton")): Object: 'Object Repository/Products/Cerberus/LoginLogout/PasswordNextButton' is clicked on

2019-03-19 14:44:19 - [MESSAGE][PASSED] - Object: 'Object Repository/Products/Cerberus/LoginLogout/PasswordNextButton' is clicked on

2019-03-19 14:44:19 - [TEST_STEP][PASSED] - delay(5): Delayed 5 second(s)

2019-03-19 14:44:24 - [MESSAGE][PASSED] - Delayed 5 second(s)

2019-03-19 14:44:24 - [TEST_STEP][PASSED] - waitForElementClickable(findTestObject("Products/Cerberus/LoginLogout/TenantQATestUtilityCompany"), 15): Object 'Object Repository/Products/Cerberus/LoginLogout/TenantQATestUtilityCompany' is clickable

2019-03-19 14:44:24 - [MESSAGE][PASSED] - Object 'Object Repository/Products/Cerberus/LoginLogout/TenantQATestUtilityCompany' is clickable

2019-03-19 14:44:24 - [TEST_STEP][PASSED] - click(findTestObject("Products/Cerberus/LoginLogout/TenantQATestUtilityCompany")): Object: 'Object Repository/Products/Cerberus/LoginLogout/TenantQATestUtilityCompany' is clicked on

2019-03-19 14:44:24 - [MESSAGE][PASSED] - Object: 'Object Repository/Products/Cerberus/LoginLogout/TenantQATestUtilityCompany' is clicked on

2019-03-19 14:44:24 - [TEST_STEP][PASSED] - verifyElementText(findTestObject("Products/Cerberus/LoginLogout/TenantQATestUtilityCompany"), "QA Test Utility Company"): Actual text and expected text of test object 'Object Repository/Products/Cerberus/LoginLogout/TenantQATestUtilityCompany' are matched.

2019-03-19 14:44:25 - [MESSAGE][PASSED] - Actual text and expected text of test object 'Object Repository/Products/Cerberus/LoginLogout/TenantQATestUtilityCompany' are matched.

2019-03-19 14:44:25 - [TEST_STEP][PASSED] - waitForElementClickable(findTestObject("Products/Cerberus/LoginLogout/TenantSubmitButton"), 15): Object 'Object Repository/Products/Cerberus/LoginLogout/TenantSubmitButton' is clickable

2019-03-19 14:44:25 - [MESSAGE][PASSED] - Object 'Object Repository/Products/Cerberus/LoginLogout/TenantSubmitButton' is clickable

2019-03-19 14:44:25 - [TEST_STEP][PASSED] - click(findTestObject("Products/Cerberus/LoginLogout/TenantSubmitButton")): Object: 'Object Repository/Products/Cerberus/LoginLogout/TenantSubmitButton' is clicked on

2019-03-19 14:44:25 - [MESSAGE][PASSED] - Object: 'Object Repository/Products/Cerberus/LoginLogout/TenantSubmitButton' is clicked on

2019-03-19 14:44:25 - [TEST_STEP][PASSED] - waitForElementClickable(findTestObject("Products/Cerberus/LoginLogout/ChooseApp-Templates"), 15): Object 'Object Repository/Products/Cerberus/LoginLogout/ChooseApp-Templates' is clickable

2019-03-19 14:44:25 - [MESSAGE][PASSED] - Object 'Object Repository/Products/Cerberus/LoginLogout/ChooseApp-Templates' is clickable

2019-03-19 14:44:25 - [TEST_STEP][PASSED] - click(findTestObject("Products/Cerberus/LoginLogout/ChooseApp-Templates")): Object: 'Object Repository/Products/Cerberus/LoginLogout/ChooseApp-Templates' is clicked on

2019-03-19 14:44:25 - [MESSAGE][PASSED] - Object: 'Object Repository/Products/Cerberus/LoginLogout/ChooseApp-Templates' is clicked on

2019-03-19 14:44:25 - [TEST_STEP][PASSED] - waitForElementClickable(findTestObject("Products/Cerberus/LoginLogout/SubmitButton_ChooseApp"), 15): Object 'Object Repository/Products/Cerberus/LoginLogout/SubmitButton_ChooseApp' is clickable

2019-03-19 14:44:25 - [MESSAGE][PASSED] - Object 'Object Repository/Products/Cerberus/LoginLogout/SubmitButton_ChooseApp' is clickable

2019-03-19 14:44:25 - [TEST_STEP][PASSED] - click(findTestObject("Products/Cerberus/LoginLogout/SubmitButton_ChooseApp")): Object: 'Object Repository/Products/Cerberus/LoginLogout/SubmitButton_ChooseApp' is clicked on

2019-03-19 14:44:26 - [MESSAGE][PASSED] - Object: 'Object Repository/Products/Cerberus/LoginLogout/SubmitButton_ChooseApp' is clicked on

2019-03-19 14:44:26 - [TEST_STEP][PASSED] - delay(1): Delayed 1 second(s)

2019-03-19 14:44:27 - [MESSAGE][PASSED] - Delayed 1 second(s)

2019-03-19 14:44:27 - [TEST_STEP][PASSED] - verifyTextPresent("Latest Activity", false): Text 'Latest Activity' is present on page 

2019-03-19 14:44:28 - [MESSAGE][PASSED] - Text 'Latest Activity' is present on page 

2019-03-19 14:44:28 - [TEST_STEP][PASSED] - log.logWarning("--- End Login ---"): --- End Login ---

2019-03-19 14:44:28 - [MESSAGE][WARNING] - --- End Login ---

2019-03-19 14:44:28 - [MESSAGE][PASSED] - Call Test Case 'Test Cases/Products/Cerberus/Login-Logout/TemplateLoginNCQATestUtility' successfully

2019-03-19 14:44:28 - [TEST_STEP][PASSED] - delay(4): Delayed 4 second(s)

2019-03-19 14:44:32 - [MESSAGE][PASSED] - Delayed 4 second(s)

2019-03-19 14:44:32 - [TEST_STEP][PASSED] - click(findTestObject("Products/TemplateApp/Templates/Common/SelectTemplates")): Object: 'Object Repository/Products/TemplateApp/Templates/Common/SelectTemplates' is clicked on

2019-03-19 14:44:32 - [MESSAGE][PASSED] - Object: 'Object Repository/Products/TemplateApp/Templates/Common/SelectTemplates' is clicked on

2019-03-19 14:44:32 - [TEST_STEP][PASSED] - delay(2): Delayed 2 second(s)

2019-03-19 14:44:34 - [MESSAGE][PASSED] - Delayed 2 second(s)

2019-03-19 14:44:34 - [TEST_STEP][PASSED] - click(findTestObject("Products/TemplateApp/SelectEnvironment/downCaret")): Object: 'Object Repository/Products/TemplateApp/SelectEnvironment/downCaret' is clicked on

2019-03-19 14:44:34 - [MESSAGE][PASSED] - Object: 'Object Repository/Products/TemplateApp/SelectEnvironment/downCaret' is clicked on

2019-03-19 14:44:34 - [TEST_STEP][PASSED] - click(findTestObject("Products/TemplateApp/SelectEnvironment/SelectEnvironmentDevelop")): Object: 'Object Repository/Products/TemplateApp/SelectEnvironment/SelectEnvironmentDevelop' is clicked on

2019-03-19 14:44:34 - [MESSAGE][PASSED] - Object: 'Object Repository/Products/TemplateApp/SelectEnvironment/SelectEnvironmentDevelop' is clicked on

2019-03-19 14:44:34 - [TEST_STEP][PASSED] - delay(2): Delayed 2 second(s)

2019-03-19 14:44:36 - [MESSAGE][PASSED] - Delayed 2 second(s)

2019-03-19 14:44:36 - [TEST_STEP][PASSED] - click(findTestObject("Products/TemplateApp/Templates/SMS/SelectSMS")): Object: 'Object Repository/Products/TemplateApp/Templates/SMS/SelectSMS' is clicked on

2019-03-19 14:44:37 - [MESSAGE][PASSED] - Object: 'Object Repository/Products/TemplateApp/Templates/SMS/SelectSMS' is clicked on

2019-03-19 14:44:37 - [TEST_STEP][PASSED] - click(findTestObject("Products/TemplateApp/Templates/Email/ContactAutoPausedForm")): Object: 'Object Repository/Products/TemplateApp/Templates/Email/ContactAutoPausedForm' is clicked on

2019-03-19 14:44:37 - [MESSAGE][PASSED] - Object: 'Object Repository/Products/TemplateApp/Templates/Email/ContactAutoPausedForm' is clicked on

2019-03-19 14:44:37 - [TEST_STEP][PASSED] - verifyElementText(findTestObject("Products/TemplateApp/Templates/Common/FormHeaderText"), "CONTACT_AUTO_PAUSED.NJK"): Actual text and expected text of test object 'Object Repository/Products/TemplateApp/Templates/Common/FormHeaderText' are matched.

2019-03-19 14:44:38 - [MESSAGE][PASSED] - Actual text and expected text of test object 'Object Repository/Products/TemplateApp/Templates/Common/FormHeaderText' are matched.

2019-03-19 14:44:38 - [TEST_STEP][PASSED] - waitForElementClickable(findTestObject("Products/TemplateApp/Templates/Common/PreviewButton"), 10): Object 'Object Repository/Products/TemplateApp/Templates/Common/PreviewButton' is clickable

2019-03-19 14:44:38 - [MESSAGE][PASSED] - Object 'Object Repository/Products/TemplateApp/Templates/Common/PreviewButton' is clickable

2019-03-19 14:44:38 - [TEST_STEP][PASSED] - click(findTestObject("Products/TemplateApp/Templates/Common/PreviewButton")): Object: 'Object Repository/Products/TemplateApp/Templates/Common/PreviewButton' is clicked on

2019-03-19 14:44:38 - [MESSAGE][PASSED] - Object: 'Object Repository/Products/TemplateApp/Templates/Common/PreviewButton' is clicked on

2019-03-19 14:44:38 - [TEST_STEP][PASSED] - delay(5): Delayed 5 second(s)

2019-03-19 14:44:43 - [MESSAGE][PASSED] - Delayed 5 second(s)

2019-03-19 14:44:43 - [TEST_STEP][PASSED] - verifyElementText(findTestObject("Products/TemplateApp/Templates/Common/PreviewHeader"), "PREVIEW"): Actual text and expected text of test object 'Object Repository/Products/TemplateApp/Templates/Common/PreviewHeader' are matched.

2019-03-19 14:44:43 - [MESSAGE][PASSED] - Actual text and expected text of test object 'Object Repository/Products/TemplateApp/Templates/Common/PreviewHeader' are matched.

2019-03-19 14:44:43 - [TEST_STEP][PASSED] - click(findTestObject("Products/TemplateApp/Templates/Common/ClosePreview")): Object: 'Object Repository/Products/TemplateApp/Templates/Common/ClosePreview' is clicked on

2019-03-19 14:44:43 - [MESSAGE][PASSED] - Object: 'Object Repository/Products/TemplateApp/Templates/Common/ClosePreview' is clicked on

2019-03-19 14:44:43 - [TEST_STEP][PASSED] - verifyElementPresent(findTestObject("Products/TemplateApp/Templates/Common/FormHeaderText"), 2): Object 'Object Repository/Products/TemplateApp/Templates/Common/FormHeaderText' is present

2019-03-19 14:44:43 - [MESSAGE][PASSED] - Object 'Object Repository/Products/TemplateApp/Templates/Common/FormHeaderText' is present

2019-03-19 14:44:43 - [TEST_STEP][PASSED] - closeBrowser(): Browser is closed

2019-03-19 14:44:44 - [MESSAGE][PASSED] - Browser is closed]]></system-out>
         <system-err><![CDATA[]]></system-err>
      </testcase>
      <testcase name="Test Cases/Products/TemplateApp/Templates/SMS/EditPostingHelpForm" classname="Test Cases/Products/TemplateApp/Templates/SMS/EditPostingHelpForm" status="FAILED">
         <failure type="FAILED" message="Test Cases/Products/TemplateApp/Templates/SMS/EditPostingHelpForm FAILED.
Reason:
com.kms.katalon.core.exception.StepFailedException: Call Test Case 'Test Cases/Products/Cerberus/Login-Logout/TemplateLoginNCQATestUtility' failed
	at com.kms.katalon.core.keyword.builtin.CallTestCaseKeyword$_callTestCase_closure1.doCall(CallTestCaseKeyword.groovy:63)
	at com.kms.katalon.core.keyword.builtin.CallTestCaseKeyword$_callTestCase_closure1.call(CallTestCaseKeyword.groovy)
	at com.kms.katalon.core.keyword.internal.KeywordMain.runKeyword(KeywordMain.groovy:66)
	at com.kms.katalon.core.keyword.builtin.CallTestCaseKeyword.callTestCase(CallTestCaseKeyword.groovy:81)
	at com.kms.katalon.core.keyword.builtin.CallTestCaseKeyword.execute(CallTestCaseKeyword.groovy:44)
	at com.kms.katalon.core.keyword.internal.KeywordExecutor.executeKeywordForPlatform(KeywordExecutor.groovy:56)
	at com.kms.katalon.core.keyword.BuiltinKeywords.callTestCase(BuiltinKeywords.groovy:334)
	at EditPostingHelpForm.run(EditPostingHelpForm:34)
	at com.kms.katalon.core.main.ScriptEngine.run(ScriptEngine.java:194)
	at com.kms.katalon.core.main.ScriptEngine.runScriptAsRawText(ScriptEngine.java:119)
	at com.kms.katalon.core.main.TestCaseExecutor.runScript(TestCaseExecutor.java:331)
	at com.kms.katalon.core.main.TestCaseExecutor.doExecute(TestCaseExecutor.java:322)
	at com.kms.katalon.core.main.TestCaseExecutor.processExecutionPhase(TestCaseExecutor.java:301)
	at com.kms.katalon.core.main.TestCaseExecutor.accessMainPhase(TestCaseExecutor.java:293)
	at com.kms.katalon.core.main.TestCaseExecutor.execute(TestCaseExecutor.java:227)
	at com.kms.katalon.core.main.TestSuiteExecutor.accessTestCaseMainPhase(TestSuiteExecutor.java:129)
	at com.kms.katalon.core.main.TestSuiteExecutor.accessTestSuiteMainPhase(TestSuiteExecutor.java:112)
	at com.kms.katalon.core.main.TestSuiteExecutor.execute(TestSuiteExecutor.java:81)
	at com.kms.katalon.core.main.TestCaseMain.startTestSuite(TestCaseMain.java:157)
	at com.kms.katalon.core.main.TestCaseMain$startTestSuite$0.call(Unknown Source)
	at TempTestSuite1553031519664.run(TempTestSuite1553031519664.groovy:35)
Caused by: com.kms.katalon.core.exception.StepFailedException: Unable to verify text 'Latest Activity' is present 
	at com.kms.katalon.core.keyword.internal.KeywordMain.stepFailed(KeywordMain.groovy:48)
	at com.kms.katalon.core.webui.keyword.internal.WebUIKeywordMain.stepFailed(WebUIKeywordMain.groovy:65)
	at com.kms.katalon.core.webui.keyword.internal.WebUIKeywordMain.runKeyword(WebUIKeywordMain.groovy:27)
	at com.kms.katalon.core.webui.keyword.builtin.VerifyTextPresentKeyword.verifyTextPresent(VerifyTextPresentKeyword.groovy:83)
	at com.kms.katalon.core.webui.keyword.builtin.VerifyTextPresentKeyword.execute(VerifyTextPresentKeyword.groovy:68)
	at com.kms.katalon.core.keyword.internal.KeywordExecutor.executeKeywordForPlatform(KeywordExecutor.groovy:56)
	at com.kms.katalon.core.webui.keyword.WebUiBuiltInKeywords.verifyTextPresent(WebUiBuiltInKeywords.groovy:1693)
	at com.kms.katalon.core.webui.keyword.WebUiBuiltInKeywords$verifyTextPresent$7.call(Unknown Source)
	at TemplateLoginNCQATestUtility.run(TemplateLoginNCQATestUtility:68)
	at com.kms.katalon.core.main.ScriptEngine.run(ScriptEngine.java:194)
	at com.kms.katalon.core.main.ScriptEngine.runScriptAsRawText(ScriptEngine.java:119)
	at com.kms.katalon.core.main.TestCaseExecutor.runScript(TestCaseExecutor.java:331)
	at com.kms.katalon.core.main.TestCaseExecutor.doExecute(TestCaseExecutor.java:322)
	at com.kms.katalon.core.main.TestCaseExecutor.processExecutionPhase(TestCaseExecutor.java:301)
	at com.kms.katalon.core.main.TestCaseExecutor.accessMainPhase(TestCaseExecutor.java:293)
	at com.kms.katalon.core.main.TestCaseExecutor.execute(TestCaseExecutor.java:227)
	at com.kms.katalon.core.main.TestCaseMain.runTestCase(TestCaseMain.java:114)
	at com.kms.katalon.core.keyword.builtin.CallTestCaseKeyword$_callTestCase_closure1.doCall(CallTestCaseKeyword.groovy:59)
	... 20 more
"/>
         <system-out><![CDATA[2019-03-19 14:44:44 - [TEST_CASE][FAILED] - Test Cases/Products/TemplateApp/Templates/SMS/EditPostingHelpForm: Test Cases/Products/TemplateApp/Templates/SMS/EditPostingHelpForm FAILED.
Reason:
com.kms.katalon.core.exception.StepFailedException: Call Test Case 'Test Cases/Products/Cerberus/Login-Logout/TemplateLoginNCQATestUtility' failed
	at com.kms.katalon.core.keyword.builtin.CallTestCaseKeyword$_callTestCase_closure1.doCall(CallTestCaseKeyword.groovy:63)
	at com.kms.katalon.core.keyword.builtin.CallTestCaseKeyword$_callTestCase_closure1.call(CallTestCaseKeyword.groovy)
	at com.kms.katalon.core.keyword.internal.KeywordMain.runKeyword(KeywordMain.groovy:66)
	at com.kms.katalon.core.keyword.builtin.CallTestCaseKeyword.callTestCase(CallTestCaseKeyword.groovy:81)
	at com.kms.katalon.core.keyword.builtin.CallTestCaseKeyword.execute(CallTestCaseKeyword.groovy:44)
	at com.kms.katalon.core.keyword.internal.KeywordExecutor.executeKeywordForPlatform(KeywordExecutor.groovy:56)
	at com.kms.katalon.core.keyword.BuiltinKeywords.callTestCase(BuiltinKeywords.groovy:334)
	at EditPostingHelpForm.run(EditPostingHelpForm:34)
	at com.kms.katalon.core.main.ScriptEngine.run(ScriptEngine.java:194)
	at com.kms.katalon.core.main.ScriptEngine.runScriptAsRawText(ScriptEngine.java:119)
	at com.kms.katalon.core.main.TestCaseExecutor.runScript(TestCaseExecutor.java:331)
	at com.kms.katalon.core.main.TestCaseExecutor.doExecute(TestCaseExecutor.java:322)
	at com.kms.katalon.core.main.TestCaseExecutor.processExecutionPhase(TestCaseExecutor.java:301)
	at com.kms.katalon.core.main.TestCaseExecutor.accessMainPhase(TestCaseExecutor.java:293)
	at com.kms.katalon.core.main.TestCaseExecutor.execute(TestCaseExecutor.java:227)
	at com.kms.katalon.core.main.TestSuiteExecutor.accessTestCaseMainPhase(TestSuiteExecutor.java:129)
	at com.kms.katalon.core.main.TestSuiteExecutor.accessTestSuiteMainPhase(TestSuiteExecutor.java:112)
	at com.kms.katalon.core.main.TestSuiteExecutor.execute(TestSuiteExecutor.java:81)
	at com.kms.katalon.core.main.TestCaseMain.startTestSuite(TestCaseMain.java:157)
	at com.kms.katalon.core.main.TestCaseMain$startTestSuite$0.call(Unknown Source)
	at TempTestSuite1553031519664.run(TempTestSuite1553031519664.groovy:35)
Caused by: com.kms.katalon.core.exception.StepFailedException: Unable to verify text 'Latest Activity' is present 
	at com.kms.katalon.core.keyword.internal.KeywordMain.stepFailed(KeywordMain.groovy:48)
	at com.kms.katalon.core.webui.keyword.internal.WebUIKeywordMain.stepFailed(WebUIKeywordMain.groovy:65)
	at com.kms.katalon.core.webui.keyword.internal.WebUIKeywordMain.runKeyword(WebUIKeywordMain.groovy:27)
	at com.kms.katalon.core.webui.keyword.builtin.VerifyTextPresentKeyword.verifyTextPresent(VerifyTextPresentKeyword.groovy:83)
	at com.kms.katalon.core.webui.keyword.builtin.VerifyTextPresentKeyword.execute(VerifyTextPresentKeyword.groovy:68)
	at com.kms.katalon.core.keyword.internal.KeywordExecutor.executeKeywordForPlatform(KeywordExecutor.groovy:56)
	at com.kms.katalon.core.webui.keyword.WebUiBuiltInKeywords.verifyTextPresent(WebUiBuiltInKeywords.groovy:1693)
	at com.kms.katalon.core.webui.keyword.WebUiBuiltInKeywords$verifyTextPresent$7.call(Unknown Source)
	at TemplateLoginNCQATestUtility.run(TemplateLoginNCQATestUtility:68)
	at com.kms.katalon.core.main.ScriptEngine.run(ScriptEngine.java:194)
	at com.kms.katalon.core.main.ScriptEngine.runScriptAsRawText(ScriptEngine.java:119)
	at com.kms.katalon.core.main.TestCaseExecutor.runScript(TestCaseExecutor.java:331)
	at com.kms.katalon.core.main.TestCaseExecutor.doExecute(TestCaseExecutor.java:322)
	at com.kms.katalon.core.main.TestCaseExecutor.processExecutionPhase(TestCaseExecutor.java:301)
	at com.kms.katalon.core.main.TestCaseExecutor.accessMainPhase(TestCaseExecutor.java:293)
	at com.kms.katalon.core.main.TestCaseExecutor.execute(TestCaseExecutor.java:227)
	at com.kms.katalon.core.main.TestCaseMain.runTestCase(TestCaseMain.java:114)
	at com.kms.katalon.core.keyword.builtin.CallTestCaseKeyword$_callTestCase_closure1.doCall(CallTestCaseKeyword.groovy:59)
	... 20 more


2019-03-19 14:44:44 - [TEST_STEP][PASSED] - log = new com.kms.katalon.core.logging.KeywordLogger(): null

2019-03-19 14:44:44 - [TEST_STEP][PASSED] - TextValue = tools.TestDataGenerator.getRandomParagraphs(2, 5): tools.TestDataGenerator.getRandomParagraphs is PASSED

2019-03-19 14:44:44 - [MESSAGE][PASSED] - tools.TestDataGenerator.getRandomParagraphs is PASSED

2019-03-19 14:44:44 - [TEST_STEP][PASSED] - log.logInfo(TextValue): Definitionemefficiantur accusata necessitatibus molestie reprimique nostrum invidunt hac consectetur commune sagittis.  Liberosuavitate vocibus conceptam homero elementum intellegebat conubia per.  
Periculisviris accommodare iaculis.  Porrorepudiandae id vivamus molestiae tacimates atqui erat consectetur.  Metusquaerendum eu.  Accumsanpercipit integer vehicula interesset volumus partiendo civibus lobortis curabitur sodales reque curae populo mediocrem intellegat.

2019-03-19 14:44:44 - [MESSAGE][INFO] - Definitionemefficiantur accusata necessitatibus molestie reprimique nostrum invidunt hac consectetur commune sagittis.  Liberosuavitate vocibus conceptam homero elementum intellegebat conubia per.  
Periculisviris accommodare iaculis.  Porrorepudiandae id vivamus molestiae tacimates atqui erat consectetur.  Metusquaerendum eu.  Accumsanpercipit integer vehicula interesset volumus partiendo civibus lobortis curabitur sodales reque curae populo mediocrem intellegat.

2019-03-19 14:44:44 - [TEST_STEP][PASSED] - commitNumber = tools.TestDataGenerator.getRandomWords(2, 2): tools.TestDataGenerator.getRandomWords is PASSED

2019-03-19 14:44:44 - [MESSAGE][PASSED] - tools.TestDataGenerator.getRandomWords is PASSED

2019-03-19 14:44:44 - [TEST_STEP][PASSED] - log.logInfo(commitNumber): principes atqui

2019-03-19 14:44:44 - [MESSAGE][INFO] - principes atqui

2019-03-19 14:44:44 - [TEST_STEP][FAILED] - callTestCase(findTestCase("Products/Cerberus/Login-Logout/TemplateLoginNCQATestUtility"), [:], STOP_ON_FAILURE): callTestCase(findTestCase("Products/Cerberus/Login-Logout/TemplateLoginNCQATestUtility"), [:], STOP_ON_FAILURE) FAILED.
Reason:
com.kms.katalon.core.exception.StepFailedException: Call Test Case 'Test Cases/Products/Cerberus/Login-Logout/TemplateLoginNCQATestUtility' failed
	at com.kms.katalon.core.keyword.builtin.CallTestCaseKeyword$_callTestCase_closure1.doCall(CallTestCaseKeyword.groovy:63)
	at com.kms.katalon.core.keyword.builtin.CallTestCaseKeyword$_callTestCase_closure1.call(CallTestCaseKeyword.groovy)
	at com.kms.katalon.core.keyword.internal.KeywordMain.runKeyword(KeywordMain.groovy:66)
	at com.kms.katalon.core.keyword.builtin.CallTestCaseKeyword.callTestCase(CallTestCaseKeyword.groovy:81)
	at com.kms.katalon.core.keyword.builtin.CallTestCaseKeyword.execute(CallTestCaseKeyword.groovy:44)
	at com.kms.katalon.core.keyword.internal.KeywordExecutor.executeKeywordForPlatform(KeywordExecutor.groovy:56)
	at com.kms.katalon.core.keyword.BuiltinKeywords.callTestCase(BuiltinKeywords.groovy:334)
	at EditPostingHelpForm.run(EditPostingHelpForm:34)
	at com.kms.katalon.core.main.ScriptEngine.run(ScriptEngine.java:194)
	at com.kms.katalon.core.main.ScriptEngine.runScriptAsRawText(ScriptEngine.java:119)
	at com.kms.katalon.core.main.TestCaseExecutor.runScript(TestCaseExecutor.java:331)
	at com.kms.katalon.core.main.TestCaseExecutor.doExecute(TestCaseExecutor.java:322)
	at com.kms.katalon.core.main.TestCaseExecutor.processExecutionPhase(TestCaseExecutor.java:301)
	at com.kms.katalon.core.main.TestCaseExecutor.accessMainPhase(TestCaseExecutor.java:293)
	at com.kms.katalon.core.main.TestCaseExecutor.execute(TestCaseExecutor.java:227)
	at com.kms.katalon.core.main.TestSuiteExecutor.accessTestCaseMainPhase(TestSuiteExecutor.java:129)
	at com.kms.katalon.core.main.TestSuiteExecutor.accessTestSuiteMainPhase(TestSuiteExecutor.java:112)
	at com.kms.katalon.core.main.TestSuiteExecutor.execute(TestSuiteExecutor.java:81)
	at com.kms.katalon.core.main.TestCaseMain.startTestSuite(TestCaseMain.java:157)
	at com.kms.katalon.core.main.TestCaseMain$startTestSuite$0.call(Unknown Source)
	at TempTestSuite1553031519664.run(TempTestSuite1553031519664.groovy:35)
Caused by: com.kms.katalon.core.exception.StepFailedException: Unable to verify text 'Latest Activity' is present 
	at com.kms.katalon.core.keyword.internal.KeywordMain.stepFailed(KeywordMain.groovy:48)
	at com.kms.katalon.core.webui.keyword.internal.WebUIKeywordMain.stepFailed(WebUIKeywordMain.groovy:65)
	at com.kms.katalon.core.webui.keyword.internal.WebUIKeywordMain.runKeyword(WebUIKeywordMain.groovy:27)
	at com.kms.katalon.core.webui.keyword.builtin.VerifyTextPresentKeyword.verifyTextPresent(VerifyTextPresentKeyword.groovy:83)
	at com.kms.katalon.core.webui.keyword.builtin.VerifyTextPresentKeyword.execute(VerifyTextPresentKeyword.groovy:68)
	at com.kms.katalon.core.keyword.internal.KeywordExecutor.executeKeywordForPlatform(KeywordExecutor.groovy:56)
	at com.kms.katalon.core.webui.keyword.WebUiBuiltInKeywords.verifyTextPresent(WebUiBuiltInKeywords.groovy:1693)
	at com.kms.katalon.core.webui.keyword.WebUiBuiltInKeywords$verifyTextPresent$7.call(Unknown Source)
	at TemplateLoginNCQATestUtility.run(TemplateLoginNCQATestUtility:68)
	at com.kms.katalon.core.main.ScriptEngine.run(ScriptEngine.java:194)
	at com.kms.katalon.core.main.ScriptEngine.runScriptAsRawText(ScriptEngine.java:119)
	at com.kms.katalon.core.main.TestCaseExecutor.runScript(TestCaseExecutor.java:331)
	at com.kms.katalon.core.main.TestCaseExecutor.doExecute(TestCaseExecutor.java:322)
	at com.kms.katalon.core.main.TestCaseExecutor.processExecutionPhase(TestCaseExecutor.java:301)
	at com.kms.katalon.core.main.TestCaseExecutor.accessMainPhase(TestCaseExecutor.java:293)
	at com.kms.katalon.core.main.TestCaseExecutor.execute(TestCaseExecutor.java:227)
	at com.kms.katalon.core.main.TestCaseMain.runTestCase(TestCaseMain.java:114)
	at com.kms.katalon.core.keyword.builtin.CallTestCaseKeyword$_callTestCase_closure1.doCall(CallTestCaseKeyword.groovy:59)
	... 20 more


2019-03-19 14:44:44 - [TEST_CASE][FAILED] - Test Cases/Products/Cerberus/Login-Logout/TemplateLoginNCQATestUtility: Test Cases/Products/Cerberus/Login-Logout/TemplateLoginNCQATestUtility FAILED.
Reason:
com.kms.katalon.core.exception.StepFailedException: Unable to verify text 'Latest Activity' is present 
	at com.kms.katalon.core.keyword.internal.KeywordMain.stepFailed(KeywordMain.groovy:48)
	at com.kms.katalon.core.webui.keyword.internal.WebUIKeywordMain.stepFailed(WebUIKeywordMain.groovy:65)
	at com.kms.katalon.core.webui.keyword.internal.WebUIKeywordMain.runKeyword(WebUIKeywordMain.groovy:27)
	at com.kms.katalon.core.webui.keyword.builtin.VerifyTextPresentKeyword.verifyTextPresent(VerifyTextPresentKeyword.groovy:83)
	at com.kms.katalon.core.webui.keyword.builtin.VerifyTextPresentKeyword.execute(VerifyTextPresentKeyword.groovy:68)
	at com.kms.katalon.core.keyword.internal.KeywordExecutor.executeKeywordForPlatform(KeywordExecutor.groovy:56)
	at com.kms.katalon.core.webui.keyword.WebUiBuiltInKeywords.verifyTextPresent(WebUiBuiltInKeywords.groovy:1693)
	at com.kms.katalon.core.webui.keyword.WebUiBuiltInKeywords$verifyTextPresent$7.call(Unknown Source)
	at TemplateLoginNCQATestUtility.run(TemplateLoginNCQATestUtility:68)
	at com.kms.katalon.core.main.ScriptEngine.run(ScriptEngine.java:194)
	at com.kms.katalon.core.main.ScriptEngine.runScriptAsRawText(ScriptEngine.java:119)
	at com.kms.katalon.core.main.TestCaseExecutor.runScript(TestCaseExecutor.java:331)
	at com.kms.katalon.core.main.TestCaseExecutor.doExecute(TestCaseExecutor.java:322)
	at com.kms.katalon.core.main.TestCaseExecutor.processExecutionPhase(TestCaseExecutor.java:301)
	at com.kms.katalon.core.main.TestCaseExecutor.accessMainPhase(TestCaseExecutor.java:293)
	at com.kms.katalon.core.main.TestCaseExecutor.execute(TestCaseExecutor.java:227)
	at com.kms.katalon.core.main.TestCaseMain.runTestCase(TestCaseMain.java:114)
	at com.kms.katalon.core.keyword.builtin.CallTestCaseKeyword$_callTestCase_closure1.doCall(CallTestCaseKeyword.groovy:59)
	at com.kms.katalon.core.keyword.builtin.CallTestCaseKeyword$_callTestCase_closure1.call(CallTestCaseKeyword.groovy)
	at com.kms.katalon.core.keyword.internal.KeywordMain.runKeyword(KeywordMain.groovy:66)
	at com.kms.katalon.core.keyword.builtin.CallTestCaseKeyword.callTestCase(CallTestCaseKeyword.groovy:81)
	at com.kms.katalon.core.keyword.builtin.CallTestCaseKeyword.execute(CallTestCaseKeyword.groovy:44)
	at com.kms.katalon.core.keyword.internal.KeywordExecutor.executeKeywordForPlatform(KeywordExecutor.groovy:56)
	at com.kms.katalon.core.keyword.BuiltinKeywords.callTestCase(BuiltinKeywords.groovy:334)
	at EditPostingHelpForm.run(EditPostingHelpForm:34)
	at com.kms.katalon.core.main.ScriptEngine.run(ScriptEngine.java:194)
	at com.kms.katalon.core.main.ScriptEngine.runScriptAsRawText(ScriptEngine.java:119)
	at com.kms.katalon.core.main.TestCaseExecutor.runScript(TestCaseExecutor.java:331)
	at com.kms.katalon.core.main.TestCaseExecutor.doExecute(TestCaseExecutor.java:322)
	at com.kms.katalon.core.main.TestCaseExecutor.processExecutionPhase(TestCaseExecutor.java:301)
	at com.kms.katalon.core.main.TestCaseExecutor.accessMainPhase(TestCaseExecutor.java:293)
	at com.kms.katalon.core.main.TestCaseExecutor.execute(TestCaseExecutor.java:227)
	at com.kms.katalon.core.main.TestSuiteExecutor.accessTestCaseMainPhase(TestSuiteExecutor.java:129)
	at com.kms.katalon.core.main.TestSuiteExecutor.accessTestSuiteMainPhase(TestSuiteExecutor.java:112)
	at com.kms.katalon.core.main.TestSuiteExecutor.execute(TestSuiteExecutor.java:81)
	at com.kms.katalon.core.main.TestCaseMain.startTestSuite(TestCaseMain.java:157)
	at com.kms.katalon.core.main.TestCaseMain$startTestSuite$0.call(Unknown Source)
	at TempTestSuite1553031519664.run(TempTestSuite1553031519664.groovy:35)


2019-03-19 14:44:44 - [TEST_STEP][PASSED] - log = new com.kms.katalon.core.logging.KeywordLogger(): null

2019-03-19 14:44:44 - [TEST_STEP][PASSED] - comment("Open browser and Login"): Open browser and Login

2019-03-19 14:44:44 - [MESSAGE][INFO] - Open browser and Login

2019-03-19 14:44:44 - [TEST_STEP][PASSED] - openBrowser(G_DefaultSiteURL): Browser is opened with url: 'https://dev.kubra.io'

2019-03-19 14:44:44 - [MESSAGE][INFO] - Starting 'Firefox' driver

2019-03-19 14:44:48 - [MESSAGE][PASSED] - Browser is opened with url: 'https://dev.kubra.io'

2019-03-19 14:44:48 - [TEST_STEP][PASSED] - waitForPageLoad(G_ShortTimeout): Wait for page load successfully

2019-03-19 14:44:48 - [MESSAGE][PASSED] - Wait for page load successfully

2019-03-19 14:44:48 - [TEST_STEP][PASSED] - maximizeWindow(): Current window maximized

2019-03-19 14:44:48 - [MESSAGE][PASSED] - Current window maximized

2019-03-19 14:44:48 - [TEST_STEP][PASSED] - log.logWarning("--- Begin Login ---"): --- Begin Login ---

2019-03-19 14:44:48 - [MESSAGE][WARNING] - --- Begin Login ---

2019-03-19 14:44:48 - [TEST_STEP][PASSED] - log.logWarning("Logging in to environment - " + G_DefaultSiteURL): Logging in to environment - https://dev.kubra.io

2019-03-19 14:44:48 - [MESSAGE][WARNING] - Logging in to environment - https://dev.kubra.io

2019-03-19 14:44:48 - [TEST_STEP][PASSED] - waitForElementClickable(findTestObject("Products/Cerberus/LoginLogout/LogInWithGoogle"), 15): Object 'Object Repository/Products/Cerberus/LoginLogout/LogInWithGoogle' is clickable

2019-03-19 14:44:49 - [MESSAGE][PASSED] - Object 'Object Repository/Products/Cerberus/LoginLogout/LogInWithGoogle' is clickable

2019-03-19 14:44:49 - [TEST_STEP][PASSED] - delay(2): Delayed 2 second(s)

2019-03-19 14:44:51 - [MESSAGE][PASSED] - Delayed 2 second(s)

2019-03-19 14:44:51 - [TEST_STEP][PASSED] - click(findTestObject("Products/Cerberus/LoginLogout/LogInWithGoogle")): Object: 'Object Repository/Products/Cerberus/LoginLogout/LogInWithGoogle' is clicked on

2019-03-19 14:44:52 - [MESSAGE][PASSED] - Object: 'Object Repository/Products/Cerberus/LoginLogout/LogInWithGoogle' is clicked on

2019-03-19 14:44:52 - [TEST_STEP][PASSED] - waitForElementVisible(findTestObject("Products/Cerberus/LoginLogout/UserName"), 15): Object 'Object Repository/Products/Cerberus/LoginLogout/UserName' is visible

2019-03-19 14:44:52 - [MESSAGE][PASSED] - Object 'Object Repository/Products/Cerberus/LoginLogout/UserName' is visible

2019-03-19 14:44:52 - [TEST_STEP][PASSED] - setMaskedText(findTestObject("Products/Cerberus/LoginLogout/UserName"), "tempeqa@kubra.com"): Text '*****************' is set on object 'Object Repository/Products/Cerberus/LoginLogout/UserName'

2019-03-19 14:44:53 - [MESSAGE][PASSED] - Text '*****************' is set on object 'Object Repository/Products/Cerberus/LoginLogout/UserName'

2019-03-19 14:44:53 - [TEST_STEP][PASSED] - waitForElementVisible(findTestObject("Products/Cerberus/LoginLogout/UserNameNextButton"), 15): Object 'Object Repository/Products/Cerberus/LoginLogout/UserNameNextButton' is visible

2019-03-19 14:44:53 - [MESSAGE][PASSED] - Object 'Object Repository/Products/Cerberus/LoginLogout/UserNameNextButton' is visible

2019-03-19 14:44:53 - [TEST_STEP][PASSED] - click(findTestObject("Products/Cerberus/LoginLogout/UserNameNextButton")): Object: 'Object Repository/Products/Cerberus/LoginLogout/UserNameNextButton' is clicked on

2019-03-19 14:44:53 - [MESSAGE][PASSED] - Object: 'Object Repository/Products/Cerberus/LoginLogout/UserNameNextButton' is clicked on

2019-03-19 14:44:53 - [TEST_STEP][PASSED] - waitForElementVisible(findTestObject("Products/Cerberus/LoginLogout/Password"), 15): Object 'Object Repository/Products/Cerberus/LoginLogout/Password' is visible

2019-03-19 14:44:54 - [MESSAGE][PASSED] - Object 'Object Repository/Products/Cerberus/LoginLogout/Password' is visible

2019-03-19 14:44:54 - [TEST_STEP][PASSED] - setMaskedText(findTestObject("Products/Cerberus/LoginLogout/Password"), "qAisgr8!@"): Text '*********' is set on object 'Object Repository/Products/Cerberus/LoginLogout/Password'

2019-03-19 14:44:54 - [MESSAGE][PASSED] - Text '*********' is set on object 'Object Repository/Products/Cerberus/LoginLogout/Password'

2019-03-19 14:44:54 - [TEST_STEP][PASSED] - waitForElementClickable(findTestObject("Products/Cerberus/LoginLogout/PasswordNextButton"), 15): Object 'Object Repository/Products/Cerberus/LoginLogout/PasswordNextButton' is clickable

2019-03-19 14:44:54 - [MESSAGE][PASSED] - Object 'Object Repository/Products/Cerberus/LoginLogout/PasswordNextButton' is clickable

2019-03-19 14:44:54 - [TEST_STEP][PASSED] - click(findTestObject("Products/Cerberus/LoginLogout/PasswordNextButton")): Object: 'Object Repository/Products/Cerberus/LoginLogout/PasswordNextButton' is clicked on

2019-03-19 14:44:58 - [MESSAGE][PASSED] - Object: 'Object Repository/Products/Cerberus/LoginLogout/PasswordNextButton' is clicked on

2019-03-19 14:44:58 - [TEST_STEP][PASSED] - delay(5): Delayed 5 second(s)

2019-03-19 14:45:03 - [MESSAGE][PASSED] - Delayed 5 second(s)

2019-03-19 14:45:03 - [TEST_STEP][PASSED] - waitForElementClickable(findTestObject("Products/Cerberus/LoginLogout/TenantQATestUtilityCompany"), 15): Object 'Object Repository/Products/Cerberus/LoginLogout/TenantQATestUtilityCompany' is clickable

2019-03-19 14:45:03 - [MESSAGE][PASSED] - Object 'Object Repository/Products/Cerberus/LoginLogout/TenantQATestUtilityCompany' is clickable

2019-03-19 14:45:03 - [TEST_STEP][PASSED] - click(findTestObject("Products/Cerberus/LoginLogout/TenantQATestUtilityCompany")): Object: 'Object Repository/Products/Cerberus/LoginLogout/TenantQATestUtilityCompany' is clicked on

2019-03-19 14:45:03 - [MESSAGE][PASSED] - Object: 'Object Repository/Products/Cerberus/LoginLogout/TenantQATestUtilityCompany' is clicked on

2019-03-19 14:45:03 - [TEST_STEP][PASSED] - verifyElementText(findTestObject("Products/Cerberus/LoginLogout/TenantQATestUtilityCompany"), "QA Test Utility Company"): Actual text and expected text of test object 'Object Repository/Products/Cerberus/LoginLogout/TenantQATestUtilityCompany' are matched.

2019-03-19 14:45:03 - [MESSAGE][PASSED] - Actual text and expected text of test object 'Object Repository/Products/Cerberus/LoginLogout/TenantQATestUtilityCompany' are matched.

2019-03-19 14:45:03 - [TEST_STEP][PASSED] - waitForElementClickable(findTestObject("Products/Cerberus/LoginLogout/TenantSubmitButton"), 15): Object 'Object Repository/Products/Cerberus/LoginLogout/TenantSubmitButton' is clickable

2019-03-19 14:45:03 - [MESSAGE][PASSED] - Object 'Object Repository/Products/Cerberus/LoginLogout/TenantSubmitButton' is clickable

2019-03-19 14:45:03 - [TEST_STEP][PASSED] - click(findTestObject("Products/Cerberus/LoginLogout/TenantSubmitButton")): Object: 'Object Repository/Products/Cerberus/LoginLogout/TenantSubmitButton' is clicked on

2019-03-19 14:45:04 - [MESSAGE][PASSED] - Object: 'Object Repository/Products/Cerberus/LoginLogout/TenantSubmitButton' is clicked on

2019-03-19 14:45:04 - [TEST_STEP][PASSED] - waitForElementClickable(findTestObject("Products/Cerberus/LoginLogout/ChooseApp-Templates"), 15): Object 'Object Repository/Products/Cerberus/LoginLogout/ChooseApp-Templates' is clickable

2019-03-19 14:45:04 - [MESSAGE][PASSED] - Object 'Object Repository/Products/Cerberus/LoginLogout/ChooseApp-Templates' is clickable

2019-03-19 14:45:04 - [TEST_STEP][PASSED] - click(findTestObject("Products/Cerberus/LoginLogout/ChooseApp-Templates")): Object: 'Object Repository/Products/Cerberus/LoginLogout/ChooseApp-Templates' is clicked on

2019-03-19 14:45:04 - [MESSAGE][PASSED] - Object: 'Object Repository/Products/Cerberus/LoginLogout/ChooseApp-Templates' is clicked on

2019-03-19 14:45:04 - [TEST_STEP][PASSED] - waitForElementClickable(findTestObject("Products/Cerberus/LoginLogout/SubmitButton_ChooseApp"), 15): Object 'Object Repository/Products/Cerberus/LoginLogout/SubmitButton_ChooseApp' is clickable

2019-03-19 14:45:04 - [MESSAGE][PASSED] - Object 'Object Repository/Products/Cerberus/LoginLogout/SubmitButton_ChooseApp' is clickable

2019-03-19 14:45:04 - [TEST_STEP][PASSED] - click(findTestObject("Products/Cerberus/LoginLogout/SubmitButton_ChooseApp")): Object: 'Object Repository/Products/Cerberus/LoginLogout/SubmitButton_ChooseApp' is clicked on

2019-03-19 14:45:06 - [MESSAGE][PASSED] - Object: 'Object Repository/Products/Cerberus/LoginLogout/SubmitButton_ChooseApp' is clicked on

2019-03-19 14:45:06 - [TEST_STEP][PASSED] - delay(1): Delayed 1 second(s)

2019-03-19 14:45:07 - [MESSAGE][PASSED] - Delayed 1 second(s)

2019-03-19 14:45:07 - [TEST_STEP][FAILED] - verifyTextPresent("Latest Activity", false): verifyTextPresent("Latest Activity", false) FAILED.
Reason:
com.kms.katalon.core.exception.StepFailedException: Unable to verify text 'Latest Activity' is present 
	at com.kms.katalon.core.keyword.internal.KeywordMain.stepFailed(KeywordMain.groovy:48)
	at com.kms.katalon.core.webui.keyword.internal.WebUIKeywordMain.stepFailed(WebUIKeywordMain.groovy:65)
	at com.kms.katalon.core.webui.keyword.internal.WebUIKeywordMain.runKeyword(WebUIKeywordMain.groovy:27)
	at com.kms.katalon.core.webui.keyword.builtin.VerifyTextPresentKeyword.verifyTextPresent(VerifyTextPresentKeyword.groovy:83)
	at com.kms.katalon.core.webui.keyword.builtin.VerifyTextPresentKeyword.execute(VerifyTextPresentKeyword.groovy:68)
	at com.kms.katalon.core.keyword.internal.KeywordExecutor.executeKeywordForPlatform(KeywordExecutor.groovy:56)
	at com.kms.katalon.core.webui.keyword.WebUiBuiltInKeywords.verifyTextPresent(WebUiBuiltInKeywords.groovy:1693)
	at com.kms.katalon.core.webui.keyword.WebUiBuiltInKeywords$verifyTextPresent$7.call(Unknown Source)
	at TemplateLoginNCQATestUtility.run(TemplateLoginNCQATestUtility:68)
	at com.kms.katalon.core.main.ScriptEngine.run(ScriptEngine.java:194)
	at com.kms.katalon.core.main.ScriptEngine.runScriptAsRawText(ScriptEngine.java:119)
	at com.kms.katalon.core.main.TestCaseExecutor.runScript(TestCaseExecutor.java:331)
	at com.kms.katalon.core.main.TestCaseExecutor.doExecute(TestCaseExecutor.java:322)
	at com.kms.katalon.core.main.TestCaseExecutor.processExecutionPhase(TestCaseExecutor.java:301)
	at com.kms.katalon.core.main.TestCaseExecutor.accessMainPhase(TestCaseExecutor.java:293)
	at com.kms.katalon.core.main.TestCaseExecutor.execute(TestCaseExecutor.java:227)
	at com.kms.katalon.core.main.TestCaseMain.runTestCase(TestCaseMain.java:114)
	at com.kms.katalon.core.keyword.builtin.CallTestCaseKeyword$_callTestCase_closure1.doCall(CallTestCaseKeyword.groovy:59)
	at com.kms.katalon.core.keyword.builtin.CallTestCaseKeyword$_callTestCase_closure1.call(CallTestCaseKeyword.groovy)
	at com.kms.katalon.core.keyword.internal.KeywordMain.runKeyword(KeywordMain.groovy:66)
	at com.kms.katalon.core.keyword.builtin.CallTestCaseKeyword.callTestCase(CallTestCaseKeyword.groovy:81)
	at com.kms.katalon.core.keyword.builtin.CallTestCaseKeyword.execute(CallTestCaseKeyword.groovy:44)
	at com.kms.katalon.core.keyword.internal.KeywordExecutor.executeKeywordForPlatform(KeywordExecutor.groovy:56)
	at com.kms.katalon.core.keyword.BuiltinKeywords.callTestCase(BuiltinKeywords.groovy:334)
	at EditPostingHelpForm.run(EditPostingHelpForm:34)
	at com.kms.katalon.core.main.ScriptEngine.run(ScriptEngine.java:194)
	at com.kms.katalon.core.main.ScriptEngine.runScriptAsRawText(ScriptEngine.java:119)
	at com.kms.katalon.core.main.TestCaseExecutor.runScript(TestCaseExecutor.java:331)
	at com.kms.katalon.core.main.TestCaseExecutor.doExecute(TestCaseExecutor.java:322)
	at com.kms.katalon.core.main.TestCaseExecutor.processExecutionPhase(TestCaseExecutor.java:301)
	at com.kms.katalon.core.main.TestCaseExecutor.accessMainPhase(TestCaseExecutor.java:293)
	at com.kms.katalon.core.main.TestCaseExecutor.execute(TestCaseExecutor.java:227)
	at com.kms.katalon.core.main.TestSuiteExecutor.accessTestCaseMainPhase(TestSuiteExecutor.java:129)
	at com.kms.katalon.core.main.TestSuiteExecutor.accessTestSuiteMainPhase(TestSuiteExecutor.java:112)
	at com.kms.katalon.core.main.TestSuiteExecutor.execute(TestSuiteExecutor.java:81)
	at com.kms.katalon.core.main.TestCaseMain.startTestSuite(TestCaseMain.java:157)
	at com.kms.katalon.core.main.TestCaseMain$startTestSuite$0.call(Unknown Source)
	at TempTestSuite1553031519664.run(TempTestSuite1553031519664.groovy:35)


2019-03-19 14:45:07 - [MESSAGE][FAILED] - Text 'Latest Activity' is not present on page 

2019-03-19 14:45:07 - [MESSAGE][FAILED] - Unable to verify text 'Latest Activity' is present 
[[ATTACHMENT|/Users/pshukla/Documents/Katalon Studio/qa-templates/Reports/Templates/20190319_143829/1553031907136.png]]

2019-03-19 14:45:07 - [MESSAGE][FAILED] - verifyTextPresent("Latest Activity", false) FAILED.
Reason:
com.kms.katalon.core.exception.StepFailedException: Unable to verify text 'Latest Activity' is present 
	at com.kms.katalon.core.keyword.internal.KeywordMain.stepFailed(KeywordMain.groovy:48)
	at com.kms.katalon.core.webui.keyword.internal.WebUIKeywordMain.stepFailed(WebUIKeywordMain.groovy:65)
	at com.kms.katalon.core.webui.keyword.internal.WebUIKeywordMain.runKeyword(WebUIKeywordMain.groovy:27)
	at com.kms.katalon.core.webui.keyword.builtin.VerifyTextPresentKeyword.verifyTextPresent(VerifyTextPresentKeyword.groovy:83)
	at com.kms.katalon.core.webui.keyword.builtin.VerifyTextPresentKeyword.execute(VerifyTextPresentKeyword.groovy:68)
	at com.kms.katalon.core.keyword.internal.KeywordExecutor.executeKeywordForPlatform(KeywordExecutor.groovy:56)
	at com.kms.katalon.core.webui.keyword.WebUiBuiltInKeywords.verifyTextPresent(WebUiBuiltInKeywords.groovy:1693)
	at com.kms.katalon.core.webui.keyword.WebUiBuiltInKeywords$verifyTextPresent$7.call(Unknown Source)
	at TemplateLoginNCQATestUtility.run(TemplateLoginNCQATestUtility:68)
	at com.kms.katalon.core.main.ScriptEngine.run(ScriptEngine.java:194)
	at com.kms.katalon.core.main.ScriptEngine.runScriptAsRawText(ScriptEngine.java:119)
	at com.kms.katalon.core.main.TestCaseExecutor.runScript(TestCaseExecutor.java:331)
	at com.kms.katalon.core.main.TestCaseExecutor.doExecute(TestCaseExecutor.java:322)
	at com.kms.katalon.core.main.TestCaseExecutor.processExecutionPhase(TestCaseExecutor.java:301)
	at com.kms.katalon.core.main.TestCaseExecutor.accessMainPhase(TestCaseExecutor.java:293)
	at com.kms.katalon.core.main.TestCaseExecutor.execute(TestCaseExecutor.java:227)
	at com.kms.katalon.core.main.TestCaseMain.runTestCase(TestCaseMain.java:114)
	at com.kms.katalon.core.keyword.builtin.CallTestCaseKeyword$_callTestCase_closure1.doCall(CallTestCaseKeyword.groovy:59)
	at com.kms.katalon.core.keyword.builtin.CallTestCaseKeyword$_callTestCase_closure1.call(CallTestCaseKeyword.groovy)
	at com.kms.katalon.core.keyword.internal.KeywordMain.runKeyword(KeywordMain.groovy:66)
	at com.kms.katalon.core.keyword.builtin.CallTestCaseKeyword.callTestCase(CallTestCaseKeyword.groovy:81)
	at com.kms.katalon.core.keyword.builtin.CallTestCaseKeyword.execute(CallTestCaseKeyword.groovy:44)
	at com.kms.katalon.core.keyword.internal.KeywordExecutor.executeKeywordForPlatform(KeywordExecutor.groovy:56)
	at com.kms.katalon.core.keyword.BuiltinKeywords.callTestCase(BuiltinKeywords.groovy:334)
	at EditPostingHelpForm.run(EditPostingHelpForm:34)
	at com.kms.katalon.core.main.ScriptEngine.run(ScriptEngine.java:194)
	at com.kms.katalon.core.main.ScriptEngine.runScriptAsRawText(ScriptEngine.java:119)
	at com.kms.katalon.core.main.TestCaseExecutor.runScript(TestCaseExecutor.java:331)
	at com.kms.katalon.core.main.TestCaseExecutor.doExecute(TestCaseExecutor.java:322)
	at com.kms.katalon.core.main.TestCaseExecutor.processExecutionPhase(TestCaseExecutor.java:301)
	at com.kms.katalon.core.main.TestCaseExecutor.accessMainPhase(TestCaseExecutor.java:293)
	at com.kms.katalon.core.main.TestCaseExecutor.execute(TestCaseExecutor.java:227)
	at com.kms.katalon.core.main.TestSuiteExecutor.accessTestCaseMainPhase(TestSuiteExecutor.java:129)
	at com.kms.katalon.core.main.TestSuiteExecutor.accessTestSuiteMainPhase(TestSuiteExecutor.java:112)
	at com.kms.katalon.core.main.TestSuiteExecutor.execute(TestSuiteExecutor.java:81)
	at com.kms.katalon.core.main.TestCaseMain.startTestSuite(TestCaseMain.java:157)
	at com.kms.katalon.core.main.TestCaseMain$startTestSuite$0.call(Unknown Source)
	at TempTestSuite1553031519664.run(TempTestSuite1553031519664.groovy:35)


2019-03-19 14:45:07 - [MESSAGE][FAILED] - Unable to call Test Case 'Test Cases/Products/Cerberus/Login-Logout/TemplateLoginNCQATestUtility' (Root cause: com.kms.katalon.core.exception.StepFailedException: Call Test Case 'Test Cases/Products/Cerberus/Login-Logout/TemplateLoginNCQATestUtility' failed
	at com.kms.katalon.core.keyword.builtin.CallTestCaseKeyword$_callTestCase_closure1.doCall(CallTestCaseKeyword.groovy:63)
	at com.kms.katalon.core.keyword.builtin.CallTestCaseKeyword$_callTestCase_closure1.call(CallTestCaseKeyword.groovy)
	at com.kms.katalon.core.keyword.internal.KeywordMain.runKeyword(KeywordMain.groovy:66)
	at com.kms.katalon.core.keyword.builtin.CallTestCaseKeyword.callTestCase(CallTestCaseKeyword.groovy:81)
	at com.kms.katalon.core.keyword.builtin.CallTestCaseKeyword.execute(CallTestCaseKeyword.groovy:44)
	at com.kms.katalon.core.keyword.internal.KeywordExecutor.executeKeywordForPlatform(KeywordExecutor.groovy:56)
	at com.kms.katalon.core.keyword.BuiltinKeywords.callTestCase(BuiltinKeywords.groovy:334)
	at EditPostingHelpForm.run(EditPostingHelpForm:34)
	at com.kms.katalon.core.main.ScriptEngine.run(ScriptEngine.java:194)
	at com.kms.katalon.core.main.ScriptEngine.runScriptAsRawText(ScriptEngine.java:119)
	at com.kms.katalon.core.main.TestCaseExecutor.runScript(TestCaseExecutor.java:331)
	at com.kms.katalon.core.main.TestCaseExecutor.doExecute(TestCaseExecutor.java:322)
	at com.kms.katalon.core.main.TestCaseExecutor.processExecutionPhase(TestCaseExecutor.java:301)
	at com.kms.katalon.core.main.TestCaseExecutor.accessMainPhase(TestCaseExecutor.java:293)
	at com.kms.katalon.core.main.TestCaseExecutor.execute(TestCaseExecutor.java:227)
	at com.kms.katalon.core.main.TestSuiteExecutor.accessTestCaseMainPhase(TestSuiteExecutor.java:129)
	at com.kms.katalon.core.main.TestSuiteExecutor.accessTestSuiteMainPhase(TestSuiteExecutor.java:112)
	at com.kms.katalon.core.main.TestSuiteExecutor.execute(TestSuiteExecutor.java:81)
	at com.kms.katalon.core.main.TestCaseMain.startTestSuite(TestCaseMain.java:157)
	at com.kms.katalon.core.main.TestCaseMain$startTestSuite$0.call(Unknown Source)
	at TempTestSuite1553031519664.run(TempTestSuite1553031519664.groovy:35)
Caused by: com.kms.katalon.core.exception.StepFailedException: Unable to verify text 'Latest Activity' is present 
	at com.kms.katalon.core.keyword.internal.KeywordMain.stepFailed(KeywordMain.groovy:48)
	at com.kms.katalon.core.webui.keyword.internal.WebUIKeywordMain.stepFailed(WebUIKeywordMain.groovy:65)
	at com.kms.katalon.core.webui.keyword.internal.WebUIKeywordMain.runKeyword(WebUIKeywordMain.groovy:27)
	at com.kms.katalon.core.webui.keyword.builtin.VerifyTextPresentKeyword.verifyTextPresent(VerifyTextPresentKeyword.groovy:83)
	at com.kms.katalon.core.webui.keyword.builtin.VerifyTextPresentKeyword.execute(VerifyTextPresentKeyword.groovy:68)
	at com.kms.katalon.core.keyword.internal.KeywordExecutor.executeKeywordForPlatform(KeywordExecutor.groovy:56)
	at com.kms.katalon.core.webui.keyword.WebUiBuiltInKeywords.verifyTextPresent(WebUiBuiltInKeywords.groovy:1693)
	at com.kms.katalon.core.webui.keyword.WebUiBuiltInKeywords$verifyTextPresent$7.call(Unknown Source)
	at TemplateLoginNCQATestUtility.run(TemplateLoginNCQATestUtility:68)
	at com.kms.katalon.core.main.ScriptEngine.run(ScriptEngine.java:194)
	at com.kms.katalon.core.main.ScriptEngine.runScriptAsRawText(ScriptEngine.java:119)
	at com.kms.katalon.core.main.TestCaseExecutor.runScript(TestCaseExecutor.java:331)
	at com.kms.katalon.core.main.TestCaseExecutor.doExecute(TestCaseExecutor.java:322)
	at com.kms.katalon.core.main.TestCaseExecutor.processExecutionPhase(TestCaseExecutor.java:301)
	at com.kms.katalon.core.main.TestCaseExecutor.accessMainPhase(TestCaseExecutor.java:293)
	at com.kms.katalon.core.main.TestCaseExecutor.execute(TestCaseExecutor.java:227)
	at com.kms.katalon.core.main.TestCaseMain.runTestCase(TestCaseMain.java:114)
	at com.kms.katalon.core.keyword.builtin.CallTestCaseKeyword$_callTestCase_closure1.doCall(CallTestCaseKeyword.groovy:59)
	... 20 more
)

2019-03-19 14:45:07 - [MESSAGE][FAILED] - callTestCase(findTestCase("Products/Cerberus/Login-Logout/TemplateLoginNCQATestUtility"), [:], STOP_ON_FAILURE) FAILED.
Reason:
com.kms.katalon.core.exception.StepFailedException: Call Test Case 'Test Cases/Products/Cerberus/Login-Logout/TemplateLoginNCQATestUtility' failed
	at com.kms.katalon.core.keyword.builtin.CallTestCaseKeyword$_callTestCase_closure1.doCall(CallTestCaseKeyword.groovy:63)
	at com.kms.katalon.core.keyword.builtin.CallTestCaseKeyword$_callTestCase_closure1.call(CallTestCaseKeyword.groovy)
	at com.kms.katalon.core.keyword.internal.KeywordMain.runKeyword(KeywordMain.groovy:66)
	at com.kms.katalon.core.keyword.builtin.CallTestCaseKeyword.callTestCase(CallTestCaseKeyword.groovy:81)
	at com.kms.katalon.core.keyword.builtin.CallTestCaseKeyword.execute(CallTestCaseKeyword.groovy:44)
	at com.kms.katalon.core.keyword.internal.KeywordExecutor.executeKeywordForPlatform(KeywordExecutor.groovy:56)
	at com.kms.katalon.core.keyword.BuiltinKeywords.callTestCase(BuiltinKeywords.groovy:334)
	at EditPostingHelpForm.run(EditPostingHelpForm:34)
	at com.kms.katalon.core.main.ScriptEngine.run(ScriptEngine.java:194)
	at com.kms.katalon.core.main.ScriptEngine.runScriptAsRawText(ScriptEngine.java:119)
	at com.kms.katalon.core.main.TestCaseExecutor.runScript(TestCaseExecutor.java:331)
	at com.kms.katalon.core.main.TestCaseExecutor.doExecute(TestCaseExecutor.java:322)
	at com.kms.katalon.core.main.TestCaseExecutor.processExecutionPhase(TestCaseExecutor.java:301)
	at com.kms.katalon.core.main.TestCaseExecutor.accessMainPhase(TestCaseExecutor.java:293)
	at com.kms.katalon.core.main.TestCaseExecutor.execute(TestCaseExecutor.java:227)
	at com.kms.katalon.core.main.TestSuiteExecutor.accessTestCaseMainPhase(TestSuiteExecutor.java:129)
	at com.kms.katalon.core.main.TestSuiteExecutor.accessTestSuiteMainPhase(TestSuiteExecutor.java:112)
	at com.kms.katalon.core.main.TestSuiteExecutor.execute(TestSuiteExecutor.java:81)
	at com.kms.katalon.core.main.TestCaseMain.startTestSuite(TestCaseMain.java:157)
	at com.kms.katalon.core.main.TestCaseMain$startTestSuite$0.call(Unknown Source)
	at TempTestSuite1553031519664.run(TempTestSuite1553031519664.groovy:35)
Caused by: com.kms.katalon.core.exception.StepFailedException: Unable to verify text 'Latest Activity' is present 
	at com.kms.katalon.core.keyword.internal.KeywordMain.stepFailed(KeywordMain.groovy:48)
	at com.kms.katalon.core.webui.keyword.internal.WebUIKeywordMain.stepFailed(WebUIKeywordMain.groovy:65)
	at com.kms.katalon.core.webui.keyword.internal.WebUIKeywordMain.runKeyword(WebUIKeywordMain.groovy:27)
	at com.kms.katalon.core.webui.keyword.builtin.VerifyTextPresentKeyword.verifyTextPresent(VerifyTextPresentKeyword.groovy:83)
	at com.kms.katalon.core.webui.keyword.builtin.VerifyTextPresentKeyword.execute(VerifyTextPresentKeyword.groovy:68)
	at com.kms.katalon.core.keyword.internal.KeywordExecutor.executeKeywordForPlatform(KeywordExecutor.groovy:56)
	at com.kms.katalon.core.webui.keyword.WebUiBuiltInKeywords.verifyTextPresent(WebUiBuiltInKeywords.groovy:1693)
	at com.kms.katalon.core.webui.keyword.WebUiBuiltInKeywords$verifyTextPresent$7.call(Unknown Source)
	at TemplateLoginNCQATestUtility.run(TemplateLoginNCQATestUtility:68)
	at com.kms.katalon.core.main.ScriptEngine.run(ScriptEngine.java:194)
	at com.kms.katalon.core.main.ScriptEngine.runScriptAsRawText(ScriptEngine.java:119)
	at com.kms.katalon.core.main.TestCaseExecutor.runScript(TestCaseExecutor.java:331)
	at com.kms.katalon.core.main.TestCaseExecutor.doExecute(TestCaseExecutor.java:322)
	at com.kms.katalon.core.main.TestCaseExecutor.processExecutionPhase(TestCaseExecutor.java:301)
	at com.kms.katalon.core.main.TestCaseExecutor.accessMainPhase(TestCaseExecutor.java:293)
	at com.kms.katalon.core.main.TestCaseExecutor.execute(TestCaseExecutor.java:227)
	at com.kms.katalon.core.main.TestCaseMain.runTestCase(TestCaseMain.java:114)
	at com.kms.katalon.core.keyword.builtin.CallTestCaseKeyword$_callTestCase_closure1.doCall(CallTestCaseKeyword.groovy:59)
	... 20 more]]></system-out>
         <system-err><![CDATA[2019-03-19 14:44:44 - [TEST_CASE][FAILED] - Test Cases/Products/TemplateApp/Templates/SMS/EditPostingHelpForm: Test Cases/Products/TemplateApp/Templates/SMS/EditPostingHelpForm FAILED.
Reason:
com.kms.katalon.core.exception.StepFailedException: Call Test Case 'Test Cases/Products/Cerberus/Login-Logout/TemplateLoginNCQATestUtility' failed
	at com.kms.katalon.core.keyword.builtin.CallTestCaseKeyword$_callTestCase_closure1.doCall(CallTestCaseKeyword.groovy:63)
	at com.kms.katalon.core.keyword.builtin.CallTestCaseKeyword$_callTestCase_closure1.call(CallTestCaseKeyword.groovy)
	at com.kms.katalon.core.keyword.internal.KeywordMain.runKeyword(KeywordMain.groovy:66)
	at com.kms.katalon.core.keyword.builtin.CallTestCaseKeyword.callTestCase(CallTestCaseKeyword.groovy:81)
	at com.kms.katalon.core.keyword.builtin.CallTestCaseKeyword.execute(CallTestCaseKeyword.groovy:44)
	at com.kms.katalon.core.keyword.internal.KeywordExecutor.executeKeywordForPlatform(KeywordExecutor.groovy:56)
	at com.kms.katalon.core.keyword.BuiltinKeywords.callTestCase(BuiltinKeywords.groovy:334)
	at EditPostingHelpForm.run(EditPostingHelpForm:34)
	at com.kms.katalon.core.main.ScriptEngine.run(ScriptEngine.java:194)
	at com.kms.katalon.core.main.ScriptEngine.runScriptAsRawText(ScriptEngine.java:119)
	at com.kms.katalon.core.main.TestCaseExecutor.runScript(TestCaseExecutor.java:331)
	at com.kms.katalon.core.main.TestCaseExecutor.doExecute(TestCaseExecutor.java:322)
	at com.kms.katalon.core.main.TestCaseExecutor.processExecutionPhase(TestCaseExecutor.java:301)
	at com.kms.katalon.core.main.TestCaseExecutor.accessMainPhase(TestCaseExecutor.java:293)
	at com.kms.katalon.core.main.TestCaseExecutor.execute(TestCaseExecutor.java:227)
	at com.kms.katalon.core.main.TestSuiteExecutor.accessTestCaseMainPhase(TestSuiteExecutor.java:129)
	at com.kms.katalon.core.main.TestSuiteExecutor.accessTestSuiteMainPhase(TestSuiteExecutor.java:112)
	at com.kms.katalon.core.main.TestSuiteExecutor.execute(TestSuiteExecutor.java:81)
	at com.kms.katalon.core.main.TestCaseMain.startTestSuite(TestCaseMain.java:157)
	at com.kms.katalon.core.main.TestCaseMain$startTestSuite$0.call(Unknown Source)
	at TempTestSuite1553031519664.run(TempTestSuite1553031519664.groovy:35)
Caused by: com.kms.katalon.core.exception.StepFailedException: Unable to verify text 'Latest Activity' is present 
	at com.kms.katalon.core.keyword.internal.KeywordMain.stepFailed(KeywordMain.groovy:48)
	at com.kms.katalon.core.webui.keyword.internal.WebUIKeywordMain.stepFailed(WebUIKeywordMain.groovy:65)
	at com.kms.katalon.core.webui.keyword.internal.WebUIKeywordMain.runKeyword(WebUIKeywordMain.groovy:27)
	at com.kms.katalon.core.webui.keyword.builtin.VerifyTextPresentKeyword.verifyTextPresent(VerifyTextPresentKeyword.groovy:83)
	at com.kms.katalon.core.webui.keyword.builtin.VerifyTextPresentKeyword.execute(VerifyTextPresentKeyword.groovy:68)
	at com.kms.katalon.core.keyword.internal.KeywordExecutor.executeKeywordForPlatform(KeywordExecutor.groovy:56)
	at com.kms.katalon.core.webui.keyword.WebUiBuiltInKeywords.verifyTextPresent(WebUiBuiltInKeywords.groovy:1693)
	at com.kms.katalon.core.webui.keyword.WebUiBuiltInKeywords$verifyTextPresent$7.call(Unknown Source)
	at TemplateLoginNCQATestUtility.run(TemplateLoginNCQATestUtility:68)
	at com.kms.katalon.core.main.ScriptEngine.run(ScriptEngine.java:194)
	at com.kms.katalon.core.main.ScriptEngine.runScriptAsRawText(ScriptEngine.java:119)
	at com.kms.katalon.core.main.TestCaseExecutor.runScript(TestCaseExecutor.java:331)
	at com.kms.katalon.core.main.TestCaseExecutor.doExecute(TestCaseExecutor.java:322)
	at com.kms.katalon.core.main.TestCaseExecutor.processExecutionPhase(TestCaseExecutor.java:301)
	at com.kms.katalon.core.main.TestCaseExecutor.accessMainPhase(TestCaseExecutor.java:293)
	at com.kms.katalon.core.main.TestCaseExecutor.execute(TestCaseExecutor.java:227)
	at com.kms.katalon.core.main.TestCaseMain.runTestCase(TestCaseMain.java:114)
	at com.kms.katalon.core.keyword.builtin.CallTestCaseKeyword$_callTestCase_closure1.doCall(CallTestCaseKeyword.groovy:59)
	... 20 more]]></system-err>
      </testcase>
      <testcase name="Test Cases/Products/TemplateApp/Templates/SMS/ContactAutoPausedPreviewLink" classname="Test Cases/Products/TemplateApp/Templates/SMS/ContactAutoPausedPreviewLink" status="FAILED">
         <failure type="FAILED" message="Test Cases/Products/TemplateApp/Templates/SMS/ContactAutoPausedPreviewLink FAILED.
Reason:
com.kms.katalon.core.exception.StepFailedException: Call Test Case 'Test Cases/Products/Cerberus/Login-Logout/TemplateLoginNCQATestUtility' failed
	at com.kms.katalon.core.keyword.builtin.CallTestCaseKeyword$_callTestCase_closure1.doCall(CallTestCaseKeyword.groovy:63)
	at com.kms.katalon.core.keyword.builtin.CallTestCaseKeyword$_callTestCase_closure1.call(CallTestCaseKeyword.groovy)
	at com.kms.katalon.core.keyword.internal.KeywordMain.runKeyword(KeywordMain.groovy:66)
	at com.kms.katalon.core.keyword.builtin.CallTestCaseKeyword.callTestCase(CallTestCaseKeyword.groovy:81)
	at com.kms.katalon.core.keyword.builtin.CallTestCaseKeyword.execute(CallTestCaseKeyword.groovy:44)
	at com.kms.katalon.core.keyword.internal.KeywordExecutor.executeKeywordForPlatform(KeywordExecutor.groovy:56)
	at com.kms.katalon.core.keyword.BuiltinKeywords.callTestCase(BuiltinKeywords.groovy:334)
	at ContactAutoPausedPreviewLink.run(ContactAutoPausedPreviewLink:16)
	at com.kms.katalon.core.main.ScriptEngine.run(ScriptEngine.java:194)
	at com.kms.katalon.core.main.ScriptEngine.runScriptAsRawText(ScriptEngine.java:119)
	at com.kms.katalon.core.main.TestCaseExecutor.runScript(TestCaseExecutor.java:331)
	at com.kms.katalon.core.main.TestCaseExecutor.doExecute(TestCaseExecutor.java:322)
	at com.kms.katalon.core.main.TestCaseExecutor.processExecutionPhase(TestCaseExecutor.java:301)
	at com.kms.katalon.core.main.TestCaseExecutor.accessMainPhase(TestCaseExecutor.java:293)
	at com.kms.katalon.core.main.TestCaseExecutor.execute(TestCaseExecutor.java:227)
	at com.kms.katalon.core.main.TestSuiteExecutor.accessTestCaseMainPhase(TestSuiteExecutor.java:129)
	at com.kms.katalon.core.main.TestSuiteExecutor.accessTestSuiteMainPhase(TestSuiteExecutor.java:112)
	at com.kms.katalon.core.main.TestSuiteExecutor.execute(TestSuiteExecutor.java:81)
	at com.kms.katalon.core.main.TestCaseMain.startTestSuite(TestCaseMain.java:157)
	at com.kms.katalon.core.main.TestCaseMain$startTestSuite$0.call(Unknown Source)
	at TempTestSuite1553031519664.run(TempTestSuite1553031519664.groovy:35)
Caused by: com.kms.katalon.core.exception.StepFailedException: Unable to set text 'qAisgr8!@' of object 'Object Repository/Products/Cerberus/LoginLogout/Password'
	at com.kms.katalon.core.keyword.internal.KeywordMain.stepFailed(KeywordMain.groovy:48)
	at com.kms.katalon.core.webui.keyword.internal.WebUIKeywordMain.stepFailed(WebUIKeywordMain.groovy:65)
	at com.kms.katalon.core.webui.keyword.internal.WebUIKeywordMain.runKeyword(WebUIKeywordMain.groovy:27)
	at com.kms.katalon.core.webui.keyword.builtin.SetMaskedTextKeyword.setMaskedText(SetMaskedTextKeyword.groovy:101)
	at com.kms.katalon.core.webui.keyword.builtin.SetMaskedTextKeyword.execute(SetMaskedTextKeyword.groovy:68)
	at com.kms.katalon.core.keyword.internal.KeywordExecutor.executeKeywordForPlatform(KeywordExecutor.groovy:56)
	at com.kms.katalon.core.webui.keyword.WebUiBuiltInKeywords.setMaskedText(WebUiBuiltInKeywords.groovy:997)
	at com.kms.katalon.core.webui.keyword.WebUiBuiltInKeywords$setMaskedText$5.call(Unknown Source)
	at TemplateLoginNCQATestUtility.run(TemplateLoginNCQATestUtility:37)
	at com.kms.katalon.core.main.ScriptEngine.run(ScriptEngine.java:194)
	at com.kms.katalon.core.main.ScriptEngine.runScriptAsRawText(ScriptEngine.java:119)
	at com.kms.katalon.core.main.TestCaseExecutor.runScript(TestCaseExecutor.java:331)
	at com.kms.katalon.core.main.TestCaseExecutor.doExecute(TestCaseExecutor.java:322)
	at com.kms.katalon.core.main.TestCaseExecutor.processExecutionPhase(TestCaseExecutor.java:301)
	at com.kms.katalon.core.main.TestCaseExecutor.accessMainPhase(TestCaseExecutor.java:293)
	at com.kms.katalon.core.main.TestCaseExecutor.execute(TestCaseExecutor.java:227)
	at com.kms.katalon.core.main.TestCaseMain.runTestCase(TestCaseMain.java:114)
	at com.kms.katalon.core.keyword.builtin.CallTestCaseKeyword$_callTestCase_closure1.doCall(CallTestCaseKeyword.groovy:59)
	... 20 more
"/>
         <system-out><![CDATA[2019-03-19 14:45:07 - [TEST_CASE][FAILED] - Test Cases/Products/TemplateApp/Templates/SMS/ContactAutoPausedPreviewLink: Test Cases/Products/TemplateApp/Templates/SMS/ContactAutoPausedPreviewLink FAILED.
Reason:
com.kms.katalon.core.exception.StepFailedException: Call Test Case 'Test Cases/Products/Cerberus/Login-Logout/TemplateLoginNCQATestUtility' failed
	at com.kms.katalon.core.keyword.builtin.CallTestCaseKeyword$_callTestCase_closure1.doCall(CallTestCaseKeyword.groovy:63)
	at com.kms.katalon.core.keyword.builtin.CallTestCaseKeyword$_callTestCase_closure1.call(CallTestCaseKeyword.groovy)
	at com.kms.katalon.core.keyword.internal.KeywordMain.runKeyword(KeywordMain.groovy:66)
	at com.kms.katalon.core.keyword.builtin.CallTestCaseKeyword.callTestCase(CallTestCaseKeyword.groovy:81)
	at com.kms.katalon.core.keyword.builtin.CallTestCaseKeyword.execute(CallTestCaseKeyword.groovy:44)
	at com.kms.katalon.core.keyword.internal.KeywordExecutor.executeKeywordForPlatform(KeywordExecutor.groovy:56)
	at com.kms.katalon.core.keyword.BuiltinKeywords.callTestCase(BuiltinKeywords.groovy:334)
	at ContactAutoPausedPreviewLink.run(ContactAutoPausedPreviewLink:16)
	at com.kms.katalon.core.main.ScriptEngine.run(ScriptEngine.java:194)
	at com.kms.katalon.core.main.ScriptEngine.runScriptAsRawText(ScriptEngine.java:119)
	at com.kms.katalon.core.main.TestCaseExecutor.runScript(TestCaseExecutor.java:331)
	at com.kms.katalon.core.main.TestCaseExecutor.doExecute(TestCaseExecutor.java:322)
	at com.kms.katalon.core.main.TestCaseExecutor.processExecutionPhase(TestCaseExecutor.java:301)
	at com.kms.katalon.core.main.TestCaseExecutor.accessMainPhase(TestCaseExecutor.java:293)
	at com.kms.katalon.core.main.TestCaseExecutor.execute(TestCaseExecutor.java:227)
	at com.kms.katalon.core.main.TestSuiteExecutor.accessTestCaseMainPhase(TestSuiteExecutor.java:129)
	at com.kms.katalon.core.main.TestSuiteExecutor.accessTestSuiteMainPhase(TestSuiteExecutor.java:112)
	at com.kms.katalon.core.main.TestSuiteExecutor.execute(TestSuiteExecutor.java:81)
	at com.kms.katalon.core.main.TestCaseMain.startTestSuite(TestCaseMain.java:157)
	at com.kms.katalon.core.main.TestCaseMain$startTestSuite$0.call(Unknown Source)
	at TempTestSuite1553031519664.run(TempTestSuite1553031519664.groovy:35)
Caused by: com.kms.katalon.core.exception.StepFailedException: Unable to set text 'qAisgr8!@' of object 'Object Repository/Products/Cerberus/LoginLogout/Password'
	at com.kms.katalon.core.keyword.internal.KeywordMain.stepFailed(KeywordMain.groovy:48)
	at com.kms.katalon.core.webui.keyword.internal.WebUIKeywordMain.stepFailed(WebUIKeywordMain.groovy:65)
	at com.kms.katalon.core.webui.keyword.internal.WebUIKeywordMain.runKeyword(WebUIKeywordMain.groovy:27)
	at com.kms.katalon.core.webui.keyword.builtin.SetMaskedTextKeyword.setMaskedText(SetMaskedTextKeyword.groovy:101)
	at com.kms.katalon.core.webui.keyword.builtin.SetMaskedTextKeyword.execute(SetMaskedTextKeyword.groovy:68)
	at com.kms.katalon.core.keyword.internal.KeywordExecutor.executeKeywordForPlatform(KeywordExecutor.groovy:56)
	at com.kms.katalon.core.webui.keyword.WebUiBuiltInKeywords.setMaskedText(WebUiBuiltInKeywords.groovy:997)
	at com.kms.katalon.core.webui.keyword.WebUiBuiltInKeywords$setMaskedText$5.call(Unknown Source)
	at TemplateLoginNCQATestUtility.run(TemplateLoginNCQATestUtility:37)
	at com.kms.katalon.core.main.ScriptEngine.run(ScriptEngine.java:194)
	at com.kms.katalon.core.main.ScriptEngine.runScriptAsRawText(ScriptEngine.java:119)
	at com.kms.katalon.core.main.TestCaseExecutor.runScript(TestCaseExecutor.java:331)
	at com.kms.katalon.core.main.TestCaseExecutor.doExecute(TestCaseExecutor.java:322)
	at com.kms.katalon.core.main.TestCaseExecutor.processExecutionPhase(TestCaseExecutor.java:301)
	at com.kms.katalon.core.main.TestCaseExecutor.accessMainPhase(TestCaseExecutor.java:293)
	at com.kms.katalon.core.main.TestCaseExecutor.execute(TestCaseExecutor.java:227)
	at com.kms.katalon.core.main.TestCaseMain.runTestCase(TestCaseMain.java:114)
	at com.kms.katalon.core.keyword.builtin.CallTestCaseKeyword$_callTestCase_closure1.doCall(CallTestCaseKeyword.groovy:59)
	... 20 more


2019-03-19 14:45:07 - [TEST_STEP][FAILED] - callTestCase(findTestCase("Products/Cerberus/Login-Logout/TemplateLoginNCQATestUtility"), [:], STOP_ON_FAILURE): callTestCase(findTestCase("Products/Cerberus/Login-Logout/TemplateLoginNCQATestUtility"), [:], STOP_ON_FAILURE) FAILED.
Reason:
com.kms.katalon.core.exception.StepFailedException: Call Test Case 'Test Cases/Products/Cerberus/Login-Logout/TemplateLoginNCQATestUtility' failed
	at com.kms.katalon.core.keyword.builtin.CallTestCaseKeyword$_callTestCase_closure1.doCall(CallTestCaseKeyword.groovy:63)
	at com.kms.katalon.core.keyword.builtin.CallTestCaseKeyword$_callTestCase_closure1.call(CallTestCaseKeyword.groovy)
	at com.kms.katalon.core.keyword.internal.KeywordMain.runKeyword(KeywordMain.groovy:66)
	at com.kms.katalon.core.keyword.builtin.CallTestCaseKeyword.callTestCase(CallTestCaseKeyword.groovy:81)
	at com.kms.katalon.core.keyword.builtin.CallTestCaseKeyword.execute(CallTestCaseKeyword.groovy:44)
	at com.kms.katalon.core.keyword.internal.KeywordExecutor.executeKeywordForPlatform(KeywordExecutor.groovy:56)
	at com.kms.katalon.core.keyword.BuiltinKeywords.callTestCase(BuiltinKeywords.groovy:334)
	at ContactAutoPausedPreviewLink.run(ContactAutoPausedPreviewLink:16)
	at com.kms.katalon.core.main.ScriptEngine.run(ScriptEngine.java:194)
	at com.kms.katalon.core.main.ScriptEngine.runScriptAsRawText(ScriptEngine.java:119)
	at com.kms.katalon.core.main.TestCaseExecutor.runScript(TestCaseExecutor.java:331)
	at com.kms.katalon.core.main.TestCaseExecutor.doExecute(TestCaseExecutor.java:322)
	at com.kms.katalon.core.main.TestCaseExecutor.processExecutionPhase(TestCaseExecutor.java:301)
	at com.kms.katalon.core.main.TestCaseExecutor.accessMainPhase(TestCaseExecutor.java:293)
	at com.kms.katalon.core.main.TestCaseExecutor.execute(TestCaseExecutor.java:227)
	at com.kms.katalon.core.main.TestSuiteExecutor.accessTestCaseMainPhase(TestSuiteExecutor.java:129)
	at com.kms.katalon.core.main.TestSuiteExecutor.accessTestSuiteMainPhase(TestSuiteExecutor.java:112)
	at com.kms.katalon.core.main.TestSuiteExecutor.execute(TestSuiteExecutor.java:81)
	at com.kms.katalon.core.main.TestCaseMain.startTestSuite(TestCaseMain.java:157)
	at com.kms.katalon.core.main.TestCaseMain$startTestSuite$0.call(Unknown Source)
	at TempTestSuite1553031519664.run(TempTestSuite1553031519664.groovy:35)
Caused by: com.kms.katalon.core.exception.StepFailedException: Unable to set text 'qAisgr8!@' of object 'Object Repository/Products/Cerberus/LoginLogout/Password'
	at com.kms.katalon.core.keyword.internal.KeywordMain.stepFailed(KeywordMain.groovy:48)
	at com.kms.katalon.core.webui.keyword.internal.WebUIKeywordMain.stepFailed(WebUIKeywordMain.groovy:65)
	at com.kms.katalon.core.webui.keyword.internal.WebUIKeywordMain.runKeyword(WebUIKeywordMain.groovy:27)
	at com.kms.katalon.core.webui.keyword.builtin.SetMaskedTextKeyword.setMaskedText(SetMaskedTextKeyword.groovy:101)
	at com.kms.katalon.core.webui.keyword.builtin.SetMaskedTextKeyword.execute(SetMaskedTextKeyword.groovy:68)
	at com.kms.katalon.core.keyword.internal.KeywordExecutor.executeKeywordForPlatform(KeywordExecutor.groovy:56)
	at com.kms.katalon.core.webui.keyword.WebUiBuiltInKeywords.setMaskedText(WebUiBuiltInKeywords.groovy:997)
	at com.kms.katalon.core.webui.keyword.WebUiBuiltInKeywords$setMaskedText$5.call(Unknown Source)
	at TemplateLoginNCQATestUtility.run(TemplateLoginNCQATestUtility:37)
	at com.kms.katalon.core.main.ScriptEngine.run(ScriptEngine.java:194)
	at com.kms.katalon.core.main.ScriptEngine.runScriptAsRawText(ScriptEngine.java:119)
	at com.kms.katalon.core.main.TestCaseExecutor.runScript(TestCaseExecutor.java:331)
	at com.kms.katalon.core.main.TestCaseExecutor.doExecute(TestCaseExecutor.java:322)
	at com.kms.katalon.core.main.TestCaseExecutor.processExecutionPhase(TestCaseExecutor.java:301)
	at com.kms.katalon.core.main.TestCaseExecutor.accessMainPhase(TestCaseExecutor.java:293)
	at com.kms.katalon.core.main.TestCaseExecutor.execute(TestCaseExecutor.java:227)
	at com.kms.katalon.core.main.TestCaseMain.runTestCase(TestCaseMain.java:114)
	at com.kms.katalon.core.keyword.builtin.CallTestCaseKeyword$_callTestCase_closure1.doCall(CallTestCaseKeyword.groovy:59)
	... 20 more


2019-03-19 14:45:07 - [TEST_CASE][FAILED] - Test Cases/Products/Cerberus/Login-Logout/TemplateLoginNCQATestUtility: Test Cases/Products/Cerberus/Login-Logout/TemplateLoginNCQATestUtility FAILED.
Reason:
com.kms.katalon.core.exception.StepFailedException: Unable to set text 'qAisgr8!@' of object 'Object Repository/Products/Cerberus/LoginLogout/Password'
	at com.kms.katalon.core.keyword.internal.KeywordMain.stepFailed(KeywordMain.groovy:48)
	at com.kms.katalon.core.webui.keyword.internal.WebUIKeywordMain.stepFailed(WebUIKeywordMain.groovy:65)
	at com.kms.katalon.core.webui.keyword.internal.WebUIKeywordMain.runKeyword(WebUIKeywordMain.groovy:27)
	at com.kms.katalon.core.webui.keyword.builtin.SetMaskedTextKeyword.setMaskedText(SetMaskedTextKeyword.groovy:101)
	at com.kms.katalon.core.webui.keyword.builtin.SetMaskedTextKeyword.execute(SetMaskedTextKeyword.groovy:68)
	at com.kms.katalon.core.keyword.internal.KeywordExecutor.executeKeywordForPlatform(KeywordExecutor.groovy:56)
	at com.kms.katalon.core.webui.keyword.WebUiBuiltInKeywords.setMaskedText(WebUiBuiltInKeywords.groovy:997)
	at com.kms.katalon.core.webui.keyword.WebUiBuiltInKeywords$setMaskedText$5.call(Unknown Source)
	at TemplateLoginNCQATestUtility.run(TemplateLoginNCQATestUtility:37)
	at com.kms.katalon.core.main.ScriptEngine.run(ScriptEngine.java:194)
	at com.kms.katalon.core.main.ScriptEngine.runScriptAsRawText(ScriptEngine.java:119)
	at com.kms.katalon.core.main.TestCaseExecutor.runScript(TestCaseExecutor.java:331)
	at com.kms.katalon.core.main.TestCaseExecutor.doExecute(TestCaseExecutor.java:322)
	at com.kms.katalon.core.main.TestCaseExecutor.processExecutionPhase(TestCaseExecutor.java:301)
	at com.kms.katalon.core.main.TestCaseExecutor.accessMainPhase(TestCaseExecutor.java:293)
	at com.kms.katalon.core.main.TestCaseExecutor.execute(TestCaseExecutor.java:227)
	at com.kms.katalon.core.main.TestCaseMain.runTestCase(TestCaseMain.java:114)
	at com.kms.katalon.core.keyword.builtin.CallTestCaseKeyword$_callTestCase_closure1.doCall(CallTestCaseKeyword.groovy:59)
	at com.kms.katalon.core.keyword.builtin.CallTestCaseKeyword$_callTestCase_closure1.call(CallTestCaseKeyword.groovy)
	at com.kms.katalon.core.keyword.internal.KeywordMain.runKeyword(KeywordMain.groovy:66)
	at com.kms.katalon.core.keyword.builtin.CallTestCaseKeyword.callTestCase(CallTestCaseKeyword.groovy:81)
	at com.kms.katalon.core.keyword.builtin.CallTestCaseKeyword.execute(CallTestCaseKeyword.groovy:44)
	at com.kms.katalon.core.keyword.internal.KeywordExecutor.executeKeywordForPlatform(KeywordExecutor.groovy:56)
	at com.kms.katalon.core.keyword.BuiltinKeywords.callTestCase(BuiltinKeywords.groovy:334)
	at ContactAutoPausedPreviewLink.run(ContactAutoPausedPreviewLink:16)
	at com.kms.katalon.core.main.ScriptEngine.run(ScriptEngine.java:194)
	at com.kms.katalon.core.main.ScriptEngine.runScriptAsRawText(ScriptEngine.java:119)
	at com.kms.katalon.core.main.TestCaseExecutor.runScript(TestCaseExecutor.java:331)
	at com.kms.katalon.core.main.TestCaseExecutor.doExecute(TestCaseExecutor.java:322)
	at com.kms.katalon.core.main.TestCaseExecutor.processExecutionPhase(TestCaseExecutor.java:301)
	at com.kms.katalon.core.main.TestCaseExecutor.accessMainPhase(TestCaseExecutor.java:293)
	at com.kms.katalon.core.main.TestCaseExecutor.execute(TestCaseExecutor.java:227)
	at com.kms.katalon.core.main.TestSuiteExecutor.accessTestCaseMainPhase(TestSuiteExecutor.java:129)
	at com.kms.katalon.core.main.TestSuiteExecutor.accessTestSuiteMainPhase(TestSuiteExecutor.java:112)
	at com.kms.katalon.core.main.TestSuiteExecutor.execute(TestSuiteExecutor.java:81)
	at com.kms.katalon.core.main.TestCaseMain.startTestSuite(TestCaseMain.java:157)
	at com.kms.katalon.core.main.TestCaseMain$startTestSuite$0.call(Unknown Source)
	at TempTestSuite1553031519664.run(TempTestSuite1553031519664.groovy:35)


2019-03-19 14:45:07 - [TEST_STEP][PASSED] - log = new com.kms.katalon.core.logging.KeywordLogger(): null

2019-03-19 14:45:07 - [TEST_STEP][PASSED] - comment("Open browser and Login"): Open browser and Login

2019-03-19 14:45:07 - [MESSAGE][INFO] - Open browser and Login

2019-03-19 14:45:07 - [TEST_STEP][PASSED] - openBrowser(G_DefaultSiteURL): Browser is opened with url: 'https://dev.kubra.io'

2019-03-19 14:45:07 - [MESSAGE][WARNING] - A browser is already opened. Closing browser and opening a new one

2019-03-19 14:45:07 - [MESSAGE][INFO] - Starting 'Firefox' driver

2019-03-19 14:45:10 - [MESSAGE][PASSED] - Browser is opened with url: 'https://dev.kubra.io'

2019-03-19 14:45:10 - [TEST_STEP][PASSED] - waitForPageLoad(G_ShortTimeout): Wait for page load successfully

2019-03-19 14:45:10 - [MESSAGE][PASSED] - Wait for page load successfully

2019-03-19 14:45:10 - [TEST_STEP][PASSED] - maximizeWindow(): Current window maximized

2019-03-19 14:45:10 - [MESSAGE][PASSED] - Current window maximized

2019-03-19 14:45:10 - [TEST_STEP][PASSED] - log.logWarning("--- Begin Login ---"): --- Begin Login ---

2019-03-19 14:45:10 - [MESSAGE][WARNING] - --- Begin Login ---

2019-03-19 14:45:10 - [TEST_STEP][PASSED] - log.logWarning("Logging in to environment - " + G_DefaultSiteURL): Logging in to environment - https://dev.kubra.io

2019-03-19 14:45:10 - [MESSAGE][WARNING] - Logging in to environment - https://dev.kubra.io

2019-03-19 14:45:10 - [TEST_STEP][PASSED] - waitForElementClickable(findTestObject("Products/Cerberus/LoginLogout/LogInWithGoogle"), 15): Object 'Object Repository/Products/Cerberus/LoginLogout/LogInWithGoogle' is clickable

2019-03-19 14:45:11 - [MESSAGE][PASSED] - Object 'Object Repository/Products/Cerberus/LoginLogout/LogInWithGoogle' is clickable

2019-03-19 14:45:11 - [TEST_STEP][PASSED] - delay(2): Delayed 2 second(s)

2019-03-19 14:45:13 - [MESSAGE][PASSED] - Delayed 2 second(s)

2019-03-19 14:45:13 - [TEST_STEP][PASSED] - click(findTestObject("Products/Cerberus/LoginLogout/LogInWithGoogle")): Object: 'Object Repository/Products/Cerberus/LoginLogout/LogInWithGoogle' is clicked on

2019-03-19 14:45:14 - [MESSAGE][PASSED] - Object: 'Object Repository/Products/Cerberus/LoginLogout/LogInWithGoogle' is clicked on

2019-03-19 14:45:14 - [TEST_STEP][PASSED] - waitForElementVisible(findTestObject("Products/Cerberus/LoginLogout/UserName"), 15): Object 'Object Repository/Products/Cerberus/LoginLogout/UserName' is visible

2019-03-19 14:45:14 - [MESSAGE][PASSED] - Object 'Object Repository/Products/Cerberus/LoginLogout/UserName' is visible

2019-03-19 14:45:14 - [TEST_STEP][PASSED] - setMaskedText(findTestObject("Products/Cerberus/LoginLogout/UserName"), "tempeqa@kubra.com"): Text '*****************' is set on object 'Object Repository/Products/Cerberus/LoginLogout/UserName'

2019-03-19 14:45:15 - [MESSAGE][PASSED] - Text '*****************' is set on object 'Object Repository/Products/Cerberus/LoginLogout/UserName'

2019-03-19 14:45:15 - [TEST_STEP][PASSED] - waitForElementVisible(findTestObject("Products/Cerberus/LoginLogout/UserNameNextButton"), 15): Object 'Object Repository/Products/Cerberus/LoginLogout/UserNameNextButton' is visible

2019-03-19 14:45:15 - [MESSAGE][PASSED] - Object 'Object Repository/Products/Cerberus/LoginLogout/UserNameNextButton' is visible

2019-03-19 14:45:15 - [TEST_STEP][PASSED] - click(findTestObject("Products/Cerberus/LoginLogout/UserNameNextButton")): Object: 'Object Repository/Products/Cerberus/LoginLogout/UserNameNextButton' is clicked on

2019-03-19 14:45:15 - [MESSAGE][PASSED] - Object: 'Object Repository/Products/Cerberus/LoginLogout/UserNameNextButton' is clicked on

2019-03-19 14:45:15 - [TEST_STEP][PASSED] - waitForElementVisible(findTestObject("Products/Cerberus/LoginLogout/Password"), 15): Object 'Object Repository/Products/Cerberus/LoginLogout/Password' is not visible after 15 second(s)

2019-03-19 14:45:31 - [MESSAGE][WARNING] - Object 'Object Repository/Products/Cerberus/LoginLogout/Password' is not visible after 15 second(s)

2019-03-19 14:45:31 - [TEST_STEP][FAILED] - setMaskedText(findTestObject("Products/Cerberus/LoginLogout/Password"), "qAisgr8!@"): setMaskedText(findTestObject("Products/Cerberus/LoginLogout/Password"), "qAisgr8!@") FAILED.
Reason:
com.kms.katalon.core.exception.StepFailedException: Unable to set text 'qAisgr8!@' of object 'Object Repository/Products/Cerberus/LoginLogout/Password'
	at com.kms.katalon.core.keyword.internal.KeywordMain.stepFailed(KeywordMain.groovy:48)
	at com.kms.katalon.core.webui.keyword.internal.WebUIKeywordMain.stepFailed(WebUIKeywordMain.groovy:65)
	at com.kms.katalon.core.webui.keyword.internal.WebUIKeywordMain.runKeyword(WebUIKeywordMain.groovy:27)
	at com.kms.katalon.core.webui.keyword.builtin.SetMaskedTextKeyword.setMaskedText(SetMaskedTextKeyword.groovy:101)
	at com.kms.katalon.core.webui.keyword.builtin.SetMaskedTextKeyword.execute(SetMaskedTextKeyword.groovy:68)
	at com.kms.katalon.core.keyword.internal.KeywordExecutor.executeKeywordForPlatform(KeywordExecutor.groovy:56)
	at com.kms.katalon.core.webui.keyword.WebUiBuiltInKeywords.setMaskedText(WebUiBuiltInKeywords.groovy:997)
	at com.kms.katalon.core.webui.keyword.WebUiBuiltInKeywords$setMaskedText$5.call(Unknown Source)
	at TemplateLoginNCQATestUtility.run(TemplateLoginNCQATestUtility:37)
	at com.kms.katalon.core.main.ScriptEngine.run(ScriptEngine.java:194)
	at com.kms.katalon.core.main.ScriptEngine.runScriptAsRawText(ScriptEngine.java:119)
	at com.kms.katalon.core.main.TestCaseExecutor.runScript(TestCaseExecutor.java:331)
	at com.kms.katalon.core.main.TestCaseExecutor.doExecute(TestCaseExecutor.java:322)
	at com.kms.katalon.core.main.TestCaseExecutor.processExecutionPhase(TestCaseExecutor.java:301)
	at com.kms.katalon.core.main.TestCaseExecutor.accessMainPhase(TestCaseExecutor.java:293)
	at com.kms.katalon.core.main.TestCaseExecutor.execute(TestCaseExecutor.java:227)
	at com.kms.katalon.core.main.TestCaseMain.runTestCase(TestCaseMain.java:114)
	at com.kms.katalon.core.keyword.builtin.CallTestCaseKeyword$_callTestCase_closure1.doCall(CallTestCaseKeyword.groovy:59)
	at com.kms.katalon.core.keyword.builtin.CallTestCaseKeyword$_callTestCase_closure1.call(CallTestCaseKeyword.groovy)
	at com.kms.katalon.core.keyword.internal.KeywordMain.runKeyword(KeywordMain.groovy:66)
	at com.kms.katalon.core.keyword.builtin.CallTestCaseKeyword.callTestCase(CallTestCaseKeyword.groovy:81)
	at com.kms.katalon.core.keyword.builtin.CallTestCaseKeyword.execute(CallTestCaseKeyword.groovy:44)
	at com.kms.katalon.core.keyword.internal.KeywordExecutor.executeKeywordForPlatform(KeywordExecutor.groovy:56)
	at com.kms.katalon.core.keyword.BuiltinKeywords.callTestCase(BuiltinKeywords.groovy:334)
	at ContactAutoPausedPreviewLink.run(ContactAutoPausedPreviewLink:16)
	at com.kms.katalon.core.main.ScriptEngine.run(ScriptEngine.java:194)
	at com.kms.katalon.core.main.ScriptEngine.runScriptAsRawText(ScriptEngine.java:119)
	at com.kms.katalon.core.main.TestCaseExecutor.runScript(TestCaseExecutor.java:331)
	at com.kms.katalon.core.main.TestCaseExecutor.doExecute(TestCaseExecutor.java:322)
	at com.kms.katalon.core.main.TestCaseExecutor.processExecutionPhase(TestCaseExecutor.java:301)
	at com.kms.katalon.core.main.TestCaseExecutor.accessMainPhase(TestCaseExecutor.java:293)
	at com.kms.katalon.core.main.TestCaseExecutor.execute(TestCaseExecutor.java:227)
	at com.kms.katalon.core.main.TestSuiteExecutor.accessTestCaseMainPhase(TestSuiteExecutor.java:129)
	at com.kms.katalon.core.main.TestSuiteExecutor.accessTestSuiteMainPhase(TestSuiteExecutor.java:112)
	at com.kms.katalon.core.main.TestSuiteExecutor.execute(TestSuiteExecutor.java:81)
	at com.kms.katalon.core.main.TestCaseMain.startTestSuite(TestCaseMain.java:157)
	at com.kms.katalon.core.main.TestCaseMain$startTestSuite$0.call(Unknown Source)
	at TempTestSuite1553031519664.run(TempTestSuite1553031519664.groovy:35)


2019-03-19 14:45:31 - [MESSAGE][FAILED] - Unable to set text 'qAisgr8!@' of object 'Object Repository/Products/Cerberus/LoginLogout/Password'
[[ATTACHMENT|/Users/pshukla/Documents/Katalon Studio/qa-templates/Reports/Templates/20190319_143829/1553031931159.png]]

2019-03-19 14:45:31 - [MESSAGE][FAILED] - setMaskedText(findTestObject("Products/Cerberus/LoginLogout/Password"), "qAisgr8!@") FAILED.
Reason:
com.kms.katalon.core.exception.StepFailedException: Unable to set text 'qAisgr8!@' of object 'Object Repository/Products/Cerberus/LoginLogout/Password'
	at com.kms.katalon.core.keyword.internal.KeywordMain.stepFailed(KeywordMain.groovy:48)
	at com.kms.katalon.core.webui.keyword.internal.WebUIKeywordMain.stepFailed(WebUIKeywordMain.groovy:65)
	at com.kms.katalon.core.webui.keyword.internal.WebUIKeywordMain.runKeyword(WebUIKeywordMain.groovy:27)
	at com.kms.katalon.core.webui.keyword.builtin.SetMaskedTextKeyword.setMaskedText(SetMaskedTextKeyword.groovy:101)
	at com.kms.katalon.core.webui.keyword.builtin.SetMaskedTextKeyword.execute(SetMaskedTextKeyword.groovy:68)
	at com.kms.katalon.core.keyword.internal.KeywordExecutor.executeKeywordForPlatform(KeywordExecutor.groovy:56)
	at com.kms.katalon.core.webui.keyword.WebUiBuiltInKeywords.setMaskedText(WebUiBuiltInKeywords.groovy:997)
	at com.kms.katalon.core.webui.keyword.WebUiBuiltInKeywords$setMaskedText$5.call(Unknown Source)
	at TemplateLoginNCQATestUtility.run(TemplateLoginNCQATestUtility:37)
	at com.kms.katalon.core.main.ScriptEngine.run(ScriptEngine.java:194)
	at com.kms.katalon.core.main.ScriptEngine.runScriptAsRawText(ScriptEngine.java:119)
	at com.kms.katalon.core.main.TestCaseExecutor.runScript(TestCaseExecutor.java:331)
	at com.kms.katalon.core.main.TestCaseExecutor.doExecute(TestCaseExecutor.java:322)
	at com.kms.katalon.core.main.TestCaseExecutor.processExecutionPhase(TestCaseExecutor.java:301)
	at com.kms.katalon.core.main.TestCaseExecutor.accessMainPhase(TestCaseExecutor.java:293)
	at com.kms.katalon.core.main.TestCaseExecutor.execute(TestCaseExecutor.java:227)
	at com.kms.katalon.core.main.TestCaseMain.runTestCase(TestCaseMain.java:114)
	at com.kms.katalon.core.keyword.builtin.CallTestCaseKeyword$_callTestCase_closure1.doCall(CallTestCaseKeyword.groovy:59)
	at com.kms.katalon.core.keyword.builtin.CallTestCaseKeyword$_callTestCase_closure1.call(CallTestCaseKeyword.groovy)
	at com.kms.katalon.core.keyword.internal.KeywordMain.runKeyword(KeywordMain.groovy:66)
	at com.kms.katalon.core.keyword.builtin.CallTestCaseKeyword.callTestCase(CallTestCaseKeyword.groovy:81)
	at com.kms.katalon.core.keyword.builtin.CallTestCaseKeyword.execute(CallTestCaseKeyword.groovy:44)
	at com.kms.katalon.core.keyword.internal.KeywordExecutor.executeKeywordForPlatform(KeywordExecutor.groovy:56)
	at com.kms.katalon.core.keyword.BuiltinKeywords.callTestCase(BuiltinKeywords.groovy:334)
	at ContactAutoPausedPreviewLink.run(ContactAutoPausedPreviewLink:16)
	at com.kms.katalon.core.main.ScriptEngine.run(ScriptEngine.java:194)
	at com.kms.katalon.core.main.ScriptEngine.runScriptAsRawText(ScriptEngine.java:119)
	at com.kms.katalon.core.main.TestCaseExecutor.runScript(TestCaseExecutor.java:331)
	at com.kms.katalon.core.main.TestCaseExecutor.doExecute(TestCaseExecutor.java:322)
	at com.kms.katalon.core.main.TestCaseExecutor.processExecutionPhase(TestCaseExecutor.java:301)
	at com.kms.katalon.core.main.TestCaseExecutor.accessMainPhase(TestCaseExecutor.java:293)
	at com.kms.katalon.core.main.TestCaseExecutor.execute(TestCaseExecutor.java:227)
	at com.kms.katalon.core.main.TestSuiteExecutor.accessTestCaseMainPhase(TestSuiteExecutor.java:129)
	at com.kms.katalon.core.main.TestSuiteExecutor.accessTestSuiteMainPhase(TestSuiteExecutor.java:112)
	at com.kms.katalon.core.main.TestSuiteExecutor.execute(TestSuiteExecutor.java:81)
	at com.kms.katalon.core.main.TestCaseMain.startTestSuite(TestCaseMain.java:157)
	at com.kms.katalon.core.main.TestCaseMain$startTestSuite$0.call(Unknown Source)
	at TempTestSuite1553031519664.run(TempTestSuite1553031519664.groovy:35)


2019-03-19 14:45:31 - [MESSAGE][FAILED] - Unable to call Test Case 'Test Cases/Products/Cerberus/Login-Logout/TemplateLoginNCQATestUtility' (Root cause: com.kms.katalon.core.exception.StepFailedException: Call Test Case 'Test Cases/Products/Cerberus/Login-Logout/TemplateLoginNCQATestUtility' failed
	at com.kms.katalon.core.keyword.builtin.CallTestCaseKeyword$_callTestCase_closure1.doCall(CallTestCaseKeyword.groovy:63)
	at com.kms.katalon.core.keyword.builtin.CallTestCaseKeyword$_callTestCase_closure1.call(CallTestCaseKeyword.groovy)
	at com.kms.katalon.core.keyword.internal.KeywordMain.runKeyword(KeywordMain.groovy:66)
	at com.kms.katalon.core.keyword.builtin.CallTestCaseKeyword.callTestCase(CallTestCaseKeyword.groovy:81)
	at com.kms.katalon.core.keyword.builtin.CallTestCaseKeyword.execute(CallTestCaseKeyword.groovy:44)
	at com.kms.katalon.core.keyword.internal.KeywordExecutor.executeKeywordForPlatform(KeywordExecutor.groovy:56)
	at com.kms.katalon.core.keyword.BuiltinKeywords.callTestCase(BuiltinKeywords.groovy:334)
	at ContactAutoPausedPreviewLink.run(ContactAutoPausedPreviewLink:16)
	at com.kms.katalon.core.main.ScriptEngine.run(ScriptEngine.java:194)
	at com.kms.katalon.core.main.ScriptEngine.runScriptAsRawText(ScriptEngine.java:119)
	at com.kms.katalon.core.main.TestCaseExecutor.runScript(TestCaseExecutor.java:331)
	at com.kms.katalon.core.main.TestCaseExecutor.doExecute(TestCaseExecutor.java:322)
	at com.kms.katalon.core.main.TestCaseExecutor.processExecutionPhase(TestCaseExecutor.java:301)
	at com.kms.katalon.core.main.TestCaseExecutor.accessMainPhase(TestCaseExecutor.java:293)
	at com.kms.katalon.core.main.TestCaseExecutor.execute(TestCaseExecutor.java:227)
	at com.kms.katalon.core.main.TestSuiteExecutor.accessTestCaseMainPhase(TestSuiteExecutor.java:129)
	at com.kms.katalon.core.main.TestSuiteExecutor.accessTestSuiteMainPhase(TestSuiteExecutor.java:112)
	at com.kms.katalon.core.main.TestSuiteExecutor.execute(TestSuiteExecutor.java:81)
	at com.kms.katalon.core.main.TestCaseMain.startTestSuite(TestCaseMain.java:157)
	at com.kms.katalon.core.main.TestCaseMain$startTestSuite$0.call(Unknown Source)
	at TempTestSuite1553031519664.run(TempTestSuite1553031519664.groovy:35)
Caused by: com.kms.katalon.core.exception.StepFailedException: Unable to set text 'qAisgr8!@' of object 'Object Repository/Products/Cerberus/LoginLogout/Password'
	at com.kms.katalon.core.keyword.internal.KeywordMain.stepFailed(KeywordMain.groovy:48)
	at com.kms.katalon.core.webui.keyword.internal.WebUIKeywordMain.stepFailed(WebUIKeywordMain.groovy:65)
	at com.kms.katalon.core.webui.keyword.internal.WebUIKeywordMain.runKeyword(WebUIKeywordMain.groovy:27)
	at com.kms.katalon.core.webui.keyword.builtin.SetMaskedTextKeyword.setMaskedText(SetMaskedTextKeyword.groovy:101)
	at com.kms.katalon.core.webui.keyword.builtin.SetMaskedTextKeyword.execute(SetMaskedTextKeyword.groovy:68)
	at com.kms.katalon.core.keyword.internal.KeywordExecutor.executeKeywordForPlatform(KeywordExecutor.groovy:56)
	at com.kms.katalon.core.webui.keyword.WebUiBuiltInKeywords.setMaskedText(WebUiBuiltInKeywords.groovy:997)
	at com.kms.katalon.core.webui.keyword.WebUiBuiltInKeywords$setMaskedText$5.call(Unknown Source)
	at TemplateLoginNCQATestUtility.run(TemplateLoginNCQATestUtility:37)
	at com.kms.katalon.core.main.ScriptEngine.run(ScriptEngine.java:194)
	at com.kms.katalon.core.main.ScriptEngine.runScriptAsRawText(ScriptEngine.java:119)
	at com.kms.katalon.core.main.TestCaseExecutor.runScript(TestCaseExecutor.java:331)
	at com.kms.katalon.core.main.TestCaseExecutor.doExecute(TestCaseExecutor.java:322)
	at com.kms.katalon.core.main.TestCaseExecutor.processExecutionPhase(TestCaseExecutor.java:301)
	at com.kms.katalon.core.main.TestCaseExecutor.accessMainPhase(TestCaseExecutor.java:293)
	at com.kms.katalon.core.main.TestCaseExecutor.execute(TestCaseExecutor.java:227)
	at com.kms.katalon.core.main.TestCaseMain.runTestCase(TestCaseMain.java:114)
	at com.kms.katalon.core.keyword.builtin.CallTestCaseKeyword$_callTestCase_closure1.doCall(CallTestCaseKeyword.groovy:59)
	... 20 more
)

2019-03-19 14:45:31 - [MESSAGE][FAILED] - callTestCase(findTestCase("Products/Cerberus/Login-Logout/TemplateLoginNCQATestUtility"), [:], STOP_ON_FAILURE) FAILED.
Reason:
com.kms.katalon.core.exception.StepFailedException: Call Test Case 'Test Cases/Products/Cerberus/Login-Logout/TemplateLoginNCQATestUtility' failed
	at com.kms.katalon.core.keyword.builtin.CallTestCaseKeyword$_callTestCase_closure1.doCall(CallTestCaseKeyword.groovy:63)
	at com.kms.katalon.core.keyword.builtin.CallTestCaseKeyword$_callTestCase_closure1.call(CallTestCaseKeyword.groovy)
	at com.kms.katalon.core.keyword.internal.KeywordMain.runKeyword(KeywordMain.groovy:66)
	at com.kms.katalon.core.keyword.builtin.CallTestCaseKeyword.callTestCase(CallTestCaseKeyword.groovy:81)
	at com.kms.katalon.core.keyword.builtin.CallTestCaseKeyword.execute(CallTestCaseKeyword.groovy:44)
	at com.kms.katalon.core.keyword.internal.KeywordExecutor.executeKeywordForPlatform(KeywordExecutor.groovy:56)
	at com.kms.katalon.core.keyword.BuiltinKeywords.callTestCase(BuiltinKeywords.groovy:334)
	at ContactAutoPausedPreviewLink.run(ContactAutoPausedPreviewLink:16)
	at com.kms.katalon.core.main.ScriptEngine.run(ScriptEngine.java:194)
	at com.kms.katalon.core.main.ScriptEngine.runScriptAsRawText(ScriptEngine.java:119)
	at com.kms.katalon.core.main.TestCaseExecutor.runScript(TestCaseExecutor.java:331)
	at com.kms.katalon.core.main.TestCaseExecutor.doExecute(TestCaseExecutor.java:322)
	at com.kms.katalon.core.main.TestCaseExecutor.processExecutionPhase(TestCaseExecutor.java:301)
	at com.kms.katalon.core.main.TestCaseExecutor.accessMainPhase(TestCaseExecutor.java:293)
	at com.kms.katalon.core.main.TestCaseExecutor.execute(TestCaseExecutor.java:227)
	at com.kms.katalon.core.main.TestSuiteExecutor.accessTestCaseMainPhase(TestSuiteExecutor.java:129)
	at com.kms.katalon.core.main.TestSuiteExecutor.accessTestSuiteMainPhase(TestSuiteExecutor.java:112)
	at com.kms.katalon.core.main.TestSuiteExecutor.execute(TestSuiteExecutor.java:81)
	at com.kms.katalon.core.main.TestCaseMain.startTestSuite(TestCaseMain.java:157)
	at com.kms.katalon.core.main.TestCaseMain$startTestSuite$0.call(Unknown Source)
	at TempTestSuite1553031519664.run(TempTestSuite1553031519664.groovy:35)
Caused by: com.kms.katalon.core.exception.StepFailedException: Unable to set text 'qAisgr8!@' of object 'Object Repository/Products/Cerberus/LoginLogout/Password'
	at com.kms.katalon.core.keyword.internal.KeywordMain.stepFailed(KeywordMain.groovy:48)
	at com.kms.katalon.core.webui.keyword.internal.WebUIKeywordMain.stepFailed(WebUIKeywordMain.groovy:65)
	at com.kms.katalon.core.webui.keyword.internal.WebUIKeywordMain.runKeyword(WebUIKeywordMain.groovy:27)
	at com.kms.katalon.core.webui.keyword.builtin.SetMaskedTextKeyword.setMaskedText(SetMaskedTextKeyword.groovy:101)
	at com.kms.katalon.core.webui.keyword.builtin.SetMaskedTextKeyword.execute(SetMaskedTextKeyword.groovy:68)
	at com.kms.katalon.core.keyword.internal.KeywordExecutor.executeKeywordForPlatform(KeywordExecutor.groovy:56)
	at com.kms.katalon.core.webui.keyword.WebUiBuiltInKeywords.setMaskedText(WebUiBuiltInKeywords.groovy:997)
	at com.kms.katalon.core.webui.keyword.WebUiBuiltInKeywords$setMaskedText$5.call(Unknown Source)
	at TemplateLoginNCQATestUtility.run(TemplateLoginNCQATestUtility:37)
	at com.kms.katalon.core.main.ScriptEngine.run(ScriptEngine.java:194)
	at com.kms.katalon.core.main.ScriptEngine.runScriptAsRawText(ScriptEngine.java:119)
	at com.kms.katalon.core.main.TestCaseExecutor.runScript(TestCaseExecutor.java:331)
	at com.kms.katalon.core.main.TestCaseExecutor.doExecute(TestCaseExecutor.java:322)
	at com.kms.katalon.core.main.TestCaseExecutor.processExecutionPhase(TestCaseExecutor.java:301)
	at com.kms.katalon.core.main.TestCaseExecutor.accessMainPhase(TestCaseExecutor.java:293)
	at com.kms.katalon.core.main.TestCaseExecutor.execute(TestCaseExecutor.java:227)
	at com.kms.katalon.core.main.TestCaseMain.runTestCase(TestCaseMain.java:114)
	at com.kms.katalon.core.keyword.builtin.CallTestCaseKeyword$_callTestCase_closure1.doCall(CallTestCaseKeyword.groovy:59)
	... 20 more]]></system-out>
         <system-err><![CDATA[2019-03-19 14:45:07 - [TEST_CASE][FAILED] - Test Cases/Products/TemplateApp/Templates/SMS/ContactAutoPausedPreviewLink: Test Cases/Products/TemplateApp/Templates/SMS/ContactAutoPausedPreviewLink FAILED.
Reason:
com.kms.katalon.core.exception.StepFailedException: Call Test Case 'Test Cases/Products/Cerberus/Login-Logout/TemplateLoginNCQATestUtility' failed
	at com.kms.katalon.core.keyword.builtin.CallTestCaseKeyword$_callTestCase_closure1.doCall(CallTestCaseKeyword.groovy:63)
	at com.kms.katalon.core.keyword.builtin.CallTestCaseKeyword$_callTestCase_closure1.call(CallTestCaseKeyword.groovy)
	at com.kms.katalon.core.keyword.internal.KeywordMain.runKeyword(KeywordMain.groovy:66)
	at com.kms.katalon.core.keyword.builtin.CallTestCaseKeyword.callTestCase(CallTestCaseKeyword.groovy:81)
	at com.kms.katalon.core.keyword.builtin.CallTestCaseKeyword.execute(CallTestCaseKeyword.groovy:44)
	at com.kms.katalon.core.keyword.internal.KeywordExecutor.executeKeywordForPlatform(KeywordExecutor.groovy:56)
	at com.kms.katalon.core.keyword.BuiltinKeywords.callTestCase(BuiltinKeywords.groovy:334)
	at ContactAutoPausedPreviewLink.run(ContactAutoPausedPreviewLink:16)
	at com.kms.katalon.core.main.ScriptEngine.run(ScriptEngine.java:194)
	at com.kms.katalon.core.main.ScriptEngine.runScriptAsRawText(ScriptEngine.java:119)
	at com.kms.katalon.core.main.TestCaseExecutor.runScript(TestCaseExecutor.java:331)
	at com.kms.katalon.core.main.TestCaseExecutor.doExecute(TestCaseExecutor.java:322)
	at com.kms.katalon.core.main.TestCaseExecutor.processExecutionPhase(TestCaseExecutor.java:301)
	at com.kms.katalon.core.main.TestCaseExecutor.accessMainPhase(TestCaseExecutor.java:293)
	at com.kms.katalon.core.main.TestCaseExecutor.execute(TestCaseExecutor.java:227)
	at com.kms.katalon.core.main.TestSuiteExecutor.accessTestCaseMainPhase(TestSuiteExecutor.java:129)
	at com.kms.katalon.core.main.TestSuiteExecutor.accessTestSuiteMainPhase(TestSuiteExecutor.java:112)
	at com.kms.katalon.core.main.TestSuiteExecutor.execute(TestSuiteExecutor.java:81)
	at com.kms.katalon.core.main.TestCaseMain.startTestSuite(TestCaseMain.java:157)
	at com.kms.katalon.core.main.TestCaseMain$startTestSuite$0.call(Unknown Source)
	at TempTestSuite1553031519664.run(TempTestSuite1553031519664.groovy:35)
Caused by: com.kms.katalon.core.exception.StepFailedException: Unable to set text 'qAisgr8!@' of object 'Object Repository/Products/Cerberus/LoginLogout/Password'
	at com.kms.katalon.core.keyword.internal.KeywordMain.stepFailed(KeywordMain.groovy:48)
	at com.kms.katalon.core.webui.keyword.internal.WebUIKeywordMain.stepFailed(WebUIKeywordMain.groovy:65)
	at com.kms.katalon.core.webui.keyword.internal.WebUIKeywordMain.runKeyword(WebUIKeywordMain.groovy:27)
	at com.kms.katalon.core.webui.keyword.builtin.SetMaskedTextKeyword.setMaskedText(SetMaskedTextKeyword.groovy:101)
	at com.kms.katalon.core.webui.keyword.builtin.SetMaskedTextKeyword.execute(SetMaskedTextKeyword.groovy:68)
	at com.kms.katalon.core.keyword.internal.KeywordExecutor.executeKeywordForPlatform(KeywordExecutor.groovy:56)
	at com.kms.katalon.core.webui.keyword.WebUiBuiltInKeywords.setMaskedText(WebUiBuiltInKeywords.groovy:997)
	at com.kms.katalon.core.webui.keyword.WebUiBuiltInKeywords$setMaskedText$5.call(Unknown Source)
	at TemplateLoginNCQATestUtility.run(TemplateLoginNCQATestUtility:37)
	at com.kms.katalon.core.main.ScriptEngine.run(ScriptEngine.java:194)
	at com.kms.katalon.core.main.ScriptEngine.runScriptAsRawText(ScriptEngine.java:119)
	at com.kms.katalon.core.main.TestCaseExecutor.runScript(TestCaseExecutor.java:331)
	at com.kms.katalon.core.main.TestCaseExecutor.doExecute(TestCaseExecutor.java:322)
	at com.kms.katalon.core.main.TestCaseExecutor.processExecutionPhase(TestCaseExecutor.java:301)
	at com.kms.katalon.core.main.TestCaseExecutor.accessMainPhase(TestCaseExecutor.java:293)
	at com.kms.katalon.core.main.TestCaseExecutor.execute(TestCaseExecutor.java:227)
	at com.kms.katalon.core.main.TestCaseMain.runTestCase(TestCaseMain.java:114)
	at com.kms.katalon.core.keyword.builtin.CallTestCaseKeyword$_callTestCase_closure1.doCall(CallTestCaseKeyword.groovy:59)
	... 20 more]]></system-err>
      </testcase>
      <testcase name="Test Cases/Products/TemplateApp/Templates/IVR/EditVoiceNoInputTemplate" classname="Test Cases/Products/TemplateApp/Templates/IVR/EditVoiceNoInputTemplate" status="FAILED">
         <failure type="FAILED" message="Test Cases/Products/TemplateApp/Templates/IVR/EditVoiceNoInputTemplate FAILED.
Reason:
com.kms.katalon.core.exception.StepFailedException: Verify element text of test object 'Object Repository/Products/TemplateApp/Templates/Common/VerifyCommitMessageField' FAILED.
	at com.kms.katalon.core.keyword.internal.KeywordMain.stepFailed(KeywordMain.groovy:48)
	at com.kms.katalon.core.webui.keyword.internal.WebUIKeywordMain.stepFailed(WebUIKeywordMain.groovy:65)
	at com.kms.katalon.core.webui.keyword.internal.WebUIKeywordMain.runKeyword(WebUIKeywordMain.groovy:27)
	at com.kms.katalon.core.webui.keyword.builtin.VerifyElementTextKeyword.verifyElementText(VerifyElementTextKeyword.groovy:72)
	at com.kms.katalon.core.webui.keyword.builtin.VerifyElementTextKeyword.execute(VerifyElementTextKeyword.groovy:40)
	at com.kms.katalon.core.keyword.internal.KeywordExecutor.executeKeywordForPlatform(KeywordExecutor.groovy:56)
	at com.kms.katalon.core.webui.keyword.WebUiBuiltInKeywords.verifyElementText(WebUiBuiltInKeywords.groovy:3663)
	at com.kms.katalon.core.webui.keyword.WebUiBuiltInKeywords$verifyElementText$6.call(Unknown Source)
	at EditVoiceNoInputTemplate.run(EditVoiceNoInputTemplate:81)
	at com.kms.katalon.core.main.ScriptEngine.run(ScriptEngine.java:194)
	at com.kms.katalon.core.main.ScriptEngine.runScriptAsRawText(ScriptEngine.java:119)
	at com.kms.katalon.core.main.TestCaseExecutor.runScript(TestCaseExecutor.java:331)
	at com.kms.katalon.core.main.TestCaseExecutor.doExecute(TestCaseExecutor.java:322)
	at com.kms.katalon.core.main.TestCaseExecutor.processExecutionPhase(TestCaseExecutor.java:301)
	at com.kms.katalon.core.main.TestCaseExecutor.accessMainPhase(TestCaseExecutor.java:293)
	at com.kms.katalon.core.main.TestCaseExecutor.execute(TestCaseExecutor.java:227)
	at com.kms.katalon.core.main.TestSuiteExecutor.accessTestCaseMainPhase(TestSuiteExecutor.java:129)
	at com.kms.katalon.core.main.TestSuiteExecutor.accessTestSuiteMainPhase(TestSuiteExecutor.java:112)
	at com.kms.katalon.core.main.TestSuiteExecutor.execute(TestSuiteExecutor.java:81)
	at com.kms.katalon.core.main.TestCaseMain.startTestSuite(TestCaseMain.java:157)
	at com.kms.katalon.core.main.TestCaseMain$startTestSuite$0.call(Unknown Source)
	at TempTestSuite1553031519664.run(TempTestSuite1553031519664.groovy:35)
"/>
         <system-out><![CDATA[2019-03-19 14:45:31 - [TEST_CASE][FAILED] - Test Cases/Products/TemplateApp/Templates/IVR/EditVoiceNoInputTemplate: Test Cases/Products/TemplateApp/Templates/IVR/EditVoiceNoInputTemplate FAILED.
Reason:
com.kms.katalon.core.exception.StepFailedException: Verify element text of test object 'Object Repository/Products/TemplateApp/Templates/Common/VerifyCommitMessageField' FAILED.
	at com.kms.katalon.core.keyword.internal.KeywordMain.stepFailed(KeywordMain.groovy:48)
	at com.kms.katalon.core.webui.keyword.internal.WebUIKeywordMain.stepFailed(WebUIKeywordMain.groovy:65)
	at com.kms.katalon.core.webui.keyword.internal.WebUIKeywordMain.runKeyword(WebUIKeywordMain.groovy:27)
	at com.kms.katalon.core.webui.keyword.builtin.VerifyElementTextKeyword.verifyElementText(VerifyElementTextKeyword.groovy:72)
	at com.kms.katalon.core.webui.keyword.builtin.VerifyElementTextKeyword.execute(VerifyElementTextKeyword.groovy:40)
	at com.kms.katalon.core.keyword.internal.KeywordExecutor.executeKeywordForPlatform(KeywordExecutor.groovy:56)
	at com.kms.katalon.core.webui.keyword.WebUiBuiltInKeywords.verifyElementText(WebUiBuiltInKeywords.groovy:3663)
	at com.kms.katalon.core.webui.keyword.WebUiBuiltInKeywords$verifyElementText$6.call(Unknown Source)
	at EditVoiceNoInputTemplate.run(EditVoiceNoInputTemplate:81)
	at com.kms.katalon.core.main.ScriptEngine.run(ScriptEngine.java:194)
	at com.kms.katalon.core.main.ScriptEngine.runScriptAsRawText(ScriptEngine.java:119)
	at com.kms.katalon.core.main.TestCaseExecutor.runScript(TestCaseExecutor.java:331)
	at com.kms.katalon.core.main.TestCaseExecutor.doExecute(TestCaseExecutor.java:322)
	at com.kms.katalon.core.main.TestCaseExecutor.processExecutionPhase(TestCaseExecutor.java:301)
	at com.kms.katalon.core.main.TestCaseExecutor.accessMainPhase(TestCaseExecutor.java:293)
	at com.kms.katalon.core.main.TestCaseExecutor.execute(TestCaseExecutor.java:227)
	at com.kms.katalon.core.main.TestSuiteExecutor.accessTestCaseMainPhase(TestSuiteExecutor.java:129)
	at com.kms.katalon.core.main.TestSuiteExecutor.accessTestSuiteMainPhase(TestSuiteExecutor.java:112)
	at com.kms.katalon.core.main.TestSuiteExecutor.execute(TestSuiteExecutor.java:81)
	at com.kms.katalon.core.main.TestCaseMain.startTestSuite(TestCaseMain.java:157)
	at com.kms.katalon.core.main.TestCaseMain$startTestSuite$0.call(Unknown Source)
	at TempTestSuite1553031519664.run(TempTestSuite1553031519664.groovy:35)


2019-03-19 14:45:31 - [TEST_STEP][PASSED] - log = new com.kms.katalon.core.logging.KeywordLogger(): null

2019-03-19 14:45:31 - [TEST_STEP][PASSED] - TextValue = tools.TestDataGenerator.getRandomParagraphs(2, 5): tools.TestDataGenerator.getRandomParagraphs is PASSED

2019-03-19 14:45:31 - [MESSAGE][PASSED] - tools.TestDataGenerator.getRandomParagraphs is PASSED

2019-03-19 14:45:31 - [TEST_STEP][PASSED] - log.logInfo(TextValue): Graecomeliore cum altera massa veritus sem lacinia mus semper neque sanctus eos.  Aliquidvoluptaria id habemus veniam mus fringilla.  Offenditultricies alia similique habeo netus iuvaret persius veritus constituam quas pertinax tibique viderer numquam primis aeque docendi consequat.  
Consectetuerligula lobortis primis facilis explicari et ligula graeci disputationi dolorem felis iaculis malorum senectus mucius sapien.  Eueum iisque tota fringilla mei.  Partiendopostulant suscipit taciti patrioque euismod dolorum sapien mauris ocurreret penatibus posuere verear agam dissentiunt dolor suspendisse.  Volutpatlabores quaerendum.  Auctorhabemus sale.

2019-03-19 14:45:31 - [MESSAGE][INFO] - Graecomeliore cum altera massa veritus sem lacinia mus semper neque sanctus eos.  Aliquidvoluptaria id habemus veniam mus fringilla.  Offenditultricies alia similique habeo netus iuvaret persius veritus constituam quas pertinax tibique viderer numquam primis aeque docendi consequat.  
Consectetuerligula lobortis primis facilis explicari et ligula graeci disputationi dolorem felis iaculis malorum senectus mucius sapien.  Eueum iisque tota fringilla mei.  Partiendopostulant suscipit taciti patrioque euismod dolorum sapien mauris ocurreret penatibus posuere verear agam dissentiunt dolor suspendisse.  Volutpatlabores quaerendum.  Auctorhabemus sale.

2019-03-19 14:45:31 - [TEST_STEP][PASSED] - commitNumber = tools.TestDataGenerator.getRandomWords(2, 2): tools.TestDataGenerator.getRandomWords is PASSED

2019-03-19 14:45:31 - [MESSAGE][PASSED] - tools.TestDataGenerator.getRandomWords is PASSED

2019-03-19 14:45:31 - [TEST_STEP][PASSED] - log.logInfo(commitNumber): delicata menandri

2019-03-19 14:45:31 - [MESSAGE][INFO] - delicata menandri

2019-03-19 14:45:31 - [TEST_STEP][PASSED] - callTestCase(findTestCase("Products/Cerberus/Login-Logout/TemplateLoginNCQATestUtility"), [:], STOP_ON_FAILURE): Call Test Case 'Test Cases/Products/Cerberus/Login-Logout/TemplateLoginNCQATestUtility' successfully

2019-03-19 14:45:31 - [TEST_CASE][PASSED] - Test Cases/Products/Cerberus/Login-Logout/TemplateLoginNCQATestUtility: Test Cases/Products/Cerberus/Login-Logout/TemplateLoginNCQATestUtility

2019-03-19 14:45:31 - [TEST_STEP][PASSED] - log = new com.kms.katalon.core.logging.KeywordLogger(): null

2019-03-19 14:45:31 - [TEST_STEP][PASSED] - comment("Open browser and Login"): Open browser and Login

2019-03-19 14:45:31 - [MESSAGE][INFO] - Open browser and Login

2019-03-19 14:45:31 - [TEST_STEP][PASSED] - openBrowser(G_DefaultSiteURL): Browser is opened with url: 'https://dev.kubra.io'

2019-03-19 14:45:31 - [MESSAGE][WARNING] - A browser is already opened. Closing browser and opening a new one

2019-03-19 14:45:31 - [MESSAGE][INFO] - Starting 'Firefox' driver

2019-03-19 14:45:36 - [MESSAGE][PASSED] - Browser is opened with url: 'https://dev.kubra.io'

2019-03-19 14:45:36 - [TEST_STEP][PASSED] - waitForPageLoad(G_ShortTimeout): Wait for page load successfully

2019-03-19 14:45:36 - [MESSAGE][PASSED] - Wait for page load successfully

2019-03-19 14:45:36 - [TEST_STEP][PASSED] - maximizeWindow(): Current window maximized

2019-03-19 14:45:36 - [MESSAGE][PASSED] - Current window maximized

2019-03-19 14:45:36 - [TEST_STEP][PASSED] - log.logWarning("--- Begin Login ---"): --- Begin Login ---

2019-03-19 14:45:36 - [MESSAGE][WARNING] - --- Begin Login ---

2019-03-19 14:45:36 - [TEST_STEP][PASSED] - log.logWarning("Logging in to environment - " + G_DefaultSiteURL): Logging in to environment - https://dev.kubra.io

2019-03-19 14:45:36 - [MESSAGE][WARNING] - Logging in to environment - https://dev.kubra.io

2019-03-19 14:45:36 - [TEST_STEP][PASSED] - waitForElementClickable(findTestObject("Products/Cerberus/LoginLogout/LogInWithGoogle"), 15): Object 'Object Repository/Products/Cerberus/LoginLogout/LogInWithGoogle' is clickable

2019-03-19 14:45:37 - [MESSAGE][PASSED] - Object 'Object Repository/Products/Cerberus/LoginLogout/LogInWithGoogle' is clickable

2019-03-19 14:45:37 - [TEST_STEP][PASSED] - delay(2): Delayed 2 second(s)

2019-03-19 14:45:39 - [MESSAGE][PASSED] - Delayed 2 second(s)

2019-03-19 14:45:39 - [TEST_STEP][PASSED] - click(findTestObject("Products/Cerberus/LoginLogout/LogInWithGoogle")): Object: 'Object Repository/Products/Cerberus/LoginLogout/LogInWithGoogle' is clicked on

2019-03-19 14:45:40 - [MESSAGE][PASSED] - Object: 'Object Repository/Products/Cerberus/LoginLogout/LogInWithGoogle' is clicked on

2019-03-19 14:45:40 - [TEST_STEP][PASSED] - waitForElementVisible(findTestObject("Products/Cerberus/LoginLogout/UserName"), 15): Object 'Object Repository/Products/Cerberus/LoginLogout/UserName' is visible

2019-03-19 14:45:41 - [MESSAGE][PASSED] - Object 'Object Repository/Products/Cerberus/LoginLogout/UserName' is visible

2019-03-19 14:45:41 - [TEST_STEP][PASSED] - setMaskedText(findTestObject("Products/Cerberus/LoginLogout/UserName"), "tempeqa@kubra.com"): Text '*****************' is set on object 'Object Repository/Products/Cerberus/LoginLogout/UserName'

2019-03-19 14:45:41 - [MESSAGE][PASSED] - Text '*****************' is set on object 'Object Repository/Products/Cerberus/LoginLogout/UserName'

2019-03-19 14:45:41 - [TEST_STEP][PASSED] - waitForElementVisible(findTestObject("Products/Cerberus/LoginLogout/UserNameNextButton"), 15): Object 'Object Repository/Products/Cerberus/LoginLogout/UserNameNextButton' is visible

2019-03-19 14:45:41 - [MESSAGE][PASSED] - Object 'Object Repository/Products/Cerberus/LoginLogout/UserNameNextButton' is visible

2019-03-19 14:45:41 - [TEST_STEP][PASSED] - click(findTestObject("Products/Cerberus/LoginLogout/UserNameNextButton")): Object: 'Object Repository/Products/Cerberus/LoginLogout/UserNameNextButton' is clicked on

2019-03-19 14:45:41 - [MESSAGE][PASSED] - Object: 'Object Repository/Products/Cerberus/LoginLogout/UserNameNextButton' is clicked on

2019-03-19 14:45:41 - [TEST_STEP][PASSED] - waitForElementVisible(findTestObject("Products/Cerberus/LoginLogout/Password"), 15): Object 'Object Repository/Products/Cerberus/LoginLogout/Password' is visible

2019-03-19 14:45:42 - [MESSAGE][PASSED] - Object 'Object Repository/Products/Cerberus/LoginLogout/Password' is visible

2019-03-19 14:45:42 - [TEST_STEP][PASSED] - setMaskedText(findTestObject("Products/Cerberus/LoginLogout/Password"), "qAisgr8!@"): Text '*********' is set on object 'Object Repository/Products/Cerberus/LoginLogout/Password'

2019-03-19 14:45:42 - [MESSAGE][PASSED] - Text '*********' is set on object 'Object Repository/Products/Cerberus/LoginLogout/Password'

2019-03-19 14:45:42 - [TEST_STEP][PASSED] - waitForElementClickable(findTestObject("Products/Cerberus/LoginLogout/PasswordNextButton"), 15): Object 'Object Repository/Products/Cerberus/LoginLogout/PasswordNextButton' is clickable

2019-03-19 14:45:42 - [MESSAGE][PASSED] - Object 'Object Repository/Products/Cerberus/LoginLogout/PasswordNextButton' is clickable

2019-03-19 14:45:42 - [TEST_STEP][PASSED] - click(findTestObject("Products/Cerberus/LoginLogout/PasswordNextButton")): Object: 'Object Repository/Products/Cerberus/LoginLogout/PasswordNextButton' is clicked on

2019-03-19 14:45:46 - [MESSAGE][PASSED] - Object: 'Object Repository/Products/Cerberus/LoginLogout/PasswordNextButton' is clicked on

2019-03-19 14:45:46 - [TEST_STEP][PASSED] - delay(5): Delayed 5 second(s)

2019-03-19 14:45:51 - [MESSAGE][PASSED] - Delayed 5 second(s)

2019-03-19 14:45:51 - [TEST_STEP][PASSED] - waitForElementClickable(findTestObject("Products/Cerberus/LoginLogout/TenantQATestUtilityCompany"), 15): Object 'Object Repository/Products/Cerberus/LoginLogout/TenantQATestUtilityCompany' is clickable

2019-03-19 14:45:51 - [MESSAGE][PASSED] - Object 'Object Repository/Products/Cerberus/LoginLogout/TenantQATestUtilityCompany' is clickable

2019-03-19 14:45:51 - [TEST_STEP][PASSED] - click(findTestObject("Products/Cerberus/LoginLogout/TenantQATestUtilityCompany")): Object: 'Object Repository/Products/Cerberus/LoginLogout/TenantQATestUtilityCompany' is clicked on

2019-03-19 14:45:51 - [MESSAGE][PASSED] - Object: 'Object Repository/Products/Cerberus/LoginLogout/TenantQATestUtilityCompany' is clicked on

2019-03-19 14:45:51 - [TEST_STEP][PASSED] - verifyElementText(findTestObject("Products/Cerberus/LoginLogout/TenantQATestUtilityCompany"), "QA Test Utility Company"): Actual text and expected text of test object 'Object Repository/Products/Cerberus/LoginLogout/TenantQATestUtilityCompany' are matched.

2019-03-19 14:45:51 - [MESSAGE][PASSED] - Actual text and expected text of test object 'Object Repository/Products/Cerberus/LoginLogout/TenantQATestUtilityCompany' are matched.

2019-03-19 14:45:51 - [TEST_STEP][PASSED] - waitForElementClickable(findTestObject("Products/Cerberus/LoginLogout/TenantSubmitButton"), 15): Object 'Object Repository/Products/Cerberus/LoginLogout/TenantSubmitButton' is clickable

2019-03-19 14:45:51 - [MESSAGE][PASSED] - Object 'Object Repository/Products/Cerberus/LoginLogout/TenantSubmitButton' is clickable

2019-03-19 14:45:51 - [TEST_STEP][PASSED] - click(findTestObject("Products/Cerberus/LoginLogout/TenantSubmitButton")): Object: 'Object Repository/Products/Cerberus/LoginLogout/TenantSubmitButton' is clicked on

2019-03-19 14:45:51 - [MESSAGE][PASSED] - Object: 'Object Repository/Products/Cerberus/LoginLogout/TenantSubmitButton' is clicked on

2019-03-19 14:45:51 - [TEST_STEP][PASSED] - waitForElementClickable(findTestObject("Products/Cerberus/LoginLogout/ChooseApp-Templates"), 15): Object 'Object Repository/Products/Cerberus/LoginLogout/ChooseApp-Templates' is clickable

2019-03-19 14:45:51 - [MESSAGE][PASSED] - Object 'Object Repository/Products/Cerberus/LoginLogout/ChooseApp-Templates' is clickable

2019-03-19 14:45:51 - [TEST_STEP][PASSED] - click(findTestObject("Products/Cerberus/LoginLogout/ChooseApp-Templates")): Object: 'Object Repository/Products/Cerberus/LoginLogout/ChooseApp-Templates' is clicked on

2019-03-19 14:45:52 - [MESSAGE][PASSED] - Object: 'Object Repository/Products/Cerberus/LoginLogout/ChooseApp-Templates' is clicked on

2019-03-19 14:45:52 - [TEST_STEP][PASSED] - waitForElementClickable(findTestObject("Products/Cerberus/LoginLogout/SubmitButton_ChooseApp"), 15): Object 'Object Repository/Products/Cerberus/LoginLogout/SubmitButton_ChooseApp' is clickable

2019-03-19 14:45:52 - [MESSAGE][PASSED] - Object 'Object Repository/Products/Cerberus/LoginLogout/SubmitButton_ChooseApp' is clickable

2019-03-19 14:45:52 - [TEST_STEP][PASSED] - click(findTestObject("Products/Cerberus/LoginLogout/SubmitButton_ChooseApp")): Object: 'Object Repository/Products/Cerberus/LoginLogout/SubmitButton_ChooseApp' is clicked on

2019-03-19 14:45:53 - [MESSAGE][PASSED] - Object: 'Object Repository/Products/Cerberus/LoginLogout/SubmitButton_ChooseApp' is clicked on

2019-03-19 14:45:53 - [TEST_STEP][PASSED] - delay(1): Delayed 1 second(s)

2019-03-19 14:45:54 - [MESSAGE][PASSED] - Delayed 1 second(s)

2019-03-19 14:45:54 - [TEST_STEP][PASSED] - verifyTextPresent("Latest Activity", false): Text 'Latest Activity' is present on page 

2019-03-19 14:45:54 - [MESSAGE][PASSED] - Text 'Latest Activity' is present on page 

2019-03-19 14:45:54 - [TEST_STEP][PASSED] - log.logWarning("--- End Login ---"): --- End Login ---

2019-03-19 14:45:54 - [MESSAGE][WARNING] - --- End Login ---

2019-03-19 14:45:54 - [MESSAGE][PASSED] - Call Test Case 'Test Cases/Products/Cerberus/Login-Logout/TemplateLoginNCQATestUtility' successfully

2019-03-19 14:45:54 - [TEST_STEP][PASSED] - delay(4): Delayed 4 second(s)

2019-03-19 14:45:58 - [MESSAGE][PASSED] - Delayed 4 second(s)

2019-03-19 14:45:58 - [TEST_STEP][PASSED] - driver = getWebDriver(): null

2019-03-19 14:45:58 - [TEST_STEP][PASSED] - click(findTestObject("Products/TemplateApp/Templates/Common/SelectTemplates")): Object: 'Object Repository/Products/TemplateApp/Templates/Common/SelectTemplates' is clicked on

2019-03-19 14:45:58 - [MESSAGE][PASSED] - Object: 'Object Repository/Products/TemplateApp/Templates/Common/SelectTemplates' is clicked on

2019-03-19 14:45:58 - [TEST_STEP][PASSED] - delay(2): Delayed 2 second(s)

2019-03-19 14:46:00 - [MESSAGE][PASSED] - Delayed 2 second(s)

2019-03-19 14:46:00 - [TEST_STEP][PASSED] - click(findTestObject("Products/TemplateApp/SelectEnvironment/DownCaret")): Object: 'Object Repository/Products/TemplateApp/SelectEnvironment/DownCaret' is clicked on

2019-03-19 14:46:01 - [MESSAGE][PASSED] - Object: 'Object Repository/Products/TemplateApp/SelectEnvironment/DownCaret' is clicked on

2019-03-19 14:46:01 - [TEST_STEP][PASSED] - click(findTestObject("Products/TemplateApp/SelectEnvironment/SelectEnvironmentDevelop")): Object: 'Object Repository/Products/TemplateApp/SelectEnvironment/SelectEnvironmentDevelop' is clicked on

2019-03-19 14:46:01 - [MESSAGE][PASSED] - Object: 'Object Repository/Products/TemplateApp/SelectEnvironment/SelectEnvironmentDevelop' is clicked on

2019-03-19 14:46:01 - [TEST_STEP][PASSED] - delay(2): Delayed 2 second(s)

2019-03-19 14:46:03 - [MESSAGE][PASSED] - Delayed 2 second(s)

2019-03-19 14:46:03 - [TEST_STEP][PASSED] - click(findTestObject("Products/TemplateApp/Templates/IVR/SelectIVR")): Object: 'Object Repository/Products/TemplateApp/Templates/IVR/SelectIVR' is clicked on

2019-03-19 14:46:03 - [MESSAGE][PASSED] - Object: 'Object Repository/Products/TemplateApp/Templates/IVR/SelectIVR' is clicked on

2019-03-19 14:46:03 - [TEST_STEP][PASSED] - click(findTestObject("Products/TemplateApp/Templates/IVR/VoiceNoInputForm")): Object: 'Object Repository/Products/TemplateApp/Templates/IVR/VoiceNoInputForm' is clicked on

2019-03-19 14:46:03 - [MESSAGE][PASSED] - Object: 'Object Repository/Products/TemplateApp/Templates/IVR/VoiceNoInputForm' is clicked on

2019-03-19 14:46:03 - [TEST_STEP][PASSED] - delay(4): Delayed 4 second(s)

2019-03-19 14:46:07 - [MESSAGE][PASSED] - Delayed 4 second(s)

2019-03-19 14:46:07 - [TEST_STEP][PASSED] - click(findTestObject("Products/TemplateApp/Templates/Common/SelectTextareaSpan")): Object: 'Object Repository/Products/TemplateApp/Templates/Common/SelectTextareaSpan' is clicked on

2019-03-19 14:46:08 - [MESSAGE][PASSED] - Object: 'Object Repository/Products/TemplateApp/Templates/Common/SelectTextareaSpan' is clicked on

2019-03-19 14:46:08 - [TEST_STEP][PASSED] - doubleClick(findTestObject("Products/TemplateApp/Templates/Common/SelectTextareaSpan")): Object: 'Object Repository/Products/TemplateApp/Templates/Common/SelectTextareaSpan' is double clicked on

2019-03-19 14:46:08 - [MESSAGE][PASSED] - Object: 'Object Repository/Products/TemplateApp/Templates/Common/SelectTextareaSpan' is double clicked on

2019-03-19 14:46:08 - [TEST_STEP][PASSED] - sendKeys(findTestObject("Products/TemplateApp/Templates/Common/Textarea"), Keys.chord(DELETE)): Keys 'DELETE + ' sent to object: 'Object Repository/Products/TemplateApp/Templates/Common/Textarea'

2019-03-19 14:46:08 - [MESSAGE][PASSED] - Keys 'DELETE + ' sent to object: 'Object Repository/Products/TemplateApp/Templates/Common/Textarea'

2019-03-19 14:46:08 - [TEST_STEP][PASSED] - tools.WebUICustomKeywords.enterUsingJS(findTestObject("Products/TemplateApp/Templates/Common/Textarea"), 10): tools.WebUICustomKeywords.enterUsingJS is PASSED

2019-03-19 14:46:08 - [MESSAGE][PASSED] - tools.WebUICustomKeywords.enterUsingJS is PASSED

2019-03-19 14:46:08 - [TEST_STEP][PASSED] - delay(4): Delayed 4 second(s)

2019-03-19 14:46:12 - [MESSAGE][PASSED] - Delayed 4 second(s)

2019-03-19 14:46:12 - [TEST_STEP][PASSED] - setText(findTestObject("Products/TemplateApp/Templates/Common/CommitMessageField"), commitNumber): Text 'delicata menandri' is set on object 'Object Repository/Products/TemplateApp/Templates/Common/CommitMessageField'

2019-03-19 14:46:12 - [MESSAGE][PASSED] - Text 'delicata menandri' is set on object 'Object Repository/Products/TemplateApp/Templates/Common/CommitMessageField'

2019-03-19 14:46:12 - [TEST_STEP][PASSED] - click(findTestObject("Products/TemplateApp/Templates/Common/SaveButton")): Object: 'Object Repository/Products/TemplateApp/Templates/Common/SaveButton' is clicked on

2019-03-19 14:46:12 - [MESSAGE][PASSED] - Object: 'Object Repository/Products/TemplateApp/Templates/Common/SaveButton' is clicked on

2019-03-19 14:46:12 - [TEST_STEP][PASSED] - click(findTestObject("Products/TemplateApp/Templates/IVR/VoiceNoInputForm")): Object: 'Object Repository/Products/TemplateApp/Templates/IVR/VoiceNoInputForm' is clicked on

2019-03-19 14:46:14 - [MESSAGE][PASSED] - Object: 'Object Repository/Products/TemplateApp/Templates/IVR/VoiceNoInputForm' is clicked on

2019-03-19 14:46:14 - [TEST_STEP][PASSED] - click(findTestObject("Products/TemplateApp/Templates/Common/SelectHistory")): Object: 'Object Repository/Products/TemplateApp/Templates/Common/SelectHistory' is clicked on

2019-03-19 14:46:15 - [MESSAGE][PASSED] - Object: 'Object Repository/Products/TemplateApp/Templates/Common/SelectHistory' is clicked on

2019-03-19 14:46:15 - [TEST_STEP][PASSED] - click(findTestObject("Products/TemplateApp/Templates/Common/ExpandHistory")): Object: 'Object Repository/Products/TemplateApp/Templates/Common/ExpandHistory' is clicked on

2019-03-19 14:46:15 - [MESSAGE][PASSED] - Object: 'Object Repository/Products/TemplateApp/Templates/Common/ExpandHistory' is clicked on

2019-03-19 14:46:15 - [TEST_STEP][PASSED] - delay(4): Delayed 4 second(s)

2019-03-19 14:46:19 - [MESSAGE][PASSED] - Delayed 4 second(s)

2019-03-19 14:46:19 - [TEST_STEP][PASSED] - getText(findTestObject("Products/TemplateApp/Templates/Common/VerifyCommitMessageField")): Text of object 'Object Repository/Products/TemplateApp/Templates/Common/VerifyCommitMessageField' is: ''

2019-03-19 14:46:19 - [MESSAGE][PASSED] - Text of object 'Object Repository/Products/TemplateApp/Templates/Common/VerifyCommitMessageField' is: ''

2019-03-19 14:46:19 - [TEST_STEP][FAILED] - verifyElementText(findTestObject("Products/TemplateApp/Templates/Common/VerifyCommitMessageField"), commitNumber): verifyElementText(findTestObject("Products/TemplateApp/Templates/Common/VerifyCommitMessageField"), commitNumber) FAILED.
Reason:
com.kms.katalon.core.exception.StepFailedException: Verify element text of test object 'Object Repository/Products/TemplateApp/Templates/Common/VerifyCommitMessageField' FAILED.
	at com.kms.katalon.core.keyword.internal.KeywordMain.stepFailed(KeywordMain.groovy:48)
	at com.kms.katalon.core.webui.keyword.internal.WebUIKeywordMain.stepFailed(WebUIKeywordMain.groovy:65)
	at com.kms.katalon.core.webui.keyword.internal.WebUIKeywordMain.runKeyword(WebUIKeywordMain.groovy:27)
	at com.kms.katalon.core.webui.keyword.builtin.VerifyElementTextKeyword.verifyElementText(VerifyElementTextKeyword.groovy:72)
	at com.kms.katalon.core.webui.keyword.builtin.VerifyElementTextKeyword.execute(VerifyElementTextKeyword.groovy:40)
	at com.kms.katalon.core.keyword.internal.KeywordExecutor.executeKeywordForPlatform(KeywordExecutor.groovy:56)
	at com.kms.katalon.core.webui.keyword.WebUiBuiltInKeywords.verifyElementText(WebUiBuiltInKeywords.groovy:3663)
	at com.kms.katalon.core.webui.keyword.WebUiBuiltInKeywords$verifyElementText$6.call(Unknown Source)
	at EditVoiceNoInputTemplate.run(EditVoiceNoInputTemplate:81)
	at com.kms.katalon.core.main.ScriptEngine.run(ScriptEngine.java:194)
	at com.kms.katalon.core.main.ScriptEngine.runScriptAsRawText(ScriptEngine.java:119)
	at com.kms.katalon.core.main.TestCaseExecutor.runScript(TestCaseExecutor.java:331)
	at com.kms.katalon.core.main.TestCaseExecutor.doExecute(TestCaseExecutor.java:322)
	at com.kms.katalon.core.main.TestCaseExecutor.processExecutionPhase(TestCaseExecutor.java:301)
	at com.kms.katalon.core.main.TestCaseExecutor.accessMainPhase(TestCaseExecutor.java:293)
	at com.kms.katalon.core.main.TestCaseExecutor.execute(TestCaseExecutor.java:227)
	at com.kms.katalon.core.main.TestSuiteExecutor.accessTestCaseMainPhase(TestSuiteExecutor.java:129)
	at com.kms.katalon.core.main.TestSuiteExecutor.accessTestSuiteMainPhase(TestSuiteExecutor.java:112)
	at com.kms.katalon.core.main.TestSuiteExecutor.execute(TestSuiteExecutor.java:81)
	at com.kms.katalon.core.main.TestCaseMain.startTestSuite(TestCaseMain.java:157)
	at com.kms.katalon.core.main.TestCaseMain$startTestSuite$0.call(Unknown Source)
	at TempTestSuite1553031519664.run(TempTestSuite1553031519664.groovy:35)


2019-03-19 14:46:20 - [MESSAGE][FAILED] - Actual text '' and expected text 'delicata menandri' of test object 'Object Repository/Products/TemplateApp/Templates/Common/VerifyCommitMessageField' are NOT matched.
[[ATTACHMENT|/Users/pshukla/Documents/Katalon Studio/qa-templates/Reports/Templates/20190319_143829/1553031979972.png]]

2019-03-19 14:46:20 - [MESSAGE][FAILED] - Verify element text of test object 'Object Repository/Products/TemplateApp/Templates/Common/VerifyCommitMessageField' FAILED.
[[ATTACHMENT|/Users/pshukla/Documents/Katalon Studio/qa-templates/Reports/Templates/20190319_143829/1553031980127.png]]

2019-03-19 14:46:20 - [MESSAGE][FAILED] - verifyElementText(findTestObject("Products/TemplateApp/Templates/Common/VerifyCommitMessageField"), commitNumber) FAILED.
Reason:
com.kms.katalon.core.exception.StepFailedException: Verify element text of test object 'Object Repository/Products/TemplateApp/Templates/Common/VerifyCommitMessageField' FAILED.
	at com.kms.katalon.core.keyword.internal.KeywordMain.stepFailed(KeywordMain.groovy:48)
	at com.kms.katalon.core.webui.keyword.internal.WebUIKeywordMain.stepFailed(WebUIKeywordMain.groovy:65)
	at com.kms.katalon.core.webui.keyword.internal.WebUIKeywordMain.runKeyword(WebUIKeywordMain.groovy:27)
	at com.kms.katalon.core.webui.keyword.builtin.VerifyElementTextKeyword.verifyElementText(VerifyElementTextKeyword.groovy:72)
	at com.kms.katalon.core.webui.keyword.builtin.VerifyElementTextKeyword.execute(VerifyElementTextKeyword.groovy:40)
	at com.kms.katalon.core.keyword.internal.KeywordExecutor.executeKeywordForPlatform(KeywordExecutor.groovy:56)
	at com.kms.katalon.core.webui.keyword.WebUiBuiltInKeywords.verifyElementText(WebUiBuiltInKeywords.groovy:3663)
	at com.kms.katalon.core.webui.keyword.WebUiBuiltInKeywords$verifyElementText$6.call(Unknown Source)
	at EditVoiceNoInputTemplate.run(EditVoiceNoInputTemplate:81)
	at com.kms.katalon.core.main.ScriptEngine.run(ScriptEngine.java:194)
	at com.kms.katalon.core.main.ScriptEngine.runScriptAsRawText(ScriptEngine.java:119)
	at com.kms.katalon.core.main.TestCaseExecutor.runScript(TestCaseExecutor.java:331)
	at com.kms.katalon.core.main.TestCaseExecutor.doExecute(TestCaseExecutor.java:322)
	at com.kms.katalon.core.main.TestCaseExecutor.processExecutionPhase(TestCaseExecutor.java:301)
	at com.kms.katalon.core.main.TestCaseExecutor.accessMainPhase(TestCaseExecutor.java:293)
	at com.kms.katalon.core.main.TestCaseExecutor.execute(TestCaseExecutor.java:227)
	at com.kms.katalon.core.main.TestSuiteExecutor.accessTestCaseMainPhase(TestSuiteExecutor.java:129)
	at com.kms.katalon.core.main.TestSuiteExecutor.accessTestSuiteMainPhase(TestSuiteExecutor.java:112)
	at com.kms.katalon.core.main.TestSuiteExecutor.execute(TestSuiteExecutor.java:81)
	at com.kms.katalon.core.main.TestCaseMain.startTestSuite(TestCaseMain.java:157)
	at com.kms.katalon.core.main.TestCaseMain$startTestSuite$0.call(Unknown Source)
	at TempTestSuite1553031519664.run(TempTestSuite1553031519664.groovy:35)]]></system-out>
         <system-err><![CDATA[2019-03-19 14:45:31 - [TEST_CASE][FAILED] - Test Cases/Products/TemplateApp/Templates/IVR/EditVoiceNoInputTemplate: Test Cases/Products/TemplateApp/Templates/IVR/EditVoiceNoInputTemplate FAILED.
Reason:
com.kms.katalon.core.exception.StepFailedException: Verify element text of test object 'Object Repository/Products/TemplateApp/Templates/Common/VerifyCommitMessageField' FAILED.
	at com.kms.katalon.core.keyword.internal.KeywordMain.stepFailed(KeywordMain.groovy:48)
	at com.kms.katalon.core.webui.keyword.internal.WebUIKeywordMain.stepFailed(WebUIKeywordMain.groovy:65)
	at com.kms.katalon.core.webui.keyword.internal.WebUIKeywordMain.runKeyword(WebUIKeywordMain.groovy:27)
	at com.kms.katalon.core.webui.keyword.builtin.VerifyElementTextKeyword.verifyElementText(VerifyElementTextKeyword.groovy:72)
	at com.kms.katalon.core.webui.keyword.builtin.VerifyElementTextKeyword.execute(VerifyElementTextKeyword.groovy:40)
	at com.kms.katalon.core.keyword.internal.KeywordExecutor.executeKeywordForPlatform(KeywordExecutor.groovy:56)
	at com.kms.katalon.core.webui.keyword.WebUiBuiltInKeywords.verifyElementText(WebUiBuiltInKeywords.groovy:3663)
	at com.kms.katalon.core.webui.keyword.WebUiBuiltInKeywords$verifyElementText$6.call(Unknown Source)
	at EditVoiceNoInputTemplate.run(EditVoiceNoInputTemplate:81)
	at com.kms.katalon.core.main.ScriptEngine.run(ScriptEngine.java:194)
	at com.kms.katalon.core.main.ScriptEngine.runScriptAsRawText(ScriptEngine.java:119)
	at com.kms.katalon.core.main.TestCaseExecutor.runScript(TestCaseExecutor.java:331)
	at com.kms.katalon.core.main.TestCaseExecutor.doExecute(TestCaseExecutor.java:322)
	at com.kms.katalon.core.main.TestCaseExecutor.processExecutionPhase(TestCaseExecutor.java:301)
	at com.kms.katalon.core.main.TestCaseExecutor.accessMainPhase(TestCaseExecutor.java:293)
	at com.kms.katalon.core.main.TestCaseExecutor.execute(TestCaseExecutor.java:227)
	at com.kms.katalon.core.main.TestSuiteExecutor.accessTestCaseMainPhase(TestSuiteExecutor.java:129)
	at com.kms.katalon.core.main.TestSuiteExecutor.accessTestSuiteMainPhase(TestSuiteExecutor.java:112)
	at com.kms.katalon.core.main.TestSuiteExecutor.execute(TestSuiteExecutor.java:81)
	at com.kms.katalon.core.main.TestCaseMain.startTestSuite(TestCaseMain.java:157)
	at com.kms.katalon.core.main.TestCaseMain$startTestSuite$0.call(Unknown Source)
	at TempTestSuite1553031519664.run(TempTestSuite1553031519664.groovy:35)]]></system-err>
      </testcase>
      <testcase name="Test Cases/Products/TemplateApp/Templates/IVR/VerifyPreviewButtonOfVoiceBadAction" classname="Test Cases/Products/TemplateApp/Templates/IVR/VerifyPreviewButtonOfVoiceBadAction" status="FAILED">
         <failure type="FAILED" message="Test Cases/Products/TemplateApp/Templates/IVR/VerifyPreviewButtonOfVoiceBadAction FAILED.
Reason:
com.kms.katalon.core.exception.StepFailedException: Call Test Case 'Test Cases/Products/Cerberus/Login-Logout/TemplateLoginNCQATestUtility' failed
	at com.kms.katalon.core.keyword.builtin.CallTestCaseKeyword$_callTestCase_closure1.doCall(CallTestCaseKeyword.groovy:63)
	at com.kms.katalon.core.keyword.builtin.CallTestCaseKeyword$_callTestCase_closure1.call(CallTestCaseKeyword.groovy)
	at com.kms.katalon.core.keyword.internal.KeywordMain.runKeyword(KeywordMain.groovy:66)
	at com.kms.katalon.core.keyword.builtin.CallTestCaseKeyword.callTestCase(CallTestCaseKeyword.groovy:81)
	at com.kms.katalon.core.keyword.builtin.CallTestCaseKeyword.execute(CallTestCaseKeyword.groovy:44)
	at com.kms.katalon.core.keyword.internal.KeywordExecutor.executeKeywordForPlatform(KeywordExecutor.groovy:56)
	at com.kms.katalon.core.keyword.BuiltinKeywords.callTestCase(BuiltinKeywords.groovy:334)
	at VerifyPreviewButtonOfVoiceBadAction.run(VerifyPreviewButtonOfVoiceBadAction:16)
	at com.kms.katalon.core.main.ScriptEngine.run(ScriptEngine.java:194)
	at com.kms.katalon.core.main.ScriptEngine.runScriptAsRawText(ScriptEngine.java:119)
	at com.kms.katalon.core.main.TestCaseExecutor.runScript(TestCaseExecutor.java:331)
	at com.kms.katalon.core.main.TestCaseExecutor.doExecute(TestCaseExecutor.java:322)
	at com.kms.katalon.core.main.TestCaseExecutor.processExecutionPhase(TestCaseExecutor.java:301)
	at com.kms.katalon.core.main.TestCaseExecutor.accessMainPhase(TestCaseExecutor.java:293)
	at com.kms.katalon.core.main.TestCaseExecutor.execute(TestCaseExecutor.java:227)
	at com.kms.katalon.core.main.TestSuiteExecutor.accessTestCaseMainPhase(TestSuiteExecutor.java:129)
	at com.kms.katalon.core.main.TestSuiteExecutor.accessTestSuiteMainPhase(TestSuiteExecutor.java:112)
	at com.kms.katalon.core.main.TestSuiteExecutor.execute(TestSuiteExecutor.java:81)
	at com.kms.katalon.core.main.TestCaseMain.startTestSuite(TestCaseMain.java:157)
	at com.kms.katalon.core.main.TestCaseMain$startTestSuite$0.call(Unknown Source)
	at TempTestSuite1553031519664.run(TempTestSuite1553031519664.groovy:35)
Caused by: com.kms.katalon.core.exception.StepFailedException: Unable to click on object 'Object Repository/Products/Cerberus/LoginLogout/TenantQATestUtilityCompany'
	at com.kms.katalon.core.keyword.internal.KeywordMain.stepFailed(KeywordMain.groovy:48)
	at com.kms.katalon.core.webui.keyword.internal.WebUIKeywordMain.stepFailed(WebUIKeywordMain.groovy:65)
	at com.kms.katalon.core.webui.keyword.internal.WebUIKeywordMain.runKeyword(WebUIKeywordMain.groovy:27)
	at com.kms.katalon.core.webui.keyword.builtin.ClickKeyword.click(ClickKeyword.groovy:86)
	at com.kms.katalon.core.webui.keyword.builtin.ClickKeyword.execute(ClickKeyword.groovy:67)
	at com.kms.katalon.core.keyword.internal.KeywordExecutor.executeKeywordForPlatform(KeywordExecutor.groovy:56)
	at com.kms.katalon.core.webui.keyword.WebUiBuiltInKeywords.click(WebUiBuiltInKeywords.groovy:616)
	at com.kms.katalon.core.webui.keyword.WebUiBuiltInKeywords$click$3.call(Unknown Source)
	at TemplateLoginNCQATestUtility.run(TemplateLoginNCQATestUtility:48)
	at com.kms.katalon.core.main.ScriptEngine.run(ScriptEngine.java:194)
	at com.kms.katalon.core.main.ScriptEngine.runScriptAsRawText(ScriptEngine.java:119)
	at com.kms.katalon.core.main.TestCaseExecutor.runScript(TestCaseExecutor.java:331)
	at com.kms.katalon.core.main.TestCaseExecutor.doExecute(TestCaseExecutor.java:322)
	at com.kms.katalon.core.main.TestCaseExecutor.processExecutionPhase(TestCaseExecutor.java:301)
	at com.kms.katalon.core.main.TestCaseExecutor.accessMainPhase(TestCaseExecutor.java:293)
	at com.kms.katalon.core.main.TestCaseExecutor.execute(TestCaseExecutor.java:227)
	at com.kms.katalon.core.main.TestCaseMain.runTestCase(TestCaseMain.java:114)
	at com.kms.katalon.core.keyword.builtin.CallTestCaseKeyword$_callTestCase_closure1.doCall(CallTestCaseKeyword.groovy:59)
	... 20 more
"/>
         <system-out><![CDATA[2019-03-19 14:46:20 - [TEST_CASE][FAILED] - Test Cases/Products/TemplateApp/Templates/IVR/VerifyPreviewButtonOfVoiceBadAction: Test Cases/Products/TemplateApp/Templates/IVR/VerifyPreviewButtonOfVoiceBadAction FAILED.
Reason:
com.kms.katalon.core.exception.StepFailedException: Call Test Case 'Test Cases/Products/Cerberus/Login-Logout/TemplateLoginNCQATestUtility' failed
	at com.kms.katalon.core.keyword.builtin.CallTestCaseKeyword$_callTestCase_closure1.doCall(CallTestCaseKeyword.groovy:63)
	at com.kms.katalon.core.keyword.builtin.CallTestCaseKeyword$_callTestCase_closure1.call(CallTestCaseKeyword.groovy)
	at com.kms.katalon.core.keyword.internal.KeywordMain.runKeyword(KeywordMain.groovy:66)
	at com.kms.katalon.core.keyword.builtin.CallTestCaseKeyword.callTestCase(CallTestCaseKeyword.groovy:81)
	at com.kms.katalon.core.keyword.builtin.CallTestCaseKeyword.execute(CallTestCaseKeyword.groovy:44)
	at com.kms.katalon.core.keyword.internal.KeywordExecutor.executeKeywordForPlatform(KeywordExecutor.groovy:56)
	at com.kms.katalon.core.keyword.BuiltinKeywords.callTestCase(BuiltinKeywords.groovy:334)
	at VerifyPreviewButtonOfVoiceBadAction.run(VerifyPreviewButtonOfVoiceBadAction:16)
	at com.kms.katalon.core.main.ScriptEngine.run(ScriptEngine.java:194)
	at com.kms.katalon.core.main.ScriptEngine.runScriptAsRawText(ScriptEngine.java:119)
	at com.kms.katalon.core.main.TestCaseExecutor.runScript(TestCaseExecutor.java:331)
	at com.kms.katalon.core.main.TestCaseExecutor.doExecute(TestCaseExecutor.java:322)
	at com.kms.katalon.core.main.TestCaseExecutor.processExecutionPhase(TestCaseExecutor.java:301)
	at com.kms.katalon.core.main.TestCaseExecutor.accessMainPhase(TestCaseExecutor.java:293)
	at com.kms.katalon.core.main.TestCaseExecutor.execute(TestCaseExecutor.java:227)
	at com.kms.katalon.core.main.TestSuiteExecutor.accessTestCaseMainPhase(TestSuiteExecutor.java:129)
	at com.kms.katalon.core.main.TestSuiteExecutor.accessTestSuiteMainPhase(TestSuiteExecutor.java:112)
	at com.kms.katalon.core.main.TestSuiteExecutor.execute(TestSuiteExecutor.java:81)
	at com.kms.katalon.core.main.TestCaseMain.startTestSuite(TestCaseMain.java:157)
	at com.kms.katalon.core.main.TestCaseMain$startTestSuite$0.call(Unknown Source)
	at TempTestSuite1553031519664.run(TempTestSuite1553031519664.groovy:35)
Caused by: com.kms.katalon.core.exception.StepFailedException: Unable to click on object 'Object Repository/Products/Cerberus/LoginLogout/TenantQATestUtilityCompany'
	at com.kms.katalon.core.keyword.internal.KeywordMain.stepFailed(KeywordMain.groovy:48)
	at com.kms.katalon.core.webui.keyword.internal.WebUIKeywordMain.stepFailed(WebUIKeywordMain.groovy:65)
	at com.kms.katalon.core.webui.keyword.internal.WebUIKeywordMain.runKeyword(WebUIKeywordMain.groovy:27)
	at com.kms.katalon.core.webui.keyword.builtin.ClickKeyword.click(ClickKeyword.groovy:86)
	at com.kms.katalon.core.webui.keyword.builtin.ClickKeyword.execute(ClickKeyword.groovy:67)
	at com.kms.katalon.core.keyword.internal.KeywordExecutor.executeKeywordForPlatform(KeywordExecutor.groovy:56)
	at com.kms.katalon.core.webui.keyword.WebUiBuiltInKeywords.click(WebUiBuiltInKeywords.groovy:616)
	at com.kms.katalon.core.webui.keyword.WebUiBuiltInKeywords$click$3.call(Unknown Source)
	at TemplateLoginNCQATestUtility.run(TemplateLoginNCQATestUtility:48)
	at com.kms.katalon.core.main.ScriptEngine.run(ScriptEngine.java:194)
	at com.kms.katalon.core.main.ScriptEngine.runScriptAsRawText(ScriptEngine.java:119)
	at com.kms.katalon.core.main.TestCaseExecutor.runScript(TestCaseExecutor.java:331)
	at com.kms.katalon.core.main.TestCaseExecutor.doExecute(TestCaseExecutor.java:322)
	at com.kms.katalon.core.main.TestCaseExecutor.processExecutionPhase(TestCaseExecutor.java:301)
	at com.kms.katalon.core.main.TestCaseExecutor.accessMainPhase(TestCaseExecutor.java:293)
	at com.kms.katalon.core.main.TestCaseExecutor.execute(TestCaseExecutor.java:227)
	at com.kms.katalon.core.main.TestCaseMain.runTestCase(TestCaseMain.java:114)
	at com.kms.katalon.core.keyword.builtin.CallTestCaseKeyword$_callTestCase_closure1.doCall(CallTestCaseKeyword.groovy:59)
	... 20 more


2019-03-19 14:46:20 - [TEST_STEP][FAILED] - callTestCase(findTestCase("Products/Cerberus/Login-Logout/TemplateLoginNCQATestUtility"), [:], STOP_ON_FAILURE): callTestCase(findTestCase("Products/Cerberus/Login-Logout/TemplateLoginNCQATestUtility"), [:], STOP_ON_FAILURE) FAILED.
Reason:
com.kms.katalon.core.exception.StepFailedException: Call Test Case 'Test Cases/Products/Cerberus/Login-Logout/TemplateLoginNCQATestUtility' failed
	at com.kms.katalon.core.keyword.builtin.CallTestCaseKeyword$_callTestCase_closure1.doCall(CallTestCaseKeyword.groovy:63)
	at com.kms.katalon.core.keyword.builtin.CallTestCaseKeyword$_callTestCase_closure1.call(CallTestCaseKeyword.groovy)
	at com.kms.katalon.core.keyword.internal.KeywordMain.runKeyword(KeywordMain.groovy:66)
	at com.kms.katalon.core.keyword.builtin.CallTestCaseKeyword.callTestCase(CallTestCaseKeyword.groovy:81)
	at com.kms.katalon.core.keyword.builtin.CallTestCaseKeyword.execute(CallTestCaseKeyword.groovy:44)
	at com.kms.katalon.core.keyword.internal.KeywordExecutor.executeKeywordForPlatform(KeywordExecutor.groovy:56)
	at com.kms.katalon.core.keyword.BuiltinKeywords.callTestCase(BuiltinKeywords.groovy:334)
	at VerifyPreviewButtonOfVoiceBadAction.run(VerifyPreviewButtonOfVoiceBadAction:16)
	at com.kms.katalon.core.main.ScriptEngine.run(ScriptEngine.java:194)
	at com.kms.katalon.core.main.ScriptEngine.runScriptAsRawText(ScriptEngine.java:119)
	at com.kms.katalon.core.main.TestCaseExecutor.runScript(TestCaseExecutor.java:331)
	at com.kms.katalon.core.main.TestCaseExecutor.doExecute(TestCaseExecutor.java:322)
	at com.kms.katalon.core.main.TestCaseExecutor.processExecutionPhase(TestCaseExecutor.java:301)
	at com.kms.katalon.core.main.TestCaseExecutor.accessMainPhase(TestCaseExecutor.java:293)
	at com.kms.katalon.core.main.TestCaseExecutor.execute(TestCaseExecutor.java:227)
	at com.kms.katalon.core.main.TestSuiteExecutor.accessTestCaseMainPhase(TestSuiteExecutor.java:129)
	at com.kms.katalon.core.main.TestSuiteExecutor.accessTestSuiteMainPhase(TestSuiteExecutor.java:112)
	at com.kms.katalon.core.main.TestSuiteExecutor.execute(TestSuiteExecutor.java:81)
	at com.kms.katalon.core.main.TestCaseMain.startTestSuite(TestCaseMain.java:157)
	at com.kms.katalon.core.main.TestCaseMain$startTestSuite$0.call(Unknown Source)
	at TempTestSuite1553031519664.run(TempTestSuite1553031519664.groovy:35)
Caused by: com.kms.katalon.core.exception.StepFailedException: Unable to click on object 'Object Repository/Products/Cerberus/LoginLogout/TenantQATestUtilityCompany'
	at com.kms.katalon.core.keyword.internal.KeywordMain.stepFailed(KeywordMain.groovy:48)
	at com.kms.katalon.core.webui.keyword.internal.WebUIKeywordMain.stepFailed(WebUIKeywordMain.groovy:65)
	at com.kms.katalon.core.webui.keyword.internal.WebUIKeywordMain.runKeyword(WebUIKeywordMain.groovy:27)
	at com.kms.katalon.core.webui.keyword.builtin.ClickKeyword.click(ClickKeyword.groovy:86)
	at com.kms.katalon.core.webui.keyword.builtin.ClickKeyword.execute(ClickKeyword.groovy:67)
	at com.kms.katalon.core.keyword.internal.KeywordExecutor.executeKeywordForPlatform(KeywordExecutor.groovy:56)
	at com.kms.katalon.core.webui.keyword.WebUiBuiltInKeywords.click(WebUiBuiltInKeywords.groovy:616)
	at com.kms.katalon.core.webui.keyword.WebUiBuiltInKeywords$click$3.call(Unknown Source)
	at TemplateLoginNCQATestUtility.run(TemplateLoginNCQATestUtility:48)
	at com.kms.katalon.core.main.ScriptEngine.run(ScriptEngine.java:194)
	at com.kms.katalon.core.main.ScriptEngine.runScriptAsRawText(ScriptEngine.java:119)
	at com.kms.katalon.core.main.TestCaseExecutor.runScript(TestCaseExecutor.java:331)
	at com.kms.katalon.core.main.TestCaseExecutor.doExecute(TestCaseExecutor.java:322)
	at com.kms.katalon.core.main.TestCaseExecutor.processExecutionPhase(TestCaseExecutor.java:301)
	at com.kms.katalon.core.main.TestCaseExecutor.accessMainPhase(TestCaseExecutor.java:293)
	at com.kms.katalon.core.main.TestCaseExecutor.execute(TestCaseExecutor.java:227)
	at com.kms.katalon.core.main.TestCaseMain.runTestCase(TestCaseMain.java:114)
	at com.kms.katalon.core.keyword.builtin.CallTestCaseKeyword$_callTestCase_closure1.doCall(CallTestCaseKeyword.groovy:59)
	... 20 more


2019-03-19 14:46:20 - [TEST_CASE][FAILED] - Test Cases/Products/Cerberus/Login-Logout/TemplateLoginNCQATestUtility: Test Cases/Products/Cerberus/Login-Logout/TemplateLoginNCQATestUtility FAILED.
Reason:
com.kms.katalon.core.exception.StepFailedException: Unable to click on object 'Object Repository/Products/Cerberus/LoginLogout/TenantQATestUtilityCompany'
	at com.kms.katalon.core.keyword.internal.KeywordMain.stepFailed(KeywordMain.groovy:48)
	at com.kms.katalon.core.webui.keyword.internal.WebUIKeywordMain.stepFailed(WebUIKeywordMain.groovy:65)
	at com.kms.katalon.core.webui.keyword.internal.WebUIKeywordMain.runKeyword(WebUIKeywordMain.groovy:27)
	at com.kms.katalon.core.webui.keyword.builtin.ClickKeyword.click(ClickKeyword.groovy:86)
	at com.kms.katalon.core.webui.keyword.builtin.ClickKeyword.execute(ClickKeyword.groovy:67)
	at com.kms.katalon.core.keyword.internal.KeywordExecutor.executeKeywordForPlatform(KeywordExecutor.groovy:56)
	at com.kms.katalon.core.webui.keyword.WebUiBuiltInKeywords.click(WebUiBuiltInKeywords.groovy:616)
	at com.kms.katalon.core.webui.keyword.WebUiBuiltInKeywords$click$3.call(Unknown Source)
	at TemplateLoginNCQATestUtility.run(TemplateLoginNCQATestUtility:48)
	at com.kms.katalon.core.main.ScriptEngine.run(ScriptEngine.java:194)
	at com.kms.katalon.core.main.ScriptEngine.runScriptAsRawText(ScriptEngine.java:119)
	at com.kms.katalon.core.main.TestCaseExecutor.runScript(TestCaseExecutor.java:331)
	at com.kms.katalon.core.main.TestCaseExecutor.doExecute(TestCaseExecutor.java:322)
	at com.kms.katalon.core.main.TestCaseExecutor.processExecutionPhase(TestCaseExecutor.java:301)
	at com.kms.katalon.core.main.TestCaseExecutor.accessMainPhase(TestCaseExecutor.java:293)
	at com.kms.katalon.core.main.TestCaseExecutor.execute(TestCaseExecutor.java:227)
	at com.kms.katalon.core.main.TestCaseMain.runTestCase(TestCaseMain.java:114)
	at com.kms.katalon.core.keyword.builtin.CallTestCaseKeyword$_callTestCase_closure1.doCall(CallTestCaseKeyword.groovy:59)
	at com.kms.katalon.core.keyword.builtin.CallTestCaseKeyword$_callTestCase_closure1.call(CallTestCaseKeyword.groovy)
	at com.kms.katalon.core.keyword.internal.KeywordMain.runKeyword(KeywordMain.groovy:66)
	at com.kms.katalon.core.keyword.builtin.CallTestCaseKeyword.callTestCase(CallTestCaseKeyword.groovy:81)
	at com.kms.katalon.core.keyword.builtin.CallTestCaseKeyword.execute(CallTestCaseKeyword.groovy:44)
	at com.kms.katalon.core.keyword.internal.KeywordExecutor.executeKeywordForPlatform(KeywordExecutor.groovy:56)
	at com.kms.katalon.core.keyword.BuiltinKeywords.callTestCase(BuiltinKeywords.groovy:334)
	at VerifyPreviewButtonOfVoiceBadAction.run(VerifyPreviewButtonOfVoiceBadAction:16)
	at com.kms.katalon.core.main.ScriptEngine.run(ScriptEngine.java:194)
	at com.kms.katalon.core.main.ScriptEngine.runScriptAsRawText(ScriptEngine.java:119)
	at com.kms.katalon.core.main.TestCaseExecutor.runScript(TestCaseExecutor.java:331)
	at com.kms.katalon.core.main.TestCaseExecutor.doExecute(TestCaseExecutor.java:322)
	at com.kms.katalon.core.main.TestCaseExecutor.processExecutionPhase(TestCaseExecutor.java:301)
	at com.kms.katalon.core.main.TestCaseExecutor.accessMainPhase(TestCaseExecutor.java:293)
	at com.kms.katalon.core.main.TestCaseExecutor.execute(TestCaseExecutor.java:227)
	at com.kms.katalon.core.main.TestSuiteExecutor.accessTestCaseMainPhase(TestSuiteExecutor.java:129)
	at com.kms.katalon.core.main.TestSuiteExecutor.accessTestSuiteMainPhase(TestSuiteExecutor.java:112)
	at com.kms.katalon.core.main.TestSuiteExecutor.execute(TestSuiteExecutor.java:81)
	at com.kms.katalon.core.main.TestCaseMain.startTestSuite(TestCaseMain.java:157)
	at com.kms.katalon.core.main.TestCaseMain$startTestSuite$0.call(Unknown Source)
	at TempTestSuite1553031519664.run(TempTestSuite1553031519664.groovy:35)


2019-03-19 14:46:20 - [TEST_STEP][PASSED] - log = new com.kms.katalon.core.logging.KeywordLogger(): null

2019-03-19 14:46:20 - [TEST_STEP][PASSED] - comment("Open browser and Login"): Open browser and Login

2019-03-19 14:46:20 - [MESSAGE][INFO] - Open browser and Login

2019-03-19 14:46:20 - [TEST_STEP][PASSED] - openBrowser(G_DefaultSiteURL): Browser is opened with url: 'https://dev.kubra.io'

2019-03-19 14:46:20 - [MESSAGE][WARNING] - A browser is already opened. Closing browser and opening a new one

2019-03-19 14:46:20 - [MESSAGE][INFO] - Starting 'Firefox' driver

2019-03-19 14:46:23 - [MESSAGE][PASSED] - Browser is opened with url: 'https://dev.kubra.io'

2019-03-19 14:46:23 - [TEST_STEP][PASSED] - waitForPageLoad(G_ShortTimeout): Wait for page load successfully

2019-03-19 14:46:23 - [MESSAGE][PASSED] - Wait for page load successfully

2019-03-19 14:46:23 - [TEST_STEP][PASSED] - maximizeWindow(): Current window maximized

2019-03-19 14:46:24 - [MESSAGE][PASSED] - Current window maximized

2019-03-19 14:46:24 - [TEST_STEP][PASSED] - log.logWarning("--- Begin Login ---"): --- Begin Login ---

2019-03-19 14:46:24 - [MESSAGE][WARNING] - --- Begin Login ---

2019-03-19 14:46:24 - [TEST_STEP][PASSED] - log.logWarning("Logging in to environment - " + G_DefaultSiteURL): Logging in to environment - https://dev.kubra.io

2019-03-19 14:46:24 - [MESSAGE][WARNING] - Logging in to environment - https://dev.kubra.io

2019-03-19 14:46:24 - [TEST_STEP][PASSED] - waitForElementClickable(findTestObject("Products/Cerberus/LoginLogout/LogInWithGoogle"), 15): Object 'Object Repository/Products/Cerberus/LoginLogout/LogInWithGoogle' is clickable

2019-03-19 14:46:24 - [MESSAGE][PASSED] - Object 'Object Repository/Products/Cerberus/LoginLogout/LogInWithGoogle' is clickable

2019-03-19 14:46:24 - [TEST_STEP][PASSED] - delay(2): Delayed 2 second(s)

2019-03-19 14:46:26 - [MESSAGE][PASSED] - Delayed 2 second(s)

2019-03-19 14:46:26 - [TEST_STEP][PASSED] - click(findTestObject("Products/Cerberus/LoginLogout/LogInWithGoogle")): Object: 'Object Repository/Products/Cerberus/LoginLogout/LogInWithGoogle' is clicked on

2019-03-19 14:46:27 - [MESSAGE][PASSED] - Object: 'Object Repository/Products/Cerberus/LoginLogout/LogInWithGoogle' is clicked on

2019-03-19 14:46:27 - [TEST_STEP][PASSED] - waitForElementVisible(findTestObject("Products/Cerberus/LoginLogout/UserName"), 15): Object 'Object Repository/Products/Cerberus/LoginLogout/UserName' is visible

2019-03-19 14:46:28 - [MESSAGE][PASSED] - Object 'Object Repository/Products/Cerberus/LoginLogout/UserName' is visible

2019-03-19 14:46:28 - [TEST_STEP][PASSED] - setMaskedText(findTestObject("Products/Cerberus/LoginLogout/UserName"), "tempeqa@kubra.com"): Text '*****************' is set on object 'Object Repository/Products/Cerberus/LoginLogout/UserName'

2019-03-19 14:46:28 - [MESSAGE][PASSED] - Text '*****************' is set on object 'Object Repository/Products/Cerberus/LoginLogout/UserName'

2019-03-19 14:46:28 - [TEST_STEP][PASSED] - waitForElementVisible(findTestObject("Products/Cerberus/LoginLogout/UserNameNextButton"), 15): Object 'Object Repository/Products/Cerberus/LoginLogout/UserNameNextButton' is visible

2019-03-19 14:46:28 - [MESSAGE][PASSED] - Object 'Object Repository/Products/Cerberus/LoginLogout/UserNameNextButton' is visible

2019-03-19 14:46:28 - [TEST_STEP][PASSED] - click(findTestObject("Products/Cerberus/LoginLogout/UserNameNextButton")): Object: 'Object Repository/Products/Cerberus/LoginLogout/UserNameNextButton' is clicked on

2019-03-19 14:46:28 - [MESSAGE][PASSED] - Object: 'Object Repository/Products/Cerberus/LoginLogout/UserNameNextButton' is clicked on

2019-03-19 14:46:28 - [TEST_STEP][PASSED] - waitForElementVisible(findTestObject("Products/Cerberus/LoginLogout/Password"), 15): Object 'Object Repository/Products/Cerberus/LoginLogout/Password' is visible

2019-03-19 14:46:29 - [MESSAGE][PASSED] - Object 'Object Repository/Products/Cerberus/LoginLogout/Password' is visible

2019-03-19 14:46:29 - [TEST_STEP][PASSED] - setMaskedText(findTestObject("Products/Cerberus/LoginLogout/Password"), "qAisgr8!@"): Text '*********' is set on object 'Object Repository/Products/Cerberus/LoginLogout/Password'

2019-03-19 14:46:29 - [MESSAGE][PASSED] - Text '*********' is set on object 'Object Repository/Products/Cerberus/LoginLogout/Password'

2019-03-19 14:46:29 - [TEST_STEP][PASSED] - waitForElementClickable(findTestObject("Products/Cerberus/LoginLogout/PasswordNextButton"), 15): Object 'Object Repository/Products/Cerberus/LoginLogout/PasswordNextButton' is clickable

2019-03-19 14:46:30 - [MESSAGE][PASSED] - Object 'Object Repository/Products/Cerberus/LoginLogout/PasswordNextButton' is clickable

2019-03-19 14:46:30 - [TEST_STEP][PASSED] - click(findTestObject("Products/Cerberus/LoginLogout/PasswordNextButton")): Object: 'Object Repository/Products/Cerberus/LoginLogout/PasswordNextButton' is clicked on

2019-03-19 14:49:27 - [MESSAGE][PASSED] - Object: 'Object Repository/Products/Cerberus/LoginLogout/PasswordNextButton' is clicked on

2019-03-19 14:49:27 - [TEST_STEP][PASSED] - delay(5): Delayed 5 second(s)

2019-03-19 14:49:32 - [MESSAGE][PASSED] - Delayed 5 second(s)

2019-03-19 14:49:32 - [TEST_STEP][PASSED] - waitForElementClickable(findTestObject("Products/Cerberus/LoginLogout/TenantQATestUtilityCompany"), 15): Web element with id: 'Object Repository/Products/Cerberus/LoginLogout/TenantQATestUtilityCompany' located by 'By.xpath: //*[@id = 'tenant-selection-qatestutilitycompany-label']' not found

2019-03-19 14:49:48 - [MESSAGE][INFO] - Unable to find the element located by 'By.xpath: //*[@id = 'tenant-selection-qatestutilitycompany-label']'. Please recheck the objects properties to make sure the desired element is located. 

2019-03-19 14:49:48 - [MESSAGE][WARNING] - Web element with id: 'Object Repository/Products/Cerberus/LoginLogout/TenantQATestUtilityCompany' located by 'By.xpath: //*[@id = 'tenant-selection-qatestutilitycompany-label']' not found

2019-03-19 14:49:48 - [TEST_STEP][FAILED] - click(findTestObject("Products/Cerberus/LoginLogout/TenantQATestUtilityCompany")): click(findTestObject("Products/Cerberus/LoginLogout/TenantQATestUtilityCompany")) FAILED.
Reason:
com.kms.katalon.core.exception.StepFailedException: Unable to click on object 'Object Repository/Products/Cerberus/LoginLogout/TenantQATestUtilityCompany'
	at com.kms.katalon.core.keyword.internal.KeywordMain.stepFailed(KeywordMain.groovy:48)
	at com.kms.katalon.core.webui.keyword.internal.WebUIKeywordMain.stepFailed(WebUIKeywordMain.groovy:65)
	at com.kms.katalon.core.webui.keyword.internal.WebUIKeywordMain.runKeyword(WebUIKeywordMain.groovy:27)
	at com.kms.katalon.core.webui.keyword.builtin.ClickKeyword.click(ClickKeyword.groovy:86)
	at com.kms.katalon.core.webui.keyword.builtin.ClickKeyword.execute(ClickKeyword.groovy:67)
	at com.kms.katalon.core.keyword.internal.KeywordExecutor.executeKeywordForPlatform(KeywordExecutor.groovy:56)
	at com.kms.katalon.core.webui.keyword.WebUiBuiltInKeywords.click(WebUiBuiltInKeywords.groovy:616)
	at com.kms.katalon.core.webui.keyword.WebUiBuiltInKeywords$click$3.call(Unknown Source)
	at TemplateLoginNCQATestUtility.run(TemplateLoginNCQATestUtility:48)
	at com.kms.katalon.core.main.ScriptEngine.run(ScriptEngine.java:194)
	at com.kms.katalon.core.main.ScriptEngine.runScriptAsRawText(ScriptEngine.java:119)
	at com.kms.katalon.core.main.TestCaseExecutor.runScript(TestCaseExecutor.java:331)
	at com.kms.katalon.core.main.TestCaseExecutor.doExecute(TestCaseExecutor.java:322)
	at com.kms.katalon.core.main.TestCaseExecutor.processExecutionPhase(TestCaseExecutor.java:301)
	at com.kms.katalon.core.main.TestCaseExecutor.accessMainPhase(TestCaseExecutor.java:293)
	at com.kms.katalon.core.main.TestCaseExecutor.execute(TestCaseExecutor.java:227)
	at com.kms.katalon.core.main.TestCaseMain.runTestCase(TestCaseMain.java:114)
	at com.kms.katalon.core.keyword.builtin.CallTestCaseKeyword$_callTestCase_closure1.doCall(CallTestCaseKeyword.groovy:59)
	at com.kms.katalon.core.keyword.builtin.CallTestCaseKeyword$_callTestCase_closure1.call(CallTestCaseKeyword.groovy)
	at com.kms.katalon.core.keyword.internal.KeywordMain.runKeyword(KeywordMain.groovy:66)
	at com.kms.katalon.core.keyword.builtin.CallTestCaseKeyword.callTestCase(CallTestCaseKeyword.groovy:81)
	at com.kms.katalon.core.keyword.builtin.CallTestCaseKeyword.execute(CallTestCaseKeyword.groovy:44)
	at com.kms.katalon.core.keyword.internal.KeywordExecutor.executeKeywordForPlatform(KeywordExecutor.groovy:56)
	at com.kms.katalon.core.keyword.BuiltinKeywords.callTestCase(BuiltinKeywords.groovy:334)
	at VerifyPreviewButtonOfVoiceBadAction.run(VerifyPreviewButtonOfVoiceBadAction:16)
	at com.kms.katalon.core.main.ScriptEngine.run(ScriptEngine.java:194)
	at com.kms.katalon.core.main.ScriptEngine.runScriptAsRawText(ScriptEngine.java:119)
	at com.kms.katalon.core.main.TestCaseExecutor.runScript(TestCaseExecutor.java:331)
	at com.kms.katalon.core.main.TestCaseExecutor.doExecute(TestCaseExecutor.java:322)
	at com.kms.katalon.core.main.TestCaseExecutor.processExecutionPhase(TestCaseExecutor.java:301)
	at com.kms.katalon.core.main.TestCaseExecutor.accessMainPhase(TestCaseExecutor.java:293)
	at com.kms.katalon.core.main.TestCaseExecutor.execute(TestCaseExecutor.java:227)
	at com.kms.katalon.core.main.TestSuiteExecutor.accessTestCaseMainPhase(TestSuiteExecutor.java:129)
	at com.kms.katalon.core.main.TestSuiteExecutor.accessTestSuiteMainPhase(TestSuiteExecutor.java:112)
	at com.kms.katalon.core.main.TestSuiteExecutor.execute(TestSuiteExecutor.java:81)
	at com.kms.katalon.core.main.TestCaseMain.startTestSuite(TestCaseMain.java:157)
	at com.kms.katalon.core.main.TestCaseMain$startTestSuite$0.call(Unknown Source)
	at TempTestSuite1553031519664.run(TempTestSuite1553031519664.groovy:35)


2019-03-19 14:50:21 - [MESSAGE][INFO] - Unable to find the element located by 'By.xpath: //*[@id = 'tenant-selection-qatestutilitycompany-label']'. Please recheck the objects properties to make sure the desired element is located. 

2019-03-19 14:51:04 - [MESSAGE][FAILED] - Unable to click on object 'Object Repository/Products/Cerberus/LoginLogout/TenantQATestUtilityCompany'
[[ATTACHMENT|/Users/pshukla/Documents/Katalon Studio/qa-templates/Reports/Templates/20190319_143829/1553032221609.png]]

2019-03-19 14:51:04 - [MESSAGE][FAILED] - click(findTestObject("Products/Cerberus/LoginLogout/TenantQATestUtilityCompany")) FAILED.
Reason:
com.kms.katalon.core.exception.StepFailedException: Unable to click on object 'Object Repository/Products/Cerberus/LoginLogout/TenantQATestUtilityCompany'
	at com.kms.katalon.core.keyword.internal.KeywordMain.stepFailed(KeywordMain.groovy:48)
	at com.kms.katalon.core.webui.keyword.internal.WebUIKeywordMain.stepFailed(WebUIKeywordMain.groovy:65)
	at com.kms.katalon.core.webui.keyword.internal.WebUIKeywordMain.runKeyword(WebUIKeywordMain.groovy:27)
	at com.kms.katalon.core.webui.keyword.builtin.ClickKeyword.click(ClickKeyword.groovy:86)
	at com.kms.katalon.core.webui.keyword.builtin.ClickKeyword.execute(ClickKeyword.groovy:67)
	at com.kms.katalon.core.keyword.internal.KeywordExecutor.executeKeywordForPlatform(KeywordExecutor.groovy:56)
	at com.kms.katalon.core.webui.keyword.WebUiBuiltInKeywords.click(WebUiBuiltInKeywords.groovy:616)
	at com.kms.katalon.core.webui.keyword.WebUiBuiltInKeywords$click$3.call(Unknown Source)
	at TemplateLoginNCQATestUtility.run(TemplateLoginNCQATestUtility:48)
	at com.kms.katalon.core.main.ScriptEngine.run(ScriptEngine.java:194)
	at com.kms.katalon.core.main.ScriptEngine.runScriptAsRawText(ScriptEngine.java:119)
	at com.kms.katalon.core.main.TestCaseExecutor.runScript(TestCaseExecutor.java:331)
	at com.kms.katalon.core.main.TestCaseExecutor.doExecute(TestCaseExecutor.java:322)
	at com.kms.katalon.core.main.TestCaseExecutor.processExecutionPhase(TestCaseExecutor.java:301)
	at com.kms.katalon.core.main.TestCaseExecutor.accessMainPhase(TestCaseExecutor.java:293)
	at com.kms.katalon.core.main.TestCaseExecutor.execute(TestCaseExecutor.java:227)
	at com.kms.katalon.core.main.TestCaseMain.runTestCase(TestCaseMain.java:114)
	at com.kms.katalon.core.keyword.builtin.CallTestCaseKeyword$_callTestCase_closure1.doCall(CallTestCaseKeyword.groovy:59)
	at com.kms.katalon.core.keyword.builtin.CallTestCaseKeyword$_callTestCase_closure1.call(CallTestCaseKeyword.groovy)
	at com.kms.katalon.core.keyword.internal.KeywordMain.runKeyword(KeywordMain.groovy:66)
	at com.kms.katalon.core.keyword.builtin.CallTestCaseKeyword.callTestCase(CallTestCaseKeyword.groovy:81)
	at com.kms.katalon.core.keyword.builtin.CallTestCaseKeyword.execute(CallTestCaseKeyword.groovy:44)
	at com.kms.katalon.core.keyword.internal.KeywordExecutor.executeKeywordForPlatform(KeywordExecutor.groovy:56)
	at com.kms.katalon.core.keyword.BuiltinKeywords.callTestCase(BuiltinKeywords.groovy:334)
	at VerifyPreviewButtonOfVoiceBadAction.run(VerifyPreviewButtonOfVoiceBadAction:16)
	at com.kms.katalon.core.main.ScriptEngine.run(ScriptEngine.java:194)
	at com.kms.katalon.core.main.ScriptEngine.runScriptAsRawText(ScriptEngine.java:119)
	at com.kms.katalon.core.main.TestCaseExecutor.runScript(TestCaseExecutor.java:331)
	at com.kms.katalon.core.main.TestCaseExecutor.doExecute(TestCaseExecutor.java:322)
	at com.kms.katalon.core.main.TestCaseExecutor.processExecutionPhase(TestCaseExecutor.java:301)
	at com.kms.katalon.core.main.TestCaseExecutor.accessMainPhase(TestCaseExecutor.java:293)
	at com.kms.katalon.core.main.TestCaseExecutor.execute(TestCaseExecutor.java:227)
	at com.kms.katalon.core.main.TestSuiteExecutor.accessTestCaseMainPhase(TestSuiteExecutor.java:129)
	at com.kms.katalon.core.main.TestSuiteExecutor.accessTestSuiteMainPhase(TestSuiteExecutor.java:112)
	at com.kms.katalon.core.main.TestSuiteExecutor.execute(TestSuiteExecutor.java:81)
	at com.kms.katalon.core.main.TestCaseMain.startTestSuite(TestCaseMain.java:157)
	at com.kms.katalon.core.main.TestCaseMain$startTestSuite$0.call(Unknown Source)
	at TempTestSuite1553031519664.run(TempTestSuite1553031519664.groovy:35)


2019-03-19 14:51:04 - [MESSAGE][FAILED] - Unable to call Test Case 'Test Cases/Products/Cerberus/Login-Logout/TemplateLoginNCQATestUtility' (Root cause: com.kms.katalon.core.exception.StepFailedException: Call Test Case 'Test Cases/Products/Cerberus/Login-Logout/TemplateLoginNCQATestUtility' failed
	at com.kms.katalon.core.keyword.builtin.CallTestCaseKeyword$_callTestCase_closure1.doCall(CallTestCaseKeyword.groovy:63)
	at com.kms.katalon.core.keyword.builtin.CallTestCaseKeyword$_callTestCase_closure1.call(CallTestCaseKeyword.groovy)
	at com.kms.katalon.core.keyword.internal.KeywordMain.runKeyword(KeywordMain.groovy:66)
	at com.kms.katalon.core.keyword.builtin.CallTestCaseKeyword.callTestCase(CallTestCaseKeyword.groovy:81)
	at com.kms.katalon.core.keyword.builtin.CallTestCaseKeyword.execute(CallTestCaseKeyword.groovy:44)
	at com.kms.katalon.core.keyword.internal.KeywordExecutor.executeKeywordForPlatform(KeywordExecutor.groovy:56)
	at com.kms.katalon.core.keyword.BuiltinKeywords.callTestCase(BuiltinKeywords.groovy:334)
	at VerifyPreviewButtonOfVoiceBadAction.run(VerifyPreviewButtonOfVoiceBadAction:16)
	at com.kms.katalon.core.main.ScriptEngine.run(ScriptEngine.java:194)
	at com.kms.katalon.core.main.ScriptEngine.runScriptAsRawText(ScriptEngine.java:119)
	at com.kms.katalon.core.main.TestCaseExecutor.runScript(TestCaseExecutor.java:331)
	at com.kms.katalon.core.main.TestCaseExecutor.doExecute(TestCaseExecutor.java:322)
	at com.kms.katalon.core.main.TestCaseExecutor.processExecutionPhase(TestCaseExecutor.java:301)
	at com.kms.katalon.core.main.TestCaseExecutor.accessMainPhase(TestCaseExecutor.java:293)
	at com.kms.katalon.core.main.TestCaseExecutor.execute(TestCaseExecutor.java:227)
	at com.kms.katalon.core.main.TestSuiteExecutor.accessTestCaseMainPhase(TestSuiteExecutor.java:129)
	at com.kms.katalon.core.main.TestSuiteExecutor.accessTestSuiteMainPhase(TestSuiteExecutor.java:112)
	at com.kms.katalon.core.main.TestSuiteExecutor.execute(TestSuiteExecutor.java:81)
	at com.kms.katalon.core.main.TestCaseMain.startTestSuite(TestCaseMain.java:157)
	at com.kms.katalon.core.main.TestCaseMain$startTestSuite$0.call(Unknown Source)
	at TempTestSuite1553031519664.run(TempTestSuite1553031519664.groovy:35)
Caused by: com.kms.katalon.core.exception.StepFailedException: Unable to click on object 'Object Repository/Products/Cerberus/LoginLogout/TenantQATestUtilityCompany'
	at com.kms.katalon.core.keyword.internal.KeywordMain.stepFailed(KeywordMain.groovy:48)
	at com.kms.katalon.core.webui.keyword.internal.WebUIKeywordMain.stepFailed(WebUIKeywordMain.groovy:65)
	at com.kms.katalon.core.webui.keyword.internal.WebUIKeywordMain.runKeyword(WebUIKeywordMain.groovy:27)
	at com.kms.katalon.core.webui.keyword.builtin.ClickKeyword.click(ClickKeyword.groovy:86)
	at com.kms.katalon.core.webui.keyword.builtin.ClickKeyword.execute(ClickKeyword.groovy:67)
	at com.kms.katalon.core.keyword.internal.KeywordExecutor.executeKeywordForPlatform(KeywordExecutor.groovy:56)
	at com.kms.katalon.core.webui.keyword.WebUiBuiltInKeywords.click(WebUiBuiltInKeywords.groovy:616)
	at com.kms.katalon.core.webui.keyword.WebUiBuiltInKeywords$click$3.call(Unknown Source)
	at TemplateLoginNCQATestUtility.run(TemplateLoginNCQATestUtility:48)
	at com.kms.katalon.core.main.ScriptEngine.run(ScriptEngine.java:194)
	at com.kms.katalon.core.main.ScriptEngine.runScriptAsRawText(ScriptEngine.java:119)
	at com.kms.katalon.core.main.TestCaseExecutor.runScript(TestCaseExecutor.java:331)
	at com.kms.katalon.core.main.TestCaseExecutor.doExecute(TestCaseExecutor.java:322)
	at com.kms.katalon.core.main.TestCaseExecutor.processExecutionPhase(TestCaseExecutor.java:301)
	at com.kms.katalon.core.main.TestCaseExecutor.accessMainPhase(TestCaseExecutor.java:293)
	at com.kms.katalon.core.main.TestCaseExecutor.execute(TestCaseExecutor.java:227)
	at com.kms.katalon.core.main.TestCaseMain.runTestCase(TestCaseMain.java:114)
	at com.kms.katalon.core.keyword.builtin.CallTestCaseKeyword$_callTestCase_closure1.doCall(CallTestCaseKeyword.groovy:59)
	... 20 more
)

2019-03-19 14:51:04 - [MESSAGE][FAILED] - callTestCase(findTestCase("Products/Cerberus/Login-Logout/TemplateLoginNCQATestUtility"), [:], STOP_ON_FAILURE) FAILED.
Reason:
com.kms.katalon.core.exception.StepFailedException: Call Test Case 'Test Cases/Products/Cerberus/Login-Logout/TemplateLoginNCQATestUtility' failed
	at com.kms.katalon.core.keyword.builtin.CallTestCaseKeyword$_callTestCase_closure1.doCall(CallTestCaseKeyword.groovy:63)
	at com.kms.katalon.core.keyword.builtin.CallTestCaseKeyword$_callTestCase_closure1.call(CallTestCaseKeyword.groovy)
	at com.kms.katalon.core.keyword.internal.KeywordMain.runKeyword(KeywordMain.groovy:66)
	at com.kms.katalon.core.keyword.builtin.CallTestCaseKeyword.callTestCase(CallTestCaseKeyword.groovy:81)
	at com.kms.katalon.core.keyword.builtin.CallTestCaseKeyword.execute(CallTestCaseKeyword.groovy:44)
	at com.kms.katalon.core.keyword.internal.KeywordExecutor.executeKeywordForPlatform(KeywordExecutor.groovy:56)
	at com.kms.katalon.core.keyword.BuiltinKeywords.callTestCase(BuiltinKeywords.groovy:334)
	at VerifyPreviewButtonOfVoiceBadAction.run(VerifyPreviewButtonOfVoiceBadAction:16)
	at com.kms.katalon.core.main.ScriptEngine.run(ScriptEngine.java:194)
	at com.kms.katalon.core.main.ScriptEngine.runScriptAsRawText(ScriptEngine.java:119)
	at com.kms.katalon.core.main.TestCaseExecutor.runScript(TestCaseExecutor.java:331)
	at com.kms.katalon.core.main.TestCaseExecutor.doExecute(TestCaseExecutor.java:322)
	at com.kms.katalon.core.main.TestCaseExecutor.processExecutionPhase(TestCaseExecutor.java:301)
	at com.kms.katalon.core.main.TestCaseExecutor.accessMainPhase(TestCaseExecutor.java:293)
	at com.kms.katalon.core.main.TestCaseExecutor.execute(TestCaseExecutor.java:227)
	at com.kms.katalon.core.main.TestSuiteExecutor.accessTestCaseMainPhase(TestSuiteExecutor.java:129)
	at com.kms.katalon.core.main.TestSuiteExecutor.accessTestSuiteMainPhase(TestSuiteExecutor.java:112)
	at com.kms.katalon.core.main.TestSuiteExecutor.execute(TestSuiteExecutor.java:81)
	at com.kms.katalon.core.main.TestCaseMain.startTestSuite(TestCaseMain.java:157)
	at com.kms.katalon.core.main.TestCaseMain$startTestSuite$0.call(Unknown Source)
	at TempTestSuite1553031519664.run(TempTestSuite1553031519664.groovy:35)
Caused by: com.kms.katalon.core.exception.StepFailedException: Unable to click on object 'Object Repository/Products/Cerberus/LoginLogout/TenantQATestUtilityCompany'
	at com.kms.katalon.core.keyword.internal.KeywordMain.stepFailed(KeywordMain.groovy:48)
	at com.kms.katalon.core.webui.keyword.internal.WebUIKeywordMain.stepFailed(WebUIKeywordMain.groovy:65)
	at com.kms.katalon.core.webui.keyword.internal.WebUIKeywordMain.runKeyword(WebUIKeywordMain.groovy:27)
	at com.kms.katalon.core.webui.keyword.builtin.ClickKeyword.click(ClickKeyword.groovy:86)
	at com.kms.katalon.core.webui.keyword.builtin.ClickKeyword.execute(ClickKeyword.groovy:67)
	at com.kms.katalon.core.keyword.internal.KeywordExecutor.executeKeywordForPlatform(KeywordExecutor.groovy:56)
	at com.kms.katalon.core.webui.keyword.WebUiBuiltInKeywords.click(WebUiBuiltInKeywords.groovy:616)
	at com.kms.katalon.core.webui.keyword.WebUiBuiltInKeywords$click$3.call(Unknown Source)
	at TemplateLoginNCQATestUtility.run(TemplateLoginNCQATestUtility:48)
	at com.kms.katalon.core.main.ScriptEngine.run(ScriptEngine.java:194)
	at com.kms.katalon.core.main.ScriptEngine.runScriptAsRawText(ScriptEngine.java:119)
	at com.kms.katalon.core.main.TestCaseExecutor.runScript(TestCaseExecutor.java:331)
	at com.kms.katalon.core.main.TestCaseExecutor.doExecute(TestCaseExecutor.java:322)
	at com.kms.katalon.core.main.TestCaseExecutor.processExecutionPhase(TestCaseExecutor.java:301)
	at com.kms.katalon.core.main.TestCaseExecutor.accessMainPhase(TestCaseExecutor.java:293)
	at com.kms.katalon.core.main.TestCaseExecutor.execute(TestCaseExecutor.java:227)
	at com.kms.katalon.core.main.TestCaseMain.runTestCase(TestCaseMain.java:114)
	at com.kms.katalon.core.keyword.builtin.CallTestCaseKeyword$_callTestCase_closure1.doCall(CallTestCaseKeyword.groovy:59)
	... 20 more]]></system-out>
         <system-err><![CDATA[2019-03-19 14:46:20 - [TEST_CASE][FAILED] - Test Cases/Products/TemplateApp/Templates/IVR/VerifyPreviewButtonOfVoiceBadAction: Test Cases/Products/TemplateApp/Templates/IVR/VerifyPreviewButtonOfVoiceBadAction FAILED.
Reason:
com.kms.katalon.core.exception.StepFailedException: Call Test Case 'Test Cases/Products/Cerberus/Login-Logout/TemplateLoginNCQATestUtility' failed
	at com.kms.katalon.core.keyword.builtin.CallTestCaseKeyword$_callTestCase_closure1.doCall(CallTestCaseKeyword.groovy:63)
	at com.kms.katalon.core.keyword.builtin.CallTestCaseKeyword$_callTestCase_closure1.call(CallTestCaseKeyword.groovy)
	at com.kms.katalon.core.keyword.internal.KeywordMain.runKeyword(KeywordMain.groovy:66)
	at com.kms.katalon.core.keyword.builtin.CallTestCaseKeyword.callTestCase(CallTestCaseKeyword.groovy:81)
	at com.kms.katalon.core.keyword.builtin.CallTestCaseKeyword.execute(CallTestCaseKeyword.groovy:44)
	at com.kms.katalon.core.keyword.internal.KeywordExecutor.executeKeywordForPlatform(KeywordExecutor.groovy:56)
	at com.kms.katalon.core.keyword.BuiltinKeywords.callTestCase(BuiltinKeywords.groovy:334)
	at VerifyPreviewButtonOfVoiceBadAction.run(VerifyPreviewButtonOfVoiceBadAction:16)
	at com.kms.katalon.core.main.ScriptEngine.run(ScriptEngine.java:194)
	at com.kms.katalon.core.main.ScriptEngine.runScriptAsRawText(ScriptEngine.java:119)
	at com.kms.katalon.core.main.TestCaseExecutor.runScript(TestCaseExecutor.java:331)
	at com.kms.katalon.core.main.TestCaseExecutor.doExecute(TestCaseExecutor.java:322)
	at com.kms.katalon.core.main.TestCaseExecutor.processExecutionPhase(TestCaseExecutor.java:301)
	at com.kms.katalon.core.main.TestCaseExecutor.accessMainPhase(TestCaseExecutor.java:293)
	at com.kms.katalon.core.main.TestCaseExecutor.execute(TestCaseExecutor.java:227)
	at com.kms.katalon.core.main.TestSuiteExecutor.accessTestCaseMainPhase(TestSuiteExecutor.java:129)
	at com.kms.katalon.core.main.TestSuiteExecutor.accessTestSuiteMainPhase(TestSuiteExecutor.java:112)
	at com.kms.katalon.core.main.TestSuiteExecutor.execute(TestSuiteExecutor.java:81)
	at com.kms.katalon.core.main.TestCaseMain.startTestSuite(TestCaseMain.java:157)
	at com.kms.katalon.core.main.TestCaseMain$startTestSuite$0.call(Unknown Source)
	at TempTestSuite1553031519664.run(TempTestSuite1553031519664.groovy:35)
Caused by: com.kms.katalon.core.exception.StepFailedException: Unable to click on object 'Object Repository/Products/Cerberus/LoginLogout/TenantQATestUtilityCompany'
	at com.kms.katalon.core.keyword.internal.KeywordMain.stepFailed(KeywordMain.groovy:48)
	at com.kms.katalon.core.webui.keyword.internal.WebUIKeywordMain.stepFailed(WebUIKeywordMain.groovy:65)
	at com.kms.katalon.core.webui.keyword.internal.WebUIKeywordMain.runKeyword(WebUIKeywordMain.groovy:27)
	at com.kms.katalon.core.webui.keyword.builtin.ClickKeyword.click(ClickKeyword.groovy:86)
	at com.kms.katalon.core.webui.keyword.builtin.ClickKeyword.execute(ClickKeyword.groovy:67)
	at com.kms.katalon.core.keyword.internal.KeywordExecutor.executeKeywordForPlatform(KeywordExecutor.groovy:56)
	at com.kms.katalon.core.webui.keyword.WebUiBuiltInKeywords.click(WebUiBuiltInKeywords.groovy:616)
	at com.kms.katalon.core.webui.keyword.WebUiBuiltInKeywords$click$3.call(Unknown Source)
	at TemplateLoginNCQATestUtility.run(TemplateLoginNCQATestUtility:48)
	at com.kms.katalon.core.main.ScriptEngine.run(ScriptEngine.java:194)
	at com.kms.katalon.core.main.ScriptEngine.runScriptAsRawText(ScriptEngine.java:119)
	at com.kms.katalon.core.main.TestCaseExecutor.runScript(TestCaseExecutor.java:331)
	at com.kms.katalon.core.main.TestCaseExecutor.doExecute(TestCaseExecutor.java:322)
	at com.kms.katalon.core.main.TestCaseExecutor.processExecutionPhase(TestCaseExecutor.java:301)
	at com.kms.katalon.core.main.TestCaseExecutor.accessMainPhase(TestCaseExecutor.java:293)
	at com.kms.katalon.core.main.TestCaseExecutor.execute(TestCaseExecutor.java:227)
	at com.kms.katalon.core.main.TestCaseMain.runTestCase(TestCaseMain.java:114)
	at com.kms.katalon.core.keyword.builtin.CallTestCaseKeyword$_callTestCase_closure1.doCall(CallTestCaseKeyword.groovy:59)
	... 20 more]]></system-err>
      </testcase>
      <testcase name="Test Cases/Products/TemplateApp/Templates/IVR/VerifyPreviewLinkOfVoiceDisenrolled" classname="Test Cases/Products/TemplateApp/Templates/IVR/VerifyPreviewLinkOfVoiceDisenrolled" status="PASSED">
         <system-out><![CDATA[2019-03-19 14:51:04 - [TEST_CASE][PASSED] - Test Cases/Products/TemplateApp/Templates/IVR/VerifyPreviewLinkOfVoiceDisenrolled: Test Cases/Products/TemplateApp/Templates/IVR/VerifyPreviewLinkOfVoiceDisenrolled

2019-03-19 14:51:04 - [TEST_STEP][PASSED] - callTestCase(findTestCase("Products/Cerberus/Login-Logout/TemplateLoginNCQATestUtility"), [:], STOP_ON_FAILURE): Call Test Case 'Test Cases/Products/Cerberus/Login-Logout/TemplateLoginNCQATestUtility' successfully

2019-03-19 14:51:05 - [TEST_CASE][PASSED] - Test Cases/Products/Cerberus/Login-Logout/TemplateLoginNCQATestUtility: Test Cases/Products/Cerberus/Login-Logout/TemplateLoginNCQATestUtility

2019-03-19 14:51:05 - [TEST_STEP][PASSED] - log = new com.kms.katalon.core.logging.KeywordLogger(): null

2019-03-19 14:51:05 - [TEST_STEP][PASSED] - comment("Open browser and Login"): Open browser and Login

2019-03-19 14:51:05 - [MESSAGE][INFO] - Open browser and Login

2019-03-19 14:51:05 - [TEST_STEP][PASSED] - openBrowser(G_DefaultSiteURL): Browser is opened with url: 'https://dev.kubra.io'

2019-03-19 14:51:05 - [MESSAGE][WARNING] - A browser is already opened. Closing browser and opening a new one

2019-03-19 14:51:06 - [MESSAGE][INFO] - Starting 'Firefox' driver

2019-03-19 14:51:14 - [MESSAGE][PASSED] - Browser is opened with url: 'https://dev.kubra.io'

2019-03-19 14:51:14 - [TEST_STEP][PASSED] - waitForPageLoad(G_ShortTimeout): Wait for page load successfully

2019-03-19 14:51:14 - [MESSAGE][PASSED] - Wait for page load successfully

2019-03-19 14:51:14 - [TEST_STEP][PASSED] - maximizeWindow(): Current window maximized

2019-03-19 14:51:14 - [MESSAGE][PASSED] - Current window maximized

2019-03-19 14:51:14 - [TEST_STEP][PASSED] - log.logWarning("--- Begin Login ---"): --- Begin Login ---

2019-03-19 14:51:14 - [MESSAGE][WARNING] - --- Begin Login ---

2019-03-19 14:51:14 - [TEST_STEP][PASSED] - log.logWarning("Logging in to environment - " + G_DefaultSiteURL): Logging in to environment - https://dev.kubra.io

2019-03-19 14:51:14 - [MESSAGE][WARNING] - Logging in to environment - https://dev.kubra.io

2019-03-19 14:51:14 - [TEST_STEP][PASSED] - waitForElementClickable(findTestObject("Products/Cerberus/LoginLogout/LogInWithGoogle"), 15): Object 'Object Repository/Products/Cerberus/LoginLogout/LogInWithGoogle' is clickable

2019-03-19 14:51:15 - [MESSAGE][PASSED] - Object 'Object Repository/Products/Cerberus/LoginLogout/LogInWithGoogle' is clickable

2019-03-19 14:51:15 - [TEST_STEP][PASSED] - delay(2): Delayed 2 second(s)

2019-03-19 14:51:17 - [MESSAGE][PASSED] - Delayed 2 second(s)

2019-03-19 14:51:17 - [TEST_STEP][PASSED] - click(findTestObject("Products/Cerberus/LoginLogout/LogInWithGoogle")): Object: 'Object Repository/Products/Cerberus/LoginLogout/LogInWithGoogle' is clicked on

2019-03-19 14:51:18 - [MESSAGE][PASSED] - Object: 'Object Repository/Products/Cerberus/LoginLogout/LogInWithGoogle' is clicked on

2019-03-19 14:51:18 - [TEST_STEP][PASSED] - waitForElementVisible(findTestObject("Products/Cerberus/LoginLogout/UserName"), 15): Object 'Object Repository/Products/Cerberus/LoginLogout/UserName' is visible

2019-03-19 14:51:19 - [MESSAGE][PASSED] - Object 'Object Repository/Products/Cerberus/LoginLogout/UserName' is visible

2019-03-19 14:51:19 - [TEST_STEP][PASSED] - setMaskedText(findTestObject("Products/Cerberus/LoginLogout/UserName"), "tempeqa@kubra.com"): Text '*****************' is set on object 'Object Repository/Products/Cerberus/LoginLogout/UserName'

2019-03-19 14:51:19 - [MESSAGE][PASSED] - Text '*****************' is set on object 'Object Repository/Products/Cerberus/LoginLogout/UserName'

2019-03-19 14:51:19 - [TEST_STEP][PASSED] - waitForElementVisible(findTestObject("Products/Cerberus/LoginLogout/UserNameNextButton"), 15): Object 'Object Repository/Products/Cerberus/LoginLogout/UserNameNextButton' is visible

2019-03-19 14:51:19 - [MESSAGE][PASSED] - Object 'Object Repository/Products/Cerberus/LoginLogout/UserNameNextButton' is visible

2019-03-19 14:51:19 - [TEST_STEP][PASSED] - click(findTestObject("Products/Cerberus/LoginLogout/UserNameNextButton")): Object: 'Object Repository/Products/Cerberus/LoginLogout/UserNameNextButton' is clicked on

2019-03-19 14:51:19 - [MESSAGE][PASSED] - Object: 'Object Repository/Products/Cerberus/LoginLogout/UserNameNextButton' is clicked on

2019-03-19 14:51:19 - [TEST_STEP][PASSED] - waitForElementVisible(findTestObject("Products/Cerberus/LoginLogout/Password"), 15): Object 'Object Repository/Products/Cerberus/LoginLogout/Password' is visible

2019-03-19 14:51:20 - [MESSAGE][PASSED] - Object 'Object Repository/Products/Cerberus/LoginLogout/Password' is visible

2019-03-19 14:51:20 - [TEST_STEP][PASSED] - setMaskedText(findTestObject("Products/Cerberus/LoginLogout/Password"), "qAisgr8!@"): Text '*********' is set on object 'Object Repository/Products/Cerberus/LoginLogout/Password'

2019-03-19 14:51:20 - [MESSAGE][PASSED] - Text '*********' is set on object 'Object Repository/Products/Cerberus/LoginLogout/Password'

2019-03-19 14:51:20 - [TEST_STEP][PASSED] - waitForElementClickable(findTestObject("Products/Cerberus/LoginLogout/PasswordNextButton"), 15): Object 'Object Repository/Products/Cerberus/LoginLogout/PasswordNextButton' is clickable

2019-03-19 14:51:20 - [MESSAGE][PASSED] - Object 'Object Repository/Products/Cerberus/LoginLogout/PasswordNextButton' is clickable

2019-03-19 14:51:20 - [TEST_STEP][PASSED] - click(findTestObject("Products/Cerberus/LoginLogout/PasswordNextButton")): Object: 'Object Repository/Products/Cerberus/LoginLogout/PasswordNextButton' is clicked on

2019-03-19 14:51:24 - [MESSAGE][PASSED] - Object: 'Object Repository/Products/Cerberus/LoginLogout/PasswordNextButton' is clicked on

2019-03-19 14:51:24 - [TEST_STEP][PASSED] - delay(5): Delayed 5 second(s)

2019-03-19 14:51:29 - [MESSAGE][PASSED] - Delayed 5 second(s)

2019-03-19 14:51:29 - [TEST_STEP][PASSED] - waitForElementClickable(findTestObject("Products/Cerberus/LoginLogout/TenantQATestUtilityCompany"), 15): Object 'Object Repository/Products/Cerberus/LoginLogout/TenantQATestUtilityCompany' is clickable

2019-03-19 14:51:29 - [MESSAGE][PASSED] - Object 'Object Repository/Products/Cerberus/LoginLogout/TenantQATestUtilityCompany' is clickable

2019-03-19 14:51:29 - [TEST_STEP][PASSED] - click(findTestObject("Products/Cerberus/LoginLogout/TenantQATestUtilityCompany")): Object: 'Object Repository/Products/Cerberus/LoginLogout/TenantQATestUtilityCompany' is clicked on

2019-03-19 14:51:29 - [MESSAGE][PASSED] - Object: 'Object Repository/Products/Cerberus/LoginLogout/TenantQATestUtilityCompany' is clicked on

2019-03-19 14:51:29 - [TEST_STEP][PASSED] - verifyElementText(findTestObject("Products/Cerberus/LoginLogout/TenantQATestUtilityCompany"), "QA Test Utility Company"): Actual text and expected text of test object 'Object Repository/Products/Cerberus/LoginLogout/TenantQATestUtilityCompany' are matched.

2019-03-19 14:51:29 - [MESSAGE][PASSED] - Actual text and expected text of test object 'Object Repository/Products/Cerberus/LoginLogout/TenantQATestUtilityCompany' are matched.

2019-03-19 14:51:29 - [TEST_STEP][PASSED] - waitForElementClickable(findTestObject("Products/Cerberus/LoginLogout/TenantSubmitButton"), 15): Object 'Object Repository/Products/Cerberus/LoginLogout/TenantSubmitButton' is clickable

2019-03-19 14:51:29 - [MESSAGE][PASSED] - Object 'Object Repository/Products/Cerberus/LoginLogout/TenantSubmitButton' is clickable

2019-03-19 14:51:29 - [TEST_STEP][PASSED] - click(findTestObject("Products/Cerberus/LoginLogout/TenantSubmitButton")): Object: 'Object Repository/Products/Cerberus/LoginLogout/TenantSubmitButton' is clicked on

2019-03-19 14:51:29 - [MESSAGE][PASSED] - Object: 'Object Repository/Products/Cerberus/LoginLogout/TenantSubmitButton' is clicked on

2019-03-19 14:51:29 - [TEST_STEP][PASSED] - waitForElementClickable(findTestObject("Products/Cerberus/LoginLogout/ChooseApp-Templates"), 15): Object 'Object Repository/Products/Cerberus/LoginLogout/ChooseApp-Templates' is clickable

2019-03-19 14:51:29 - [MESSAGE][PASSED] - Object 'Object Repository/Products/Cerberus/LoginLogout/ChooseApp-Templates' is clickable

2019-03-19 14:51:29 - [TEST_STEP][PASSED] - click(findTestObject("Products/Cerberus/LoginLogout/ChooseApp-Templates")): Object: 'Object Repository/Products/Cerberus/LoginLogout/ChooseApp-Templates' is clicked on

2019-03-19 14:51:29 - [MESSAGE][PASSED] - Object: 'Object Repository/Products/Cerberus/LoginLogout/ChooseApp-Templates' is clicked on

2019-03-19 14:51:29 - [TEST_STEP][PASSED] - waitForElementClickable(findTestObject("Products/Cerberus/LoginLogout/SubmitButton_ChooseApp"), 15): Object 'Object Repository/Products/Cerberus/LoginLogout/SubmitButton_ChooseApp' is clickable

2019-03-19 14:51:29 - [MESSAGE][PASSED] - Object 'Object Repository/Products/Cerberus/LoginLogout/SubmitButton_ChooseApp' is clickable

2019-03-19 14:51:29 - [TEST_STEP][PASSED] - click(findTestObject("Products/Cerberus/LoginLogout/SubmitButton_ChooseApp")): Object: 'Object Repository/Products/Cerberus/LoginLogout/SubmitButton_ChooseApp' is clicked on

2019-03-19 14:51:31 - [MESSAGE][PASSED] - Object: 'Object Repository/Products/Cerberus/LoginLogout/SubmitButton_ChooseApp' is clicked on

2019-03-19 14:51:31 - [TEST_STEP][PASSED] - delay(1): Delayed 1 second(s)

2019-03-19 14:51:32 - [MESSAGE][PASSED] - Delayed 1 second(s)

2019-03-19 14:51:32 - [TEST_STEP][PASSED] - verifyTextPresent("Latest Activity", false): Text 'Latest Activity' is present on page 

2019-03-19 14:51:32 - [MESSAGE][PASSED] - Text 'Latest Activity' is present on page 

2019-03-19 14:51:32 - [TEST_STEP][PASSED] - log.logWarning("--- End Login ---"): --- End Login ---

2019-03-19 14:51:32 - [MESSAGE][WARNING] - --- End Login ---

2019-03-19 14:51:32 - [MESSAGE][PASSED] - Call Test Case 'Test Cases/Products/Cerberus/Login-Logout/TemplateLoginNCQATestUtility' successfully

2019-03-19 14:51:32 - [TEST_STEP][PASSED] - delay(4): Delayed 4 second(s)

2019-03-19 14:51:36 - [MESSAGE][PASSED] - Delayed 4 second(s)

2019-03-19 14:51:36 - [TEST_STEP][PASSED] - click(findTestObject("Products/TemplateApp/Templates/Common/SelectTemplates")): Object: 'Object Repository/Products/TemplateApp/Templates/Common/SelectTemplates' is clicked on

2019-03-19 14:51:36 - [MESSAGE][PASSED] - Object: 'Object Repository/Products/TemplateApp/Templates/Common/SelectTemplates' is clicked on

2019-03-19 14:51:36 - [TEST_STEP][PASSED] - delay(2): Delayed 2 second(s)

2019-03-19 14:51:38 - [MESSAGE][PASSED] - Delayed 2 second(s)

2019-03-19 14:51:38 - [TEST_STEP][PASSED] - click(findTestObject("Products/TemplateApp/Templates/IVR/SelectIVR")): Object: 'Object Repository/Products/TemplateApp/Templates/IVR/SelectIVR' is clicked on

2019-03-19 14:51:38 - [MESSAGE][PASSED] - Object: 'Object Repository/Products/TemplateApp/Templates/IVR/SelectIVR' is clicked on

2019-03-19 14:51:38 - [TEST_STEP][PASSED] - click(findTestObject("Products/TemplateApp/Templates/IVR/VoiceDisenrolledPreviewLink")): Object: 'Object Repository/Products/TemplateApp/Templates/IVR/VoiceDisenrolledPreviewLink' is clicked on

2019-03-19 14:51:39 - [MESSAGE][PASSED] - Object: 'Object Repository/Products/TemplateApp/Templates/IVR/VoiceDisenrolledPreviewLink' is clicked on

2019-03-19 14:51:39 - [TEST_STEP][PASSED] - delay(5): Delayed 5 second(s)

2019-03-19 14:51:44 - [MESSAGE][PASSED] - Delayed 5 second(s)

2019-03-19 14:51:44 - [TEST_STEP][PASSED] - verifyElementText(findTestObject("Products/TemplateApp/Templates/Common/PreviewHeader"), "PREVIEW"): Actual text and expected text of test object 'Object Repository/Products/TemplateApp/Templates/Common/PreviewHeader' are matched.

2019-03-19 14:51:44 - [MESSAGE][PASSED] - Actual text and expected text of test object 'Object Repository/Products/TemplateApp/Templates/Common/PreviewHeader' are matched.

2019-03-19 14:51:44 - [TEST_STEP][PASSED] - click(findTestObject("Products/TemplateApp/Templates/Common/ClosePreview")): Object: 'Object Repository/Products/TemplateApp/Templates/Common/ClosePreview' is clicked on

2019-03-19 14:51:44 - [MESSAGE][PASSED] - Object: 'Object Repository/Products/TemplateApp/Templates/Common/ClosePreview' is clicked on

2019-03-19 14:51:44 - [TEST_STEP][PASSED] - verifyElementText(findTestObject("Products/TemplateApp/TemplateHeader"), "Templates"): Actual text and expected text of test object 'Object Repository/Products/TemplateApp/TemplateHeader' are matched.

2019-03-19 14:51:44 - [MESSAGE][PASSED] - Actual text and expected text of test object 'Object Repository/Products/TemplateApp/TemplateHeader' are matched.

2019-03-19 14:51:44 - [TEST_STEP][PASSED] - closeBrowser(): Browser is closed

2019-03-19 14:51:44 - [MESSAGE][PASSED] - Browser is closed]]></system-out>
         <system-err><![CDATA[]]></system-err>
      </testcase>
      <testcase name="Test Cases/Products/TemplateApp/Templates/IVR/VerifyPreviewButtonOfVoiceDisenrolled" classname="Test Cases/Products/TemplateApp/Templates/IVR/VerifyPreviewButtonOfVoiceDisenrolled" status="FAILED">
         <failure type="FAILED" message="Test Cases/Products/TemplateApp/Templates/IVR/VerifyPreviewButtonOfVoiceDisenrolled FAILED.
Reason:
com.kms.katalon.core.exception.StepFailedException: Verify element text of test object 'Object Repository/Products/TemplateApp/Templates/Common/FormHeaderText' FAILED.
	at com.kms.katalon.core.keyword.internal.KeywordMain.stepFailed(KeywordMain.groovy:48)
	at com.kms.katalon.core.webui.keyword.internal.WebUIKeywordMain.stepFailed(WebUIKeywordMain.groovy:65)
	at com.kms.katalon.core.webui.keyword.internal.WebUIKeywordMain.runKeyword(WebUIKeywordMain.groovy:27)
	at com.kms.katalon.core.webui.keyword.builtin.VerifyElementTextKeyword.verifyElementText(VerifyElementTextKeyword.groovy:72)
	at com.kms.katalon.core.webui.keyword.builtin.VerifyElementTextKeyword.execute(VerifyElementTextKeyword.groovy:40)
	at com.kms.katalon.core.keyword.internal.KeywordExecutor.executeKeywordForPlatform(KeywordExecutor.groovy:56)
	at com.kms.katalon.core.webui.keyword.WebUiBuiltInKeywords.verifyElementText(WebUiBuiltInKeywords.groovy:3663)
	at com.kms.katalon.core.webui.keyword.WebUiBuiltInKeywords$verifyElementText$6.call(Unknown Source)
	at VerifyPreviewButtonOfVoiceDisenrolled.run(VerifyPreviewButtonOfVoiceDisenrolled:32)
	at com.kms.katalon.core.main.ScriptEngine.run(ScriptEngine.java:194)
	at com.kms.katalon.core.main.ScriptEngine.runScriptAsRawText(ScriptEngine.java:119)
	at com.kms.katalon.core.main.TestCaseExecutor.runScript(TestCaseExecutor.java:331)
	at com.kms.katalon.core.main.TestCaseExecutor.doExecute(TestCaseExecutor.java:322)
	at com.kms.katalon.core.main.TestCaseExecutor.processExecutionPhase(TestCaseExecutor.java:301)
	at com.kms.katalon.core.main.TestCaseExecutor.accessMainPhase(TestCaseExecutor.java:293)
	at com.kms.katalon.core.main.TestCaseExecutor.execute(TestCaseExecutor.java:227)
	at com.kms.katalon.core.main.TestSuiteExecutor.accessTestCaseMainPhase(TestSuiteExecutor.java:129)
	at com.kms.katalon.core.main.TestSuiteExecutor.accessTestSuiteMainPhase(TestSuiteExecutor.java:112)
	at com.kms.katalon.core.main.TestSuiteExecutor.execute(TestSuiteExecutor.java:81)
	at com.kms.katalon.core.main.TestCaseMain.startTestSuite(TestCaseMain.java:157)
	at com.kms.katalon.core.main.TestCaseMain$startTestSuite$0.call(Unknown Source)
	at TempTestSuite1553031519664.run(TempTestSuite1553031519664.groovy:35)
"/>
         <system-out><![CDATA[2019-03-19 14:51:44 - [TEST_CASE][FAILED] - Test Cases/Products/TemplateApp/Templates/IVR/VerifyPreviewButtonOfVoiceDisenrolled: Test Cases/Products/TemplateApp/Templates/IVR/VerifyPreviewButtonOfVoiceDisenrolled FAILED.
Reason:
com.kms.katalon.core.exception.StepFailedException: Verify element text of test object 'Object Repository/Products/TemplateApp/Templates/Common/FormHeaderText' FAILED.
	at com.kms.katalon.core.keyword.internal.KeywordMain.stepFailed(KeywordMain.groovy:48)
	at com.kms.katalon.core.webui.keyword.internal.WebUIKeywordMain.stepFailed(WebUIKeywordMain.groovy:65)
	at com.kms.katalon.core.webui.keyword.internal.WebUIKeywordMain.runKeyword(WebUIKeywordMain.groovy:27)
	at com.kms.katalon.core.webui.keyword.builtin.VerifyElementTextKeyword.verifyElementText(VerifyElementTextKeyword.groovy:72)
	at com.kms.katalon.core.webui.keyword.builtin.VerifyElementTextKeyword.execute(VerifyElementTextKeyword.groovy:40)
	at com.kms.katalon.core.keyword.internal.KeywordExecutor.executeKeywordForPlatform(KeywordExecutor.groovy:56)
	at com.kms.katalon.core.webui.keyword.WebUiBuiltInKeywords.verifyElementText(WebUiBuiltInKeywords.groovy:3663)
	at com.kms.katalon.core.webui.keyword.WebUiBuiltInKeywords$verifyElementText$6.call(Unknown Source)
	at VerifyPreviewButtonOfVoiceDisenrolled.run(VerifyPreviewButtonOfVoiceDisenrolled:32)
	at com.kms.katalon.core.main.ScriptEngine.run(ScriptEngine.java:194)
	at com.kms.katalon.core.main.ScriptEngine.runScriptAsRawText(ScriptEngine.java:119)
	at com.kms.katalon.core.main.TestCaseExecutor.runScript(TestCaseExecutor.java:331)
	at com.kms.katalon.core.main.TestCaseExecutor.doExecute(TestCaseExecutor.java:322)
	at com.kms.katalon.core.main.TestCaseExecutor.processExecutionPhase(TestCaseExecutor.java:301)
	at com.kms.katalon.core.main.TestCaseExecutor.accessMainPhase(TestCaseExecutor.java:293)
	at com.kms.katalon.core.main.TestCaseExecutor.execute(TestCaseExecutor.java:227)
	at com.kms.katalon.core.main.TestSuiteExecutor.accessTestCaseMainPhase(TestSuiteExecutor.java:129)
	at com.kms.katalon.core.main.TestSuiteExecutor.accessTestSuiteMainPhase(TestSuiteExecutor.java:112)
	at com.kms.katalon.core.main.TestSuiteExecutor.execute(TestSuiteExecutor.java:81)
	at com.kms.katalon.core.main.TestCaseMain.startTestSuite(TestCaseMain.java:157)
	at com.kms.katalon.core.main.TestCaseMain$startTestSuite$0.call(Unknown Source)
	at TempTestSuite1553031519664.run(TempTestSuite1553031519664.groovy:35)


2019-03-19 14:51:44 - [TEST_STEP][PASSED] - callTestCase(findTestCase("Products/Cerberus/Login-Logout/TemplateLoginNCQATestUtility"), [:], STOP_ON_FAILURE): Call Test Case 'Test Cases/Products/Cerberus/Login-Logout/TemplateLoginNCQATestUtility' successfully

2019-03-19 14:51:45 - [TEST_CASE][PASSED] - Test Cases/Products/Cerberus/Login-Logout/TemplateLoginNCQATestUtility: Test Cases/Products/Cerberus/Login-Logout/TemplateLoginNCQATestUtility

2019-03-19 14:51:45 - [TEST_STEP][PASSED] - log = new com.kms.katalon.core.logging.KeywordLogger(): null

2019-03-19 14:51:45 - [TEST_STEP][PASSED] - comment("Open browser and Login"): Open browser and Login

2019-03-19 14:51:45 - [MESSAGE][INFO] - Open browser and Login

2019-03-19 14:51:45 - [TEST_STEP][PASSED] - openBrowser(G_DefaultSiteURL): Browser is opened with url: 'https://dev.kubra.io'

2019-03-19 14:51:45 - [MESSAGE][INFO] - Starting 'Firefox' driver

2019-03-19 14:51:48 - [MESSAGE][PASSED] - Browser is opened with url: 'https://dev.kubra.io'

2019-03-19 14:51:48 - [TEST_STEP][PASSED] - waitForPageLoad(G_ShortTimeout): Wait for page load successfully

2019-03-19 14:51:48 - [MESSAGE][PASSED] - Wait for page load successfully

2019-03-19 14:51:48 - [TEST_STEP][PASSED] - maximizeWindow(): Current window maximized

2019-03-19 14:51:48 - [MESSAGE][PASSED] - Current window maximized

2019-03-19 14:51:48 - [TEST_STEP][PASSED] - log.logWarning("--- Begin Login ---"): --- Begin Login ---

2019-03-19 14:51:48 - [MESSAGE][WARNING] - --- Begin Login ---

2019-03-19 14:51:48 - [TEST_STEP][PASSED] - log.logWarning("Logging in to environment - " + G_DefaultSiteURL): Logging in to environment - https://dev.kubra.io

2019-03-19 14:51:48 - [MESSAGE][WARNING] - Logging in to environment - https://dev.kubra.io

2019-03-19 14:51:48 - [TEST_STEP][PASSED] - waitForElementClickable(findTestObject("Products/Cerberus/LoginLogout/LogInWithGoogle"), 15): Object 'Object Repository/Products/Cerberus/LoginLogout/LogInWithGoogle' is clickable

2019-03-19 14:51:49 - [MESSAGE][PASSED] - Object 'Object Repository/Products/Cerberus/LoginLogout/LogInWithGoogle' is clickable

2019-03-19 14:51:49 - [TEST_STEP][PASSED] - delay(2): Delayed 2 second(s)

2019-03-19 14:51:51 - [MESSAGE][PASSED] - Delayed 2 second(s)

2019-03-19 14:51:51 - [TEST_STEP][PASSED] - click(findTestObject("Products/Cerberus/LoginLogout/LogInWithGoogle")): Object: 'Object Repository/Products/Cerberus/LoginLogout/LogInWithGoogle' is clicked on

2019-03-19 14:51:52 - [MESSAGE][PASSED] - Object: 'Object Repository/Products/Cerberus/LoginLogout/LogInWithGoogle' is clicked on

2019-03-19 14:51:52 - [TEST_STEP][PASSED] - waitForElementVisible(findTestObject("Products/Cerberus/LoginLogout/UserName"), 15): Object 'Object Repository/Products/Cerberus/LoginLogout/UserName' is visible

2019-03-19 14:51:52 - [MESSAGE][PASSED] - Object 'Object Repository/Products/Cerberus/LoginLogout/UserName' is visible

2019-03-19 14:51:52 - [TEST_STEP][PASSED] - setMaskedText(findTestObject("Products/Cerberus/LoginLogout/UserName"), "tempeqa@kubra.com"): Text '*****************' is set on object 'Object Repository/Products/Cerberus/LoginLogout/UserName'

2019-03-19 14:51:53 - [MESSAGE][PASSED] - Text '*****************' is set on object 'Object Repository/Products/Cerberus/LoginLogout/UserName'

2019-03-19 14:51:53 - [TEST_STEP][PASSED] - waitForElementVisible(findTestObject("Products/Cerberus/LoginLogout/UserNameNextButton"), 15): Object 'Object Repository/Products/Cerberus/LoginLogout/UserNameNextButton' is visible

2019-03-19 14:51:53 - [MESSAGE][PASSED] - Object 'Object Repository/Products/Cerberus/LoginLogout/UserNameNextButton' is visible

2019-03-19 14:51:53 - [TEST_STEP][PASSED] - click(findTestObject("Products/Cerberus/LoginLogout/UserNameNextButton")): Object: 'Object Repository/Products/Cerberus/LoginLogout/UserNameNextButton' is clicked on

2019-03-19 14:51:53 - [MESSAGE][PASSED] - Object: 'Object Repository/Products/Cerberus/LoginLogout/UserNameNextButton' is clicked on

2019-03-19 14:51:53 - [TEST_STEP][PASSED] - waitForElementVisible(findTestObject("Products/Cerberus/LoginLogout/Password"), 15): Object 'Object Repository/Products/Cerberus/LoginLogout/Password' is visible

2019-03-19 14:51:54 - [MESSAGE][PASSED] - Object 'Object Repository/Products/Cerberus/LoginLogout/Password' is visible

2019-03-19 14:51:54 - [TEST_STEP][PASSED] - setMaskedText(findTestObject("Products/Cerberus/LoginLogout/Password"), "qAisgr8!@"): Text '*********' is set on object 'Object Repository/Products/Cerberus/LoginLogout/Password'

2019-03-19 14:51:54 - [MESSAGE][PASSED] - Text '*********' is set on object 'Object Repository/Products/Cerberus/LoginLogout/Password'

2019-03-19 14:51:54 - [TEST_STEP][PASSED] - waitForElementClickable(findTestObject("Products/Cerberus/LoginLogout/PasswordNextButton"), 15): Object 'Object Repository/Products/Cerberus/LoginLogout/PasswordNextButton' is clickable

2019-03-19 14:51:54 - [MESSAGE][PASSED] - Object 'Object Repository/Products/Cerberus/LoginLogout/PasswordNextButton' is clickable

2019-03-19 14:51:54 - [TEST_STEP][PASSED] - click(findTestObject("Products/Cerberus/LoginLogout/PasswordNextButton")): Object: 'Object Repository/Products/Cerberus/LoginLogout/PasswordNextButton' is clicked on

2019-03-19 14:51:57 - [MESSAGE][PASSED] - Object: 'Object Repository/Products/Cerberus/LoginLogout/PasswordNextButton' is clicked on

2019-03-19 14:51:57 - [TEST_STEP][PASSED] - delay(5): Delayed 5 second(s)

2019-03-19 14:52:02 - [MESSAGE][PASSED] - Delayed 5 second(s)

2019-03-19 14:52:02 - [TEST_STEP][PASSED] - waitForElementClickable(findTestObject("Products/Cerberus/LoginLogout/TenantQATestUtilityCompany"), 15): Object 'Object Repository/Products/Cerberus/LoginLogout/TenantQATestUtilityCompany' is clickable

2019-03-19 14:52:02 - [MESSAGE][PASSED] - Object 'Object Repository/Products/Cerberus/LoginLogout/TenantQATestUtilityCompany' is clickable

2019-03-19 14:52:02 - [TEST_STEP][PASSED] - click(findTestObject("Products/Cerberus/LoginLogout/TenantQATestUtilityCompany")): Object: 'Object Repository/Products/Cerberus/LoginLogout/TenantQATestUtilityCompany' is clicked on

2019-03-19 14:52:02 - [MESSAGE][PASSED] - Object: 'Object Repository/Products/Cerberus/LoginLogout/TenantQATestUtilityCompany' is clicked on

2019-03-19 14:52:02 - [TEST_STEP][PASSED] - verifyElementText(findTestObject("Products/Cerberus/LoginLogout/TenantQATestUtilityCompany"), "QA Test Utility Company"): Actual text and expected text of test object 'Object Repository/Products/Cerberus/LoginLogout/TenantQATestUtilityCompany' are matched.

2019-03-19 14:52:02 - [MESSAGE][PASSED] - Actual text and expected text of test object 'Object Repository/Products/Cerberus/LoginLogout/TenantQATestUtilityCompany' are matched.

2019-03-19 14:52:02 - [TEST_STEP][PASSED] - waitForElementClickable(findTestObject("Products/Cerberus/LoginLogout/TenantSubmitButton"), 15): Object 'Object Repository/Products/Cerberus/LoginLogout/TenantSubmitButton' is clickable

2019-03-19 14:52:02 - [MESSAGE][PASSED] - Object 'Object Repository/Products/Cerberus/LoginLogout/TenantSubmitButton' is clickable

2019-03-19 14:52:02 - [TEST_STEP][PASSED] - click(findTestObject("Products/Cerberus/LoginLogout/TenantSubmitButton")): Object: 'Object Repository/Products/Cerberus/LoginLogout/TenantSubmitButton' is clicked on

2019-03-19 14:52:03 - [MESSAGE][PASSED] - Object: 'Object Repository/Products/Cerberus/LoginLogout/TenantSubmitButton' is clicked on

2019-03-19 14:52:03 - [TEST_STEP][PASSED] - waitForElementClickable(findTestObject("Products/Cerberus/LoginLogout/ChooseApp-Templates"), 15): Object 'Object Repository/Products/Cerberus/LoginLogout/ChooseApp-Templates' is clickable

2019-03-19 14:52:03 - [MESSAGE][PASSED] - Object 'Object Repository/Products/Cerberus/LoginLogout/ChooseApp-Templates' is clickable

2019-03-19 14:52:03 - [TEST_STEP][PASSED] - click(findTestObject("Products/Cerberus/LoginLogout/ChooseApp-Templates")): Object: 'Object Repository/Products/Cerberus/LoginLogout/ChooseApp-Templates' is clicked on

2019-03-19 14:52:03 - [MESSAGE][PASSED] - Object: 'Object Repository/Products/Cerberus/LoginLogout/ChooseApp-Templates' is clicked on

2019-03-19 14:52:03 - [TEST_STEP][PASSED] - waitForElementClickable(findTestObject("Products/Cerberus/LoginLogout/SubmitButton_ChooseApp"), 15): Object 'Object Repository/Products/Cerberus/LoginLogout/SubmitButton_ChooseApp' is clickable

2019-03-19 14:52:03 - [MESSAGE][PASSED] - Object 'Object Repository/Products/Cerberus/LoginLogout/SubmitButton_ChooseApp' is clickable

2019-03-19 14:52:03 - [TEST_STEP][PASSED] - click(findTestObject("Products/Cerberus/LoginLogout/SubmitButton_ChooseApp")): Object: 'Object Repository/Products/Cerberus/LoginLogout/SubmitButton_ChooseApp' is clicked on

2019-03-19 14:52:04 - [MESSAGE][PASSED] - Object: 'Object Repository/Products/Cerberus/LoginLogout/SubmitButton_ChooseApp' is clicked on

2019-03-19 14:52:04 - [TEST_STEP][PASSED] - delay(1): Delayed 1 second(s)

2019-03-19 14:52:05 - [MESSAGE][PASSED] - Delayed 1 second(s)

2019-03-19 14:52:05 - [TEST_STEP][PASSED] - verifyTextPresent("Latest Activity", false): Text 'Latest Activity' is present on page 

2019-03-19 14:52:05 - [MESSAGE][PASSED] - Text 'Latest Activity' is present on page 

2019-03-19 14:52:05 - [TEST_STEP][PASSED] - log.logWarning("--- End Login ---"): --- End Login ---

2019-03-19 14:52:05 - [MESSAGE][WARNING] - --- End Login ---

2019-03-19 14:52:05 - [MESSAGE][PASSED] - Call Test Case 'Test Cases/Products/Cerberus/Login-Logout/TemplateLoginNCQATestUtility' successfully

2019-03-19 14:52:05 - [TEST_STEP][PASSED] - delay(4): Delayed 4 second(s)

2019-03-19 14:52:09 - [MESSAGE][PASSED] - Delayed 4 second(s)

2019-03-19 14:52:09 - [TEST_STEP][PASSED] - click(findTestObject("Products/TemplateApp/Templates/Common/SelectTemplates")): Object: 'Object Repository/Products/TemplateApp/Templates/Common/SelectTemplates' is clicked on

2019-03-19 14:52:09 - [MESSAGE][PASSED] - Object: 'Object Repository/Products/TemplateApp/Templates/Common/SelectTemplates' is clicked on

2019-03-19 14:52:09 - [TEST_STEP][PASSED] - delay(2): Delayed 2 second(s)

2019-03-19 14:52:11 - [MESSAGE][PASSED] - Delayed 2 second(s)

2019-03-19 14:52:11 - [TEST_STEP][PASSED] - click(findTestObject("Products/TemplateApp/SelectEnvironment/DownCaret")): Object: 'Object Repository/Products/TemplateApp/SelectEnvironment/DownCaret' is clicked on

2019-03-19 14:52:12 - [MESSAGE][PASSED] - Object: 'Object Repository/Products/TemplateApp/SelectEnvironment/DownCaret' is clicked on

2019-03-19 14:52:12 - [TEST_STEP][PASSED] - click(findTestObject("Products/TemplateApp/SelectEnvironment/SelectEnvironmentDevelop")): Object: 'Object Repository/Products/TemplateApp/SelectEnvironment/SelectEnvironmentDevelop' is clicked on

2019-03-19 14:52:12 - [MESSAGE][PASSED] - Object: 'Object Repository/Products/TemplateApp/SelectEnvironment/SelectEnvironmentDevelop' is clicked on

2019-03-19 14:52:12 - [TEST_STEP][PASSED] - delay(2): Delayed 2 second(s)

2019-03-19 14:52:14 - [MESSAGE][PASSED] - Delayed 2 second(s)

2019-03-19 14:52:14 - [TEST_STEP][PASSED] - click(findTestObject("Products/TemplateApp/Templates/IVR/SelectIVR")): Object: 'Object Repository/Products/TemplateApp/Templates/IVR/SelectIVR' is clicked on

2019-03-19 14:52:14 - [MESSAGE][PASSED] - Object: 'Object Repository/Products/TemplateApp/Templates/IVR/SelectIVR' is clicked on

2019-03-19 14:52:14 - [TEST_STEP][FAILED] - verifyElementText(findTestObject("Products/TemplateApp/Templates/Common/FormHeaderText"), "VOICE_DISENROLLED.NJK"): verifyElementText(findTestObject("Products/TemplateApp/Templates/Common/FormHeaderText"), "VOICE_DISENROLLED.NJK") FAILED.
Reason:
com.kms.katalon.core.exception.StepFailedException: Verify element text of test object 'Object Repository/Products/TemplateApp/Templates/Common/FormHeaderText' FAILED.
	at com.kms.katalon.core.keyword.internal.KeywordMain.stepFailed(KeywordMain.groovy:48)
	at com.kms.katalon.core.webui.keyword.internal.WebUIKeywordMain.stepFailed(WebUIKeywordMain.groovy:65)
	at com.kms.katalon.core.webui.keyword.internal.WebUIKeywordMain.runKeyword(WebUIKeywordMain.groovy:27)
	at com.kms.katalon.core.webui.keyword.builtin.VerifyElementTextKeyword.verifyElementText(VerifyElementTextKeyword.groovy:72)
	at com.kms.katalon.core.webui.keyword.builtin.VerifyElementTextKeyword.execute(VerifyElementTextKeyword.groovy:40)
	at com.kms.katalon.core.keyword.internal.KeywordExecutor.executeKeywordForPlatform(KeywordExecutor.groovy:56)
	at com.kms.katalon.core.webui.keyword.WebUiBuiltInKeywords.verifyElementText(WebUiBuiltInKeywords.groovy:3663)
	at com.kms.katalon.core.webui.keyword.WebUiBuiltInKeywords$verifyElementText$6.call(Unknown Source)
	at VerifyPreviewButtonOfVoiceDisenrolled.run(VerifyPreviewButtonOfVoiceDisenrolled:32)
	at com.kms.katalon.core.main.ScriptEngine.run(ScriptEngine.java:194)
	at com.kms.katalon.core.main.ScriptEngine.runScriptAsRawText(ScriptEngine.java:119)
	at com.kms.katalon.core.main.TestCaseExecutor.runScript(TestCaseExecutor.java:331)
	at com.kms.katalon.core.main.TestCaseExecutor.doExecute(TestCaseExecutor.java:322)
	at com.kms.katalon.core.main.TestCaseExecutor.processExecutionPhase(TestCaseExecutor.java:301)
	at com.kms.katalon.core.main.TestCaseExecutor.accessMainPhase(TestCaseExecutor.java:293)
	at com.kms.katalon.core.main.TestCaseExecutor.execute(TestCaseExecutor.java:227)
	at com.kms.katalon.core.main.TestSuiteExecutor.accessTestCaseMainPhase(TestSuiteExecutor.java:129)
	at com.kms.katalon.core.main.TestSuiteExecutor.accessTestSuiteMainPhase(TestSuiteExecutor.java:112)
	at com.kms.katalon.core.main.TestSuiteExecutor.execute(TestSuiteExecutor.java:81)
	at com.kms.katalon.core.main.TestCaseMain.startTestSuite(TestCaseMain.java:157)
	at com.kms.katalon.core.main.TestCaseMain$startTestSuite$0.call(Unknown Source)
	at TempTestSuite1553031519664.run(TempTestSuite1553031519664.groovy:35)


2019-03-19 14:52:45 - [MESSAGE][INFO] - Unable to find the element located by 'By.xpath: //h2[@class='with-border']'. Please recheck the objects properties to make sure the desired element is located. 

2019-03-19 14:52:45 - [MESSAGE][FAILED] - com.kms.katalon.core.webui.exception.WebElementNotFoundException: Web element with id: 'Object Repository/Products/TemplateApp/Templates/Common/FormHeaderText' located by 'By.xpath: //h2[@class='with-border']' not found
[[ATTACHMENT|/Users/pshukla/Documents/Katalon Studio/qa-templates/Reports/Templates/20190319_143829/1553032365004.png]]

2019-03-19 14:52:45 - [MESSAGE][FAILED] - Verify element text of test object 'Object Repository/Products/TemplateApp/Templates/Common/FormHeaderText' FAILED.
[[ATTACHMENT|/Users/pshukla/Documents/Katalon Studio/qa-templates/Reports/Templates/20190319_143829/1553032365181.png]]

2019-03-19 14:52:45 - [MESSAGE][FAILED] - verifyElementText(findTestObject("Products/TemplateApp/Templates/Common/FormHeaderText"), "VOICE_DISENROLLED.NJK") FAILED.
Reason:
com.kms.katalon.core.exception.StepFailedException: Verify element text of test object 'Object Repository/Products/TemplateApp/Templates/Common/FormHeaderText' FAILED.
	at com.kms.katalon.core.keyword.internal.KeywordMain.stepFailed(KeywordMain.groovy:48)
	at com.kms.katalon.core.webui.keyword.internal.WebUIKeywordMain.stepFailed(WebUIKeywordMain.groovy:65)
	at com.kms.katalon.core.webui.keyword.internal.WebUIKeywordMain.runKeyword(WebUIKeywordMain.groovy:27)
	at com.kms.katalon.core.webui.keyword.builtin.VerifyElementTextKeyword.verifyElementText(VerifyElementTextKeyword.groovy:72)
	at com.kms.katalon.core.webui.keyword.builtin.VerifyElementTextKeyword.execute(VerifyElementTextKeyword.groovy:40)
	at com.kms.katalon.core.keyword.internal.KeywordExecutor.executeKeywordForPlatform(KeywordExecutor.groovy:56)
	at com.kms.katalon.core.webui.keyword.WebUiBuiltInKeywords.verifyElementText(WebUiBuiltInKeywords.groovy:3663)
	at com.kms.katalon.core.webui.keyword.WebUiBuiltInKeywords$verifyElementText$6.call(Unknown Source)
	at VerifyPreviewButtonOfVoiceDisenrolled.run(VerifyPreviewButtonOfVoiceDisenrolled:32)
	at com.kms.katalon.core.main.ScriptEngine.run(ScriptEngine.java:194)
	at com.kms.katalon.core.main.ScriptEngine.runScriptAsRawText(ScriptEngine.java:119)
	at com.kms.katalon.core.main.TestCaseExecutor.runScript(TestCaseExecutor.java:331)
	at com.kms.katalon.core.main.TestCaseExecutor.doExecute(TestCaseExecutor.java:322)
	at com.kms.katalon.core.main.TestCaseExecutor.processExecutionPhase(TestCaseExecutor.java:301)
	at com.kms.katalon.core.main.TestCaseExecutor.accessMainPhase(TestCaseExecutor.java:293)
	at com.kms.katalon.core.main.TestCaseExecutor.execute(TestCaseExecutor.java:227)
	at com.kms.katalon.core.main.TestSuiteExecutor.accessTestCaseMainPhase(TestSuiteExecutor.java:129)
	at com.kms.katalon.core.main.TestSuiteExecutor.accessTestSuiteMainPhase(TestSuiteExecutor.java:112)
	at com.kms.katalon.core.main.TestSuiteExecutor.execute(TestSuiteExecutor.java:81)
	at com.kms.katalon.core.main.TestCaseMain.startTestSuite(TestCaseMain.java:157)
	at com.kms.katalon.core.main.TestCaseMain$startTestSuite$0.call(Unknown Source)
	at TempTestSuite1553031519664.run(TempTestSuite1553031519664.groovy:35)]]></system-out>
         <system-err><![CDATA[2019-03-19 14:51:44 - [TEST_CASE][FAILED] - Test Cases/Products/TemplateApp/Templates/IVR/VerifyPreviewButtonOfVoiceDisenrolled: Test Cases/Products/TemplateApp/Templates/IVR/VerifyPreviewButtonOfVoiceDisenrolled FAILED.
Reason:
com.kms.katalon.core.exception.StepFailedException: Verify element text of test object 'Object Repository/Products/TemplateApp/Templates/Common/FormHeaderText' FAILED.
	at com.kms.katalon.core.keyword.internal.KeywordMain.stepFailed(KeywordMain.groovy:48)
	at com.kms.katalon.core.webui.keyword.internal.WebUIKeywordMain.stepFailed(WebUIKeywordMain.groovy:65)
	at com.kms.katalon.core.webui.keyword.internal.WebUIKeywordMain.runKeyword(WebUIKeywordMain.groovy:27)
	at com.kms.katalon.core.webui.keyword.builtin.VerifyElementTextKeyword.verifyElementText(VerifyElementTextKeyword.groovy:72)
	at com.kms.katalon.core.webui.keyword.builtin.VerifyElementTextKeyword.execute(VerifyElementTextKeyword.groovy:40)
	at com.kms.katalon.core.keyword.internal.KeywordExecutor.executeKeywordForPlatform(KeywordExecutor.groovy:56)
	at com.kms.katalon.core.webui.keyword.WebUiBuiltInKeywords.verifyElementText(WebUiBuiltInKeywords.groovy:3663)
	at com.kms.katalon.core.webui.keyword.WebUiBuiltInKeywords$verifyElementText$6.call(Unknown Source)
	at VerifyPreviewButtonOfVoiceDisenrolled.run(VerifyPreviewButtonOfVoiceDisenrolled:32)
	at com.kms.katalon.core.main.ScriptEngine.run(ScriptEngine.java:194)
	at com.kms.katalon.core.main.ScriptEngine.runScriptAsRawText(ScriptEngine.java:119)
	at com.kms.katalon.core.main.TestCaseExecutor.runScript(TestCaseExecutor.java:331)
	at com.kms.katalon.core.main.TestCaseExecutor.doExecute(TestCaseExecutor.java:322)
	at com.kms.katalon.core.main.TestCaseExecutor.processExecutionPhase(TestCaseExecutor.java:301)
	at com.kms.katalon.core.main.TestCaseExecutor.accessMainPhase(TestCaseExecutor.java:293)
	at com.kms.katalon.core.main.TestCaseExecutor.execute(TestCaseExecutor.java:227)
	at com.kms.katalon.core.main.TestSuiteExecutor.accessTestCaseMainPhase(TestSuiteExecutor.java:129)
	at com.kms.katalon.core.main.TestSuiteExecutor.accessTestSuiteMainPhase(TestSuiteExecutor.java:112)
	at com.kms.katalon.core.main.TestSuiteExecutor.execute(TestSuiteExecutor.java:81)
	at com.kms.katalon.core.main.TestCaseMain.startTestSuite(TestCaseMain.java:157)
	at com.kms.katalon.core.main.TestCaseMain$startTestSuite$0.call(Unknown Source)
	at TempTestSuite1553031519664.run(TempTestSuite1553031519664.groovy:35)]]></system-err>
      </testcase>
      <testcase name="Test Cases/Products/TemplateApp/Templates/IVR/VerifyPreviewLinkOfVoicebadAction" classname="Test Cases/Products/TemplateApp/Templates/IVR/VerifyPreviewLinkOfVoicebadAction" status="PASSED">
         <system-out><![CDATA[2019-03-19 14:52:45 - [TEST_CASE][PASSED] - Test Cases/Products/TemplateApp/Templates/IVR/VerifyPreviewLinkOfVoicebadAction: Test Cases/Products/TemplateApp/Templates/IVR/VerifyPreviewLinkOfVoicebadAction

2019-03-19 14:52:45 - [TEST_STEP][PASSED] - callTestCase(findTestCase("Products/Cerberus/Login-Logout/TemplateLoginNCQATestUtility"), [:], STOP_ON_FAILURE): Call Test Case 'Test Cases/Products/Cerberus/Login-Logout/TemplateLoginNCQATestUtility' successfully

2019-03-19 14:52:45 - [TEST_CASE][PASSED] - Test Cases/Products/Cerberus/Login-Logout/TemplateLoginNCQATestUtility: Test Cases/Products/Cerberus/Login-Logout/TemplateLoginNCQATestUtility

2019-03-19 14:52:45 - [TEST_STEP][PASSED] - log = new com.kms.katalon.core.logging.KeywordLogger(): null

2019-03-19 14:52:45 - [TEST_STEP][PASSED] - comment("Open browser and Login"): Open browser and Login

2019-03-19 14:52:45 - [MESSAGE][INFO] - Open browser and Login

2019-03-19 14:52:45 - [TEST_STEP][PASSED] - openBrowser(G_DefaultSiteURL): Browser is opened with url: 'https://dev.kubra.io'

2019-03-19 14:52:45 - [MESSAGE][WARNING] - A browser is already opened. Closing browser and opening a new one

2019-03-19 14:52:45 - [MESSAGE][INFO] - Starting 'Firefox' driver

2019-03-19 14:52:48 - [MESSAGE][PASSED] - Browser is opened with url: 'https://dev.kubra.io'

2019-03-19 14:52:48 - [TEST_STEP][PASSED] - waitForPageLoad(G_ShortTimeout): Wait for page load successfully

2019-03-19 14:52:48 - [MESSAGE][PASSED] - Wait for page load successfully

2019-03-19 14:52:48 - [TEST_STEP][PASSED] - maximizeWindow(): Current window maximized

2019-03-19 14:52:49 - [MESSAGE][PASSED] - Current window maximized

2019-03-19 14:52:49 - [TEST_STEP][PASSED] - log.logWarning("--- Begin Login ---"): --- Begin Login ---

2019-03-19 14:52:49 - [MESSAGE][WARNING] - --- Begin Login ---

2019-03-19 14:52:49 - [TEST_STEP][PASSED] - log.logWarning("Logging in to environment - " + G_DefaultSiteURL): Logging in to environment - https://dev.kubra.io

2019-03-19 14:52:49 - [MESSAGE][WARNING] - Logging in to environment - https://dev.kubra.io

2019-03-19 14:52:49 - [TEST_STEP][PASSED] - waitForElementClickable(findTestObject("Products/Cerberus/LoginLogout/LogInWithGoogle"), 15): Object 'Object Repository/Products/Cerberus/LoginLogout/LogInWithGoogle' is clickable

2019-03-19 14:52:49 - [MESSAGE][PASSED] - Object 'Object Repository/Products/Cerberus/LoginLogout/LogInWithGoogle' is clickable

2019-03-19 14:52:49 - [TEST_STEP][PASSED] - delay(2): Delayed 2 second(s)

2019-03-19 14:52:51 - [MESSAGE][PASSED] - Delayed 2 second(s)

2019-03-19 14:52:51 - [TEST_STEP][PASSED] - click(findTestObject("Products/Cerberus/LoginLogout/LogInWithGoogle")): Object: 'Object Repository/Products/Cerberus/LoginLogout/LogInWithGoogle' is clicked on

2019-03-19 14:52:52 - [MESSAGE][PASSED] - Object: 'Object Repository/Products/Cerberus/LoginLogout/LogInWithGoogle' is clicked on

2019-03-19 14:52:52 - [TEST_STEP][PASSED] - waitForElementVisible(findTestObject("Products/Cerberus/LoginLogout/UserName"), 15): Object 'Object Repository/Products/Cerberus/LoginLogout/UserName' is visible

2019-03-19 14:52:53 - [MESSAGE][PASSED] - Object 'Object Repository/Products/Cerberus/LoginLogout/UserName' is visible

2019-03-19 14:52:53 - [TEST_STEP][PASSED] - setMaskedText(findTestObject("Products/Cerberus/LoginLogout/UserName"), "tempeqa@kubra.com"): Text '*****************' is set on object 'Object Repository/Products/Cerberus/LoginLogout/UserName'

2019-03-19 14:52:53 - [MESSAGE][PASSED] - Text '*****************' is set on object 'Object Repository/Products/Cerberus/LoginLogout/UserName'

2019-03-19 14:52:53 - [TEST_STEP][PASSED] - waitForElementVisible(findTestObject("Products/Cerberus/LoginLogout/UserNameNextButton"), 15): Object 'Object Repository/Products/Cerberus/LoginLogout/UserNameNextButton' is visible

2019-03-19 14:52:53 - [MESSAGE][PASSED] - Object 'Object Repository/Products/Cerberus/LoginLogout/UserNameNextButton' is visible

2019-03-19 14:52:53 - [TEST_STEP][PASSED] - click(findTestObject("Products/Cerberus/LoginLogout/UserNameNextButton")): Object: 'Object Repository/Products/Cerberus/LoginLogout/UserNameNextButton' is clicked on

2019-03-19 14:52:54 - [MESSAGE][PASSED] - Object: 'Object Repository/Products/Cerberus/LoginLogout/UserNameNextButton' is clicked on

2019-03-19 14:52:54 - [TEST_STEP][PASSED] - waitForElementVisible(findTestObject("Products/Cerberus/LoginLogout/Password"), 15): Object 'Object Repository/Products/Cerberus/LoginLogout/Password' is visible

2019-03-19 14:52:55 - [MESSAGE][PASSED] - Object 'Object Repository/Products/Cerberus/LoginLogout/Password' is visible

2019-03-19 14:52:55 - [TEST_STEP][PASSED] - setMaskedText(findTestObject("Products/Cerberus/LoginLogout/Password"), "qAisgr8!@"): Text '*********' is set on object 'Object Repository/Products/Cerberus/LoginLogout/Password'

2019-03-19 14:52:55 - [MESSAGE][PASSED] - Text '*********' is set on object 'Object Repository/Products/Cerberus/LoginLogout/Password'

2019-03-19 14:52:55 - [TEST_STEP][PASSED] - waitForElementClickable(findTestObject("Products/Cerberus/LoginLogout/PasswordNextButton"), 15): Object 'Object Repository/Products/Cerberus/LoginLogout/PasswordNextButton' is clickable

2019-03-19 14:52:55 - [MESSAGE][PASSED] - Object 'Object Repository/Products/Cerberus/LoginLogout/PasswordNextButton' is clickable

2019-03-19 14:52:55 - [TEST_STEP][PASSED] - click(findTestObject("Products/Cerberus/LoginLogout/PasswordNextButton")): Object: 'Object Repository/Products/Cerberus/LoginLogout/PasswordNextButton' is clicked on

2019-03-19 14:52:58 - [MESSAGE][PASSED] - Object: 'Object Repository/Products/Cerberus/LoginLogout/PasswordNextButton' is clicked on

2019-03-19 14:52:58 - [TEST_STEP][PASSED] - delay(5): Delayed 5 second(s)

2019-03-19 14:53:03 - [MESSAGE][PASSED] - Delayed 5 second(s)

2019-03-19 14:53:03 - [TEST_STEP][PASSED] - waitForElementClickable(findTestObject("Products/Cerberus/LoginLogout/TenantQATestUtilityCompany"), 15): Object 'Object Repository/Products/Cerberus/LoginLogout/TenantQATestUtilityCompany' is clickable

2019-03-19 14:53:03 - [MESSAGE][PASSED] - Object 'Object Repository/Products/Cerberus/LoginLogout/TenantQATestUtilityCompany' is clickable

2019-03-19 14:53:03 - [TEST_STEP][PASSED] - click(findTestObject("Products/Cerberus/LoginLogout/TenantQATestUtilityCompany")): Object: 'Object Repository/Products/Cerberus/LoginLogout/TenantQATestUtilityCompany' is clicked on

2019-03-19 14:53:03 - [MESSAGE][PASSED] - Object: 'Object Repository/Products/Cerberus/LoginLogout/TenantQATestUtilityCompany' is clicked on

2019-03-19 14:53:03 - [TEST_STEP][PASSED] - verifyElementText(findTestObject("Products/Cerberus/LoginLogout/TenantQATestUtilityCompany"), "QA Test Utility Company"): Actual text and expected text of test object 'Object Repository/Products/Cerberus/LoginLogout/TenantQATestUtilityCompany' are matched.

2019-03-19 14:53:03 - [MESSAGE][PASSED] - Actual text and expected text of test object 'Object Repository/Products/Cerberus/LoginLogout/TenantQATestUtilityCompany' are matched.

2019-03-19 14:53:03 - [TEST_STEP][PASSED] - waitForElementClickable(findTestObject("Products/Cerberus/LoginLogout/TenantSubmitButton"), 15): Object 'Object Repository/Products/Cerberus/LoginLogout/TenantSubmitButton' is clickable

2019-03-19 14:53:03 - [MESSAGE][PASSED] - Object 'Object Repository/Products/Cerberus/LoginLogout/TenantSubmitButton' is clickable

2019-03-19 14:53:03 - [TEST_STEP][PASSED] - click(findTestObject("Products/Cerberus/LoginLogout/TenantSubmitButton")): Object: 'Object Repository/Products/Cerberus/LoginLogout/TenantSubmitButton' is clicked on

2019-03-19 14:53:04 - [MESSAGE][PASSED] - Object: 'Object Repository/Products/Cerberus/LoginLogout/TenantSubmitButton' is clicked on

2019-03-19 14:53:04 - [TEST_STEP][PASSED] - waitForElementClickable(findTestObject("Products/Cerberus/LoginLogout/ChooseApp-Templates"), 15): Object 'Object Repository/Products/Cerberus/LoginLogout/ChooseApp-Templates' is clickable

2019-03-19 14:53:04 - [MESSAGE][PASSED] - Object 'Object Repository/Products/Cerberus/LoginLogout/ChooseApp-Templates' is clickable

2019-03-19 14:53:04 - [TEST_STEP][PASSED] - click(findTestObject("Products/Cerberus/LoginLogout/ChooseApp-Templates")): Object: 'Object Repository/Products/Cerberus/LoginLogout/ChooseApp-Templates' is clicked on

2019-03-19 14:53:04 - [MESSAGE][PASSED] - Object: 'Object Repository/Products/Cerberus/LoginLogout/ChooseApp-Templates' is clicked on

2019-03-19 14:53:04 - [TEST_STEP][PASSED] - waitForElementClickable(findTestObject("Products/Cerberus/LoginLogout/SubmitButton_ChooseApp"), 15): Object 'Object Repository/Products/Cerberus/LoginLogout/SubmitButton_ChooseApp' is clickable

2019-03-19 14:53:04 - [MESSAGE][PASSED] - Object 'Object Repository/Products/Cerberus/LoginLogout/SubmitButton_ChooseApp' is clickable

2019-03-19 14:53:04 - [TEST_STEP][PASSED] - click(findTestObject("Products/Cerberus/LoginLogout/SubmitButton_ChooseApp")): Object: 'Object Repository/Products/Cerberus/LoginLogout/SubmitButton_ChooseApp' is clicked on

2019-03-19 14:53:06 - [MESSAGE][PASSED] - Object: 'Object Repository/Products/Cerberus/LoginLogout/SubmitButton_ChooseApp' is clicked on

2019-03-19 14:53:06 - [TEST_STEP][PASSED] - delay(1): Delayed 1 second(s)

2019-03-19 14:53:07 - [MESSAGE][PASSED] - Delayed 1 second(s)

2019-03-19 14:53:07 - [TEST_STEP][PASSED] - verifyTextPresent("Latest Activity", false): Text 'Latest Activity' is present on page 

2019-03-19 14:53:07 - [MESSAGE][PASSED] - Text 'Latest Activity' is present on page 

2019-03-19 14:53:07 - [TEST_STEP][PASSED] - log.logWarning("--- End Login ---"): --- End Login ---

2019-03-19 14:53:07 - [MESSAGE][WARNING] - --- End Login ---

2019-03-19 14:53:07 - [MESSAGE][PASSED] - Call Test Case 'Test Cases/Products/Cerberus/Login-Logout/TemplateLoginNCQATestUtility' successfully

2019-03-19 14:53:07 - [TEST_STEP][PASSED] - delay(4): Delayed 4 second(s)

2019-03-19 14:53:11 - [MESSAGE][PASSED] - Delayed 4 second(s)

2019-03-19 14:53:11 - [TEST_STEP][PASSED] - click(findTestObject("Products/TemplateApp/Templates/Common/SelectTemplates")): Object: 'Object Repository/Products/TemplateApp/Templates/Common/SelectTemplates' is clicked on

2019-03-19 14:53:11 - [MESSAGE][PASSED] - Object: 'Object Repository/Products/TemplateApp/Templates/Common/SelectTemplates' is clicked on

2019-03-19 14:53:11 - [TEST_STEP][PASSED] - delay(2): Delayed 2 second(s)

2019-03-19 14:53:13 - [MESSAGE][PASSED] - Delayed 2 second(s)

2019-03-19 14:53:13 - [TEST_STEP][PASSED] - click(findTestObject("Products/TemplateApp/Templates/IVR/SelectIVR")): Object: 'Object Repository/Products/TemplateApp/Templates/IVR/SelectIVR' is clicked on

2019-03-19 14:53:13 - [MESSAGE][PASSED] - Object: 'Object Repository/Products/TemplateApp/Templates/IVR/SelectIVR' is clicked on

2019-03-19 14:53:13 - [TEST_STEP][PASSED] - click(findTestObject("Products/TemplateApp/Templates/IVR/VoiceBadActionPreviewLink")): Object: 'Object Repository/Products/TemplateApp/Templates/IVR/VoiceBadActionPreviewLink' is clicked on

2019-03-19 14:53:14 - [MESSAGE][PASSED] - Object: 'Object Repository/Products/TemplateApp/Templates/IVR/VoiceBadActionPreviewLink' is clicked on

2019-03-19 14:53:14 - [TEST_STEP][PASSED] - delay(5): Delayed 5 second(s)

2019-03-19 14:53:19 - [MESSAGE][PASSED] - Delayed 5 second(s)

2019-03-19 14:53:19 - [TEST_STEP][PASSED] - verifyElementText(findTestObject("Products/TemplateApp/Templates/Common/PreviewHeader"), "PREVIEW"): Actual text and expected text of test object 'Object Repository/Products/TemplateApp/Templates/Common/PreviewHeader' are matched.

2019-03-19 14:53:19 - [MESSAGE][PASSED] - Actual text and expected text of test object 'Object Repository/Products/TemplateApp/Templates/Common/PreviewHeader' are matched.

2019-03-19 14:53:19 - [TEST_STEP][PASSED] - click(findTestObject("Products/TemplateApp/Templates/Common/ClosePreview")): Object: 'Object Repository/Products/TemplateApp/Templates/Common/ClosePreview' is clicked on

2019-03-19 14:53:19 - [MESSAGE][PASSED] - Object: 'Object Repository/Products/TemplateApp/Templates/Common/ClosePreview' is clicked on

2019-03-19 14:53:19 - [TEST_STEP][PASSED] - verifyElementText(findTestObject("Products/TemplateApp/TemplateHeader"), "Templates"): Actual text and expected text of test object 'Object Repository/Products/TemplateApp/TemplateHeader' are matched.

2019-03-19 14:53:19 - [MESSAGE][PASSED] - Actual text and expected text of test object 'Object Repository/Products/TemplateApp/TemplateHeader' are matched.

2019-03-19 14:53:19 - [TEST_STEP][PASSED] - closeBrowser(): Browser is closed

2019-03-19 14:53:19 - [MESSAGE][PASSED] - Browser is closed]]></system-out>
         <system-err><![CDATA[]]></system-err>
      </testcase>
      <testcase name="Test Cases/Products/TemplateApp/Templates/IVR/EditVoiceBadActionTemplate" classname="Test Cases/Products/TemplateApp/Templates/IVR/EditVoiceBadActionTemplate" status="FAILED">
         <failure type="FAILED" message="Test Cases/Products/TemplateApp/Templates/IVR/EditVoiceBadActionTemplate FAILED.
Reason:
com.kms.katalon.core.exception.StepFailedException: Verify element text of test object 'Object Repository/Products/TemplateApp/Templates/Common/VerifyCommitMessageField' FAILED.
	at com.kms.katalon.core.keyword.internal.KeywordMain.stepFailed(KeywordMain.groovy:48)
	at com.kms.katalon.core.webui.keyword.internal.WebUIKeywordMain.stepFailed(WebUIKeywordMain.groovy:65)
	at com.kms.katalon.core.webui.keyword.internal.WebUIKeywordMain.runKeyword(WebUIKeywordMain.groovy:27)
	at com.kms.katalon.core.webui.keyword.builtin.VerifyElementTextKeyword.verifyElementText(VerifyElementTextKeyword.groovy:72)
	at com.kms.katalon.core.webui.keyword.builtin.VerifyElementTextKeyword.execute(VerifyElementTextKeyword.groovy:40)
	at com.kms.katalon.core.keyword.internal.KeywordExecutor.executeKeywordForPlatform(KeywordExecutor.groovy:56)
	at com.kms.katalon.core.webui.keyword.WebUiBuiltInKeywords.verifyElementText(WebUiBuiltInKeywords.groovy:3663)
	at com.kms.katalon.core.webui.keyword.WebUiBuiltInKeywords$verifyElementText$6.call(Unknown Source)
	at EditVoiceBadActionTemplate.run(EditVoiceBadActionTemplate:82)
	at com.kms.katalon.core.main.ScriptEngine.run(ScriptEngine.java:194)
	at com.kms.katalon.core.main.ScriptEngine.runScriptAsRawText(ScriptEngine.java:119)
	at com.kms.katalon.core.main.TestCaseExecutor.runScript(TestCaseExecutor.java:331)
	at com.kms.katalon.core.main.TestCaseExecutor.doExecute(TestCaseExecutor.java:322)
	at com.kms.katalon.core.main.TestCaseExecutor.processExecutionPhase(TestCaseExecutor.java:301)
	at com.kms.katalon.core.main.TestCaseExecutor.accessMainPhase(TestCaseExecutor.java:293)
	at com.kms.katalon.core.main.TestCaseExecutor.execute(TestCaseExecutor.java:227)
	at com.kms.katalon.core.main.TestSuiteExecutor.accessTestCaseMainPhase(TestSuiteExecutor.java:129)
	at com.kms.katalon.core.main.TestSuiteExecutor.accessTestSuiteMainPhase(TestSuiteExecutor.java:112)
	at com.kms.katalon.core.main.TestSuiteExecutor.execute(TestSuiteExecutor.java:81)
	at com.kms.katalon.core.main.TestCaseMain.startTestSuite(TestCaseMain.java:157)
	at com.kms.katalon.core.main.TestCaseMain$startTestSuite$0.call(Unknown Source)
	at TempTestSuite1553031519664.run(TempTestSuite1553031519664.groovy:35)
"/>
         <system-out><![CDATA[2019-03-19 14:53:19 - [TEST_CASE][FAILED] - Test Cases/Products/TemplateApp/Templates/IVR/EditVoiceBadActionTemplate: Test Cases/Products/TemplateApp/Templates/IVR/EditVoiceBadActionTemplate FAILED.
Reason:
com.kms.katalon.core.exception.StepFailedException: Verify element text of test object 'Object Repository/Products/TemplateApp/Templates/Common/VerifyCommitMessageField' FAILED.
	at com.kms.katalon.core.keyword.internal.KeywordMain.stepFailed(KeywordMain.groovy:48)
	at com.kms.katalon.core.webui.keyword.internal.WebUIKeywordMain.stepFailed(WebUIKeywordMain.groovy:65)
	at com.kms.katalon.core.webui.keyword.internal.WebUIKeywordMain.runKeyword(WebUIKeywordMain.groovy:27)
	at com.kms.katalon.core.webui.keyword.builtin.VerifyElementTextKeyword.verifyElementText(VerifyElementTextKeyword.groovy:72)
	at com.kms.katalon.core.webui.keyword.builtin.VerifyElementTextKeyword.execute(VerifyElementTextKeyword.groovy:40)
	at com.kms.katalon.core.keyword.internal.KeywordExecutor.executeKeywordForPlatform(KeywordExecutor.groovy:56)
	at com.kms.katalon.core.webui.keyword.WebUiBuiltInKeywords.verifyElementText(WebUiBuiltInKeywords.groovy:3663)
	at com.kms.katalon.core.webui.keyword.WebUiBuiltInKeywords$verifyElementText$6.call(Unknown Source)
	at EditVoiceBadActionTemplate.run(EditVoiceBadActionTemplate:82)
	at com.kms.katalon.core.main.ScriptEngine.run(ScriptEngine.java:194)
	at com.kms.katalon.core.main.ScriptEngine.runScriptAsRawText(ScriptEngine.java:119)
	at com.kms.katalon.core.main.TestCaseExecutor.runScript(TestCaseExecutor.java:331)
	at com.kms.katalon.core.main.TestCaseExecutor.doExecute(TestCaseExecutor.java:322)
	at com.kms.katalon.core.main.TestCaseExecutor.processExecutionPhase(TestCaseExecutor.java:301)
	at com.kms.katalon.core.main.TestCaseExecutor.accessMainPhase(TestCaseExecutor.java:293)
	at com.kms.katalon.core.main.TestCaseExecutor.execute(TestCaseExecutor.java:227)
	at com.kms.katalon.core.main.TestSuiteExecutor.accessTestCaseMainPhase(TestSuiteExecutor.java:129)
	at com.kms.katalon.core.main.TestSuiteExecutor.accessTestSuiteMainPhase(TestSuiteExecutor.java:112)
	at com.kms.katalon.core.main.TestSuiteExecutor.execute(TestSuiteExecutor.java:81)
	at com.kms.katalon.core.main.TestCaseMain.startTestSuite(TestCaseMain.java:157)
	at com.kms.katalon.core.main.TestCaseMain$startTestSuite$0.call(Unknown Source)
	at TempTestSuite1553031519664.run(TempTestSuite1553031519664.groovy:35)


2019-03-19 14:53:20 - [TEST_STEP][PASSED] - log = new com.kms.katalon.core.logging.KeywordLogger(): null

2019-03-19 14:53:20 - [TEST_STEP][PASSED] - TextValue = tools.TestDataGenerator.getRandomParagraphs(0, 1): tools.TestDataGenerator.getRandomParagraphs is PASSED

2019-03-19 14:53:20 - [MESSAGE][PASSED] - tools.TestDataGenerator.getRandomParagraphs is PASSED

2019-03-19 14:53:20 - [TEST_STEP][PASSED] - log.logInfo(TextValue): 

2019-03-19 14:53:20 - [MESSAGE][INFO] - 

2019-03-19 14:53:20 - [TEST_STEP][PASSED] - commitNumber = tools.TestDataGenerator.getRandomWords(1, 2): tools.TestDataGenerator.getRandomWords is PASSED

2019-03-19 14:53:20 - [MESSAGE][PASSED] - tools.TestDataGenerator.getRandomWords is PASSED

2019-03-19 14:53:20 - [TEST_STEP][PASSED] - log.logInfo(commitNumber): felis

2019-03-19 14:53:20 - [MESSAGE][INFO] - felis

2019-03-19 14:53:20 - [TEST_STEP][PASSED] - callTestCase(findTestCase("Products/Cerberus/Login-Logout/TemplateLoginNCQATestUtility"), [:], STOP_ON_FAILURE): Call Test Case 'Test Cases/Products/Cerberus/Login-Logout/TemplateLoginNCQATestUtility' successfully

2019-03-19 14:53:20 - [TEST_CASE][PASSED] - Test Cases/Products/Cerberus/Login-Logout/TemplateLoginNCQATestUtility: Test Cases/Products/Cerberus/Login-Logout/TemplateLoginNCQATestUtility

2019-03-19 14:53:20 - [TEST_STEP][PASSED] - log = new com.kms.katalon.core.logging.KeywordLogger(): null

2019-03-19 14:53:20 - [TEST_STEP][PASSED] - comment("Open browser and Login"): Open browser and Login

2019-03-19 14:53:20 - [MESSAGE][INFO] - Open browser and Login

2019-03-19 14:53:20 - [TEST_STEP][PASSED] - openBrowser(G_DefaultSiteURL): Browser is opened with url: 'https://dev.kubra.io'

2019-03-19 14:53:20 - [MESSAGE][INFO] - Starting 'Firefox' driver

2019-03-19 14:53:23 - [MESSAGE][PASSED] - Browser is opened with url: 'https://dev.kubra.io'

2019-03-19 14:53:23 - [TEST_STEP][PASSED] - waitForPageLoad(G_ShortTimeout): Wait for page load successfully

2019-03-19 14:53:23 - [MESSAGE][PASSED] - Wait for page load successfully

2019-03-19 14:53:23 - [TEST_STEP][PASSED] - maximizeWindow(): Current window maximized

2019-03-19 14:53:23 - [MESSAGE][PASSED] - Current window maximized

2019-03-19 14:53:23 - [TEST_STEP][PASSED] - log.logWarning("--- Begin Login ---"): --- Begin Login ---

2019-03-19 14:53:23 - [MESSAGE][WARNING] - --- Begin Login ---

2019-03-19 14:53:23 - [TEST_STEP][PASSED] - log.logWarning("Logging in to environment - " + G_DefaultSiteURL): Logging in to environment - https://dev.kubra.io

2019-03-19 14:53:23 - [MESSAGE][WARNING] - Logging in to environment - https://dev.kubra.io

2019-03-19 14:53:23 - [TEST_STEP][PASSED] - waitForElementClickable(findTestObject("Products/Cerberus/LoginLogout/LogInWithGoogle"), 15): Object 'Object Repository/Products/Cerberus/LoginLogout/LogInWithGoogle' is clickable

2019-03-19 14:53:24 - [MESSAGE][PASSED] - Object 'Object Repository/Products/Cerberus/LoginLogout/LogInWithGoogle' is clickable

2019-03-19 14:53:24 - [TEST_STEP][PASSED] - delay(2): Delayed 2 second(s)

2019-03-19 14:53:26 - [MESSAGE][PASSED] - Delayed 2 second(s)

2019-03-19 14:53:26 - [TEST_STEP][PASSED] - click(findTestObject("Products/Cerberus/LoginLogout/LogInWithGoogle")): Object: 'Object Repository/Products/Cerberus/LoginLogout/LogInWithGoogle' is clicked on

2019-03-19 14:53:27 - [MESSAGE][PASSED] - Object: 'Object Repository/Products/Cerberus/LoginLogout/LogInWithGoogle' is clicked on

2019-03-19 14:53:27 - [TEST_STEP][PASSED] - waitForElementVisible(findTestObject("Products/Cerberus/LoginLogout/UserName"), 15): Object 'Object Repository/Products/Cerberus/LoginLogout/UserName' is visible

2019-03-19 14:53:27 - [MESSAGE][PASSED] - Object 'Object Repository/Products/Cerberus/LoginLogout/UserName' is visible

2019-03-19 14:53:27 - [TEST_STEP][PASSED] - setMaskedText(findTestObject("Products/Cerberus/LoginLogout/UserName"), "tempeqa@kubra.com"): Text '*****************' is set on object 'Object Repository/Products/Cerberus/LoginLogout/UserName'

2019-03-19 14:53:28 - [MESSAGE][PASSED] - Text '*****************' is set on object 'Object Repository/Products/Cerberus/LoginLogout/UserName'

2019-03-19 14:53:28 - [TEST_STEP][PASSED] - waitForElementVisible(findTestObject("Products/Cerberus/LoginLogout/UserNameNextButton"), 15): Object 'Object Repository/Products/Cerberus/LoginLogout/UserNameNextButton' is visible

2019-03-19 14:53:28 - [MESSAGE][PASSED] - Object 'Object Repository/Products/Cerberus/LoginLogout/UserNameNextButton' is visible

2019-03-19 14:53:28 - [TEST_STEP][PASSED] - click(findTestObject("Products/Cerberus/LoginLogout/UserNameNextButton")): Object: 'Object Repository/Products/Cerberus/LoginLogout/UserNameNextButton' is clicked on

2019-03-19 14:53:28 - [MESSAGE][PASSED] - Object: 'Object Repository/Products/Cerberus/LoginLogout/UserNameNextButton' is clicked on

2019-03-19 14:53:28 - [TEST_STEP][PASSED] - waitForElementVisible(findTestObject("Products/Cerberus/LoginLogout/Password"), 15): Object 'Object Repository/Products/Cerberus/LoginLogout/Password' is visible

2019-03-19 14:53:29 - [MESSAGE][PASSED] - Object 'Object Repository/Products/Cerberus/LoginLogout/Password' is visible

2019-03-19 14:53:29 - [TEST_STEP][PASSED] - setMaskedText(findTestObject("Products/Cerberus/LoginLogout/Password"), "qAisgr8!@"): Text '*********' is set on object 'Object Repository/Products/Cerberus/LoginLogout/Password'

2019-03-19 14:53:29 - [MESSAGE][PASSED] - Text '*********' is set on object 'Object Repository/Products/Cerberus/LoginLogout/Password'

2019-03-19 14:53:29 - [TEST_STEP][PASSED] - waitForElementClickable(findTestObject("Products/Cerberus/LoginLogout/PasswordNextButton"), 15): Object 'Object Repository/Products/Cerberus/LoginLogout/PasswordNextButton' is clickable

2019-03-19 14:53:29 - [MESSAGE][PASSED] - Object 'Object Repository/Products/Cerberus/LoginLogout/PasswordNextButton' is clickable

2019-03-19 14:53:29 - [TEST_STEP][PASSED] - click(findTestObject("Products/Cerberus/LoginLogout/PasswordNextButton")): Object: 'Object Repository/Products/Cerberus/LoginLogout/PasswordNextButton' is clicked on

2019-03-19 14:53:32 - [MESSAGE][PASSED] - Object: 'Object Repository/Products/Cerberus/LoginLogout/PasswordNextButton' is clicked on

2019-03-19 14:53:32 - [TEST_STEP][PASSED] - delay(5): Delayed 5 second(s)

2019-03-19 14:53:37 - [MESSAGE][PASSED] - Delayed 5 second(s)

2019-03-19 14:53:37 - [TEST_STEP][PASSED] - waitForElementClickable(findTestObject("Products/Cerberus/LoginLogout/TenantQATestUtilityCompany"), 15): Object 'Object Repository/Products/Cerberus/LoginLogout/TenantQATestUtilityCompany' is clickable

2019-03-19 14:53:37 - [MESSAGE][PASSED] - Object 'Object Repository/Products/Cerberus/LoginLogout/TenantQATestUtilityCompany' is clickable

2019-03-19 14:53:37 - [TEST_STEP][PASSED] - click(findTestObject("Products/Cerberus/LoginLogout/TenantQATestUtilityCompany")): Object: 'Object Repository/Products/Cerberus/LoginLogout/TenantQATestUtilityCompany' is clicked on

2019-03-19 14:53:37 - [MESSAGE][PASSED] - Object: 'Object Repository/Products/Cerberus/LoginLogout/TenantQATestUtilityCompany' is clicked on

2019-03-19 14:53:37 - [TEST_STEP][PASSED] - verifyElementText(findTestObject("Products/Cerberus/LoginLogout/TenantQATestUtilityCompany"), "QA Test Utility Company"): Actual text and expected text of test object 'Object Repository/Products/Cerberus/LoginLogout/TenantQATestUtilityCompany' are matched.

2019-03-19 14:53:38 - [MESSAGE][PASSED] - Actual text and expected text of test object 'Object Repository/Products/Cerberus/LoginLogout/TenantQATestUtilityCompany' are matched.

2019-03-19 14:53:38 - [TEST_STEP][PASSED] - waitForElementClickable(findTestObject("Products/Cerberus/LoginLogout/TenantSubmitButton"), 15): Object 'Object Repository/Products/Cerberus/LoginLogout/TenantSubmitButton' is clickable

2019-03-19 14:53:38 - [MESSAGE][PASSED] - Object 'Object Repository/Products/Cerberus/LoginLogout/TenantSubmitButton' is clickable

2019-03-19 14:53:38 - [TEST_STEP][PASSED] - click(findTestObject("Products/Cerberus/LoginLogout/TenantSubmitButton")): Object: 'Object Repository/Products/Cerberus/LoginLogout/TenantSubmitButton' is clicked on

2019-03-19 14:53:38 - [MESSAGE][PASSED] - Object: 'Object Repository/Products/Cerberus/LoginLogout/TenantSubmitButton' is clicked on

2019-03-19 14:53:38 - [TEST_STEP][PASSED] - waitForElementClickable(findTestObject("Products/Cerberus/LoginLogout/ChooseApp-Templates"), 15): Object 'Object Repository/Products/Cerberus/LoginLogout/ChooseApp-Templates' is clickable

2019-03-19 14:53:38 - [MESSAGE][PASSED] - Object 'Object Repository/Products/Cerberus/LoginLogout/ChooseApp-Templates' is clickable

2019-03-19 14:53:38 - [TEST_STEP][PASSED] - click(findTestObject("Products/Cerberus/LoginLogout/ChooseApp-Templates")): Object: 'Object Repository/Products/Cerberus/LoginLogout/ChooseApp-Templates' is clicked on

2019-03-19 14:53:38 - [MESSAGE][PASSED] - Object: 'Object Repository/Products/Cerberus/LoginLogout/ChooseApp-Templates' is clicked on

2019-03-19 14:53:38 - [TEST_STEP][PASSED] - waitForElementClickable(findTestObject("Products/Cerberus/LoginLogout/SubmitButton_ChooseApp"), 15): Object 'Object Repository/Products/Cerberus/LoginLogout/SubmitButton_ChooseApp' is clickable

2019-03-19 14:53:38 - [MESSAGE][PASSED] - Object 'Object Repository/Products/Cerberus/LoginLogout/SubmitButton_ChooseApp' is clickable

2019-03-19 14:53:38 - [TEST_STEP][PASSED] - click(findTestObject("Products/Cerberus/LoginLogout/SubmitButton_ChooseApp")): Object: 'Object Repository/Products/Cerberus/LoginLogout/SubmitButton_ChooseApp' is clicked on

2019-03-19 14:53:39 - [MESSAGE][PASSED] - Object: 'Object Repository/Products/Cerberus/LoginLogout/SubmitButton_ChooseApp' is clicked on

2019-03-19 14:53:39 - [TEST_STEP][PASSED] - delay(1): Delayed 1 second(s)

2019-03-19 14:53:40 - [MESSAGE][PASSED] - Delayed 1 second(s)

2019-03-19 14:53:40 - [TEST_STEP][PASSED] - verifyTextPresent("Latest Activity", false): Text 'Latest Activity' is present on page 

2019-03-19 14:53:40 - [MESSAGE][PASSED] - Text 'Latest Activity' is present on page 

2019-03-19 14:53:40 - [TEST_STEP][PASSED] - log.logWarning("--- End Login ---"): --- End Login ---

2019-03-19 14:53:40 - [MESSAGE][WARNING] - --- End Login ---

2019-03-19 14:53:40 - [MESSAGE][PASSED] - Call Test Case 'Test Cases/Products/Cerberus/Login-Logout/TemplateLoginNCQATestUtility' successfully

2019-03-19 14:53:40 - [TEST_STEP][PASSED] - delay(4): Delayed 4 second(s)

2019-03-19 14:53:44 - [MESSAGE][PASSED] - Delayed 4 second(s)

2019-03-19 14:53:44 - [TEST_STEP][PASSED] - driver = getWebDriver(): null

2019-03-19 14:53:44 - [TEST_STEP][PASSED] - click(findTestObject("Products/TemplateApp/Templates/Common/SelectTemplates")): Object: 'Object Repository/Products/TemplateApp/Templates/Common/SelectTemplates' is clicked on

2019-03-19 14:53:44 - [MESSAGE][PASSED] - Object: 'Object Repository/Products/TemplateApp/Templates/Common/SelectTemplates' is clicked on

2019-03-19 14:53:44 - [TEST_STEP][PASSED] - delay(2): Delayed 2 second(s)

2019-03-19 14:53:46 - [MESSAGE][PASSED] - Delayed 2 second(s)

2019-03-19 14:53:46 - [TEST_STEP][PASSED] - click(findTestObject("Products/TemplateApp/SelectEnvironment/DownCaret")): Object: 'Object Repository/Products/TemplateApp/SelectEnvironment/DownCaret' is clicked on

2019-03-19 14:53:47 - [MESSAGE][PASSED] - Object: 'Object Repository/Products/TemplateApp/SelectEnvironment/DownCaret' is clicked on

2019-03-19 14:53:47 - [TEST_STEP][PASSED] - click(findTestObject("Products/TemplateApp/SelectEnvironment/SelectEnvironmentDevelop")): Object: 'Object Repository/Products/TemplateApp/SelectEnvironment/SelectEnvironmentDevelop' is clicked on

2019-03-19 14:53:47 - [MESSAGE][PASSED] - Object: 'Object Repository/Products/TemplateApp/SelectEnvironment/SelectEnvironmentDevelop' is clicked on

2019-03-19 14:53:47 - [TEST_STEP][PASSED] - delay(2): Delayed 2 second(s)

2019-03-19 14:53:49 - [MESSAGE][PASSED] - Delayed 2 second(s)

2019-03-19 14:53:49 - [TEST_STEP][PASSED] - click(findTestObject("Products/TemplateApp/Templates/IVR/SelectIVR")): Object: 'Object Repository/Products/TemplateApp/Templates/IVR/SelectIVR' is clicked on

2019-03-19 14:53:49 - [MESSAGE][PASSED] - Object: 'Object Repository/Products/TemplateApp/Templates/IVR/SelectIVR' is clicked on

2019-03-19 14:53:49 - [TEST_STEP][PASSED] - click(findTestObject("Products/TemplateApp/Templates/IVR/VoiceBadActionForm")): Object: 'Object Repository/Products/TemplateApp/Templates/IVR/VoiceBadActionForm' is clicked on

2019-03-19 14:53:49 - [MESSAGE][PASSED] - Object: 'Object Repository/Products/TemplateApp/Templates/IVR/VoiceBadActionForm' is clicked on

2019-03-19 14:53:49 - [TEST_STEP][PASSED] - delay(4): Delayed 4 second(s)

2019-03-19 14:53:53 - [MESSAGE][PASSED] - Delayed 4 second(s)

2019-03-19 14:53:53 - [TEST_STEP][PASSED] - click(findTestObject("Products/TemplateApp/Templates/Common/SelectTextareaSpan")): Object: 'Object Repository/Products/TemplateApp/Templates/Common/SelectTextareaSpan' is clicked on

2019-03-19 14:53:54 - [MESSAGE][PASSED] - Object: 'Object Repository/Products/TemplateApp/Templates/Common/SelectTextareaSpan' is clicked on

2019-03-19 14:53:54 - [TEST_STEP][PASSED] - doubleClick(findTestObject("Products/TemplateApp/Templates/Common/SelectTextareaSpan")): Object: 'Object Repository/Products/TemplateApp/Templates/Common/SelectTextareaSpan' is double clicked on

2019-03-19 14:53:54 - [MESSAGE][PASSED] - Object: 'Object Repository/Products/TemplateApp/Templates/Common/SelectTextareaSpan' is double clicked on

2019-03-19 14:53:54 - [TEST_STEP][PASSED] - sendKeys(findTestObject("Products/TemplateApp/Templates/Common/Textarea"), Keys.chord(DELETE)): Keys 'DELETE + ' sent to object: 'Object Repository/Products/TemplateApp/Templates/Common/Textarea'

2019-03-19 14:53:54 - [MESSAGE][PASSED] - Keys 'DELETE + ' sent to object: 'Object Repository/Products/TemplateApp/Templates/Common/Textarea'

2019-03-19 14:53:54 - [TEST_STEP][PASSED] - tools.WebUICustomKeywords.enterUsingJS(findTestObject("Products/TemplateApp/Templates/Common/Textarea"), 10): tools.WebUICustomKeywords.enterUsingJS is PASSED

2019-03-19 14:53:54 - [MESSAGE][PASSED] - tools.WebUICustomKeywords.enterUsingJS is PASSED

2019-03-19 14:53:54 - [TEST_STEP][PASSED] - delay(4): Delayed 4 second(s)

2019-03-19 14:53:58 - [MESSAGE][PASSED] - Delayed 4 second(s)

2019-03-19 14:53:58 - [TEST_STEP][PASSED] - setText(findTestObject("Products/TemplateApp/Templates/Common/CommitMessageField"), commitNumber): Text 'felis' is set on object 'Object Repository/Products/TemplateApp/Templates/Common/CommitMessageField'

2019-03-19 14:53:58 - [MESSAGE][PASSED] - Text 'felis' is set on object 'Object Repository/Products/TemplateApp/Templates/Common/CommitMessageField'

2019-03-19 14:53:58 - [TEST_STEP][PASSED] - click(findTestObject("Products/TemplateApp/Templates/Common/SaveButton")): Object: 'Object Repository/Products/TemplateApp/Templates/Common/SaveButton' is clicked on

2019-03-19 14:53:58 - [MESSAGE][PASSED] - Object: 'Object Repository/Products/TemplateApp/Templates/Common/SaveButton' is clicked on

2019-03-19 14:53:58 - [TEST_STEP][PASSED] - click(findTestObject("Products/TemplateApp/Templates/IVR/VoiceBadActionForm")): Object: 'Object Repository/Products/TemplateApp/Templates/IVR/VoiceBadActionForm' is clicked on

2019-03-19 14:54:01 - [MESSAGE][PASSED] - Object: 'Object Repository/Products/TemplateApp/Templates/IVR/VoiceBadActionForm' is clicked on

2019-03-19 14:54:01 - [TEST_STEP][PASSED] - click(findTestObject("Products/TemplateApp/Templates/Common/SelectHistory")): Object: 'Object Repository/Products/TemplateApp/Templates/Common/SelectHistory' is clicked on

2019-03-19 14:54:02 - [MESSAGE][PASSED] - Object: 'Object Repository/Products/TemplateApp/Templates/Common/SelectHistory' is clicked on

2019-03-19 14:54:02 - [TEST_STEP][PASSED] - click(findTestObject("Products/TemplateApp/Templates/Common/ExpandHistory")): Object: 'Object Repository/Products/TemplateApp/Templates/Common/ExpandHistory' is clicked on

2019-03-19 14:54:02 - [MESSAGE][PASSED] - Object: 'Object Repository/Products/TemplateApp/Templates/Common/ExpandHistory' is clicked on

2019-03-19 14:54:02 - [TEST_STEP][PASSED] - delay(4): Delayed 4 second(s)

2019-03-19 14:54:06 - [MESSAGE][PASSED] - Delayed 4 second(s)

2019-03-19 14:54:06 - [TEST_STEP][PASSED] - getText(findTestObject("Products/TemplateApp/Templates/Common/VerifyCommitMessageField")): Text of object 'Object Repository/Products/TemplateApp/Templates/Common/VerifyCommitMessageField' is: 'mandamus'

2019-03-19 14:54:06 - [MESSAGE][PASSED] - Text of object 'Object Repository/Products/TemplateApp/Templates/Common/VerifyCommitMessageField' is: 'mandamus'

2019-03-19 14:54:06 - [TEST_STEP][FAILED] - verifyElementText(findTestObject("Products/TemplateApp/Templates/Common/VerifyCommitMessageField"), commitNumber): verifyElementText(findTestObject("Products/TemplateApp/Templates/Common/VerifyCommitMessageField"), commitNumber) FAILED.
Reason:
com.kms.katalon.core.exception.StepFailedException: Verify element text of test object 'Object Repository/Products/TemplateApp/Templates/Common/VerifyCommitMessageField' FAILED.
	at com.kms.katalon.core.keyword.internal.KeywordMain.stepFailed(KeywordMain.groovy:48)
	at com.kms.katalon.core.webui.keyword.internal.WebUIKeywordMain.stepFailed(WebUIKeywordMain.groovy:65)
	at com.kms.katalon.core.webui.keyword.internal.WebUIKeywordMain.runKeyword(WebUIKeywordMain.groovy:27)
	at com.kms.katalon.core.webui.keyword.builtin.VerifyElementTextKeyword.verifyElementText(VerifyElementTextKeyword.groovy:72)
	at com.kms.katalon.core.webui.keyword.builtin.VerifyElementTextKeyword.execute(VerifyElementTextKeyword.groovy:40)
	at com.kms.katalon.core.keyword.internal.KeywordExecutor.executeKeywordForPlatform(KeywordExecutor.groovy:56)
	at com.kms.katalon.core.webui.keyword.WebUiBuiltInKeywords.verifyElementText(WebUiBuiltInKeywords.groovy:3663)
	at com.kms.katalon.core.webui.keyword.WebUiBuiltInKeywords$verifyElementText$6.call(Unknown Source)
	at EditVoiceBadActionTemplate.run(EditVoiceBadActionTemplate:82)
	at com.kms.katalon.core.main.ScriptEngine.run(ScriptEngine.java:194)
	at com.kms.katalon.core.main.ScriptEngine.runScriptAsRawText(ScriptEngine.java:119)
	at com.kms.katalon.core.main.TestCaseExecutor.runScript(TestCaseExecutor.java:331)
	at com.kms.katalon.core.main.TestCaseExecutor.doExecute(TestCaseExecutor.java:322)
	at com.kms.katalon.core.main.TestCaseExecutor.processExecutionPhase(TestCaseExecutor.java:301)
	at com.kms.katalon.core.main.TestCaseExecutor.accessMainPhase(TestCaseExecutor.java:293)
	at com.kms.katalon.core.main.TestCaseExecutor.execute(TestCaseExecutor.java:227)
	at com.kms.katalon.core.main.TestSuiteExecutor.accessTestCaseMainPhase(TestSuiteExecutor.java:129)
	at com.kms.katalon.core.main.TestSuiteExecutor.accessTestSuiteMainPhase(TestSuiteExecutor.java:112)
	at com.kms.katalon.core.main.TestSuiteExecutor.execute(TestSuiteExecutor.java:81)
	at com.kms.katalon.core.main.TestCaseMain.startTestSuite(TestCaseMain.java:157)
	at com.kms.katalon.core.main.TestCaseMain$startTestSuite$0.call(Unknown Source)
	at TempTestSuite1553031519664.run(TempTestSuite1553031519664.groovy:35)


2019-03-19 14:54:06 - [MESSAGE][FAILED] - Actual text 'mandamus' and expected text 'felis' of test object 'Object Repository/Products/TemplateApp/Templates/Common/VerifyCommitMessageField' are NOT matched.
[[ATTACHMENT|/Users/pshukla/Documents/Katalon Studio/qa-templates/Reports/Templates/20190319_143829/1553032446397.png]]

2019-03-19 14:54:06 - [MESSAGE][FAILED] - Verify element text of test object 'Object Repository/Products/TemplateApp/Templates/Common/VerifyCommitMessageField' FAILED.
[[ATTACHMENT|/Users/pshukla/Documents/Katalon Studio/qa-templates/Reports/Templates/20190319_143829/1553032446582.png]]

2019-03-19 14:54:06 - [MESSAGE][FAILED] - verifyElementText(findTestObject("Products/TemplateApp/Templates/Common/VerifyCommitMessageField"), commitNumber) FAILED.
Reason:
com.kms.katalon.core.exception.StepFailedException: Verify element text of test object 'Object Repository/Products/TemplateApp/Templates/Common/VerifyCommitMessageField' FAILED.
	at com.kms.katalon.core.keyword.internal.KeywordMain.stepFailed(KeywordMain.groovy:48)
	at com.kms.katalon.core.webui.keyword.internal.WebUIKeywordMain.stepFailed(WebUIKeywordMain.groovy:65)
	at com.kms.katalon.core.webui.keyword.internal.WebUIKeywordMain.runKeyword(WebUIKeywordMain.groovy:27)
	at com.kms.katalon.core.webui.keyword.builtin.VerifyElementTextKeyword.verifyElementText(VerifyElementTextKeyword.groovy:72)
	at com.kms.katalon.core.webui.keyword.builtin.VerifyElementTextKeyword.execute(VerifyElementTextKeyword.groovy:40)
	at com.kms.katalon.core.keyword.internal.KeywordExecutor.executeKeywordForPlatform(KeywordExecutor.groovy:56)
	at com.kms.katalon.core.webui.keyword.WebUiBuiltInKeywords.verifyElementText(WebUiBuiltInKeywords.groovy:3663)
	at com.kms.katalon.core.webui.keyword.WebUiBuiltInKeywords$verifyElementText$6.call(Unknown Source)
	at EditVoiceBadActionTemplate.run(EditVoiceBadActionTemplate:82)
	at com.kms.katalon.core.main.ScriptEngine.run(ScriptEngine.java:194)
	at com.kms.katalon.core.main.ScriptEngine.runScriptAsRawText(ScriptEngine.java:119)
	at com.kms.katalon.core.main.TestCaseExecutor.runScript(TestCaseExecutor.java:331)
	at com.kms.katalon.core.main.TestCaseExecutor.doExecute(TestCaseExecutor.java:322)
	at com.kms.katalon.core.main.TestCaseExecutor.processExecutionPhase(TestCaseExecutor.java:301)
	at com.kms.katalon.core.main.TestCaseExecutor.accessMainPhase(TestCaseExecutor.java:293)
	at com.kms.katalon.core.main.TestCaseExecutor.execute(TestCaseExecutor.java:227)
	at com.kms.katalon.core.main.TestSuiteExecutor.accessTestCaseMainPhase(TestSuiteExecutor.java:129)
	at com.kms.katalon.core.main.TestSuiteExecutor.accessTestSuiteMainPhase(TestSuiteExecutor.java:112)
	at com.kms.katalon.core.main.TestSuiteExecutor.execute(TestSuiteExecutor.java:81)
	at com.kms.katalon.core.main.TestCaseMain.startTestSuite(TestCaseMain.java:157)
	at com.kms.katalon.core.main.TestCaseMain$startTestSuite$0.call(Unknown Source)
	at TempTestSuite1553031519664.run(TempTestSuite1553031519664.groovy:35)]]></system-out>
         <system-err><![CDATA[2019-03-19 14:53:19 - [TEST_CASE][FAILED] - Test Cases/Products/TemplateApp/Templates/IVR/EditVoiceBadActionTemplate: Test Cases/Products/TemplateApp/Templates/IVR/EditVoiceBadActionTemplate FAILED.
Reason:
com.kms.katalon.core.exception.StepFailedException: Verify element text of test object 'Object Repository/Products/TemplateApp/Templates/Common/VerifyCommitMessageField' FAILED.
	at com.kms.katalon.core.keyword.internal.KeywordMain.stepFailed(KeywordMain.groovy:48)
	at com.kms.katalon.core.webui.keyword.internal.WebUIKeywordMain.stepFailed(WebUIKeywordMain.groovy:65)
	at com.kms.katalon.core.webui.keyword.internal.WebUIKeywordMain.runKeyword(WebUIKeywordMain.groovy:27)
	at com.kms.katalon.core.webui.keyword.builtin.VerifyElementTextKeyword.verifyElementText(VerifyElementTextKeyword.groovy:72)
	at com.kms.katalon.core.webui.keyword.builtin.VerifyElementTextKeyword.execute(VerifyElementTextKeyword.groovy:40)
	at com.kms.katalon.core.keyword.internal.KeywordExecutor.executeKeywordForPlatform(KeywordExecutor.groovy:56)
	at com.kms.katalon.core.webui.keyword.WebUiBuiltInKeywords.verifyElementText(WebUiBuiltInKeywords.groovy:3663)
	at com.kms.katalon.core.webui.keyword.WebUiBuiltInKeywords$verifyElementText$6.call(Unknown Source)
	at EditVoiceBadActionTemplate.run(EditVoiceBadActionTemplate:82)
	at com.kms.katalon.core.main.ScriptEngine.run(ScriptEngine.java:194)
	at com.kms.katalon.core.main.ScriptEngine.runScriptAsRawText(ScriptEngine.java:119)
	at com.kms.katalon.core.main.TestCaseExecutor.runScript(TestCaseExecutor.java:331)
	at com.kms.katalon.core.main.TestCaseExecutor.doExecute(TestCaseExecutor.java:322)
	at com.kms.katalon.core.main.TestCaseExecutor.processExecutionPhase(TestCaseExecutor.java:301)
	at com.kms.katalon.core.main.TestCaseExecutor.accessMainPhase(TestCaseExecutor.java:293)
	at com.kms.katalon.core.main.TestCaseExecutor.execute(TestCaseExecutor.java:227)
	at com.kms.katalon.core.main.TestSuiteExecutor.accessTestCaseMainPhase(TestSuiteExecutor.java:129)
	at com.kms.katalon.core.main.TestSuiteExecutor.accessTestSuiteMainPhase(TestSuiteExecutor.java:112)
	at com.kms.katalon.core.main.TestSuiteExecutor.execute(TestSuiteExecutor.java:81)
	at com.kms.katalon.core.main.TestCaseMain.startTestSuite(TestCaseMain.java:157)
	at com.kms.katalon.core.main.TestCaseMain$startTestSuite$0.call(Unknown Source)
	at TempTestSuite1553031519664.run(TempTestSuite1553031519664.groovy:35)]]></system-err>
      </testcase>
      <system-out><![CDATA[2019-03-19 14:38:41 - [TEST_SUITE][FAILED] - Templates: Test Cases/Products/TemplateApp/Templates/Email/English/EditContactAutoPausedTemplate FAILED.
Reason:
com.kms.katalon.core.exception.StepFailedException: Verify element text of test object 'Object Repository/Products/TemplateApp/Templates/Common/VerifyCommitMessageField' FAILED.
	at com.kms.katalon.core.keyword.internal.KeywordMain.stepFailed(KeywordMain.groovy:48)
	at com.kms.katalon.core.webui.keyword.internal.WebUIKeywordMain.stepFailed(WebUIKeywordMain.groovy:65)
	at com.kms.katalon.core.webui.keyword.internal.WebUIKeywordMain.runKeyword(WebUIKeywordMain.groovy:27)
	at com.kms.katalon.core.webui.keyword.builtin.VerifyElementTextKeyword.verifyElementText(VerifyElementTextKeyword.groovy:72)
	at com.kms.katalon.core.webui.keyword.builtin.VerifyElementTextKeyword.execute(VerifyElementTextKeyword.groovy:40)
	at com.kms.katalon.core.keyword.internal.KeywordExecutor.executeKeywordForPlatform(KeywordExecutor.groovy:56)
	at com.kms.katalon.core.webui.keyword.WebUiBuiltInKeywords.verifyElementText(WebUiBuiltInKeywords.groovy:3663)
	at com.kms.katalon.core.webui.keyword.WebUiBuiltInKeywords$verifyElementText$6.call(Unknown Source)
	at EditContactAutoPausedTemplate.run(EditContactAutoPausedTemplate:81)
	at com.kms.katalon.core.main.ScriptEngine.run(ScriptEngine.java:194)
	at com.kms.katalon.core.main.ScriptEngine.runScriptAsRawText(ScriptEngine.java:119)
	at com.kms.katalon.core.main.TestCaseExecutor.runScript(TestCaseExecutor.java:331)
	at com.kms.katalon.core.main.TestCaseExecutor.doExecute(TestCaseExecutor.java:322)
	at com.kms.katalon.core.main.TestCaseExecutor.processExecutionPhase(TestCaseExecutor.java:301)
	at com.kms.katalon.core.main.TestCaseExecutor.accessMainPhase(TestCaseExecutor.java:293)
	at com.kms.katalon.core.main.TestCaseExecutor.execute(TestCaseExecutor.java:227)
	at com.kms.katalon.core.main.TestSuiteExecutor.accessTestCaseMainPhase(TestSuiteExecutor.java:129)
	at com.kms.katalon.core.main.TestSuiteExecutor.accessTestSuiteMainPhase(TestSuiteExecutor.java:112)
	at com.kms.katalon.core.main.TestSuiteExecutor.execute(TestSuiteExecutor.java:81)
	at com.kms.katalon.core.main.TestCaseMain.startTestSuite(TestCaseMain.java:157)
	at com.kms.katalon.core.main.TestCaseMain$startTestSuite$0.call(Unknown Source)
	at TempTestSuite1553031519664.run(TempTestSuite1553031519664.groovy:35)]]></system-out>
      <system-err><![CDATA[2019-03-19 14:38:41 - [TEST_SUITE][FAILED] - Templates: Test Cases/Products/TemplateApp/Templates/Email/English/EditContactAutoPausedTemplate FAILED.
Reason:
com.kms.katalon.core.exception.StepFailedException: Verify element text of test object 'Object Repository/Products/TemplateApp/Templates/Common/VerifyCommitMessageField' FAILED.
	at com.kms.katalon.core.keyword.internal.KeywordMain.stepFailed(KeywordMain.groovy:48)
	at com.kms.katalon.core.webui.keyword.internal.WebUIKeywordMain.stepFailed(WebUIKeywordMain.groovy:65)
	at com.kms.katalon.core.webui.keyword.internal.WebUIKeywordMain.runKeyword(WebUIKeywordMain.groovy:27)
	at com.kms.katalon.core.webui.keyword.builtin.VerifyElementTextKeyword.verifyElementText(VerifyElementTextKeyword.groovy:72)
	at com.kms.katalon.core.webui.keyword.builtin.VerifyElementTextKeyword.execute(VerifyElementTextKeyword.groovy:40)
	at com.kms.katalon.core.keyword.internal.KeywordExecutor.executeKeywordForPlatform(KeywordExecutor.groovy:56)
	at com.kms.katalon.core.webui.keyword.WebUiBuiltInKeywords.verifyElementText(WebUiBuiltInKeywords.groovy:3663)
	at com.kms.katalon.core.webui.keyword.WebUiBuiltInKeywords$verifyElementText$6.call(Unknown Source)
	at EditContactAutoPausedTemplate.run(EditContactAutoPausedTemplate:81)
	at com.kms.katalon.core.main.ScriptEngine.run(ScriptEngine.java:194)
	at com.kms.katalon.core.main.ScriptEngine.runScriptAsRawText(ScriptEngine.java:119)
	at com.kms.katalon.core.main.TestCaseExecutor.runScript(TestCaseExecutor.java:331)
	at com.kms.katalon.core.main.TestCaseExecutor.doExecute(TestCaseExecutor.java:322)
	at com.kms.katalon.core.main.TestCaseExecutor.processExecutionPhase(TestCaseExecutor.java:301)
	at com.kms.katalon.core.main.TestCaseExecutor.accessMainPhase(TestCaseExecutor.java:293)
	at com.kms.katalon.core.main.TestCaseExecutor.execute(TestCaseExecutor.java:227)
	at com.kms.katalon.core.main.TestSuiteExecutor.accessTestCaseMainPhase(TestSuiteExecutor.java:129)
	at com.kms.katalon.core.main.TestSuiteExecutor.accessTestSuiteMainPhase(TestSuiteExecutor.java:112)
	at com.kms.katalon.core.main.TestSuiteExecutor.execute(TestSuiteExecutor.java:81)
	at com.kms.katalon.core.main.TestCaseMain.startTestSuite(TestCaseMain.java:157)
	at com.kms.katalon.core.main.TestCaseMain$startTestSuite$0.call(Unknown Source)
	at TempTestSuite1553031519664.run(TempTestSuite1553031519664.groovy:35)]]></system-err>
   </testsuite>
</testsuites>
